TpTrace Verbose: 0 : 15132, 1, 2024/04/27, 19:35:55.867, 8145478384035, vstest.console.dll, Version: 17.9.0-release-24072-02 Current process architecture: X64
TpTrace Verbose: 0 : 15132, 1, 2024/04/27, 19:35:55.870, 8145478416192, vstest.console.dll, Runtime location: C:\Program Files\dotnet\shared\Microsoft.NETCore.App\8.0.3
TpTrace Verbose: 0 : 15132, 1, 2024/04/27, 19:35:55.872, 8145478439267, vstest.console.dll, ArtifactProcessingPostProcessModeProcessorExecutor.Initialize: ArtifactProcessingMode.Collect
TpTrace Verbose: 0 : 15132, 1, 2024/04/27, 19:35:55.872, 8145478441689, vstest.console.dll, TestSessionCorrelationIdProcessorModeProcessorExecutor.Initialize: TestSessionCorrelationId '4428_ccbc4914-75c2-42d2-a6e0-7be05fa8c989'
TpTrace Information: 0 : 15132, 1, 2024/04/27, 19:35:55.881, 8145478526689, vstest.console.dll, FilePatternParser: The given file C:\Users\vc\Desktop\Training\Day 13\ShoppingSolution\ShoppingDALTest\bin\Debug\net6.0\fine-code-coverage\build-output\ShoppingDALTest.dll is a full path.
TpTrace Verbose: 0 : 15132, 1, 2024/04/27, 19:35:55.884, 8145478560750, vstest.console.dll, TestPluginCache.DiscoverTestExtensions: finding test extensions in assemblies ends with: RuntimeProvider.dll TPluginInfo: Microsoft.VisualStudio.TestPlatform.Common.ExtensionFramework.Utilities.TestRuntimePluginInformation TExtension: Microsoft.VisualStudio.TestPlatform.ObjectModel.Host.ITestRuntimeProvider
TpTrace Verbose: 0 : 15132, 1, 2024/04/27, 19:35:55.884, 8145478563502, vstest.console.dll, TestPluginCache.GetExtensionPaths: Filtered extension paths: 
TpTrace Verbose: 0 : 15132, 1, 2024/04/27, 19:35:55.885, 8145478564187, vstest.console.dll, TestPluginCache.GetExtensionPaths: Added default extension paths: C:\Program Files\dotnet\sdk\8.0.202\Extensions\Microsoft.Diagnostics.NETCore.Client.dll
C:\Program Files\dotnet\sdk\8.0.202\Extensions\Microsoft.TestPlatform.Extensions.BlameDataCollector.dll
C:\Program Files\dotnet\sdk\8.0.202\Extensions\Microsoft.TestPlatform.Extensions.EventLogCollector.dll
C:\Program Files\dotnet\sdk\8.0.202\Extensions\Microsoft.TestPlatform.TestHostRuntimeProvider.dll
C:\Program Files\dotnet\sdk\8.0.202\Extensions\Microsoft.VisualStudio.TestPlatform.Extensions.Html.TestLogger.dll
C:\Program Files\dotnet\sdk\8.0.202\Extensions\Microsoft.VisualStudio.TestPlatform.Extensions.Trx.TestLogger.dll
TpTrace Verbose: 0 : 15132, 1, 2024/04/27, 19:35:55.885, 8145478564453, vstest.console.dll, TestPluginCache.GetExtensionPaths: Added unfilterableExtensionPaths: 
TpTrace Information: 0 : 15132, 1, 2024/04/27, 19:35:55.885, 8145478568360, vstest.console.dll, AssemblyResolver.ctor: Creating AssemblyResolver with searchDirectories C:\Program Files\dotnet\sdk\8.0.202\Extensions,C:\Program Files\dotnet\sdk\8.0.202
TpTrace Verbose: 0 : 15132, 1, 2024/04/27, 19:35:55.886, 8145478580308, vstest.console.dll, TestPluginCache.DiscoverTestExtensions: Discovering the extensions using extension path.
TpTrace Verbose: 0 : 15132, 1, 2024/04/27, 19:35:55.886, 8145478581400, vstest.console.dll, TestPluginCache.GetExtensionPaths: Filtered extension paths: 
TpTrace Verbose: 0 : 15132, 1, 2024/04/27, 19:35:55.886, 8145478581829, vstest.console.dll, TestPluginCache.GetExtensionPaths: Added default extension paths: C:\Program Files\dotnet\sdk\8.0.202\Extensions\Microsoft.Diagnostics.NETCore.Client.dll
C:\Program Files\dotnet\sdk\8.0.202\Extensions\Microsoft.TestPlatform.Extensions.BlameDataCollector.dll
C:\Program Files\dotnet\sdk\8.0.202\Extensions\Microsoft.TestPlatform.Extensions.EventLogCollector.dll
C:\Program Files\dotnet\sdk\8.0.202\Extensions\Microsoft.TestPlatform.TestHostRuntimeProvider.dll
C:\Program Files\dotnet\sdk\8.0.202\Extensions\Microsoft.VisualStudio.TestPlatform.Extensions.Html.TestLogger.dll
C:\Program Files\dotnet\sdk\8.0.202\Extensions\Microsoft.VisualStudio.TestPlatform.Extensions.Trx.TestLogger.dll
TpTrace Verbose: 0 : 15132, 1, 2024/04/27, 19:35:55.886, 8145478582059, vstest.console.dll, TestPluginCache.GetExtensionPaths: Added unfilterableExtensionPaths: 
TpTrace Verbose: 0 : 15132, 1, 2024/04/27, 19:35:55.886, 8145478582521, vstest.console.dll, TestPluginCache.DiscoverTestExtensions: Discovering the extensions using allExtensionPaths: C:\Program Files\dotnet\sdk\8.0.202\Extensions\Microsoft.Diagnostics.NETCore.Client.dll
C:\Program Files\dotnet\sdk\8.0.202\Extensions\Microsoft.TestPlatform.Extensions.BlameDataCollector.dll
C:\Program Files\dotnet\sdk\8.0.202\Extensions\Microsoft.TestPlatform.Extensions.EventLogCollector.dll
C:\Program Files\dotnet\sdk\8.0.202\Extensions\Microsoft.TestPlatform.TestHostRuntimeProvider.dll
C:\Program Files\dotnet\sdk\8.0.202\Extensions\Microsoft.VisualStudio.TestPlatform.Extensions.Html.TestLogger.dll
C:\Program Files\dotnet\sdk\8.0.202\Extensions\Microsoft.VisualStudio.TestPlatform.Extensions.Trx.TestLogger.dll
TpTrace Information: 0 : 15132, 1, 2024/04/27, 19:35:55.887, 8145478584206, vstest.console.dll, AssemblyResolver.AddSearchDirectories: Adding more searchDirectories C:\Program Files\dotnet\sdk\8.0.202\Extensions,C:\Program Files\dotnet\sdk\8.0.202
TpTrace Information: 0 : 15132, 1, 2024/04/27, 19:35:55.887, 8145478584866, vstest.console.dll, AssemblyResolver.AddSearchDirectories: Adding more searchDirectories C:\Program Files\dotnet\sdk\8.0.202\Extensions,C:\Program Files\dotnet\sdk\8.0.202
TpTrace Information: 0 : 15132, 1, 2024/04/27, 19:35:55.887, 8145478585259, vstest.console.dll, AssemblyResolver.AddSearchDirectories: Adding more searchDirectories C:\Program Files\dotnet\sdk\8.0.202\Extensions,C:\Program Files\dotnet\sdk\8.0.202
TpTrace Information: 0 : 15132, 1, 2024/04/27, 19:35:55.887, 8145478585548, vstest.console.dll, AssemblyResolver.AddSearchDirectories: Adding more searchDirectories C:\Program Files\dotnet\sdk\8.0.202\Extensions,C:\Program Files\dotnet\sdk\8.0.202
TpTrace Information: 0 : 15132, 1, 2024/04/27, 19:35:55.887, 8145478585903, vstest.console.dll, AssemblyResolver.AddSearchDirectories: Adding more searchDirectories C:\Program Files\dotnet\sdk\8.0.202\Extensions,C:\Program Files\dotnet\sdk\8.0.202
TpTrace Information: 0 : 15132, 1, 2024/04/27, 19:35:55.887, 8145478586238, vstest.console.dll, AssemblyResolver.AddSearchDirectories: Adding more searchDirectories C:\Program Files\dotnet\sdk\8.0.202\Extensions,C:\Program Files\dotnet\sdk\8.0.202
TpTrace Information: 0 : 15132, 1, 2024/04/27, 19:35:55.887, 8145478589999, vstest.console.dll, AssemblyResolver.OnResolve: Microsoft.Diagnostics.NETCore.Client: Resolving assembly.
TpTrace Information: 0 : 15132, 1, 2024/04/27, 19:35:55.887, 8145478590606, vstest.console.dll, AssemblyResolver.OnResolve: Microsoft.Diagnostics.NETCore.Client: Searching in: 'C:\Program Files\dotnet\sdk\8.0.202\Extensions'.
TpTrace Information: 0 : 15132, 1, 2024/04/27, 19:35:55.892, 8145478643597, vstest.console.dll, AssemblyResolver.OnResolve: Microsoft.Diagnostics.NETCore.Client: Loading assembly 'C:\Program Files\dotnet\sdk\8.0.202\Extensions\Microsoft.Diagnostics.NETCore.Client.dll'.
TpTrace Information: 0 : 15132, 1, 2024/04/27, 19:35:55.893, 8145478649347, vstest.console.dll, AssemblyResolver.OnResolve: Resolved assembly: Microsoft.Diagnostics.NETCore.Client, from path: C:\Program Files\dotnet\sdk\8.0.202\Extensions\Microsoft.Diagnostics.NETCore.Client.dll
TpTrace Verbose: 0 : 15132, 1, 2024/04/27, 19:35:55.897, 8145478691651, vstest.console.dll, MetadataReaderExtensionsHelper: Discovering extensions inside assembly 'Microsoft.Diagnostics.NETCore.Client, Version=0.2.9.2401, Culture=neutral, PublicKeyToken=31bf3856ad364e35' file path 'C:\Program Files\dotnet\sdk\8.0.202\Extensions\Microsoft.Diagnostics.NETCore.Client.dll'
TpTrace Information: 0 : 15132, 1, 2024/04/27, 19:35:55.902, 8145478742196, vstest.console.dll, AssemblyResolver.OnResolve: Microsoft.Bcl.AsyncInterfaces: Resolving assembly.
TpTrace Information: 0 : 15132, 1, 2024/04/27, 19:35:55.902, 8145478743235, vstest.console.dll, AssemblyResolver.OnResolve: Microsoft.Bcl.AsyncInterfaces: Searching in: 'C:\Program Files\dotnet\sdk\8.0.202\Extensions'.
TpTrace Information: 0 : 15132, 1, 2024/04/27, 19:35:55.903, 8145478744141, vstest.console.dll, AssemblyResolver.OnResolve: Microsoft.Bcl.AsyncInterfaces: Assembly path does not exist: 'C:\Program Files\dotnet\sdk\8.0.202\Extensions\Microsoft.Bcl.AsyncInterfaces.dll', returning.
TpTrace Information: 0 : 15132, 1, 2024/04/27, 19:35:55.903, 8145478745547, vstest.console.dll, AssemblyResolver.OnResolve: Microsoft.Bcl.AsyncInterfaces: Assembly path does not exist: 'C:\Program Files\dotnet\sdk\8.0.202\Extensions\Microsoft.Bcl.AsyncInterfaces.exe', returning.
TpTrace Information: 0 : 15132, 1, 2024/04/27, 19:35:55.903, 8145478746029, vstest.console.dll, AssemblyResolver.OnResolve: Microsoft.Bcl.AsyncInterfaces: Searching in: 'C:\Program Files\dotnet\sdk\8.0.202'.
TpTrace Information: 0 : 15132, 1, 2024/04/27, 19:35:55.903, 8145478746781, vstest.console.dll, AssemblyResolver.OnResolve: Microsoft.Bcl.AsyncInterfaces: Assembly path does not exist: 'C:\Program Files\dotnet\sdk\8.0.202\Microsoft.Bcl.AsyncInterfaces.dll', returning.
TpTrace Information: 0 : 15132, 1, 2024/04/27, 19:35:55.903, 8145478747434, vstest.console.dll, AssemblyResolver.OnResolve: Microsoft.Bcl.AsyncInterfaces: Assembly path does not exist: 'C:\Program Files\dotnet\sdk\8.0.202\Microsoft.Bcl.AsyncInterfaces.exe', returning.
TpTrace Information: 0 : 15132, 1, 2024/04/27, 19:35:55.903, 8145478747757, vstest.console.dll, AssemblyResolver.OnResolve: Microsoft.Bcl.AsyncInterfaces: Failed to load assembly.
TpTrace Verbose: 0 : 15132, 1, 2024/04/27, 19:35:55.903, 8145478748219, vstest.console.dll, CurrentDomainAssemblyResolve: Resolving assembly 'Microsoft.Bcl.AsyncInterfaces'.
TpTrace Information: 0 : 15132, 1, 2024/04/27, 19:35:55.903, 8145478749025, vstest.console.dll, AssemblyResolver.OnResolve: Microsoft.Bcl.AsyncInterfaces: Resolving assembly.
TpTrace Information: 0 : 15132, 1, 2024/04/27, 19:35:55.903, 8145478749468, vstest.console.dll, AssemblyResolver.OnResolve: Microsoft.Bcl.AsyncInterfaces: Resolved from cache.
TpTrace Verbose: 0 : 15132, 1, 2024/04/27, 19:35:55.903, 8145478749794, vstest.console.dll, CurrentDomainAssemblyResolve: Resolving assembly 'Microsoft.Bcl.AsyncInterfaces'.
TpTrace Verbose: 0 : 15132, 1, 2024/04/27, 19:35:55.903, 8145478750214, vstest.console.dll, CurrentDomainAssemblyResolve: Failed to resolve assembly 'Microsoft.Bcl.AsyncInterfaces'.
TpTrace Verbose: 0 : 15132, 1, 2024/04/27, 19:35:55.904, 8145478757567, vstest.console.dll, CurrentDomainAssemblyResolve: Failed to resolve assembly 'Microsoft.Bcl.AsyncInterfaces'.
TpTrace Warning: 0 : 15132, 1, 2024/04/27, 19:35:55.916, 8145478875682, vstest.console.dll, TestPluginDiscoverer: Failed to get types from assembly 'Microsoft.Diagnostics.NETCore.Client, Version=0.2.9.2401, Culture=neutral, PublicKeyToken=31bf3856ad364e35'. Error: System.Reflection.ReflectionTypeLoadException: Unable to load one or more of the requested types.
Could not load file or assembly 'Microsoft.Bcl.AsyncInterfaces, Version=6.0.0.0, Culture=neutral, PublicKeyToken=cc7b13ffcd2ddd51'. The system cannot find the file specified.
   at System.Reflection.RuntimeModule.GetTypes(RuntimeModule module)
   at System.Reflection.RuntimeModule.GetTypes()
   at Microsoft.VisualStudio.TestPlatform.Common.ExtensionFramework.TestPluginDiscoverer.GetTestExtensionsFromAssembly[TPluginInfo,TExtension](Assembly assembly, Dictionary`2 pluginInfos, String filePath) in /_/src/Microsoft.TestPlatform.Common/ExtensionFramework/TestPluginDiscoverer.cs:line 158
System.IO.FileNotFoundException: Could not load file or assembly 'Microsoft.Bcl.AsyncInterfaces, Version=6.0.0.0, Culture=neutral, PublicKeyToken=cc7b13ffcd2ddd51'. The system cannot find the file specified.
File name: 'Microsoft.Bcl.AsyncInterfaces, Version=6.0.0.0, Culture=neutral, PublicKeyToken=cc7b13ffcd2ddd51'
 ---> System.IO.FileNotFoundException: Could not load file or assembly 'Microsoft.Bcl.AsyncInterfaces, Culture=neutral, PublicKeyToken=null'. The system cannot find the file specified.
File name: 'Microsoft.Bcl.AsyncInterfaces, Culture=neutral, PublicKeyToken=null'
   at System.Reflection.RuntimeAssembly.InternalLoad(AssemblyName assemblyName, StackCrawlMark& stackMark, AssemblyLoadContext assemblyLoadContext, RuntimeAssembly requestingAssembly, Boolean throwOnFileNotFound)
   at System.Reflection.Assembly.Load(AssemblyName assemblyRef)
   at Microsoft.VisualStudio.TestPlatform.Common.ExtensionFramework.TestPluginCache.CurrentDomainAssemblyResolve(Object sender, AssemblyResolveEventArgs args) in /_/src/Microsoft.TestPlatform.Common/ExtensionFramework/TestPluginCache.cs:line 513
   at System.Runtime.Loader.AssemblyLoadContext.GetFirstResolvedAssemblyFromResolvingEvent(AssemblyName assemblyName)
   at System.Runtime.Loader.AssemblyLoadContext.ResolveUsingEvent(AssemblyName assemblyName)
   at System.Runtime.Loader.AssemblyLoadContext.ResolveUsingResolvingEvent(IntPtr gchManagedAssemblyLoadContext, AssemblyName assemblyName)
TpTrace Warning: 0 : 15132, 1, 2024/04/27, 19:35:55.916, 8145478880167, vstest.console.dll, LoaderExceptions: System.IO.FileNotFoundException: Could not load file or assembly 'Microsoft.Bcl.AsyncInterfaces, Version=6.0.0.0, Culture=neutral, PublicKeyToken=cc7b13ffcd2ddd51'. The system cannot find the file specified.
File name: 'Microsoft.Bcl.AsyncInterfaces, Version=6.0.0.0, Culture=neutral, PublicKeyToken=cc7b13ffcd2ddd51'
 ---> System.IO.FileNotFoundException: Could not load file or assembly 'Microsoft.Bcl.AsyncInterfaces, Culture=neutral, PublicKeyToken=null'. The system cannot find the file specified.
File name: 'Microsoft.Bcl.AsyncInterfaces, Culture=neutral, PublicKeyToken=null'
   at System.Reflection.RuntimeAssembly.InternalLoad(AssemblyName assemblyName, StackCrawlMark& stackMark, AssemblyLoadContext assemblyLoadContext, RuntimeAssembly requestingAssembly, Boolean throwOnFileNotFound)
   at System.Reflection.Assembly.Load(AssemblyName assemblyRef)
   at Microsoft.VisualStudio.TestPlatform.Common.ExtensionFramework.TestPluginCache.CurrentDomainAssemblyResolve(Object sender, AssemblyResolveEventArgs args) in /_/src/Microsoft.TestPlatform.Common/ExtensionFramework/TestPluginCache.cs:line 513
   at System.Runtime.Loader.AssemblyLoadContext.GetFirstResolvedAssemblyFromResolvingEvent(AssemblyName assemblyName)
   at System.Runtime.Loader.AssemblyLoadContext.ResolveUsingEvent(AssemblyName assemblyName)
   at System.Runtime.Loader.AssemblyLoadContext.ResolveUsingResolvingEvent(IntPtr gchManagedAssemblyLoadContext, AssemblyName assemblyName)
TpTrace Information: 0 : 15132, 1, 2024/04/27, 19:35:55.916, 8145478881903, vstest.console.dll, AssemblyResolver.OnResolve: Microsoft.TestPlatform.Extensions.BlameDataCollector: Resolving assembly.
TpTrace Information: 0 : 15132, 1, 2024/04/27, 19:35:55.916, 8145478882340, vstest.console.dll, AssemblyResolver.OnResolve: Microsoft.TestPlatform.Extensions.BlameDataCollector: Searching in: 'C:\Program Files\dotnet\sdk\8.0.202\Extensions'.
TpTrace Information: 0 : 15132, 1, 2024/04/27, 19:35:55.917, 8145478889281, vstest.console.dll, AssemblyResolver.OnResolve: Microsoft.TestPlatform.Extensions.BlameDataCollector: Loading assembly 'C:\Program Files\dotnet\sdk\8.0.202\Extensions\Microsoft.TestPlatform.Extensions.BlameDataCollector.dll'.
TpTrace Information: 0 : 15132, 1, 2024/04/27, 19:35:55.918, 8145478897328, vstest.console.dll, AssemblyResolver.OnResolve: Resolved assembly: Microsoft.TestPlatform.Extensions.BlameDataCollector, from path: C:\Program Files\dotnet\sdk\8.0.202\Extensions\Microsoft.TestPlatform.Extensions.BlameDataCollector.dll
TpTrace Verbose: 0 : 15132, 1, 2024/04/27, 19:35:55.918, 8145478898283, vstest.console.dll, MetadataReaderExtensionsHelper: Discovering extensions inside assembly 'Microsoft.TestPlatform.Extensions.BlameDataCollector, Version=15.0.0.0, Culture=neutral, PublicKeyToken=b03f5f7f11d50a3a' file path 'C:\Program Files\dotnet\sdk\8.0.202\Extensions\Microsoft.TestPlatform.Extensions.BlameDataCollector.dll'
TpTrace Information: 0 : 15132, 1, 2024/04/27, 19:35:55.920, 8145478916894, vstest.console.dll, AssemblyResolver.OnResolve: Microsoft.TestPlatform.Extensions.EventLogCollector: Resolving assembly.
TpTrace Information: 0 : 15132, 1, 2024/04/27, 19:35:55.920, 8145478917757, vstest.console.dll, AssemblyResolver.OnResolve: Microsoft.TestPlatform.Extensions.EventLogCollector: Searching in: 'C:\Program Files\dotnet\sdk\8.0.202\Extensions'.
TpTrace Information: 0 : 15132, 1, 2024/04/27, 19:35:55.920, 8145478920920, vstest.console.dll, AssemblyResolver.OnResolve: Microsoft.TestPlatform.Extensions.EventLogCollector: Loading assembly 'C:\Program Files\dotnet\sdk\8.0.202\Extensions\Microsoft.TestPlatform.Extensions.EventLogCollector.dll'.
TpTrace Information: 0 : 15132, 1, 2024/04/27, 19:35:55.921, 8145478925961, vstest.console.dll, AssemblyResolver.OnResolve: Resolved assembly: Microsoft.TestPlatform.Extensions.EventLogCollector, from path: C:\Program Files\dotnet\sdk\8.0.202\Extensions\Microsoft.TestPlatform.Extensions.EventLogCollector.dll
TpTrace Verbose: 0 : 15132, 1, 2024/04/27, 19:35:55.921, 8145478926773, vstest.console.dll, MetadataReaderExtensionsHelper: Discovering extensions inside assembly 'Microsoft.TestPlatform.Extensions.EventLogCollector, Version=15.0.0.0, Culture=neutral, PublicKeyToken=b03f5f7f11d50a3a' file path 'C:\Program Files\dotnet\sdk\8.0.202\Extensions\Microsoft.TestPlatform.Extensions.EventLogCollector.dll'
TpTrace Information: 0 : 15132, 1, 2024/04/27, 19:35:55.923, 8145478948032, vstest.console.dll, AssemblyResolver.OnResolve: Microsoft.TestPlatform.TestHostRuntimeProvider: Resolving assembly.
TpTrace Information: 0 : 15132, 1, 2024/04/27, 19:35:55.923, 8145478948760, vstest.console.dll, AssemblyResolver.OnResolve: Microsoft.TestPlatform.TestHostRuntimeProvider: Searching in: 'C:\Program Files\dotnet\sdk\8.0.202\Extensions'.
TpTrace Information: 0 : 15132, 1, 2024/04/27, 19:35:55.923, 8145478951351, vstest.console.dll, AssemblyResolver.OnResolve: Microsoft.TestPlatform.TestHostRuntimeProvider: Loading assembly 'C:\Program Files\dotnet\sdk\8.0.202\Extensions\Microsoft.TestPlatform.TestHostRuntimeProvider.dll'.
TpTrace Information: 0 : 15132, 1, 2024/04/27, 19:35:55.924, 8145478956625, vstest.console.dll, AssemblyResolver.OnResolve: Resolved assembly: Microsoft.TestPlatform.TestHostRuntimeProvider, from path: C:\Program Files\dotnet\sdk\8.0.202\Extensions\Microsoft.TestPlatform.TestHostRuntimeProvider.dll
TpTrace Verbose: 0 : 15132, 1, 2024/04/27, 19:35:55.924, 8145478957344, vstest.console.dll, MetadataReaderExtensionsHelper: Discovering extensions inside assembly 'Microsoft.TestPlatform.TestHostRuntimeProvider, Version=15.0.0.0, Culture=neutral, PublicKeyToken=b03f5f7f11d50a3a' file path 'C:\Program Files\dotnet\sdk\8.0.202\Extensions\Microsoft.TestPlatform.TestHostRuntimeProvider.dll'
TpTrace Information: 0 : 15132, 1, 2024/04/27, 19:35:55.925, 8145478972323, vstest.console.dll, GetTestExtensionFromType: Register extension with identifier data 'HostProvider://DefaultTestHost' and type 'Microsoft.VisualStudio.TestPlatform.CrossPlatEngine.Hosting.DefaultTestHostManager, Microsoft.TestPlatform.TestHostRuntimeProvider, Version=15.0.0.0, Culture=neutral, PublicKeyToken=b03f5f7f11d50a3a' inside file 'C:\Program Files\dotnet\sdk\8.0.202\Extensions\Microsoft.TestPlatform.TestHostRuntimeProvider.dll'
TpTrace Information: 0 : 15132, 1, 2024/04/27, 19:35:55.926, 8145478975677, vstest.console.dll, GetTestExtensionFromType: Register extension with identifier data 'HostProvider://DotnetTestHost' and type 'Microsoft.VisualStudio.TestPlatform.CrossPlatEngine.Hosting.DotnetTestHostManager, Microsoft.TestPlatform.TestHostRuntimeProvider, Version=15.0.0.0, Culture=neutral, PublicKeyToken=b03f5f7f11d50a3a' inside file 'C:\Program Files\dotnet\sdk\8.0.202\Extensions\Microsoft.TestPlatform.TestHostRuntimeProvider.dll'
TpTrace Information: 0 : 15132, 1, 2024/04/27, 19:35:55.926, 8145478976826, vstest.console.dll, AssemblyResolver.OnResolve: Microsoft.VisualStudio.TestPlatform.Extensions.Html.TestLogger: Resolving assembly.
TpTrace Information: 0 : 15132, 1, 2024/04/27, 19:35:55.926, 8145478977304, vstest.console.dll, AssemblyResolver.OnResolve: Microsoft.VisualStudio.TestPlatform.Extensions.Html.TestLogger: Searching in: 'C:\Program Files\dotnet\sdk\8.0.202\Extensions'.
TpTrace Information: 0 : 15132, 1, 2024/04/27, 19:35:55.926, 8145478981692, vstest.console.dll, AssemblyResolver.OnResolve: Microsoft.VisualStudio.TestPlatform.Extensions.Html.TestLogger: Loading assembly 'C:\Program Files\dotnet\sdk\8.0.202\Extensions\Microsoft.VisualStudio.TestPlatform.Extensions.Html.TestLogger.dll'.
TpTrace Information: 0 : 15132, 1, 2024/04/27, 19:35:55.927, 8145478987650, vstest.console.dll, AssemblyResolver.OnResolve: Resolved assembly: Microsoft.VisualStudio.TestPlatform.Extensions.Html.TestLogger, from path: C:\Program Files\dotnet\sdk\8.0.202\Extensions\Microsoft.VisualStudio.TestPlatform.Extensions.Html.TestLogger.dll
TpTrace Verbose: 0 : 15132, 1, 2024/04/27, 19:35:55.927, 8145478988608, vstest.console.dll, MetadataReaderExtensionsHelper: Discovering extensions inside assembly 'Microsoft.VisualStudio.TestPlatform.Extensions.Html.TestLogger, Version=15.0.0.0, Culture=neutral, PublicKeyToken=b03f5f7f11d50a3a' file path 'C:\Program Files\dotnet\sdk\8.0.202\Extensions\Microsoft.VisualStudio.TestPlatform.Extensions.Html.TestLogger.dll'
TpTrace Information: 0 : 15132, 1, 2024/04/27, 19:35:55.928, 8145478997388, vstest.console.dll, AssemblyResolver.OnResolve: Microsoft.VisualStudio.TestPlatform.Extensions.Trx.TestLogger: Resolving assembly.
TpTrace Information: 0 : 15132, 1, 2024/04/27, 19:35:55.928, 8145478998242, vstest.console.dll, AssemblyResolver.OnResolve: Microsoft.VisualStudio.TestPlatform.Extensions.Trx.TestLogger: Searching in: 'C:\Program Files\dotnet\sdk\8.0.202\Extensions'.
TpTrace Information: 0 : 15132, 1, 2024/04/27, 19:35:55.928, 8145479001590, vstest.console.dll, AssemblyResolver.OnResolve: Microsoft.VisualStudio.TestPlatform.Extensions.Trx.TestLogger: Loading assembly 'C:\Program Files\dotnet\sdk\8.0.202\Extensions\Microsoft.VisualStudio.TestPlatform.Extensions.Trx.TestLogger.dll'.
TpTrace Information: 0 : 15132, 1, 2024/04/27, 19:35:55.929, 8145479008936, vstest.console.dll, AssemblyResolver.OnResolve: Resolved assembly: Microsoft.VisualStudio.TestPlatform.Extensions.Trx.TestLogger, from path: C:\Program Files\dotnet\sdk\8.0.202\Extensions\Microsoft.VisualStudio.TestPlatform.Extensions.Trx.TestLogger.dll
TpTrace Verbose: 0 : 15132, 1, 2024/04/27, 19:35:55.929, 8145479009613, vstest.console.dll, MetadataReaderExtensionsHelper: Discovering extensions inside assembly 'Microsoft.VisualStudio.TestPlatform.Extensions.Trx.TestLogger, Version=15.0.0.0, Culture=neutral, PublicKeyToken=b03f5f7f11d50a3a' file path 'C:\Program Files\dotnet\sdk\8.0.202\Extensions\Microsoft.VisualStudio.TestPlatform.Extensions.Trx.TestLogger.dll'
TpTrace Verbose: 0 : 15132, 1, 2024/04/27, 19:35:55.930, 8145479019093, vstest.console.dll, TestPluginCache: Discovered the extensions using extension path ''.
TpTrace Verbose: 0 : 15132, 1, 2024/04/27, 19:35:55.930, 8145479019898, vstest.console.dll, TestPluginCache: Discoverers are ''.
TpTrace Verbose: 0 : 15132, 1, 2024/04/27, 19:35:55.930, 8145479020235, vstest.console.dll, TestPluginCache: Executors are ''.
TpTrace Verbose: 0 : 15132, 1, 2024/04/27, 19:35:55.930, 8145479020526, vstest.console.dll, TestPluginCache: Executors2 are ''.
TpTrace Verbose: 0 : 15132, 1, 2024/04/27, 19:35:55.930, 8145479020785, vstest.console.dll, TestPluginCache: Setting providers are ''.
TpTrace Verbose: 0 : 15132, 1, 2024/04/27, 19:35:55.930, 8145479021045, vstest.console.dll, TestPluginCache: Loggers are ''.
TpTrace Verbose: 0 : 15132, 1, 2024/04/27, 19:35:55.930, 8145479022614, vstest.console.dll, TestPluginCache: TestHosts are 'HostProvider://DefaultTestHost,HostProvider://DotnetTestHost'.
TpTrace Verbose: 0 : 15132, 1, 2024/04/27, 19:35:55.930, 8145479023005, vstest.console.dll, TestPluginCache: DataCollectors are ''.
TpTrace Information: 0 : 15132, 1, 2024/04/27, 19:35:55.941, 8145479129054, vstest.console.dll, RunTestsArgumentProcessor:Execute: Test run is starting.
TpTrace Verbose: 0 : 15132, 1, 2024/04/27, 19:35:55.941, 8145479129951, vstest.console.dll, RunTestsArgumentProcessor:Execute: Queuing Test run.
TpTrace Information: 0 : 15132, 1, 2024/04/27, 19:35:55.941, 8145479132176, vstest.console.dll, TestRequestManager.RunTests: run tests started.
TpTrace Information: 0 : 15132, 1, 2024/04/27, 19:35:55.942, 8145479143576, vstest.console.dll, AssemblyMetadataProvider.GetFrameworkName: Determined framework:'.NETCoreApp,Version=v6.0' for source: 'C:\Users\vc\Desktop\Training\Day 13\ShoppingSolution\ShoppingDALTest\bin\Debug\net6.0\fine-code-coverage\build-output\ShoppingDALTest.dll'
TpTrace Information: 0 : 15132, 1, 2024/04/27, 19:35:55.943, 8145479144945, vstest.console.dll, Determined framework for all sources: .NETCoreApp,Version=v6.0
TpTrace Verbose: 0 : 15132, 1, 2024/04/27, 19:35:55.943, 8145479147696, vstest.console.dll, TestRequestManager.UpdateRunSettingsIfRequired: Default architecture: X64 IsDefaultTargetArchitecture: True, Current process architecture: X64 OperatingSystem: Windows.
TpTrace Information: 0 : 15132, 1, 2024/04/27, 19:35:55.944, 8145479161246, vstest.console.dll, AssemblyMetadataProvider.GetArchitecture: Determined architecture:AnyCPU info for assembly: C:\Users\vc\Desktop\Training\Day 13\ShoppingSolution\ShoppingDALTest\bin\Debug\net6.0\fine-code-coverage\build-output\ShoppingDALTest.dll
TpTrace Information: 0 : 15132, 1, 2024/04/27, 19:35:55.944, 8145479161801, vstest.console.dll, Determined platform for source 'C:\Users\vc\Desktop\Training\Day 13\ShoppingSolution\ShoppingDALTest\bin\Debug\net6.0\fine-code-coverage\build-output\ShoppingDALTest.dll' was AnyCPU and it will use the default plaform X64.
TpTrace Information: 0 : 15132, 1, 2024/04/27, 19:35:55.944, 8145479162064, vstest.console.dll, None of the sources provided any runnable platform, using the default platform: X64
TpTrace Information: 0 : 15132, 1, 2024/04/27, 19:35:55.944, 8145479162959, vstest.console.dll, Platform was updated to 'X64'.
TpTrace Information: 0 : 15132, 1, 2024/04/27, 19:35:55.947, 8145479187586, vstest.console.dll, InferRunSettingsHelper.IsTestSettingsEnabled: Unable to navigate to RunSettings/MSTest. Current node: RunSettings
TpTrace Information: 0 : 15132, 1, 2024/04/27, 19:35:55.947, 8145479192619, vstest.console.dll, AssemblyResolver.OnResolve: Microsoft.VisualStudio.TestPlatform.Fakes: Resolving assembly.
TpTrace Information: 0 : 15132, 1, 2024/04/27, 19:35:55.947, 8145479193251, vstest.console.dll, AssemblyResolver.OnResolve: Microsoft.VisualStudio.TestPlatform.Fakes: Searching in: 'C:\Program Files\dotnet\sdk\8.0.202\Extensions'.
TpTrace Information: 0 : 15132, 1, 2024/04/27, 19:35:55.948, 8145479194062, vstest.console.dll, AssemblyResolver.OnResolve: Microsoft.VisualStudio.TestPlatform.Fakes: Assembly path does not exist: 'C:\Program Files\dotnet\sdk\8.0.202\Extensions\Microsoft.VisualStudio.TestPlatform.Fakes.dll', returning.
TpTrace Information: 0 : 15132, 1, 2024/04/27, 19:35:55.948, 8145479194632, vstest.console.dll, AssemblyResolver.OnResolve: Microsoft.VisualStudio.TestPlatform.Fakes: Assembly path does not exist: 'C:\Program Files\dotnet\sdk\8.0.202\Extensions\Microsoft.VisualStudio.TestPlatform.Fakes.exe', returning.
TpTrace Information: 0 : 15132, 1, 2024/04/27, 19:35:55.948, 8145479194879, vstest.console.dll, AssemblyResolver.OnResolve: Microsoft.VisualStudio.TestPlatform.Fakes: Searching in: 'C:\Program Files\dotnet\sdk\8.0.202'.
TpTrace Information: 0 : 15132, 1, 2024/04/27, 19:35:55.948, 8145479195449, vstest.console.dll, AssemblyResolver.OnResolve: Microsoft.VisualStudio.TestPlatform.Fakes: Assembly path does not exist: 'C:\Program Files\dotnet\sdk\8.0.202\Microsoft.VisualStudio.TestPlatform.Fakes.dll', returning.
TpTrace Information: 0 : 15132, 1, 2024/04/27, 19:35:55.948, 8145479195906, vstest.console.dll, AssemblyResolver.OnResolve: Microsoft.VisualStudio.TestPlatform.Fakes: Assembly path does not exist: 'C:\Program Files\dotnet\sdk\8.0.202\Microsoft.VisualStudio.TestPlatform.Fakes.exe', returning.
TpTrace Information: 0 : 15132, 1, 2024/04/27, 19:35:55.948, 8145479196147, vstest.console.dll, AssemblyResolver.OnResolve: Microsoft.VisualStudio.TestPlatform.Fakes: Failed to load assembly.
TpTrace Information: 0 : 15132, 1, 2024/04/27, 19:35:55.948, 8145479198576, vstest.console.dll, Failed to load assembly Microsoft.VisualStudio.TestPlatform.Fakes, Version=17.0.0.0, Culture=neutral. Reason:System.IO.FileNotFoundException: Could not load file or assembly 'Microsoft.VisualStudio.TestPlatform.Fakes, Version=17.0.0.0, Culture=neutral, PublicKeyToken=null'. The system cannot find the file specified.
File name: 'Microsoft.VisualStudio.TestPlatform.Fakes, Version=17.0.0.0, Culture=neutral, PublicKeyToken=null'
   at System.Reflection.RuntimeAssembly.InternalLoad(AssemblyName assemblyName, StackCrawlMark& stackMark, AssemblyLoadContext assemblyLoadContext, RuntimeAssembly requestingAssembly, Boolean throwOnFileNotFound)
   at System.Reflection.Assembly.Load(AssemblyName assemblyRef)
   at Microsoft.VisualStudio.TestPlatform.Common.Utilities.FakesUtilities.LoadTestPlatformAssembly() in /_/src/Microsoft.TestPlatform.Common/Utilities/FakesUtilities.cs:line 272
TpTrace Verbose: 0 : 15132, 1, 2024/04/27, 19:35:55.951, 8145479225545, vstest.console.dll, TestPluginCache.DiscoverTestExtensions: finding test extensions in assemblies ends with: TestLogger.dll TPluginInfo: Microsoft.VisualStudio.TestPlatform.Common.ExtensionFramework.Utilities.TestLoggerPluginInformation TExtension: Microsoft.VisualStudio.TestPlatform.ObjectModel.Client.ITestLogger
TpTrace Verbose: 0 : 15132, 1, 2024/04/27, 19:35:55.951, 8145479226551, vstest.console.dll, TestPluginCache.GetExtensionPaths: Filtered extension paths: 
TpTrace Verbose: 0 : 15132, 1, 2024/04/27, 19:35:55.951, 8145479226813, vstest.console.dll, TestPluginCache.GetExtensionPaths: Added default extension paths: C:\Program Files\dotnet\sdk\8.0.202\Extensions\Microsoft.Diagnostics.NETCore.Client.dll
C:\Program Files\dotnet\sdk\8.0.202\Extensions\Microsoft.TestPlatform.Extensions.BlameDataCollector.dll
C:\Program Files\dotnet\sdk\8.0.202\Extensions\Microsoft.TestPlatform.Extensions.EventLogCollector.dll
C:\Program Files\dotnet\sdk\8.0.202\Extensions\Microsoft.TestPlatform.TestHostRuntimeProvider.dll
C:\Program Files\dotnet\sdk\8.0.202\Extensions\Microsoft.VisualStudio.TestPlatform.Extensions.Html.TestLogger.dll
C:\Program Files\dotnet\sdk\8.0.202\Extensions\Microsoft.VisualStudio.TestPlatform.Extensions.Trx.TestLogger.dll
TpTrace Verbose: 0 : 15132, 1, 2024/04/27, 19:35:55.951, 8145479227044, vstest.console.dll, TestPluginCache.GetExtensionPaths: Added unfilterableExtensionPaths: 
TpTrace Information: 0 : 15132, 1, 2024/04/27, 19:35:55.951, 8145479228169, vstest.console.dll, AssemblyResolver.AddSearchDirectories: Adding more searchDirectories C:\Program Files\dotnet\sdk\8.0.202\Extensions,C:\Program Files\dotnet\sdk\8.0.202
TpTrace Verbose: 0 : 15132, 1, 2024/04/27, 19:35:55.951, 8145479228511, vstest.console.dll, TestPluginCache.DiscoverTestExtensions: Discovering the extensions using extension path.
TpTrace Verbose: 0 : 15132, 1, 2024/04/27, 19:35:55.951, 8145479228779, vstest.console.dll, TestPluginCache.GetExtensionPaths: Filtered extension paths: 
TpTrace Verbose: 0 : 15132, 1, 2024/04/27, 19:35:55.951, 8145479229032, vstest.console.dll, TestPluginCache.GetExtensionPaths: Added default extension paths: C:\Program Files\dotnet\sdk\8.0.202\Extensions\Microsoft.Diagnostics.NETCore.Client.dll
C:\Program Files\dotnet\sdk\8.0.202\Extensions\Microsoft.TestPlatform.Extensions.BlameDataCollector.dll
C:\Program Files\dotnet\sdk\8.0.202\Extensions\Microsoft.TestPlatform.Extensions.EventLogCollector.dll
C:\Program Files\dotnet\sdk\8.0.202\Extensions\Microsoft.TestPlatform.TestHostRuntimeProvider.dll
C:\Program Files\dotnet\sdk\8.0.202\Extensions\Microsoft.VisualStudio.TestPlatform.Extensions.Html.TestLogger.dll
C:\Program Files\dotnet\sdk\8.0.202\Extensions\Microsoft.VisualStudio.TestPlatform.Extensions.Trx.TestLogger.dll
TpTrace Verbose: 0 : 15132, 1, 2024/04/27, 19:35:55.951, 8145479229274, vstest.console.dll, TestPluginCache.GetExtensionPaths: Added unfilterableExtensionPaths: 
TpTrace Verbose: 0 : 15132, 1, 2024/04/27, 19:35:55.951, 8145479229521, vstest.console.dll, TestPluginCache.DiscoverTestExtensions: Discovering the extensions using allExtensionPaths: C:\Program Files\dotnet\sdk\8.0.202\Extensions\Microsoft.Diagnostics.NETCore.Client.dll
C:\Program Files\dotnet\sdk\8.0.202\Extensions\Microsoft.TestPlatform.Extensions.BlameDataCollector.dll
C:\Program Files\dotnet\sdk\8.0.202\Extensions\Microsoft.TestPlatform.Extensions.EventLogCollector.dll
C:\Program Files\dotnet\sdk\8.0.202\Extensions\Microsoft.TestPlatform.TestHostRuntimeProvider.dll
C:\Program Files\dotnet\sdk\8.0.202\Extensions\Microsoft.VisualStudio.TestPlatform.Extensions.Html.TestLogger.dll
C:\Program Files\dotnet\sdk\8.0.202\Extensions\Microsoft.VisualStudio.TestPlatform.Extensions.Trx.TestLogger.dll
TpTrace Information: 0 : 15132, 1, 2024/04/27, 19:35:55.951, 8145479229856, vstest.console.dll, AssemblyResolver.AddSearchDirectories: Adding more searchDirectories C:\Program Files\dotnet\sdk\8.0.202\Extensions,C:\Program Files\dotnet\sdk\8.0.202
TpTrace Information: 0 : 15132, 1, 2024/04/27, 19:35:55.951, 8145479230136, vstest.console.dll, AssemblyResolver.AddSearchDirectories: Adding more searchDirectories C:\Program Files\dotnet\sdk\8.0.202\Extensions,C:\Program Files\dotnet\sdk\8.0.202
TpTrace Information: 0 : 15132, 1, 2024/04/27, 19:35:55.951, 8145479230356, vstest.console.dll, AssemblyResolver.AddSearchDirectories: Adding more searchDirectories C:\Program Files\dotnet\sdk\8.0.202\Extensions,C:\Program Files\dotnet\sdk\8.0.202
TpTrace Information: 0 : 15132, 1, 2024/04/27, 19:35:55.951, 8145479230575, vstest.console.dll, AssemblyResolver.AddSearchDirectories: Adding more searchDirectories C:\Program Files\dotnet\sdk\8.0.202\Extensions,C:\Program Files\dotnet\sdk\8.0.202
TpTrace Information: 0 : 15132, 1, 2024/04/27, 19:35:55.951, 8145479230787, vstest.console.dll, AssemblyResolver.AddSearchDirectories: Adding more searchDirectories C:\Program Files\dotnet\sdk\8.0.202\Extensions,C:\Program Files\dotnet\sdk\8.0.202
TpTrace Information: 0 : 15132, 1, 2024/04/27, 19:35:55.951, 8145479231036, vstest.console.dll, AssemblyResolver.AddSearchDirectories: Adding more searchDirectories C:\Program Files\dotnet\sdk\8.0.202\Extensions,C:\Program Files\dotnet\sdk\8.0.202
TpTrace Verbose: 0 : 15132, 1, 2024/04/27, 19:35:55.951, 8145479231874, vstest.console.dll, MetadataReaderExtensionsHelper: Discovering extensions inside assembly 'Microsoft.Diagnostics.NETCore.Client, Version=0.2.9.2401, Culture=neutral, PublicKeyToken=31bf3856ad364e35' file path 'C:\Program Files\dotnet\sdk\8.0.202\Extensions\Microsoft.Diagnostics.NETCore.Client.dll'
TpTrace Information: 0 : 15132, 1, 2024/04/27, 19:35:55.952, 8145479237985, vstest.console.dll, AssemblyResolver.OnResolve: Microsoft.Bcl.AsyncInterfaces: Resolving assembly.
TpTrace Information: 0 : 15132, 1, 2024/04/27, 19:35:55.952, 8145479238519, vstest.console.dll, AssemblyResolver.OnResolve: Microsoft.Bcl.AsyncInterfaces: Resolved from cache.
TpTrace Verbose: 0 : 15132, 1, 2024/04/27, 19:35:55.952, 8145479238792, vstest.console.dll, CurrentDomainAssemblyResolve: Resolving assembly 'Microsoft.Bcl.AsyncInterfaces'.
TpTrace Information: 0 : 15132, 1, 2024/04/27, 19:35:55.952, 8145479239144, vstest.console.dll, AssemblyResolver.OnResolve: Microsoft.Bcl.AsyncInterfaces: Resolving assembly.
TpTrace Information: 0 : 15132, 1, 2024/04/27, 19:35:55.952, 8145479239358, vstest.console.dll, AssemblyResolver.OnResolve: Microsoft.Bcl.AsyncInterfaces: Resolved from cache.
TpTrace Verbose: 0 : 15132, 1, 2024/04/27, 19:35:55.952, 8145479239558, vstest.console.dll, CurrentDomainAssemblyResolve: Resolving assembly 'Microsoft.Bcl.AsyncInterfaces'.
TpTrace Verbose: 0 : 15132, 1, 2024/04/27, 19:35:55.952, 8145479239756, vstest.console.dll, CurrentDomainAssemblyResolve: Failed to resolve assembly 'Microsoft.Bcl.AsyncInterfaces'.
TpTrace Verbose: 0 : 15132, 1, 2024/04/27, 19:35:55.952, 8145479240816, vstest.console.dll, CurrentDomainAssemblyResolve: Failed to resolve assembly 'Microsoft.Bcl.AsyncInterfaces'.
TpTrace Warning: 0 : 15132, 1, 2024/04/27, 19:35:55.952, 8145479243329, vstest.console.dll, TestPluginDiscoverer: Failed to get types from assembly 'Microsoft.Diagnostics.NETCore.Client, Version=0.2.9.2401, Culture=neutral, PublicKeyToken=31bf3856ad364e35'. Error: System.Reflection.ReflectionTypeLoadException: Unable to load one or more of the requested types.
Could not load file or assembly 'Microsoft.Bcl.AsyncInterfaces, Version=6.0.0.0, Culture=neutral, PublicKeyToken=cc7b13ffcd2ddd51'. The system cannot find the file specified.
   at System.Reflection.RuntimeModule.GetTypes(RuntimeModule module)
   at System.Reflection.RuntimeModule.GetTypes()
   at Microsoft.VisualStudio.TestPlatform.Common.ExtensionFramework.TestPluginDiscoverer.GetTestExtensionsFromAssembly[TPluginInfo,TExtension](Assembly assembly, Dictionary`2 pluginInfos, String filePath) in /_/src/Microsoft.TestPlatform.Common/ExtensionFramework/TestPluginDiscoverer.cs:line 158
System.IO.FileNotFoundException: Could not load file or assembly 'Microsoft.Bcl.AsyncInterfaces, Version=6.0.0.0, Culture=neutral, PublicKeyToken=cc7b13ffcd2ddd51'. The system cannot find the file specified.
File name: 'Microsoft.Bcl.AsyncInterfaces, Version=6.0.0.0, Culture=neutral, PublicKeyToken=cc7b13ffcd2ddd51'
 ---> System.IO.FileNotFoundException: Could not load file or assembly 'Microsoft.Bcl.AsyncInterfaces, Culture=neutral, PublicKeyToken=null'. The system cannot find the file specified.
File name: 'Microsoft.Bcl.AsyncInterfaces, Culture=neutral, PublicKeyToken=null'
   at System.Reflection.RuntimeAssembly.InternalLoad(AssemblyName assemblyName, StackCrawlMark& stackMark, AssemblyLoadContext assemblyLoadContext, RuntimeAssembly requestingAssembly, Boolean throwOnFileNotFound)
   at System.Reflection.Assembly.Load(AssemblyName assemblyRef)
   at Microsoft.VisualStudio.TestPlatform.Common.ExtensionFramework.TestPluginCache.CurrentDomainAssemblyResolve(Object sender, AssemblyResolveEventArgs args) in /_/src/Microsoft.TestPlatform.Common/ExtensionFramework/TestPluginCache.cs:line 513
   at System.Runtime.Loader.AssemblyLoadContext.GetFirstResolvedAssemblyFromResolvingEvent(AssemblyName assemblyName)
   at System.Runtime.Loader.AssemblyLoadContext.ResolveUsingEvent(AssemblyName assemblyName)
   at System.Runtime.Loader.AssemblyLoadContext.ResolveUsingResolvingEvent(IntPtr gchManagedAssemblyLoadContext, AssemblyName assemblyName)
TpTrace Warning: 0 : 15132, 1, 2024/04/27, 19:35:55.953, 8145479244514, vstest.console.dll, LoaderExceptions: System.IO.FileNotFoundException: Could not load file or assembly 'Microsoft.Bcl.AsyncInterfaces, Version=6.0.0.0, Culture=neutral, PublicKeyToken=cc7b13ffcd2ddd51'. The system cannot find the file specified.
File name: 'Microsoft.Bcl.AsyncInterfaces, Version=6.0.0.0, Culture=neutral, PublicKeyToken=cc7b13ffcd2ddd51'
 ---> System.IO.FileNotFoundException: Could not load file or assembly 'Microsoft.Bcl.AsyncInterfaces, Culture=neutral, PublicKeyToken=null'. The system cannot find the file specified.
File name: 'Microsoft.Bcl.AsyncInterfaces, Culture=neutral, PublicKeyToken=null'
   at System.Reflection.RuntimeAssembly.InternalLoad(AssemblyName assemblyName, StackCrawlMark& stackMark, AssemblyLoadContext assemblyLoadContext, RuntimeAssembly requestingAssembly, Boolean throwOnFileNotFound)
   at System.Reflection.Assembly.Load(AssemblyName assemblyRef)
   at Microsoft.VisualStudio.TestPlatform.Common.ExtensionFramework.TestPluginCache.CurrentDomainAssemblyResolve(Object sender, AssemblyResolveEventArgs args) in /_/src/Microsoft.TestPlatform.Common/ExtensionFramework/TestPluginCache.cs:line 513
   at System.Runtime.Loader.AssemblyLoadContext.GetFirstResolvedAssemblyFromResolvingEvent(AssemblyName assemblyName)
   at System.Runtime.Loader.AssemblyLoadContext.ResolveUsingEvent(AssemblyName assemblyName)
   at System.Runtime.Loader.AssemblyLoadContext.ResolveUsingResolvingEvent(IntPtr gchManagedAssemblyLoadContext, AssemblyName assemblyName)
TpTrace Verbose: 0 : 15132, 1, 2024/04/27, 19:35:55.953, 8145479245070, vstest.console.dll, MetadataReaderExtensionsHelper: Discovering extensions inside assembly 'Microsoft.TestPlatform.Extensions.BlameDataCollector, Version=15.0.0.0, Culture=neutral, PublicKeyToken=b03f5f7f11d50a3a' file path 'C:\Program Files\dotnet\sdk\8.0.202\Extensions\Microsoft.TestPlatform.Extensions.BlameDataCollector.dll'
TpTrace Information: 0 : 15132, 1, 2024/04/27, 19:35:55.953, 8145479248301, vstest.console.dll, GetTestExtensionFromType: Register extension with identifier data 'logger://Microsoft/TestPlatform/Extensions/Blame/v1' and type 'Microsoft.TestPlatform.Extensions.BlameDataCollector.BlameLogger, Microsoft.TestPlatform.Extensions.BlameDataCollector, Version=15.0.0.0, Culture=neutral, PublicKeyToken=b03f5f7f11d50a3a' inside file 'C:\Program Files\dotnet\sdk\8.0.202\Extensions\Microsoft.TestPlatform.Extensions.BlameDataCollector.dll'
TpTrace Verbose: 0 : 15132, 1, 2024/04/27, 19:35:55.953, 8145479248859, vstest.console.dll, MetadataReaderExtensionsHelper: Discovering extensions inside assembly 'Microsoft.TestPlatform.Extensions.EventLogCollector, Version=15.0.0.0, Culture=neutral, PublicKeyToken=b03f5f7f11d50a3a' file path 'C:\Program Files\dotnet\sdk\8.0.202\Extensions\Microsoft.TestPlatform.Extensions.EventLogCollector.dll'
TpTrace Verbose: 0 : 15132, 1, 2024/04/27, 19:35:55.953, 8145479251203, vstest.console.dll, MetadataReaderExtensionsHelper: Discovering extensions inside assembly 'Microsoft.TestPlatform.TestHostRuntimeProvider, Version=15.0.0.0, Culture=neutral, PublicKeyToken=b03f5f7f11d50a3a' file path 'C:\Program Files\dotnet\sdk\8.0.202\Extensions\Microsoft.TestPlatform.TestHostRuntimeProvider.dll'
TpTrace Verbose: 0 : 15132, 1, 2024/04/27, 19:35:55.953, 8145479253232, vstest.console.dll, MetadataReaderExtensionsHelper: Discovering extensions inside assembly 'Microsoft.VisualStudio.TestPlatform.Extensions.Html.TestLogger, Version=15.0.0.0, Culture=neutral, PublicKeyToken=b03f5f7f11d50a3a' file path 'C:\Program Files\dotnet\sdk\8.0.202\Extensions\Microsoft.VisualStudio.TestPlatform.Extensions.Html.TestLogger.dll'
TpTrace Information: 0 : 15132, 1, 2024/04/27, 19:35:55.954, 8145479256885, vstest.console.dll, GetTestExtensionFromType: Register extension with identifier data 'logger://Microsoft/TestPlatform/HtmlLogger/v1' and type 'Microsoft.VisualStudio.TestPlatform.Extensions.HtmlLogger.HtmlLogger, Microsoft.VisualStudio.TestPlatform.Extensions.Html.TestLogger, Version=15.0.0.0, Culture=neutral, PublicKeyToken=b03f5f7f11d50a3a' inside file 'C:\Program Files\dotnet\sdk\8.0.202\Extensions\Microsoft.VisualStudio.TestPlatform.Extensions.Html.TestLogger.dll'
TpTrace Verbose: 0 : 15132, 1, 2024/04/27, 19:35:55.954, 8145479257374, vstest.console.dll, MetadataReaderExtensionsHelper: Discovering extensions inside assembly 'Microsoft.VisualStudio.TestPlatform.Extensions.Trx.TestLogger, Version=15.0.0.0, Culture=neutral, PublicKeyToken=b03f5f7f11d50a3a' file path 'C:\Program Files\dotnet\sdk\8.0.202\Extensions\Microsoft.VisualStudio.TestPlatform.Extensions.Trx.TestLogger.dll'
TpTrace Information: 0 : 15132, 1, 2024/04/27, 19:35:55.954, 8145479259764, vstest.console.dll, GetTestExtensionFromType: Register extension with identifier data 'logger://Microsoft/TestPlatform/TrxLogger/v1' and type 'Microsoft.VisualStudio.TestPlatform.Extensions.TrxLogger.TrxLogger, Microsoft.VisualStudio.TestPlatform.Extensions.Trx.TestLogger, Version=15.0.0.0, Culture=neutral, PublicKeyToken=b03f5f7f11d50a3a' inside file 'C:\Program Files\dotnet\sdk\8.0.202\Extensions\Microsoft.VisualStudio.TestPlatform.Extensions.Trx.TestLogger.dll'
TpTrace Verbose: 0 : 15132, 1, 2024/04/27, 19:35:55.954, 8145479260257, vstest.console.dll, TestPluginCache: Discovered the extensions using extension path ''.
TpTrace Verbose: 0 : 15132, 1, 2024/04/27, 19:35:55.954, 8145479260527, vstest.console.dll, TestPluginCache: Discoverers are ''.
TpTrace Verbose: 0 : 15132, 1, 2024/04/27, 19:35:55.954, 8145479260724, vstest.console.dll, TestPluginCache: Executors are ''.
TpTrace Verbose: 0 : 15132, 1, 2024/04/27, 19:35:55.954, 8145479260915, vstest.console.dll, TestPluginCache: Executors2 are ''.
TpTrace Verbose: 0 : 15132, 1, 2024/04/27, 19:35:55.954, 8145479261106, vstest.console.dll, TestPluginCache: Setting providers are ''.
TpTrace Verbose: 0 : 15132, 1, 2024/04/27, 19:35:55.954, 8145479261696, vstest.console.dll, TestPluginCache: Loggers are 'logger://Microsoft/TestPlatform/Extensions/Blame/v1,logger://Microsoft/TestPlatform/HtmlLogger/v1,logger://Microsoft/TestPlatform/TrxLogger/v1'.
TpTrace Verbose: 0 : 15132, 1, 2024/04/27, 19:35:55.954, 8145479262032, vstest.console.dll, TestPluginCache: TestHosts are 'HostProvider://DefaultTestHost,HostProvider://DotnetTestHost'.
TpTrace Verbose: 0 : 15132, 1, 2024/04/27, 19:35:55.954, 8145479262282, vstest.console.dll, TestPluginCache: DataCollectors are ''.
TpTrace Information: 0 : 15132, 1, 2024/04/27, 19:35:55.955, 8145479268092, vstest.console.dll, TestPluginManager.CreateTestExtension: Attempting to load test extension: Microsoft.TestPlatform.Extensions.BlameDataCollector.BlameLogger
TpTrace Verbose: 0 : 15132, 1, 2024/04/27, 19:35:55.961, 8145479329657, vstest.console.dll, TestEngine: Initializing Parallel Execution as MaxCpuCount is set to: 1
TpTrace Information: 0 : 15132, 1, 2024/04/27, 19:35:55.963, 8145479345170, vstest.console.dll, TestPluginManager.CreateTestExtension: Attempting to load test extension: Microsoft.VisualStudio.TestPlatform.CrossPlatEngine.Hosting.DefaultTestHostManager
TpTrace Information: 0 : 15132, 1, 2024/04/27, 19:35:55.964, 8145479354964, vstest.console.dll, TestPluginManager.CreateTestExtension: Attempting to load test extension: Microsoft.VisualStudio.TestPlatform.CrossPlatEngine.Hosting.DotnetTestHostManager
TpTrace Information: 0 : 15132, 1, 2024/04/27, 19:35:55.964, 8145479360995, vstest.console.dll, InferRunSettingsHelper.IsTestSettingsEnabled: Unable to navigate to RunSettings/MSTest. Current node: RunSettings
TpTrace Verbose: 0 : 15132, 1, 2024/04/27, 19:35:55.965, 8145479371422, vstest.console.dll, ParallelOperationManager.ClearSlots: Clearing all slots. Slots should accept more work: True
TpTrace Verbose: 0 : 15132, 1, 2024/04/27, 19:35:55.966, 8145479378450, vstest.console.dll, ParallelOperationManager.SetOccupiedSlotCount: Setting slot counts AvailableSlotCount = 1, OccupiedSlotCount = 0.
TpTrace Verbose: 0 : 15132, 1, 2024/04/27, 19:35:55.966, 8145479381766, vstest.console.dll, Occupied slots:

TpTrace Verbose: 0 : 15132, 1, 2024/04/27, 19:35:55.969, 8145479411673, vstest.console.dll, TestEngine.GetExecutionManager: Chosen execution manager 'Microsoft.VisualStudio.TestPlatform.CrossPlatEngine.Client.Parallel.ParallelProxyExecutionManager, Microsoft.TestPlatform.CrossPlatEngine, Version=15.0.0.0, Culture=neutral, PublicKeyToken=b03f5f7f11d50a3a' ParallelLevel '1'.
TpTrace Verbose: 0 : 15132, 1, 2024/04/27, 19:35:55.969, 8145479412887, vstest.console.dll, TestRunRequest.ExecuteAsync: Creating test run request.
TpTrace Verbose: 0 : 15132, 1, 2024/04/27, 19:35:55.970, 8145479414471, vstest.console.dll, TestRunRequest.ExecuteAsync: Starting.
TpTrace Information: 0 : 15132, 1, 2024/04/27, 19:35:55.970, 8145479423400, vstest.console.dll, TestRunRequest.ExecuteAsync: Starting run with settings:TestRunCriteria:
   KeepAlive=False,FrequencyOfRunStatsChangeEvent=10,RunStatsChangeEventTimeout=00:00:01.5000000,TestCaseFilter=,TestExecutorLauncher=
   Settingsxml=<RunSettings>
  <RunConfiguration>
    <ResultsDirectory>C:\Users\vc\Desktop\Training\Day 13\ShoppingSolution\ShoppingDALTest\bin\Debug\net6.0\fine-code-coverage\coverage-tool-output</ResultsDirectory>
    <TargetPlatform>X64</TargetPlatform>
    <TargetFrameworkVersion>.NETCoreApp,Version=v6.0</TargetFrameworkVersion>
    <DesignMode>False</DesignMode>
    <CollectSourceInformation>False</CollectSourceInformation>
  </RunConfiguration>
  <LoggerRunSettings>
    <Loggers>
      <Logger friendlyName="blame" enabled="True" />
      <Logger friendlyName="Console" uri="logger://microsoft/TestPlatform/ConsoleLogger/v1" assemblyQualifiedName="Microsoft.VisualStudio.TestPlatform.CommandLine.Internal.ConsoleLogger, vstest.console, Version=15.0.0.0, Culture=neutral, PublicKeyToken=b03f5f7f11d50a3a" codeBase="C:\Program Files\dotnet\sdk\8.0.202\vstest.console.dll" enabled="True" />
    </Loggers>
  </LoggerRunSettings>
  <DataCollectionRunSettings>
    <DataCollectors>
      <DataCollector friendlyName="blame" enabled="True">
        <Configuration>
          <ResultsDirectory>C:\Users\vc\Desktop\Training\Day 13\ShoppingSolution\ShoppingDALTest\bin\Debug\net6.0\fine-code-coverage\coverage-tool-output</ResultsDirectory>
        </Configuration>
      </DataCollector>
    </DataCollectors>
  </DataCollectionRunSettings>
</RunSettings>

TpTrace Verbose: 0 : 15132, 1, 2024/04/27, 19:35:55.971, 8145479423965, vstest.console.dll, TestRunRequest.ExecuteAsync: Wait for the first run request is over.
TpTrace Verbose: 0 : 15132, 1, 2024/04/27, 19:35:55.971, 8145479426502, vstest.console.dll, MulticastDelegateUtilities.SafeInvoke: TestRun.TestRunStart: Invoking callbacks was skipped because there are no subscribers.
TpTrace Verbose: 0 : 15132, 4, 2024/04/27, 19:35:55.971, 8145479428246, vstest.console.dll, MulticastDelegateUtilities.SafeInvoke: InternalTestLoggerEvents.SendTestRunStart: Invoking callback 1/1 for Microsoft.VisualStudio.TestPlatform.CommandLine.Internal.ConsoleLogger., took 0 ms.
TpTrace Verbose: 0 : 15132, 1, 2024/04/27, 19:35:55.972, 8145479437443, vstest.console.dll, ParallelProxyExecutionManager: Start execution. Total sources: 1
TpTrace Verbose: 0 : 15132, 1, 2024/04/27, 19:35:55.972, 8145479439814, vstest.console.dll, ParallelOperationManager.StartWork: Starting adding 1 workloads.
TpTrace Verbose: 0 : 15132, 1, 2024/04/27, 19:35:55.972, 8145479440328, vstest.console.dll, ParallelOperationManager.ClearSlots: Clearing all slots. Slots should accept more work: True
TpTrace Verbose: 0 : 15132, 1, 2024/04/27, 19:35:55.972, 8145479440805, vstest.console.dll, ParallelOperationManager.SetOccupiedSlotCount: Setting slot counts AvailableSlotCount = 1, OccupiedSlotCount = 0.
TpTrace Verbose: 0 : 15132, 1, 2024/04/27, 19:35:55.972, 8145479441074, vstest.console.dll, Occupied slots:

TpTrace Verbose: 0 : 15132, 1, 2024/04/27, 19:35:55.973, 8145479450657, vstest.console.dll, TestRequestSender is acting as server.
TpTrace Verbose: 0 : 15132, 1, 2024/04/27, 19:35:55.974, 8145479461875, vstest.console.dll, ParallelOperationManager.RunWorkInParallel: Adding 1 workload to slot, remaining workloads 0.
TpTrace Verbose: 0 : 15132, 1, 2024/04/27, 19:35:55.974, 8145479462454, vstest.console.dll, ParallelOperationManager.SetOccupiedSlotCount: Setting slot counts AvailableSlotCount = 0, OccupiedSlotCount = 1.
TpTrace Verbose: 0 : 15132, 1, 2024/04/27, 19:35:55.974, 8145479463157, vstest.console.dll, Occupied slots:
0: C:\Users\vc\Desktop\Training\Day 13\ShoppingSolution\ShoppingDALTest\bin\Debug\net6.0\fine-code-coverage\build-output\ShoppingDALTest.dll
TpTrace Verbose: 0 : 15132, 1, 2024/04/27, 19:35:55.975, 8145479470655, vstest.console.dll, ParallelOperationManager.RunWorkInParallel: Started host in slot number 0 for work (source): C:\Users\vc\Desktop\Training\Day 13\ShoppingSolution\ShoppingDALTest\bin\Debug\net6.0\fine-code-coverage\build-output\ShoppingDALTest.dll.
TpTrace Verbose: 0 : 15132, 1, 2024/04/27, 19:35:55.976, 8145479480891, vstest.console.dll, ParallelOperationManager.RunWorkInParallel: We started 1 work items, which is the max parallel level. Won't start more work.
TpTrace Verbose: 0 : 15132, 1, 2024/04/27, 19:35:55.976, 8145479481667, vstest.console.dll, ParallelOperationManager.RunWorkInParallel: We started 1 work items in here, returning True.
TpTrace Information: 0 : 15132, 1, 2024/04/27, 19:35:55.976, 8145479482030, vstest.console.dll, TestRunRequest.ExecuteAsync: Started.
TpTrace Verbose: 0 : 15132, 5, 2024/04/27, 19:35:55.976, 8145479482122, vstest.console.dll, ParallelProxyExecutionManager.StartTestRunOnConcurrentManager: Initializing uninitialized client. Started clients: 0
TpTrace Verbose: 0 : 15132, 5, 2024/04/27, 19:35:55.977, 8145479483923, vstest.console.dll, DataCollectionRequestSender.InitializeCommunication : Initialize communication. 
TpTrace Verbose: 0 : 15132, 1, 2024/04/27, 19:35:55.977, 8145479487931, vstest.console.dll, TestRunRequest.WaitForCompletion: Waiting with timeout -1.
TpTrace Information: 0 : 15132, 5, 2024/04/27, 19:35:55.984, 8145479562824, vstest.console.dll, Listening on Endpoint : 127.0.0.1:65300
TpTrace Verbose: 0 : 15132, 5, 2024/04/27, 19:35:55.989, 8145479613227, vstest.console.dll, DotnetDataCollectionLauncher: Adding  --runtimeconfig "C:\Program Files\dotnet\sdk\8.0.202\datacollector.runtimeconfig.json" in args
TpTrace Verbose: 0 : 15132, 5, 2024/04/27, 19:35:55.990, 8145479614433, vstest.console.dll, DotnetDataCollectionLauncher: Adding  --depsfile "C:\Program Files\dotnet\sdk\8.0.202\datacollector.deps.json" in args
TpTrace Verbose: 0 : 15132, 5, 2024/04/27, 19:35:55.990, 8145479620104, vstest.console.dll, DotnetDataCollectionLauncher: Full path of dotnet.exe is C:\Program Files\dotnet\dotnet.exe
TpTrace Information: 0 : 15132, 5, 2024/04/27, 19:35:55.996, 8145479682487, vstest.console.dll, ProxyDataCollectionManager.Initialize: Launched datacollector processId: 29164 port: 65300
TpTrace Information: 0 : 15132, 5, 2024/04/27, 19:35:55.997, 8145479684788, vstest.console.dll, ProxyDataCollectionManager.Initialize: waiting for connection with timeout: 90 seconds
TpTrace Verbose: 0 : 15132, 5, 2024/04/27, 19:35:55.997, 8145479685341, vstest.console.dll, DataCollectionRequestSender.WaitForRequestHandlerConnection : Waiting for connection with timeout: 90000
TpTrace Information: 0 : 15132, 7, 2024/04/27, 19:35:56.169, 8145481407323, vstest.console.dll, Using the buffer size of 16384 bytes
TpTrace Verbose: 0 : 15132, 5, 2024/04/27, 19:35:56.169, 8145481407448, vstest.console.dll, SocketCommunicationManager.WaitForClientConnection took: 172 ms, with 90000 ms timeout, and finished with True.
TpTrace Information: 0 : 15132, 7, 2024/04/27, 19:35:56.169, 8145481408780, vstest.console.dll, Accepted Client request and set the flag
TpTrace Verbose: 0 : 15132, 5, 2024/04/27, 19:35:56.169, 8145481410349, vstest.console.dll, ProxyDataCollectionManager.InvokeDataCollectionServiceAction: Starting.
TpTrace Information: 0 : 15132, 5, 2024/04/27, 19:35:56.169, 8145481411163, vstest.console.dll, ProxyDataCollectionManager.BeforeTestRunStart: Get environment variable and port for datacollector processId: 29164 port: 65300
TpTrace Verbose: 0 : 15132, 5, 2024/04/27, 19:35:56.169, 8145481412765, vstest.console.dll, DataCollectionRequestSender.SendBeforeTestRunStartAndGetResult: Send BeforeTestRunStart message with settingsXml <RunSettings><RunConfiguration><ResultsDirectory>C:\Users\vc\Desktop\Training\Day 13\ShoppingSolution\ShoppingDALTest\bin\Debug\net6.0\fine-code-coverage\coverage-tool-output</ResultsDirectory><TargetPlatform>X64</TargetPlatform><TargetFrameworkVersion>.NETCoreApp,Version=v6.0</TargetFrameworkVersion><DesignMode>False</DesignMode><CollectSourceInformation>False</CollectSourceInformation><TestAdaptersPaths>C:\Program Files\dotnet\sdk\8.0.202\Extensions</TestAdaptersPaths></RunConfiguration><LoggerRunSettings><Loggers><Logger friendlyName="blame" enabled="True" /><Logger friendlyName="Console" uri="logger://microsoft/TestPlatform/ConsoleLogger/v1" assemblyQualifiedName="Microsoft.VisualStudio.TestPlatform.CommandLine.Internal.ConsoleLogger, vstest.console, Version=15.0.0.0, Culture=neutral, PublicKeyToken=b03f5f7f11d50a3a" codeBase="C:\Program Files\dotnet\sdk\8.0.202\vstest.console.dll" enabled="True" /></Loggers></LoggerRunSettings><DataCollectionRunSettings><DataCollectors><DataCollector friendlyName="blame" enabled="True"><Configuration><ResultsDirectory>C:\Users\vc\Desktop\Training\Day 13\ShoppingSolution\ShoppingDALTest\bin\Debug\net6.0\fine-code-coverage\coverage-tool-output</ResultsDirectory></Configuration></DataCollector></DataCollectors></DataCollectionRunSettings></RunSettings> and sources System.Collections.Generic.List`1[System.String]: 
TpTrace Verbose: 0 : 15132, 5, 2024/04/27, 19:35:56.221, 8145481928227, vstest.console.dll, DataCollectionRequestSender.SendBeforeTestRunStartAndGetResult: Received message: (DataCollection.SendMessage) -> {"MessageType":"DataCollection.SendMessage","Payload":{"FriendlyName":null,"Uri":null,"TestCaseId":"00000000-0000-0000-0000-000000000000","Message":"Logging DataCollector Diagnostics in file: C:\\Users\\vc\\Desktop\\Training\\Day 13\\ShoppingSolution\\ShoppingDALTest\\bin\\Debug\\net6.0\\fine-code-coverage\\coverage-tool-output\\diagnostics.datacollector.24-04-27_19-35-55_98973_5.log","Level":0}}
TpTrace Verbose: 0 : 15132, 5, 2024/04/27, 19:35:56.292, 8145482642922, vstest.console.dll, DataCollectionRequestSender.SendBeforeTestRunStartAndGetResult: Received message: (DataCollection.BeforeTestRunStartResult) -> {"MessageType":"DataCollection.BeforeTestRunStartResult","Payload":{"EnvironmentVariables":{},"DataCollectionEventsPort":65302}}
TpTrace Information: 0 : 15132, 5, 2024/04/27, 19:35:56.297, 8145482685051, vstest.console.dll, ProxyDataCollectionManager.BeforeTestRunStart: SendBeforeTestRunStartAndGetResult successful, env variable from datacollector:   and testhost port: 65302
TpTrace Information: 0 : 15132, 5, 2024/04/27, 19:35:56.297, 8145482686393, vstest.console.dll, ProxyDataCollectionManager.InvokeDataCollectionServiceAction: Completed.
TpTrace Verbose: 0 : 15132, 5, 2024/04/27, 19:35:56.297, 8145482686853, vstest.console.dll, ParallelProxyExecutionManager.StartTestRunOnConcurrentManager: Initializing test run. Started clients: 0
TpTrace Verbose: 0 : 15132, 5, 2024/04/27, 19:35:56.297, 8145482687917, vstest.console.dll, ProxyExecutionManager: Test host is always Lazy initialize.
TpTrace Verbose: 0 : 15132, 5, 2024/04/27, 19:35:56.297, 8145482690966, vstest.console.dll, TestRequestSender.InitializeCommunication: initialize communication. 
TpTrace Information: 0 : 15132, 5, 2024/04/27, 19:35:56.298, 8145482696738, vstest.console.dll, SocketServer.Start: Listening on endpoint : 127.0.0.1:65303
TpTrace Verbose: 0 : 15132, 5, 2024/04/27, 19:35:56.299, 8145482704719, vstest.console.dll, DotnetTestHostmanager.GetTestHostProcessStartInfo: Platform environment 'X64' target architecture 'X64' framework '.NETCoreApp,Version=v6.0' OS 'Windows'
TpTrace Verbose: 0 : 15132, 5, 2024/04/27, 19:35:56.299, 8145482707287, vstest.console.dll, DotnetTestHostmanager: Adding  --runtimeconfig "C:\Users\vc\Desktop\Training\Day 13\ShoppingSolution\ShoppingDALTest\bin\Debug\net6.0\fine-code-coverage\build-output\ShoppingDALTest.runtimeconfig.json" in args
TpTrace Verbose: 0 : 15132, 5, 2024/04/27, 19:35:56.299, 8145482708614, vstest.console.dll, DotnetTestHostmanager: Adding  --depsfile "C:\Users\vc\Desktop\Training\Day 13\ShoppingSolution\ShoppingDALTest\bin\Debug\net6.0\fine-code-coverage\build-output\ShoppingDALTest.deps.json" in args
TpTrace Verbose: 0 : 15132, 5, 2024/04/27, 19:35:56.299, 8145482711573, vstest.console.dll, DotnetTestHostmanager.IsWinOnArm: Current PROCESSOR_ARCHITECTURE from environment variable 'AMD64'
TpTrace Verbose: 0 : 15132, 5, 2024/04/27, 19:35:56.299, 8145482712163, vstest.console.dll, DotnetTestHostmanager.IsWinOnArm: Is Windows on ARM 'False'
TpTrace Verbose: 0 : 15132, 5, 2024/04/27, 19:35:56.299, 8145482712958, vstest.console.dll, DotnetTestHostManager: testhost.exe found at path: C:\Users\vc\Desktop\Training\Day 13\ShoppingSolution\ShoppingDALTest\bin\Debug\net6.0\fine-code-coverage\build-output\testhost.exe
TpTrace Verbose: 0 : 15132, 5, 2024/04/27, 19:35:56.299, 8145482713365, vstest.console.dll, DotnetTestHostmanager: Full path of host exe is C:\Users\vc\Desktop\Training\Day 13\ShoppingSolution\ShoppingDALTest\bin\Debug\net6.0\fine-code-coverage\build-output\testhost.exe
TpTrace Verbose: 0 : 15132, 5, 2024/04/27, 19:35:56.300, 8145482714435, vstest.console.dll, DotnetTestHostmanager.LaunchTestHostAsync: Found 'VSTEST_WINAPPHOST_DOTNET_ROOT' in env variables, value 'C:\Program Files\dotnet', forwarding to 'DOTNET_ROOT'
TpTrace Verbose: 0 : 15132, 5, 2024/04/27, 19:35:56.300, 8145482715720, vstest.console.dll, DotnetTestHostManager: Starting process 'C:\Users\vc\Desktop\Training\Day 13\ShoppingSolution\ShoppingDALTest\bin\Debug\net6.0\fine-code-coverage\build-output\testhost.exe' with command line ' --runtimeconfig "C:\Users\vc\Desktop\Training\Day 13\ShoppingSolution\ShoppingDALTest\bin\Debug\net6.0\fine-code-coverage\build-output\ShoppingDALTest.runtimeconfig.json" --depsfile "C:\Users\vc\Desktop\Training\Day 13\ShoppingSolution\ShoppingDALTest\bin\Debug\net6.0\fine-code-coverage\build-output\ShoppingDALTest.deps.json" --port 65303 --endpoint 127.0.0.1:065303 --role client --parentprocessid 15132 --diag "C:\Users\vc\Desktop\Training\Day 13\ShoppingSolution\ShoppingDALTest\bin\Debug\net6.0\fine-code-coverage\coverage-tool-output\diagnostics.host.24-04-27_19-35-56_29869_5.log" --tracelevel 4 --datacollectionport 65302 --telemetryoptedin false'
TpTrace Verbose: 0 : 15132, 5, 2024/04/27, 19:35:56.305, 8145482768944, vstest.console.dll, MulticastDelegateUtilities.SafeInvoke: HostProviderEvents.OnHostLaunched: Invoking callback 1/2 for Microsoft.VisualStudio.TestPlatform.CrossPlatEngine.Client.ProxyExecutionManagerWithDataCollection., took 1 ms.
TpTrace Verbose: 0 : 15132, 5, 2024/04/27, 19:35:56.305, 8145482772859, vstest.console.dll, Test Runtime launched
TpTrace Verbose: 0 : 15132, 5, 2024/04/27, 19:35:56.306, 8145482773729, vstest.console.dll, MulticastDelegateUtilities.SafeInvoke: HostProviderEvents.OnHostLaunched: Invoking callback 2/2 for Microsoft.VisualStudio.TestPlatform.CrossPlatEngine.Client.ProxyOperationManager., took 0 ms.
TpTrace Verbose: 0 : 15132, 5, 2024/04/27, 19:35:56.306, 8145482775244, vstest.console.dll, TestRequestSender.WaitForRequestHandlerConnection: waiting for connection with timeout: 90000.
TpTrace Verbose: 0 : 15132, 7, 2024/04/27, 19:35:56.537, 8145485085720, vstest.console.dll, MulticastDelegateUtilities.SafeInvoke: SocketServer: ClientConnected: Invoking callback 1/1 for Microsoft.VisualStudio.TestPlatform.CommunicationUtilities.TestRequestSender., took 0 ms.
TpTrace Verbose: 0 : 15132, 5, 2024/04/27, 19:35:56.537, 8145485085720, vstest.console.dll, TestRequestSender.WaitForRequestHandlerConnection: waiting took 231 ms, with timeout 90000 ms, and result 0, which is success.
TpTrace Verbose: 0 : 15132, 7, 2024/04/27, 19:35:56.537, 8145485087382, vstest.console.dll, SocketServer.OnClientConnected: Client connected for endPoint: 127.0.0.1:65303, starting MessageLoopAsync:
TpTrace Verbose: 0 : 15132, 13, 2024/04/27, 19:35:56.538, 8145485094783, vstest.console.dll, TcpClientExtensions.MessageLoopAsync: Polling on remoteEndPoint: 127.0.0.1:65304 localEndPoint: 127.0.0.1:65303 after 0 ms
TpTrace Verbose: 0 : 15132, 5, 2024/04/27, 19:35:56.538, 8145485099922, vstest.console.dll, TestRequestSender.CheckVersionWithTestHost: Sending check version message: {"MessageType":"ProtocolVersion","Payload":7}
TpTrace Verbose: 0 : 15132, 13, 2024/04/27, 19:35:56.685, 8145486563998, vstest.console.dll, TcpClientExtensions.MessageLoopAsync: NotifyDataAvailable remoteEndPoint: 127.0.0.1:65304 localEndPoint: 127.0.0.1:65303
TpTrace Verbose: 0 : 15132, 13, 2024/04/27, 19:35:56.685, 8145486566671, vstest.console.dll, TestRequestSender.CheckVersionWithTestHost: onMessageReceived received message: (ProtocolVersion) -> {"MessageType":"ProtocolVersion","Payload":7}
TpTrace Verbose: 0 : 15132, 13, 2024/04/27, 19:35:56.685, 8145486572994, vstest.console.dll, MulticastDelegateUtilities.SafeInvoke: LengthPrefixCommunicationChannel: MessageReceived: Invoking callback 1/1 for Microsoft.VisualStudio.TestPlatform.CommunicationUtilities.TestRequestSender+<>c__DisplayClass29_0., took 0 ms.
TpTrace Verbose: 0 : 15132, 5, 2024/04/27, 19:35:56.686, 8145486574431, vstest.console.dll, TestPluginCache.GetExtensionPaths: Filtered extension paths: 
TpTrace Verbose: 0 : 15132, 5, 2024/04/27, 19:35:56.686, 8145486577898, vstest.console.dll, TestPluginCache.GetExtensionPaths: Added default extension paths: C:\Program Files\dotnet\sdk\8.0.202\Extensions\Microsoft.Diagnostics.NETCore.Client.dll
C:\Program Files\dotnet\sdk\8.0.202\Extensions\Microsoft.TestPlatform.Extensions.BlameDataCollector.dll
C:\Program Files\dotnet\sdk\8.0.202\Extensions\Microsoft.TestPlatform.Extensions.EventLogCollector.dll
C:\Program Files\dotnet\sdk\8.0.202\Extensions\Microsoft.TestPlatform.TestHostRuntimeProvider.dll
C:\Program Files\dotnet\sdk\8.0.202\Extensions\Microsoft.VisualStudio.TestPlatform.Extensions.Html.TestLogger.dll
C:\Program Files\dotnet\sdk\8.0.202\Extensions\Microsoft.VisualStudio.TestPlatform.Extensions.Trx.TestLogger.dll
TpTrace Verbose: 0 : 15132, 5, 2024/04/27, 19:35:56.686, 8145486579038, vstest.console.dll, TestPluginCache.GetExtensionPaths: Added unfilterableExtensionPaths: 
TpTrace Verbose: 0 : 15132, 13, 2024/04/27, 19:35:56.686, 8145486579523, vstest.console.dll, TcpClientExtensions.MessageLoopAsync: Polling on remoteEndPoint: 127.0.0.1:65304 localEndPoint: 127.0.0.1:65303 after 148 ms
TpTrace Verbose: 0 : 15132, 5, 2024/04/27, 19:35:56.689, 8145486606360, vstest.console.dll, TestRequestSender.InitializeExecution: Sending initialize execution with message: {"Version":7,"MessageType":"TestExecution.Initialize","Payload":["C:\\Users\\vc\\Desktop\\Training\\Day 13\\ShoppingSolution\\ShoppingDALTest\\bin\\Debug\\net6.0\\fine-code-coverage\\build-output\\NUnit3.TestAdapter.dll"]}
TpTrace Verbose: 0 : 15132, 5, 2024/04/27, 19:35:56.689, 8145486608461, vstest.console.dll, ParallelProxyExecutionManager.StartTestRunOnConcurrentManager: Execution starting. Started clients: 1
TpTrace Verbose: 0 : 15132, 5, 2024/04/27, 19:35:56.689, 8145486610709, vstest.console.dll, TestRunRequest:SendTestRunMessage: Starting.
TpTrace Verbose: 0 : 15132, 5, 2024/04/27, 19:35:56.689, 8145486612314, vstest.console.dll, MulticastDelegateUtilities.SafeInvoke: TestRun.LogMessages: Invoking callback 1/1 for Microsoft.VisualStudio.TestPlatform.CommandLine.TestRunResultAggregator., took 0 ms.
TpTrace Information: 0 : 15132, 5, 2024/04/27, 19:35:56.689, 8145486612672, vstest.console.dll, TestRunRequest:SendTestRunMessage: Completed.
TpTrace Verbose: 0 : 15132, 4, 2024/04/27, 19:35:56.690, 8145486615094, vstest.console.dll, MulticastDelegateUtilities.SafeInvoke: InternalTestLoggerEvents.SendTestRunMessage: Invoking callback 1/1 for Microsoft.VisualStudio.TestPlatform.CommandLine.Internal.ConsoleLogger., took 0 ms.
TpTrace Warning: 0 : 15132, 5, 2024/04/27, 19:35:56.690, 8145486615910, vstest.console.dll, InferRunSettingsHelper.MakeRunsettingsCompatible: Removing the following settings: TargetPlatform from RunSettings file. To use those settings please move to latest version of Microsoft.NET.Test.Sdk
TpTrace Verbose: 0 : 15132, 13, 2024/04/27, 19:35:56.692, 8145486635541, vstest.console.dll, TcpClientExtensions.MessageLoopAsync: NotifyDataAvailable remoteEndPoint: 127.0.0.1:65304 localEndPoint: 127.0.0.1:65303
TpTrace Verbose: 0 : 15132, 13, 2024/04/27, 19:35:56.692, 8145486639932, vstest.console.dll, TestRequestSender.OnExecutionMessageReceived: Received message: {"Version":7,"MessageType":"TestSession.Message","Payload":{"MessageLevel":0,"Message":"Logging TestHost Diagnostics in file: C:\\Users\\vc\\Desktop\\Training\\Day 13\\ShoppingSolution\\ShoppingDALTest\\bin\\Debug\\net6.0\\fine-code-coverage\\coverage-tool-output\\diagnostics.host.24-04-27_19-35-56_29869_5.log"}}
TpTrace Verbose: 0 : 15132, 5, 2024/04/27, 19:35:56.699, 8145486704998, vstest.console.dll, TestRequestSender.StartTestRun: Sending test run with message: {"Version":7,"MessageType":"TestExecution.StartWithSources","Payload":{"AdapterSourceMap":{"_none_":["C:\\Users\\vc\\Desktop\\Training\\Day 13\\ShoppingSolution\\ShoppingDALTest\\bin\\Debug\\net6.0\\fine-code-coverage\\build-output\\ShoppingDALTest.dll"]},"RunSettings":"<RunSettings>\r\n  <RunConfiguration>\r\n    <ResultsDirectory>C:\\Users\\vc\\Desktop\\Training\\Day 13\\ShoppingSolution\\ShoppingDALTest\\bin\\Debug\\net6.0\\fine-code-coverage\\coverage-tool-output</ResultsDirectory>\r\n    <TargetFrameworkVersion>.NETCoreApp,Version=v6.0</TargetFrameworkVersion>\r\n    <DesignMode>False</DesignMode>\r\n    <CollectSourceInformation>False</CollectSourceInformation>\r\n  </RunConfiguration>\r\n  <LoggerRunSettings>\r\n    <Loggers>\r\n      <Logger friendlyName=\"blame\" enabled=\"True\" />\r\n      <Logger friendlyName=\"Console\" uri=\"logger://microsoft/TestPlatform/ConsoleLogger/v1\" assemblyQualifiedName=\"Microsoft.VisualStudio.TestPlatform.CommandLine.Internal.ConsoleLogger, vstest.console, Version=15.0.0.0, Culture=neutral, PublicKeyToken=b03f5f7f11d50a3a\" codeBase=\"C:\\Program Files\\dotnet\\sdk\\8.0.202\\vstest.console.dll\" enabled=\"True\" />\r\n    </Loggers>\r\n  </LoggerRunSettings>\r\n  <DataCollectionRunSettings>\r\n    <DataCollectors>\r\n      <DataCollector friendlyName=\"blame\" enabled=\"True\">\r\n        <Configuration>\r\n          <ResultsDirectory>C:\\Users\\vc\\Desktop\\Training\\Day 13\\ShoppingSolution\\ShoppingDALTest\\bin\\Debug\\net6.0\\fine-code-coverage\\coverage-tool-output</ResultsDirectory>\r\n        </Configuration>\r\n      </DataCollector>\r\n    </DataCollectors>\r\n  </DataCollectionRunSettings>\r\n</RunSettings>","TestExecutionContext":{"FrequencyOfRunStatsChangeEvent":10,"RunStatsChangeEventTimeout":"00:00:01.5000000","InIsolation":false,"KeepAlive":false,"AreTestCaseLevelEventsRequired":false,"IsDebug":false,"TestCaseFilter":null,"FilterOptions":null},"Package":null}}
TpTrace Verbose: 0 : 15132, 5, 2024/04/27, 19:35:56.699, 8145486708366, vstest.console.dll, ParallelProxyExecutionManager.StartTestRunOnConcurrentManager: Execution started. Started clients: 1
TpTrace Verbose: 0 : 15132, 13, 2024/04/27, 19:35:56.699, 8145486708980, vstest.console.dll, TestRunRequest:SendTestRunMessage: Starting.
TpTrace Verbose: 0 : 15132, 13, 2024/04/27, 19:35:56.699, 8145486710371, vstest.console.dll, MulticastDelegateUtilities.SafeInvoke: TestRun.LogMessages: Invoking callback 1/1 for Microsoft.VisualStudio.TestPlatform.CommandLine.TestRunResultAggregator., took 0 ms.
TpTrace Verbose: 0 : 15132, 4, 2024/04/27, 19:35:56.699, 8145486710490, vstest.console.dll, MulticastDelegateUtilities.SafeInvoke: InternalTestLoggerEvents.SendTestRunMessage: Invoking callback 1/1 for Microsoft.VisualStudio.TestPlatform.CommandLine.Internal.ConsoleLogger., took 0 ms.
TpTrace Information: 0 : 15132, 13, 2024/04/27, 19:35:56.699, 8145486710720, vstest.console.dll, TestRunRequest:SendTestRunMessage: Completed.
TpTrace Verbose: 0 : 15132, 13, 2024/04/27, 19:35:56.699, 8145486711496, vstest.console.dll, MulticastDelegateUtilities.SafeInvoke: LengthPrefixCommunicationChannel: MessageReceived: Invoking callback 1/1 for Microsoft.VisualStudio.TestPlatform.CommunicationUtilities.TestRequestSender+<>c__DisplayClass34_0., took 7 ms.
TpTrace Verbose: 0 : 15132, 13, 2024/04/27, 19:35:56.699, 8145486711834, vstest.console.dll, TcpClientExtensions.MessageLoopAsync: Polling on remoteEndPoint: 127.0.0.1:65304 localEndPoint: 127.0.0.1:65303 after 13 ms
TpTrace Verbose: 0 : 15132, 13, 2024/04/27, 19:35:56.915, 8145488864760, vstest.console.dll, TcpClientExtensions.MessageLoopAsync: NotifyDataAvailable remoteEndPoint: 127.0.0.1:65304 localEndPoint: 127.0.0.1:65303
TpTrace Verbose: 0 : 15132, 13, 2024/04/27, 19:35:56.915, 8145488867030, vstest.console.dll, TestRequestSender.OnExecutionMessageReceived: Received message: {"Version":7,"MessageType":"TestSession.Message","Payload":{"MessageLevel":0,"Message":"NUnit Adapter 4.4.0.0: Test execution started"}}
TpTrace Verbose: 0 : 15132, 13, 2024/04/27, 19:35:56.915, 8145488868978, vstest.console.dll, TestRunRequest:SendTestRunMessage: Starting.
TpTrace Verbose: 0 : 15132, 13, 2024/04/27, 19:35:56.915, 8145488869663, vstest.console.dll, MulticastDelegateUtilities.SafeInvoke: TestRun.LogMessages: Invoking callback 1/1 for Microsoft.VisualStudio.TestPlatform.CommandLine.TestRunResultAggregator., took 0 ms.
TpTrace Information: 0 : 15132, 13, 2024/04/27, 19:35:56.915, 8145488870075, vstest.console.dll, TestRunRequest:SendTestRunMessage: Completed.
TpTrace Verbose: 0 : 15132, 13, 2024/04/27, 19:35:56.915, 8145488870446, vstest.console.dll, MulticastDelegateUtilities.SafeInvoke: LengthPrefixCommunicationChannel: MessageReceived: Invoking callback 1/1 for Microsoft.VisualStudio.TestPlatform.CommunicationUtilities.TestRequestSender+<>c__DisplayClass34_0., took 0 ms.
TpTrace Verbose: 0 : 15132, 13, 2024/04/27, 19:35:56.915, 8145488870850, vstest.console.dll, TcpClientExtensions.MessageLoopAsync: Polling on remoteEndPoint: 127.0.0.1:65304 localEndPoint: 127.0.0.1:65303 after 215 ms
TpTrace Verbose: 0 : 15132, 4, 2024/04/27, 19:35:56.915, 8145488870861, vstest.console.dll, MulticastDelegateUtilities.SafeInvoke: InternalTestLoggerEvents.SendTestRunMessage: Invoking callback 1/1 for Microsoft.VisualStudio.TestPlatform.CommandLine.Internal.ConsoleLogger., took 0 ms.
TpTrace Verbose: 0 : 15132, 13, 2024/04/27, 19:35:56.964, 8145489363076, vstest.console.dll, TcpClientExtensions.MessageLoopAsync: NotifyDataAvailable remoteEndPoint: 127.0.0.1:65304 localEndPoint: 127.0.0.1:65303
TpTrace Verbose: 0 : 15132, 13, 2024/04/27, 19:35:56.965, 8145489368778, vstest.console.dll, TestRequestSender.OnExecutionMessageReceived: Received message: {"Version":7,"MessageType":"TestSession.Message","Payload":{"MessageLevel":0,"Message":"Running all tests in C:\\Users\\vc\\Desktop\\Training\\Day 13\\ShoppingSolution\\ShoppingDALTest\\bin\\Debug\\net6.0\\fine-code-coverage\\build-output\\ShoppingDALTest.dll"}}
TpTrace Verbose: 0 : 15132, 13, 2024/04/27, 19:35:56.965, 8145489372732, vstest.console.dll, TestRunRequest:SendTestRunMessage: Starting.
TpTrace Verbose: 0 : 15132, 13, 2024/04/27, 19:35:56.966, 8145489374604, vstest.console.dll, MulticastDelegateUtilities.SafeInvoke: TestRun.LogMessages: Invoking callback 1/1 for Microsoft.VisualStudio.TestPlatform.CommandLine.TestRunResultAggregator., took 0 ms.
TpTrace Information: 0 : 15132, 13, 2024/04/27, 19:35:56.966, 8145489375357, vstest.console.dll, TestRunRequest:SendTestRunMessage: Completed.
TpTrace Verbose: 0 : 15132, 4, 2024/04/27, 19:35:56.966, 8145489375537, vstest.console.dll, MulticastDelegateUtilities.SafeInvoke: InternalTestLoggerEvents.SendTestRunMessage: Invoking callback 1/1 for Microsoft.VisualStudio.TestPlatform.CommandLine.Internal.ConsoleLogger., took 0 ms.
TpTrace Verbose: 0 : 15132, 13, 2024/04/27, 19:35:56.966, 8145489376137, vstest.console.dll, MulticastDelegateUtilities.SafeInvoke: LengthPrefixCommunicationChannel: MessageReceived: Invoking callback 1/1 for Microsoft.VisualStudio.TestPlatform.CommunicationUtilities.TestRequestSender+<>c__DisplayClass34_0., took 0 ms.
TpTrace Verbose: 0 : 15132, 13, 2024/04/27, 19:35:56.966, 8145489378688, vstest.console.dll, TcpClientExtensions.MessageLoopAsync: Polling on remoteEndPoint: 127.0.0.1:65304 localEndPoint: 127.0.0.1:65303 after 50 ms
TpTrace Verbose: 0 : 15132, 13, 2024/04/27, 19:35:57.090, 8145490622005, vstest.console.dll, TcpClientExtensions.MessageLoopAsync: NotifyDataAvailable remoteEndPoint: 127.0.0.1:65304 localEndPoint: 127.0.0.1:65303
TpTrace Verbose: 0 : 15132, 13, 2024/04/27, 19:35:57.091, 8145490624325, vstest.console.dll, TestRequestSender.OnExecutionMessageReceived: Received message: {"Version":7,"MessageType":"TestSession.Message","Payload":{"MessageLevel":0,"Message":"   NUnit3TestExecutor discovered 24 of 24 NUnit test cases using Current Discovery mode, Non-Explicit run"}}
TpTrace Verbose: 0 : 15132, 13, 2024/04/27, 19:35:57.091, 8145490627677, vstest.console.dll, TestRunRequest:SendTestRunMessage: Starting.
TpTrace Verbose: 0 : 15132, 13, 2024/04/27, 19:35:57.091, 8145490628301, vstest.console.dll, MulticastDelegateUtilities.SafeInvoke: TestRun.LogMessages: Invoking callback 1/1 for Microsoft.VisualStudio.TestPlatform.CommandLine.TestRunResultAggregator., took 0 ms.
TpTrace Information: 0 : 15132, 13, 2024/04/27, 19:35:57.091, 8145490628646, vstest.console.dll, TestRunRequest:SendTestRunMessage: Completed.
TpTrace Verbose: 0 : 15132, 13, 2024/04/27, 19:35:57.091, 8145490629001, vstest.console.dll, MulticastDelegateUtilities.SafeInvoke: LengthPrefixCommunicationChannel: MessageReceived: Invoking callback 1/1 for Microsoft.VisualStudio.TestPlatform.CommunicationUtilities.TestRequestSender+<>c__DisplayClass34_0., took 0 ms.
TpTrace Verbose: 0 : 15132, 4, 2024/04/27, 19:35:57.091, 8145490628915, vstest.console.dll, MulticastDelegateUtilities.SafeInvoke: InternalTestLoggerEvents.SendTestRunMessage: Invoking callback 1/1 for Microsoft.VisualStudio.TestPlatform.CommandLine.Internal.ConsoleLogger., took 0 ms.
TpTrace Verbose: 0 : 15132, 13, 2024/04/27, 19:35:57.091, 8145490629397, vstest.console.dll, TcpClientExtensions.MessageLoopAsync: Polling on remoteEndPoint: 127.0.0.1:65304 localEndPoint: 127.0.0.1:65303 after 125 ms
TpTrace Verbose: 0 : 15132, 13, 2024/04/27, 19:35:57.262, 8145492342626, vstest.console.dll, TcpClientExtensions.MessageLoopAsync: NotifyDataAvailable remoteEndPoint: 127.0.0.1:65304 localEndPoint: 127.0.0.1:65303
TpTrace Verbose: 0 : 15132, 13, 2024/04/27, 19:35:57.263, 8145492346040, vstest.console.dll, TestRequestSender.OnExecutionMessageReceived: Received message: {"Version":7,"MessageType":"TestExecution.StatsChange","Payload":{"NewTestResults":[{"TestCase":{"Id":"63d95616-39db-629a-f72c-2794fc5cfc95","FullyQualifiedName":"ShoppingDALTest.CartRepositoryTestcs.DeleteCartByIdExceptionTest","DisplayName":"DeleteCartByIdExceptionTest","ExecutorUri":"executor://NUnit3TestExecutor","Source":"C:\\Users\\vc\\Desktop\\Training\\Day 13\\ShoppingSolution\\ShoppingDALTest\\bin\\Debug\\net6.0\\fine-code-coverage\\build-output\\ShoppingDALTest.dll","CodeFilePath":null,"LineNumber":0,"Properties":[{"Key":{"Id":"NUnit.Seed","Label":"Seed","Category":"","Description":"","Attributes":0,"ValueType":"System.String"},"Value":"831328278"}]},"Attachments":[],"Outcome":1,"ErrorMessage":null,"ErrorStackTrace":null,"DisplayName":"DeleteCartByIdExceptionTest","Messages":[],"ComputerName":"86RBBX3","Duration":"00:00:00.0234930","StartTime":"2024-04-27T14:05:57.1174541+00:00","EndTime":"2024-04-27T14:05:57.1408313+00:00","Properties":[{"Key":{"Id":"NUnit.Seed","Label":"Seed","Category":"","Description":"","Attributes":0,"ValueType":"System.String"},"Value":"831328278"}]},{"TestCase":{"Id":"b6ef18cd-5c66-976a-10fa-4e2b403552c5","FullyQualifiedName":"ShoppingDALTest.CartRepositoryTestcs.DeleteCartByIdSuccessTest","DisplayName":"DeleteCartByIdSuccessTest","ExecutorUri":"executor://NUnit3TestExecutor","Source":"C:\\Users\\vc\\Desktop\\Training\\Day 13\\ShoppingSolution\\ShoppingDALTest\\bin\\Debug\\net6.0\\fine-code-coverage\\build-output\\ShoppingDALTest.dll","CodeFilePath":null,"LineNumber":0,"Properties":[{"Key":{"Id":"NUnit.Seed","Label":"Seed","Category":"","Description":"","Attributes":0,"ValueType":"System.String"},"Value":"121666702"}]},"Attachments":[],"Outcome":1,"ErrorMessage":null,"ErrorStackTrace":null,"DisplayName":"DeleteCartByIdSuccessTest","Messages":[],"ComputerName":"86RBBX3","Duration":"00:00:00.0042480","StartTime":"2024-04-27T14:05:57.1435811+00:00","EndTime":"2024-04-27T14:05:57.1478295+00:00","Properties":[{"Key":{"Id":"NUnit.Seed","Label":"Seed","Category":"","Description":"","Attributes":0,"ValueType":"System.String"},"Value":"121666702"}]},{"TestCase":{"Id":"4609de97-0dce-ff6e-e684-0b3591fadf0d","FullyQualifiedName":"ShoppingDALTest.CartRepositoryTestcs.GetCartByIdNoCartWithGivenIdExceptionTest","DisplayName":"GetCartByIdNoCartWithGivenIdExceptionTest","ExecutorUri":"executor://NUnit3TestExecutor","Source":"C:\\Users\\vc\\Desktop\\Training\\Day 13\\ShoppingSolution\\ShoppingDALTest\\bin\\Debug\\net6.0\\fine-code-coverage\\build-output\\ShoppingDALTest.dll","CodeFilePath":null,"LineNumber":0,"Properties":[{"Key":{"Id":"NUnit.Seed","Label":"Seed","Category":"","Description":"","Attributes":0,"ValueType":"System.String"},"Value":"1781705411"}]},"Attachments":[],"Outcome":1,"ErrorMessage":null,"ErrorStackTrace":null,"DisplayName":"GetCartByIdNoCartWithGivenIdExceptionTest","Messages":[],"ComputerName":"86RBBX3","Duration":"00:00:00.0003430","StartTime":"2024-04-27T14:05:57.1478612+00:00","EndTime":"2024-04-27T14:05:57.1482041+00:00","Properties":[{"Key":{"Id":"NUnit.Seed","Label":"Seed","Category":"","Description":"","Attributes":0,"ValueType":"System.String"},"Value":"1781705411"}]},{"TestCase":{"Id":"43b3e5d7-76ad-b008-6e45-b6a86ab81639","FullyQualifiedName":"ShoppingDALTest.CartRepositoryTestcs.GetCartByIdSuccessTest","DisplayName":"GetCartByIdSuccessTest","ExecutorUri":"executor://NUnit3TestExecutor","Source":"C:\\Users\\vc\\Desktop\\Training\\Day 13\\ShoppingSolution\\ShoppingDALTest\\bin\\Debug\\net6.0\\fine-code-coverage\\build-output\\ShoppingDALTest.dll","CodeFilePath":null,"LineNumber":0,"Properties":[{"Key":{"Id":"NUnit.Seed","Label":"Seed","Category":"","Description":"","Attributes":0,"ValueType":"System.String"},"Value":"1605279467"}]},"Attachments":[],"Outcome":1,"ErrorMessage":null,"ErrorStackTrace":null,"DisplayName":"GetCartByIdSuccessTest","Messages":[],"ComputerName":"86RBBX3","Duration":"00:00:00.0001860","StartTime":"2024-04-27T14:05:57.1482159+00:00","EndTime":"2024-04-27T14:05:57.1484016+00:00","Properties":[{"Key":{"Id":"NUnit.Seed","Label":"Seed","Category":"","Description":"","Attributes":0,"ValueType":"System.String"},"Value":"1605279467"}]},{"TestCase":{"Id":"a121b243-c7ff-e71d-6d4e-38150e72f767","FullyQualifiedName":"ShoppingDALTest.CartRepositoryTestcs.UpdateCartExceptionTest","DisplayName":"UpdateCartExceptionTest","ExecutorUri":"executor://NUnit3TestExecutor","Source":"C:\\Users\\vc\\Desktop\\Training\\Day 13\\ShoppingSolution\\ShoppingDALTest\\bin\\Debug\\net6.0\\fine-code-coverage\\build-output\\ShoppingDALTest.dll","CodeFilePath":null,"LineNumber":0,"Properties":[{"Key":{"Id":"NUnit.Seed","Label":"Seed","Category":"","Description":"","Attributes":0,"ValueType":"System.String"},"Value":"850537485"}]},"Attachments":[],"Outcome":1,"ErrorMessage":null,"ErrorStackTrace":null,"DisplayName":"UpdateCartExceptionTest","Messages":[],"ComputerName":"86RBBX3","Duration":"00:00:00.0003520","StartTime":"2024-04-27T14:05:57.1484109+00:00","EndTime":"2024-04-27T14:05:57.1487622+00:00","Properties":[{"Key":{"Id":"NUnit.Seed","Label":"Seed","Category":"","Description":"","Attributes":0,"ValueType":"System.String"},"Value":"850537485"}]},{"TestCase":{"Id":"3b16d835-92a6-ef4e-cbc7-0ac15d9ad883","FullyQualifiedName":"ShoppingDALTest.CartRepositoryTestcs.UpdateCartSuccessTest","DisplayName":"UpdateCartSuccessTest","ExecutorUri":"executor://NUnit3TestExecutor","Source":"C:\\Users\\vc\\Desktop\\Training\\Day 13\\ShoppingSolution\\ShoppingDALTest\\bin\\Debug\\net6.0\\fine-code-coverage\\build-output\\ShoppingDALTest.dll","CodeFilePath":null,"LineNumber":0,"Properties":[{"Key":{"Id":"NUnit.Seed","Label":"Seed","Category":"","Description":"","Attributes":0,"ValueType":"System.String"},"Value":"143031161"}]},"Attachments":[],"Outcome":1,"ErrorMessage":null,"ErrorStackTrace":null,"DisplayName":"UpdateCartSuccessTest","Messages":[],"ComputerName":"86RBBX3","Duration":"00:00:00.0001850","StartTime":"2024-04-27T14:05:57.1487721+00:00","EndTime":"2024-04-27T14:05:57.1489573+00:00","Properties":[{"Key":{"Id":"NUnit.Seed","Label":"Seed","Category":"","Description":"","Attributes":0,"ValueType":"System.String"},"Value":"143031161"}]},{"TestCase":{"Id":"5cb23376-b7ac-c56d-29fe-50c9c5c4796c","FullyQualifiedName":"ShoppingDALTest.CustomerRepositoryTest.DeleteCustomerByIdExceptionTest","DisplayName":"DeleteCustomerByIdExceptionTest","ExecutorUri":"executor://NUnit3TestExecutor","Source":"C:\\Users\\vc\\Desktop\\Training\\Day 13\\ShoppingSolution\\ShoppingDALTest\\bin\\Debug\\net6.0\\fine-code-coverage\\build-output\\ShoppingDALTest.dll","CodeFilePath":null,"LineNumber":0,"Properties":[{"Key":{"Id":"NUnit.Seed","Label":"Seed","Category":"","Description":"","Attributes":0,"ValueType":"System.String"},"Value":"236844899"}]},"Attachments":[],"Outcome":1,"ErrorMessage":null,"ErrorStackTrace":null,"DisplayName":"DeleteCustomerByIdExceptionTest","Messages":[],"ComputerName":"86RBBX3","Duration":"00:00:00.0013519","StartTime":"2024-04-27T14:05:57.1508577+00:00","EndTime":"2024-04-27T14:05:57.1522093+00:00","Properties":[{"Key":{"Id":"NUnit.Seed","Label":"Seed","Category":"","Description":"","Attributes":0,"ValueType":"System.String"},"Value":"236844899"}]},{"TestCase":{"Id":"516ea15e-bece-79da-bf1c-b3380c52bfdd","FullyQualifiedName":"ShoppingDALTest.CustomerRepositoryTest.DeleteCustomerByIdSuccessTest","DisplayName":"DeleteCustomerByIdSuccessTest","ExecutorUri":"executor://NUnit3TestExecutor","Source":"C:\\Users\\vc\\Desktop\\Training\\Day 13\\ShoppingSolution\\ShoppingDALTest\\bin\\Debug\\net6.0\\fine-code-coverage\\build-output\\ShoppingDALTest.dll","CodeFilePath":null,"LineNumber":0,"Properties":[{"Key":{"Id":"NUnit.Seed","Label":"Seed","Category":"","Description":"","Attributes":0,"ValueType":"System.String"},"Value":"1526727534"}]},"Attachments":[],"Outcome":1,"ErrorMessage":null,"ErrorStackTrace":null,"DisplayName":"DeleteCustomerByIdSuccessTest","Messages":[],"ComputerName":"86RBBX3","Duration":"00:00:00.0001850","StartTime":"2024-04-27T14:05:57.1522247+00:00","EndTime":"2024-04-27T14:05:57.1524096+00:00","Properties":[{"Key":{"Id":"NUnit.Seed","Label":"Seed","Category":"","Description":"","Attributes":0,"ValueType":"System.String"},"Value":"1526727534"}]},{"TestCase":{"Id":"27bfb9a1-2ef5-33bf-3ac0-d4bd7424be30","FullyQualifiedName":"ShoppingDALTest.CustomerRepositoryTest.GetCustomerByIdNoCustomerWithGivenIdExceptionTest","DisplayName":"GetCustomerByIdNoCustomerWithGivenIdExceptionTest","ExecutorUri":"executor://NUnit3TestExecutor","Source":"C:\\Users\\vc\\Desktop\\Training\\Day 13\\ShoppingSolution\\ShoppingDALTest\\bin\\Debug\\net6.0\\fine-code-coverage\\build-output\\ShoppingDALTest.dll","CodeFilePath":null,"LineNumber":0,"Properties":[{"Key":{"Id":"NUnit.Seed","Label":"Seed","Category":"","Description":"","Attributes":0,"ValueType":"System.String"},"Value":"1902944338"}]},"Attachments":[],"Outcome":1,"ErrorMessage":null,"ErrorStackTrace":null,"DisplayName":"GetCustomerByIdNoCustomerWithGivenIdExceptionTest","Messages":[],"ComputerName":"86RBBX3","Duration":"00:00:00.0002050","StartTime":"2024-04-27T14:05:57.1524193+00:00","EndTime":"2024-04-27T14:05:57.1526242+00:00","Properties":[{"Key":{"Id":"NUnit.Seed","Label":"Seed","Category":"","Description":"","Attributes":0,"ValueType":"System.String"},"Value":"1902944338"}]}],"TestRunStatistics":{"ExecutedTests":9,"Stats":{"Passed":9}},"ActiveTests":[{"Id":"1b93583f-1a2d-b415-525b-8562fe78f578","FullyQualifiedName":"ShoppingDALTest.CustomerRepositoryTest.GetCustomerByIdSuccessTest","DisplayName":"GetCustomerByIdSuccessTest","ExecutorUri":"executor://NUnit3TestExecutor","Source":"C:\\Users\\vc\\Desktop\\Training\\Day 13\\ShoppingSolution\\ShoppingDALTest\\bin\\Debug\\net6.0\\fine-code-coverage\\build-output\\ShoppingDALTest.dll","CodeFilePath":null,"LineNumber":0,"Properties":[{"Key":{"Id":"NUnit.Seed","Label":"Seed","Category":"","Description":"","Attributes":0,"ValueType":"System.String"},"Value":"1058975458"}]}]}}
TpTrace Verbose: 0 : 15132, 13, 2024/04/27, 19:35:57.304, 8145492762432, vstest.console.dll, TestRunRequest:SendTestRunStatsChange: Starting.
TpTrace Verbose: 0 : 15132, 13, 2024/04/27, 19:35:57.305, 8145492765066, vstest.console.dll, InProgress is GetCustomerByIdSuccessTest
TpTrace Verbose: 0 : 15132, 13, 2024/04/27, 19:35:57.305, 8145492768493, vstest.console.dll, MulticastDelegateUtilities.SafeInvoke: TestRun.RunStatsChanged: Invoking callbacks was skipped because there are no subscribers.
TpTrace Information: 0 : 15132, 13, 2024/04/27, 19:35:57.305, 8145492769385, vstest.console.dll, TestRunRequest:SendTestRunStatsChange: Completed.
TpTrace Verbose: 0 : 15132, 13, 2024/04/27, 19:35:57.305, 8145492770095, vstest.console.dll, MulticastDelegateUtilities.SafeInvoke: LengthPrefixCommunicationChannel: MessageReceived: Invoking callback 1/1 for Microsoft.VisualStudio.TestPlatform.CommunicationUtilities.TestRequestSender+<>c__DisplayClass34_0., took 42 ms.
TpTrace Verbose: 0 : 15132, 13, 2024/04/27, 19:35:57.305, 8145492770866, vstest.console.dll, TcpClientExtensions.MessageLoopAsync: Polling on remoteEndPoint: 127.0.0.1:65304 localEndPoint: 127.0.0.1:65303 after 213 ms
TpTrace Verbose: 0 : 15132, 13, 2024/04/27, 19:35:57.306, 8145492775109, vstest.console.dll, TcpClientExtensions.MessageLoopAsync: NotifyDataAvailable remoteEndPoint: 127.0.0.1:65304 localEndPoint: 127.0.0.1:65303
TpTrace Verbose: 0 : 15132, 13, 2024/04/27, 19:35:57.306, 8145492779677, vstest.console.dll, TestRequestSender.OnExecutionMessageReceived: Received message: {"Version":7,"MessageType":"TestExecution.StatsChange","Payload":{"NewTestResults":[{"TestCase":{"Id":"1b93583f-1a2d-b415-525b-8562fe78f578","FullyQualifiedName":"ShoppingDALTest.CustomerRepositoryTest.GetCustomerByIdSuccessTest","DisplayName":"GetCustomerByIdSuccessTest","ExecutorUri":"executor://NUnit3TestExecutor","Source":"C:\\Users\\vc\\Desktop\\Training\\Day 13\\ShoppingSolution\\ShoppingDALTest\\bin\\Debug\\net6.0\\fine-code-coverage\\build-output\\ShoppingDALTest.dll","CodeFilePath":null,"LineNumber":0,"Properties":[{"Key":{"Id":"NUnit.Seed","Label":"Seed","Category":"","Description":"","Attributes":0,"ValueType":"System.String"},"Value":"1058975458"}]},"Attachments":[],"Outcome":1,"ErrorMessage":null,"ErrorStackTrace":null,"DisplayName":"GetCustomerByIdSuccessTest","Messages":[],"ComputerName":"86RBBX3","Duration":"00:00:00.0047300","StartTime":"2024-04-27T14:05:57.1526329+00:00","EndTime":"2024-04-27T14:05:57.1573628+00:00","Properties":[{"Key":{"Id":"NUnit.Seed","Label":"Seed","Category":"","Description":"","Attributes":0,"ValueType":"System.String"},"Value":"1058975458"}]},{"TestCase":{"Id":"2b8d373c-2c81-1e64-6721-2915f5c68af9","FullyQualifiedName":"ShoppingDALTest.CustomerRepositoryTest.UpdateCustomerExceptionTest","DisplayName":"UpdateCustomerExceptionTest","ExecutorUri":"executor://NUnit3TestExecutor","Source":"C:\\Users\\vc\\Desktop\\Training\\Day 13\\ShoppingSolution\\ShoppingDALTest\\bin\\Debug\\net6.0\\fine-code-coverage\\build-output\\ShoppingDALTest.dll","CodeFilePath":null,"LineNumber":0,"Properties":[{"Key":{"Id":"NUnit.Seed","Label":"Seed","Category":"","Description":"","Attributes":0,"ValueType":"System.String"},"Value":"35349592"}]},"Attachments":[],"Outcome":1,"ErrorMessage":null,"ErrorStackTrace":null,"DisplayName":"UpdateCustomerExceptionTest","Messages":[],"ComputerName":"86RBBX3","Duration":"00:00:00.0006250","StartTime":"2024-04-27T14:05:57.1573914+00:00","EndTime":"2024-04-27T14:05:57.1580165+00:00","Properties":[{"Key":{"Id":"NUnit.Seed","Label":"Seed","Category":"","Description":"","Attributes":0,"ValueType":"System.String"},"Value":"35349592"}]},{"TestCase":{"Id":"6dbf6ce2-e286-e94d-57ca-2ea5a1f8b067","FullyQualifiedName":"ShoppingDALTest.CustomerRepositoryTest.UpdateCustomerSuccessTest","DisplayName":"UpdateCustomerSuccessTest","ExecutorUri":"executor://NUnit3TestExecutor","Source":"C:\\Users\\vc\\Desktop\\Training\\Day 13\\ShoppingSolution\\ShoppingDALTest\\bin\\Debug\\net6.0\\fine-code-coverage\\build-output\\ShoppingDALTest.dll","CodeFilePath":null,"LineNumber":0,"Properties":[{"Key":{"Id":"NUnit.Seed","Label":"Seed","Category":"","Description":"","Attributes":0,"ValueType":"System.String"},"Value":"1219041586"}]},"Attachments":[],"Outcome":1,"ErrorMessage":null,"ErrorStackTrace":null,"DisplayName":"UpdateCustomerSuccessTest","Messages":[],"ComputerName":"86RBBX3","Duration":"00:00:00.0002170","StartTime":"2024-04-27T14:05:57.1580297+00:00","EndTime":"2024-04-27T14:05:57.1582468+00:00","Properties":[{"Key":{"Id":"NUnit.Seed","Label":"Seed","Category":"","Description":"","Attributes":0,"ValueType":"System.String"},"Value":"1219041586"}]},{"TestCase":{"Id":"40d985f7-e7cb-d268-5a8a-e7c2bfcb5678","FullyQualifiedName":"ShoppingDALTest.ProductRepositoryTest.DeleteProductByIdExceptionTest","DisplayName":"DeleteProductByIdExceptionTest","ExecutorUri":"executor://NUnit3TestExecutor","Source":"C:\\Users\\vc\\Desktop\\Training\\Day 13\\ShoppingSolution\\ShoppingDALTest\\bin\\Debug\\net6.0\\fine-code-coverage\\build-output\\ShoppingDALTest.dll","CodeFilePath":null,"LineNumber":0,"Properties":[{"Key":{"Id":"NUnit.Seed","Label":"Seed","Category":"","Description":"","Attributes":0,"ValueType":"System.String"},"Value":"669672217"}]},"Attachments":[],"Outcome":1,"ErrorMessage":null,"ErrorStackTrace":null,"DisplayName":"DeleteProductByIdExceptionTest","Messages":[],"ComputerName":"86RBBX3","Duration":"00:00:00.0019540","StartTime":"2024-04-27T14:05:57.1583899+00:00","EndTime":"2024-04-27T14:05:57.1603439+00:00","Properties":[{"Key":{"Id":"NUnit.Seed","Label":"Seed","Category":"","Description":"","Attributes":0,"ValueType":"System.String"},"Value":"669672217"}]},{"TestCase":{"Id":"51d2b432-5233-5199-0c8d-d5d3a011487d","FullyQualifiedName":"ShoppingDALTest.ProductRepositoryTest.DeleteProductByIdSuccessTest","DisplayName":"DeleteProductByIdSuccessTest","ExecutorUri":"executor://NUnit3TestExecutor","Source":"C:\\Users\\vc\\Desktop\\Training\\Day 13\\ShoppingSolution\\ShoppingDALTest\\bin\\Debug\\net6.0\\fine-code-coverage\\build-output\\ShoppingDALTest.dll","CodeFilePath":null,"LineNumber":0,"Properties":[{"Key":{"Id":"NUnit.Seed","Label":"Seed","Category":"","Description":"","Attributes":0,"ValueType":"System.String"},"Value":"883785958"}]},"Attachments":[],"Outcome":1,"ErrorMessage":null,"ErrorStackTrace":null,"DisplayName":"DeleteProductByIdSuccessTest","Messages":[],"ComputerName":"86RBBX3","Duration":"00:00:00.0002270","StartTime":"2024-04-27T14:05:57.1603664+00:00","EndTime":"2024-04-27T14:05:57.1605932+00:00","Properties":[{"Key":{"Id":"NUnit.Seed","Label":"Seed","Category":"","Description":"","Attributes":0,"ValueType":"System.String"},"Value":"883785958"}]},{"TestCase":{"Id":"062ef321-28ca-54d4-a59b-aa7da2d38795","FullyQualifiedName":"ShoppingDALTest.ProductRepositoryTest.GetProductByIdNoProductWithGivenIdExceptionTest","DisplayName":"GetProductByIdNoProductWithGivenIdExceptionTest","ExecutorUri":"executor://NUnit3TestExecutor","Source":"C:\\Users\\vc\\Desktop\\Training\\Day 13\\ShoppingSolution\\ShoppingDALTest\\bin\\Debug\\net6.0\\fine-code-coverage\\build-output\\ShoppingDALTest.dll","CodeFilePath":null,"LineNumber":0,"Properties":[{"Key":{"Id":"NUnit.Seed","Label":"Seed","Category":"","Description":"","Attributes":0,"ValueType":"System.String"},"Value":"1509392054"}]},"Attachments":[],"Outcome":1,"ErrorMessage":null,"ErrorStackTrace":null,"DisplayName":"GetProductByIdNoProductWithGivenIdExceptionTest","Messages":[],"ComputerName":"86RBBX3","Duration":"00:00:00.0003460","StartTime":"2024-04-27T14:05:57.1606058+00:00","EndTime":"2024-04-27T14:05:57.1609515+00:00","Properties":[{"Key":{"Id":"NUnit.Seed","Label":"Seed","Category":"","Description":"","Attributes":0,"ValueType":"System.String"},"Value":"1509392054"}]},{"TestCase":{"Id":"d1ccb6d1-beec-ee40-59d2-cf3d5ece2ebb","FullyQualifiedName":"ShoppingDALTest.ProductRepositoryTest.GetProductByIdSuccessTest","DisplayName":"GetProductByIdSuccessTest","ExecutorUri":"executor://NUnit3TestExecutor","Source":"C:\\Users\\vc\\Desktop\\Training\\Day 13\\ShoppingSolution\\ShoppingDALTest\\bin\\Debug\\net6.0\\fine-code-coverage\\build-output\\ShoppingDALTest.dll","CodeFilePath":null,"LineNumber":0,"Properties":[{"Key":{"Id":"NUnit.Seed","Label":"Seed","Category":"","Description":"","Attributes":0,"ValueType":"System.String"},"Value":"1427558157"}]},"Attachments":[],"Outcome":1,"ErrorMessage":null,"ErrorStackTrace":null,"DisplayName":"GetProductByIdSuccessTest","Messages":[],"ComputerName":"86RBBX3","Duration":"00:00:00.0002010","StartTime":"2024-04-27T14:05:57.1609772+00:00","EndTime":"2024-04-27T14:05:57.1611781+00:00","Properties":[{"Key":{"Id":"NUnit.Seed","Label":"Seed","Category":"","Description":"","Attributes":0,"ValueType":"System.String"},"Value":"1427558157"}]},{"TestCase":{"Id":"79edb4f4-8e0d-3658-4cb1-e3fb2c88aa5c","FullyQualifiedName":"ShoppingDALTest.ProductRepositoryTest.UpdateProductExceptionTest","DisplayName":"UpdateProductExceptionTest","ExecutorUri":"executor://NUnit3TestExecutor","Source":"C:\\Users\\vc\\Desktop\\Training\\Day 13\\ShoppingSolution\\ShoppingDALTest\\bin\\Debug\\net6.0\\fine-code-coverage\\build-output\\ShoppingDALTest.dll","CodeFilePath":null,"LineNumber":0,"Properties":[{"Key":{"Id":"NUnit.Seed","Label":"Seed","Category":"","Description":"","Attributes":0,"ValueType":"System.String"},"Value":"1210077797"}]},"Attachments":[],"Outcome":1,"ErrorMessage":null,"ErrorStackTrace":null,"DisplayName":"UpdateProductExceptionTest","Messages":[],"ComputerName":"86RBBX3","Duration":"00:00:00.0005150","StartTime":"2024-04-27T14:05:57.1611901+00:00","EndTime":"2024-04-27T14:05:57.1617046+00:00","Properties":[{"Key":{"Id":"NUnit.Seed","Label":"Seed","Category":"","Description":"","Attributes":0,"ValueType":"System.String"},"Value":"1210077797"}]},{"TestCase":{"Id":"e6d4b554-dc3c-38cf-9bb5-321660c41bf5","FullyQualifiedName":"ShoppingDALTest.ProductRepositoryTest.UpdateProductSuccessTest","DisplayName":"UpdateProductSuccessTest","ExecutorUri":"executor://NUnit3TestExecutor","Source":"C:\\Users\\vc\\Desktop\\Training\\Day 13\\ShoppingSolution\\ShoppingDALTest\\bin\\Debug\\net6.0\\fine-code-coverage\\build-output\\ShoppingDALTest.dll","CodeFilePath":null,"LineNumber":0,"Properties":[{"Key":{"Id":"NUnit.Seed","Label":"Seed","Category":"","Description":"","Attributes":0,"ValueType":"System.String"},"Value":"552315576"}]},"Attachments":[],"Outcome":1,"ErrorMessage":null,"ErrorStackTrace":null,"DisplayName":"UpdateProductSuccessTest","Messages":[],"ComputerName":"86RBBX3","Duration":"00:00:00.0002570","StartTime":"2024-04-27T14:05:57.1617178+00:00","EndTime":"2024-04-27T14:05:57.1619749+00:00","Properties":[{"Key":{"Id":"NUnit.Seed","Label":"Seed","Category":"","Description":"","Attributes":0,"ValueType":"System.String"},"Value":"552315576"}]}],"TestRunStatistics":{"ExecutedTests":18,"Stats":{"Passed":18}},"ActiveTests":[{"Id":"fcfd15b6-536a-4e62-c98b-36d038b34bf5","FullyQualifiedName":"ShoppingDALTest.Tests.AddDuplicateDataFoundExceptionTest","DisplayName":"AddDuplicateDataFoundExceptionTest","ExecutorUri":"executor://NUnit3TestExecutor","Source":"C:\\Users\\vc\\Desktop\\Training\\Day 13\\ShoppingSolution\\ShoppingDALTest\\bin\\Debug\\net6.0\\fine-code-coverage\\build-output\\ShoppingDALTest.dll","CodeFilePath":null,"LineNumber":0,"Properties":[{"Key":{"Id":"NUnit.Seed","Label":"Seed","Category":"","Description":"","Attributes":0,"ValueType":"System.String"},"Value":"730876333"}]}]}}
TpTrace Verbose: 0 : 15132, 4, 2024/04/27, 19:35:57.307, 8145492792700, vstest.console.dll, MulticastDelegateUtilities.SafeInvoke: InternalTestLoggerEvents.SendTestResult: Invoking callback 1/1 for Microsoft.VisualStudio.TestPlatform.CommandLine.Internal.ConsoleLogger., took 2 ms.
TpTrace Verbose: 0 : 15132, 4, 2024/04/27, 19:35:57.308, 8145492797815, vstest.console.dll, MulticastDelegateUtilities.SafeInvoke: InternalTestLoggerEvents.SendTestResult: Invoking callback 1/1 for Microsoft.VisualStudio.TestPlatform.CommandLine.Internal.ConsoleLogger., took 0 ms.
TpTrace Verbose: 0 : 15132, 4, 2024/04/27, 19:35:57.308, 8145492798864, vstest.console.dll, MulticastDelegateUtilities.SafeInvoke: InternalTestLoggerEvents.SendTestResult: Invoking callback 1/1 for Microsoft.VisualStudio.TestPlatform.CommandLine.Internal.ConsoleLogger., took 0 ms.
TpTrace Verbose: 0 : 15132, 4, 2024/04/27, 19:35:57.308, 8145492799708, vstest.console.dll, MulticastDelegateUtilities.SafeInvoke: InternalTestLoggerEvents.SendTestResult: Invoking callback 1/1 for Microsoft.VisualStudio.TestPlatform.CommandLine.Internal.ConsoleLogger., took 0 ms.
TpTrace Verbose: 0 : 15132, 4, 2024/04/27, 19:35:57.308, 8145492800369, vstest.console.dll, MulticastDelegateUtilities.SafeInvoke: InternalTestLoggerEvents.SendTestResult: Invoking callback 1/1 for Microsoft.VisualStudio.TestPlatform.CommandLine.Internal.ConsoleLogger., took 0 ms.
TpTrace Verbose: 0 : 15132, 4, 2024/04/27, 19:35:57.308, 8145492800891, vstest.console.dll, MulticastDelegateUtilities.SafeInvoke: InternalTestLoggerEvents.SendTestResult: Invoking callback 1/1 for Microsoft.VisualStudio.TestPlatform.CommandLine.Internal.ConsoleLogger., took 0 ms.
TpTrace Verbose: 0 : 15132, 4, 2024/04/27, 19:35:57.308, 8145492801441, vstest.console.dll, MulticastDelegateUtilities.SafeInvoke: InternalTestLoggerEvents.SendTestResult: Invoking callback 1/1 for Microsoft.VisualStudio.TestPlatform.CommandLine.Internal.ConsoleLogger., took 0 ms.
TpTrace Verbose: 0 : 15132, 4, 2024/04/27, 19:35:57.308, 8145492802223, vstest.console.dll, MulticastDelegateUtilities.SafeInvoke: InternalTestLoggerEvents.SendTestResult: Invoking callback 1/1 for Microsoft.VisualStudio.TestPlatform.CommandLine.Internal.ConsoleLogger., took 0 ms.
TpTrace Verbose: 0 : 15132, 4, 2024/04/27, 19:35:57.308, 8145492802797, vstest.console.dll, MulticastDelegateUtilities.SafeInvoke: InternalTestLoggerEvents.SendTestResult: Invoking callback 1/1 for Microsoft.VisualStudio.TestPlatform.CommandLine.Internal.ConsoleLogger., took 0 ms.
TpTrace Verbose: 0 : 15132, 13, 2024/04/27, 19:35:57.309, 8145492810828, vstest.console.dll, TestRunRequest:SendTestRunStatsChange: Starting.
TpTrace Verbose: 0 : 15132, 13, 2024/04/27, 19:35:57.309, 8145492812038, vstest.console.dll, InProgress is AddDuplicateDataFoundExceptionTest
TpTrace Verbose: 0 : 15132, 13, 2024/04/27, 19:35:57.309, 8145492813125, vstest.console.dll, MulticastDelegateUtilities.SafeInvoke: TestRun.RunStatsChanged: Invoking callbacks was skipped because there are no subscribers.
TpTrace Information: 0 : 15132, 13, 2024/04/27, 19:35:57.309, 8145492813606, vstest.console.dll, TestRunRequest:SendTestRunStatsChange: Completed.
TpTrace Verbose: 0 : 15132, 13, 2024/04/27, 19:35:57.310, 8145492814203, vstest.console.dll, MulticastDelegateUtilities.SafeInvoke: LengthPrefixCommunicationChannel: MessageReceived: Invoking callback 1/1 for Microsoft.VisualStudio.TestPlatform.CommunicationUtilities.TestRequestSender+<>c__DisplayClass34_0., took 3 ms.
TpTrace Verbose: 0 : 15132, 13, 2024/04/27, 19:35:57.310, 8145492815055, vstest.console.dll, TcpClientExtensions.MessageLoopAsync: Polling on remoteEndPoint: 127.0.0.1:65304 localEndPoint: 127.0.0.1:65303 after 4 ms
TpTrace Verbose: 0 : 15132, 4, 2024/04/27, 19:35:57.310, 8145492815193, vstest.console.dll, MulticastDelegateUtilities.SafeInvoke: InternalTestLoggerEvents.SendTestResult: Invoking callback 1/1 for Microsoft.VisualStudio.TestPlatform.CommandLine.Internal.ConsoleLogger., took 0 ms.
TpTrace Verbose: 0 : 15132, 4, 2024/04/27, 19:35:57.310, 8145492818373, vstest.console.dll, MulticastDelegateUtilities.SafeInvoke: InternalTestLoggerEvents.SendTestResult: Invoking callback 1/1 for Microsoft.VisualStudio.TestPlatform.CommandLine.Internal.ConsoleLogger., took 0 ms.
TpTrace Verbose: 0 : 15132, 4, 2024/04/27, 19:35:57.310, 8145492819308, vstest.console.dll, MulticastDelegateUtilities.SafeInvoke: InternalTestLoggerEvents.SendTestResult: Invoking callback 1/1 for Microsoft.VisualStudio.TestPlatform.CommandLine.Internal.ConsoleLogger., took 0 ms.
TpTrace Verbose: 0 : 15132, 4, 2024/04/27, 19:35:57.312, 8145492835619, vstest.console.dll, MulticastDelegateUtilities.SafeInvoke: InternalTestLoggerEvents.SendTestResult: Invoking callback 1/1 for Microsoft.VisualStudio.TestPlatform.CommandLine.Internal.ConsoleLogger., took 1 ms.
TpTrace Verbose: 0 : 15132, 4, 2024/04/27, 19:35:57.312, 8145492838722, vstest.console.dll, MulticastDelegateUtilities.SafeInvoke: InternalTestLoggerEvents.SendTestResult: Invoking callback 1/1 for Microsoft.VisualStudio.TestPlatform.CommandLine.Internal.ConsoleLogger., took 0 ms.
TpTrace Verbose: 0 : 15132, 4, 2024/04/27, 19:35:57.312, 8145492840189, vstest.console.dll, MulticastDelegateUtilities.SafeInvoke: InternalTestLoggerEvents.SendTestResult: Invoking callback 1/1 for Microsoft.VisualStudio.TestPlatform.CommandLine.Internal.ConsoleLogger., took 0 ms.
TpTrace Verbose: 0 : 15132, 4, 2024/04/27, 19:35:57.312, 8145492841130, vstest.console.dll, MulticastDelegateUtilities.SafeInvoke: InternalTestLoggerEvents.SendTestResult: Invoking callback 1/1 for Microsoft.VisualStudio.TestPlatform.CommandLine.Internal.ConsoleLogger., took 0 ms.
TpTrace Verbose: 0 : 15132, 4, 2024/04/27, 19:35:57.312, 8145492841923, vstest.console.dll, MulticastDelegateUtilities.SafeInvoke: InternalTestLoggerEvents.SendTestResult: Invoking callback 1/1 for Microsoft.VisualStudio.TestPlatform.CommandLine.Internal.ConsoleLogger., took 0 ms.
TpTrace Verbose: 0 : 15132, 4, 2024/04/27, 19:35:57.312, 8145492842580, vstest.console.dll, MulticastDelegateUtilities.SafeInvoke: InternalTestLoggerEvents.SendTestResult: Invoking callback 1/1 for Microsoft.VisualStudio.TestPlatform.CommandLine.Internal.ConsoleLogger., took 0 ms.
TpTrace Verbose: 0 : 15132, 13, 2024/04/27, 19:35:57.338, 8145493095346, vstest.console.dll, TcpClientExtensions.MessageLoopAsync: NotifyDataAvailable remoteEndPoint: 127.0.0.1:65304 localEndPoint: 127.0.0.1:65303
TpTrace Verbose: 0 : 15132, 13, 2024/04/27, 19:35:57.338, 8145493097986, vstest.console.dll, TestRequestSender.OnExecutionMessageReceived: Received message: {"Version":7,"MessageType":"TestSession.Message","Payload":{"MessageLevel":0,"Message":"NUnit Adapter 4.4.0.0: Test execution complete"}}
TpTrace Verbose: 0 : 15132, 13, 2024/04/27, 19:35:57.338, 8145493100030, vstest.console.dll, TestRunRequest:SendTestRunMessage: Starting.
TpTrace Verbose: 0 : 15132, 13, 2024/04/27, 19:35:57.338, 8145493100913, vstest.console.dll, MulticastDelegateUtilities.SafeInvoke: TestRun.LogMessages: Invoking callback 1/1 for Microsoft.VisualStudio.TestPlatform.CommandLine.TestRunResultAggregator., took 0 ms.
TpTrace Information: 0 : 15132, 13, 2024/04/27, 19:35:57.338, 8145493101348, vstest.console.dll, TestRunRequest:SendTestRunMessage: Completed.
TpTrace Verbose: 0 : 15132, 4, 2024/04/27, 19:35:57.338, 8145493101316, vstest.console.dll, MulticastDelegateUtilities.SafeInvoke: InternalTestLoggerEvents.SendTestRunMessage: Invoking callback 1/1 for Microsoft.VisualStudio.TestPlatform.CommandLine.Internal.ConsoleLogger., took 0 ms.
TpTrace Verbose: 0 : 15132, 13, 2024/04/27, 19:35:57.338, 8145493101840, vstest.console.dll, MulticastDelegateUtilities.SafeInvoke: LengthPrefixCommunicationChannel: MessageReceived: Invoking callback 1/1 for Microsoft.VisualStudio.TestPlatform.CommunicationUtilities.TestRequestSender+<>c__DisplayClass34_0., took 0 ms.
TpTrace Verbose: 0 : 15132, 13, 2024/04/27, 19:35:57.338, 8145493102997, vstest.console.dll, TcpClientExtensions.MessageLoopAsync: Polling on remoteEndPoint: 127.0.0.1:65304 localEndPoint: 127.0.0.1:65303 after 28 ms
TpTrace Verbose: 0 : 15132, 13, 2024/04/27, 19:35:57.356, 8145493277907, vstest.console.dll, TcpClientExtensions.MessageLoopAsync: NotifyDataAvailable remoteEndPoint: 127.0.0.1:65304 localEndPoint: 127.0.0.1:65303
TpTrace Verbose: 0 : 15132, 13, 2024/04/27, 19:35:57.356, 8145493281127, vstest.console.dll, TestRequestSender.OnExecutionMessageReceived: Received message: {"Version":7,"MessageType":"TestExecution.Completed","Payload":{"TestRunCompleteArgs":{"TestRunStatistics":{"ExecutedTests":24,"Stats":{"Passed":24}},"IsCanceled":false,"IsAborted":false,"Error":null,"AttachmentSets":[],"InvokedDataCollectors":[],"ElapsedTimeInRunningTests":"00:00:00.4720590","Metrics":{},"DiscoveredExtensions":{"TestDiscoverers":["NUnit.VisualStudio.TestAdapter.NUnit3TestDiscoverer, NUnit3.TestAdapter, Version=4.4.0.0, Culture=neutral, PublicKeyToken=4cb40d35494691ac"],"TestExecutors":["executor://NUnit3TestExecutor"],"TestExecutors2":[],"TestSettingsProviders":[]}},"LastRunTests":{"NewTestResults":[{"TestCase":{"Id":"fcfd15b6-536a-4e62-c98b-36d038b34bf5","FullyQualifiedName":"ShoppingDALTest.Tests.AddDuplicateDataFoundExceptionTest","DisplayName":"AddDuplicateDataFoundExceptionTest","ExecutorUri":"executor://NUnit3TestExecutor","Source":"C:\\Users\\vc\\Desktop\\Training\\Day 13\\ShoppingSolution\\ShoppingDALTest\\bin\\Debug\\net6.0\\fine-code-coverage\\build-output\\ShoppingDALTest.dll","CodeFilePath":null,"LineNumber":0,"Properties":[{"Key":{"Id":"NUnit.Seed","Label":"Seed","Category":"","Description":"","Attributes":0,"ValueType":"System.String"},"Value":"730876333"}]},"Attachments":[],"Outcome":1,"ErrorMessage":null,"ErrorStackTrace":null,"DisplayName":"AddDuplicateDataFoundExceptionTest","Messages":[],"ComputerName":"86RBBX3","Duration":"00:00:00.0006230","StartTime":"2024-04-27T14:05:57.1620914+00:00","EndTime":"2024-04-27T14:05:57.1627136+00:00","Properties":[{"Key":{"Id":"NUnit.Seed","Label":"Seed","Category":"","Description":"","Attributes":0,"ValueType":"System.String"},"Value":"730876333"}]},{"TestCase":{"Id":"6104997d-cd79-687a-f8b2-8d140df6d567","FullyQualifiedName":"ShoppingDALTest.Tests.AddFailTest","DisplayName":"AddFailTest","ExecutorUri":"executor://NUnit3TestExecutor","Source":"C:\\Users\\vc\\Desktop\\Training\\Day 13\\ShoppingSolution\\ShoppingDALTest\\bin\\Debug\\net6.0\\fine-code-coverage\\build-output\\ShoppingDALTest.dll","CodeFilePath":null,"LineNumber":0,"Properties":[{"Key":{"Id":"NUnit.Seed","Label":"Seed","Category":"","Description":"","Attributes":0,"ValueType":"System.String"},"Value":"1097685392"}]},"Attachments":[],"Outcome":1,"ErrorMessage":null,"ErrorStackTrace":null,"DisplayName":"AddFailTest","Messages":[],"ComputerName":"86RBBX3","Duration":"00:00:00.0029110","StartTime":"2024-04-27T14:05:57.1627368+00:00","EndTime":"2024-04-27T14:05:57.165647+00:00","Properties":[{"Key":{"Id":"NUnit.Seed","Label":"Seed","Category":"","Description":"","Attributes":0,"ValueType":"System.String"},"Value":"1097685392"}]},{"TestCase":{"Id":"46c6545d-acdb-6696-de9d-c240a88a2f99","FullyQualifiedName":"ShoppingDALTest.Tests.AddInvalidOperationExceptionTest","DisplayName":"AddInvalidOperationExceptionTest","ExecutorUri":"executor://NUnit3TestExecutor","Source":"C:\\Users\\vc\\Desktop\\Training\\Day 13\\ShoppingSolution\\ShoppingDALTest\\bin\\Debug\\net6.0\\fine-code-coverage\\build-output\\ShoppingDALTest.dll","CodeFilePath":null,"LineNumber":0,"Properties":[{"Key":{"Id":"NUnit.Seed","Label":"Seed","Category":"","Description":"","Attributes":0,"ValueType":"System.String"},"Value":"742439607"}]},"Attachments":[],"Outcome":1,"ErrorMessage":null,"ErrorStackTrace":null,"DisplayName":"AddInvalidOperationExceptionTest","Messages":[],"ComputerName":"86RBBX3","Duration":"00:00:00.0007700","StartTime":"2024-04-27T14:05:57.1656789+00:00","EndTime":"2024-04-27T14:05:57.1664489+00:00","Properties":[{"Key":{"Id":"NUnit.Seed","Label":"Seed","Category":"","Description":"","Attributes":0,"ValueType":"System.String"},"Value":"742439607"}]},{"TestCase":{"Id":"7bdd5ae8-e980-a9d5-e7da-06e1c2b78027","FullyQualifiedName":"ShoppingDALTest.Tests.AddSuccessTest","DisplayName":"AddSuccessTest","ExecutorUri":"executor://NUnit3TestExecutor","Source":"C:\\Users\\vc\\Desktop\\Training\\Day 13\\ShoppingSolution\\ShoppingDALTest\\bin\\Debug\\net6.0\\fine-code-coverage\\build-output\\ShoppingDALTest.dll","CodeFilePath":null,"LineNumber":0,"Properties":[{"Key":{"Id":"NUnit.Seed","Label":"Seed","Category":"","Description":"","Attributes":0,"ValueType":"System.String"},"Value":"1571716965"}]},"Attachments":[],"Outcome":1,"ErrorMessage":null,"ErrorStackTrace":null,"DisplayName":"AddSuccessTest","Messages":[],"ComputerName":"86RBBX3","Duration":"00:00:00.0002320","StartTime":"2024-04-27T14:05:57.1664684+00:00","EndTime":"2024-04-27T14:05:57.1667004+00:00","Properties":[{"Key":{"Id":"NUnit.Seed","Label":"Seed","Category":"","Description":"","Attributes":0,"ValueType":"System.String"},"Value":"1571716965"}]},{"TestCase":{"Id":"9c49fb8a-4f05-4841-7b0e-a95a65aeb276","FullyQualifiedName":"ShoppingDALTest.Tests.GetAllNoDataAvailableExceptionTest","DisplayName":"GetAllNoDataAvailableExceptionTest","ExecutorUri":"executor://NUnit3TestExecutor","Source":"C:\\Users\\vc\\Desktop\\Training\\Day 13\\ShoppingSolution\\ShoppingDALTest\\bin\\Debug\\net6.0\\fine-code-coverage\\build-output\\ShoppingDALTest.dll","CodeFilePath":null,"LineNumber":0,"Properties":[{"Key":{"Id":"NUnit.Seed","Label":"Seed","Category":"","Description":"","Attributes":0,"ValueType":"System.String"},"Value":"450787288"}]},"Attachments":[],"Outcome":1,"ErrorMessage":null,"ErrorStackTrace":null,"DisplayName":"GetAllNoDataAvailableExceptionTest","Messages":[],"ComputerName":"86RBBX3","Duration":"00:00:00.0006669","StartTime":"2024-04-27T14:05:57.1667145+00:00","EndTime":"2024-04-27T14:05:57.1673809+00:00","Properties":[{"Key":{"Id":"NUnit.Seed","Label":"Seed","Category":"","Description":"","Attributes":0,"ValueType":"System.String"},"Value":"450787288"}]},{"TestCase":{"Id":"f80ebb7e-07e7-c219-29af-10955acf869f","FullyQualifiedName":"ShoppingDALTest.Tests.GetAllSuccessTest","DisplayName":"GetAllSuccessTest","ExecutorUri":"executor://NUnit3TestExecutor","Source":"C:\\Users\\vc\\Desktop\\Training\\Day 13\\ShoppingSolution\\ShoppingDALTest\\bin\\Debug\\net6.0\\fine-code-coverage\\build-output\\ShoppingDALTest.dll","CodeFilePath":null,"LineNumber":0,"Properties":[{"Key":{"Id":"NUnit.Seed","Label":"Seed","Category":"","Description":"","Attributes":0,"ValueType":"System.String"},"Value":"1311116009"}]},"Attachments":[],"Outcome":1,"ErrorMessage":null,"ErrorStackTrace":null,"DisplayName":"GetAllSuccessTest","Messages":[],"ComputerName":"86RBBX3","Duration":"00:00:00.0005800","StartTime":"2024-04-27T14:05:57.167398+00:00","EndTime":"2024-04-27T14:05:57.1679776+00:00","Properties":[{"Key":{"Id":"NUnit.Seed","Label":"Seed","Category":"","Description":"","Attributes":0,"ValueType":"System.String"},"Value":"1311116009"}]}],"TestRunStatistics":{"ExecutedTests":24,"Stats":{"Passed":24}},"ActiveTests":[]},"RunAttachments":[],"ExecutorUris":["executor://nunit3testexecutor/"]}}
TpTrace Verbose: 0 : 15132, 13, 2024/04/27, 19:35:57.356, 8145493282736, vstest.console.dll, TestRequestSender.EndSession: Sending end session.
TpTrace Verbose: 0 : 15132, 13, 2024/04/27, 19:35:57.357, 8145493284521, vstest.console.dll, ProxyOperationManager.Close: waiting for test host to exit for 100 ms
TpTrace Verbose: 0 : 15132, 11, 2024/04/27, 19:35:57.398, 8145493695722, vstest.console.dll, TestHostManagerCallbacks.ctor: Experimental forwarding output is disabled.
TpTrace Warning: 0 : 15132, 11, 2024/04/27, 19:35:57.398, 8145493697508, vstest.console.dll, TestHostManagerCallbacks.ErrorReceivedCallback Test host standard error line: 
TpTrace Verbose: 0 : 15132, 11, 2024/04/27, 19:35:57.406, 8145493778650, vstest.console.dll, TestHostProvider.ExitCallBack: Host exited starting callback.
TpTrace Information: 0 : 15132, 11, 2024/04/27, 19:35:57.406, 8145493780440, vstest.console.dll, TestHostManagerCallbacks.ExitCallBack: Testhost processId: 5156 exited with exitcode: 0 error: ''
TpTrace Verbose: 0 : 15132, 11, 2024/04/27, 19:35:57.406, 8145493780862, vstest.console.dll, DotnetTestHostManager.OnHostExited: invoking OnHostExited callback
TpTrace Verbose: 0 : 15132, 11, 2024/04/27, 19:35:57.406, 8145493781432, vstest.console.dll, CrossPlatEngine.TestHostManagerHostExited: calling on client process exit callback.
TpTrace Information: 0 : 15132, 11, 2024/04/27, 19:35:57.406, 8145493781959, vstest.console.dll, TestRequestSender.OnClientProcessExit: Test host process exited. Standard error: 
TpTrace Information: 0 : 15132, 11, 2024/04/27, 19:35:57.406, 8145493782582, vstest.console.dll, SocketServer.Stop: Stop server endPoint: 127.0.0.1:65303
TpTrace Information: 0 : 15132, 11, 2024/04/27, 19:35:57.406, 8145493782972, vstest.console.dll, SocketServer.Stop: Cancellation requested. Stopping message loop.
TpTrace Information: 0 : 15132, 13, 2024/04/27, 19:35:57.406, 8145493783039, vstest.console.dll, SocketServer.Stop: Stop server endPoint: 127.0.0.1:65303
TpTrace Information: 0 : 15132, 13, 2024/04/27, 19:35:57.407, 8145493785039, vstest.console.dll, SocketServer.Stop: Cancellation requested. Stopping message loop.
TpTrace Verbose: 0 : 15132, 11, 2024/04/27, 19:35:57.407, 8145493785144, vstest.console.dll, MulticastDelegateUtilities.SafeInvoke: HostProviderEvents.OnHostExited: Invoking callback 1/1 for Microsoft.VisualStudio.TestPlatform.CrossPlatEngine.Client.ProxyOperationManager., took 0 ms.
TpTrace Information: 0 : 15132, 13, 2024/04/27, 19:35:57.407, 8145493785880, vstest.console.dll, Closing the connection
TpTrace Verbose: 0 : 15132, 13, 2024/04/27, 19:35:57.407, 8145493788116, vstest.console.dll, ProxyDataCollectionManager.InvokeDataCollectionServiceAction: Starting.
TpTrace Information: 0 : 15132, 13, 2024/04/27, 19:35:57.407, 8145493788610, vstest.console.dll, ProxyDataCollectionManager.AfterTestRunEnd: Get attachment set and invoked data collectors processId: 29164 port: 65300
TpTrace Verbose: 0 : 15132, 13, 2024/04/27, 19:35:57.407, 8145493789130, vstest.console.dll, DataCollectionRequestSender.SendAfterTestRunStartAndGetResult: Send AfterTestRunEnd message with isCancelled: False
TpTrace Verbose: 0 : 15132, 13, 2024/04/27, 19:35:57.413, 8145493853088, vstest.console.dll, DataCollectionRequestSender.SendAfterTestRunStartAndGetResult: Received message: (DataCollection.AfterTestRunEndResult) -> {"MessageType":"DataCollection.AfterTestRunEndResult","Payload":{"AttachmentSets":[],"InvokedDataCollectors":[{"Uri":"datacollector://Microsoft/TestPlatform/Extensions/Blame/v1","FriendlyName":"Blame","AssemblyQualifiedName":"Microsoft.TestPlatform.Extensions.BlameDataCollector.BlameCollector, Microsoft.TestPlatform.Extensions.BlameDataCollector, Version=15.0.0.0, Culture=neutral, PublicKeyToken=b03f5f7f11d50a3a","FilePath":"C:\\Program Files\\dotnet\\sdk\\8.0.202\\Extensions\\Microsoft.TestPlatform.Extensions.BlameDataCollector.dll","HasAttachmentProcessor":false}],"Metrics":{}}}
TpTrace Information: 0 : 15132, 13, 2024/04/27, 19:35:57.418, 8145493898114, vstest.console.dll, ProxyDataCollectionManager.InvokeDataCollectionServiceAction: Completed.
TpTrace Warning: 0 : 15132, 10, 2024/04/27, 19:35:57.439, 8145494112863, vstest.console.dll, DataCollectionLauncher.ErrorReceivedCallback datacollector standard error line: 
TpTrace Information: 0 : 15132, 10, 2024/04/27, 19:35:57.447, 8145494184108, vstest.console.dll, DataCollectionLauncher.ExitCallBack: Data collector exited with exitcode: 0 error: ''
TpTrace Verbose: 0 : 15132, 13, 2024/04/27, 19:35:57.447, 8145494184865, vstest.console.dll, TestRunRequest:SendTestRunStatsChange: Starting.
TpTrace Verbose: 0 : 15132, 13, 2024/04/27, 19:35:57.447, 8145494185928, vstest.console.dll, MulticastDelegateUtilities.SafeInvoke: TestRun.RunStatsChanged: Invoking callbacks was skipped because there are no subscribers.
TpTrace Information: 0 : 15132, 13, 2024/04/27, 19:35:57.447, 8145494186284, vstest.console.dll, TestRunRequest:SendTestRunStatsChange: Completed.
TpTrace Verbose: 0 : 15132, 4, 2024/04/27, 19:35:57.447, 8145494186903, vstest.console.dll, MulticastDelegateUtilities.SafeInvoke: InternalTestLoggerEvents.SendTestResult: Invoking callback 1/1 for Microsoft.VisualStudio.TestPlatform.CommandLine.Internal.ConsoleLogger., took 0 ms.
TpTrace Verbose: 0 : 15132, 4, 2024/04/27, 19:35:57.447, 8145494187726, vstest.console.dll, MulticastDelegateUtilities.SafeInvoke: InternalTestLoggerEvents.SendTestResult: Invoking callback 1/1 for Microsoft.VisualStudio.TestPlatform.CommandLine.Internal.ConsoleLogger., took 0 ms.
TpTrace Verbose: 0 : 15132, 4, 2024/04/27, 19:35:57.447, 8145494188179, vstest.console.dll, MulticastDelegateUtilities.SafeInvoke: InternalTestLoggerEvents.SendTestResult: Invoking callback 1/1 for Microsoft.VisualStudio.TestPlatform.CommandLine.Internal.ConsoleLogger., took 0 ms.
TpTrace Verbose: 0 : 15132, 4, 2024/04/27, 19:35:57.447, 8145494188635, vstest.console.dll, MulticastDelegateUtilities.SafeInvoke: InternalTestLoggerEvents.SendTestResult: Invoking callback 1/1 for Microsoft.VisualStudio.TestPlatform.CommandLine.Internal.ConsoleLogger., took 0 ms.
TpTrace Verbose: 0 : 15132, 13, 2024/04/27, 19:35:57.447, 8145494189829, vstest.console.dll, ParallelProxyExecutionManager: HandlePartialRunComplete: Total workloads = 1, Total started clients = 1 Total completed clients = 1, Run complete = True, Run canceled: False.
TpTrace Verbose: 0 : 15132, 4, 2024/04/27, 19:35:57.447, 8145494189830, vstest.console.dll, MulticastDelegateUtilities.SafeInvoke: InternalTestLoggerEvents.SendTestResult: Invoking callback 1/1 for Microsoft.VisualStudio.TestPlatform.CommandLine.Internal.ConsoleLogger., took 0 ms.
TpTrace Verbose: 0 : 15132, 13, 2024/04/27, 19:35:57.447, 8145494190355, vstest.console.dll, ParallelProxyExecutionManager: HandlePartialRunComplete: All runs completed stopping all managers.
TpTrace Verbose: 0 : 15132, 13, 2024/04/27, 19:35:57.447, 8145494192976, vstest.console.dll, ParallelOperationManager.StopAllManagers: Stopping all managers.
TpTrace Verbose: 0 : 15132, 4, 2024/04/27, 19:35:57.447, 8145494192308, vstest.console.dll, MulticastDelegateUtilities.SafeInvoke: InternalTestLoggerEvents.SendTestResult: Invoking callback 1/1 for Microsoft.VisualStudio.TestPlatform.CommandLine.Internal.ConsoleLogger., took 0 ms.
TpTrace Verbose: 0 : 15132, 13, 2024/04/27, 19:35:57.447, 8145494193462, vstest.console.dll, ParallelOperationManager.ClearSlots: Clearing all slots. Slots should accept more work: False
TpTrace Verbose: 0 : 15132, 13, 2024/04/27, 19:35:57.448, 8145494195977, vstest.console.dll, ParallelOperationManager.SetOccupiedSlotCount: Setting slot counts AvailableSlotCount = 1, OccupiedSlotCount = 0.
TpTrace Verbose: 0 : 15132, 13, 2024/04/27, 19:35:57.448, 8145494196620, vstest.console.dll, Occupied slots:

TpTrace Verbose: 0 : 15132, 4, 2024/04/27, 19:35:57.455, 8145494269587, vstest.console.dll, MulticastDelegateUtilities.SafeInvoke: InternalTestLoggerEvents.SendTestRunComplete: Invoking callback 1/2 for Microsoft.TestPlatform.Extensions.BlameDataCollector.BlameLogger., took 0 ms.
TpTrace Verbose: 0 : 15132, 4, 2024/04/27, 19:35:57.461, 8145494329618, vstest.console.dll, MulticastDelegateUtilities.SafeInvoke: InternalTestLoggerEvents.SendTestRunComplete: Invoking callback 2/2 for Microsoft.VisualStudio.TestPlatform.CommandLine.Internal.ConsoleLogger., took 5 ms.
TpTrace Verbose: 0 : 15132, 13, 2024/04/27, 19:35:57.462, 8145494333754, vstest.console.dll, TestRunRequest:TestRunComplete: Starting. IsAborted:False IsCanceled:False.
TpTrace Verbose: 0 : 15132, 13, 2024/04/27, 19:35:57.462, 8145494335665, vstest.console.dll, ParallelOperationManager.DoActionOnAllManagers: Calling an action on all managers.
TpTrace Verbose: 0 : 15132, 13, 2024/04/27, 19:35:57.463, 8145494344852, vstest.console.dll, TestLoggerManager.HandleTestRunComplete: Ignoring as the object is disposed.
TpTrace Verbose: 0 : 15132, 13, 2024/04/27, 19:35:57.463, 8145494347752, vstest.console.dll, MulticastDelegateUtilities.SafeInvoke: TestRun.TestRunComplete: Invoking callback 1/2 for Microsoft.VisualStudio.TestPlatform.CommandLine.TestRunResultAggregator., took 0 ms.
TpTrace Verbose: 0 : 15132, 13, 2024/04/27, 19:35:57.463, 8145494349503, vstest.console.dll, MulticastDelegateUtilities.SafeInvoke: TestRun.TestRunComplete: Invoking callback 2/2 for Microsoft.VisualStudio.TestPlatform.CommandLine.Processors.RunTestsArgumentExecutor+TestRunRequestEventsRegistrar., took 0 ms.
TpTrace Information: 0 : 15132, 13, 2024/04/27, 19:35:57.463, 8145494350942, vstest.console.dll, TestRunRequest:TestRunComplete: Completed.
TpTrace Verbose: 0 : 15132, 1, 2024/04/27, 19:35:57.463, 8145494351208, vstest.console.dll, TestRunRequest.Dispose: Starting.
TpTrace Verbose: 0 : 15132, 13, 2024/04/27, 19:35:57.463, 8145494352927, vstest.console.dll, TestRequestSender.SetOperationComplete: Setting operation complete.
TpTrace Information: 0 : 15132, 1, 2024/04/27, 19:35:57.463, 8145494353098, vstest.console.dll, TestRunRequest.Dispose: Completed.
TpTrace Information: 0 : 15132, 13, 2024/04/27, 19:35:57.464, 8145494353948, vstest.console.dll, SocketServer.Stop: Stop server endPoint: 127.0.0.1:65303
TpTrace Information: 0 : 15132, 1, 2024/04/27, 19:35:57.464, 8145494354464, vstest.console.dll, TestRequestManager.RunTests: run tests completed.
TpTrace Information: 0 : 15132, 13, 2024/04/27, 19:35:57.464, 8145494354868, vstest.console.dll, SocketServer.Stop: Cancellation requested. Stopping message loop.
TpTrace Information: 0 : 15132, 1, 2024/04/27, 19:35:57.464, 8145494355705, vstest.console.dll, RunTestsArgumentProcessor:Execute: Test run is completed.
TpTrace Verbose: 0 : 15132, 13, 2024/04/27, 19:35:57.464, 8145494355948, vstest.console.dll, MulticastDelegateUtilities.SafeInvoke: LengthPrefixCommunicationChannel: MessageReceived: Invoking callback 1/1 for Microsoft.VisualStudio.TestPlatform.CommunicationUtilities.TestRequestSender+<>c__DisplayClass34_0., took 107 ms.
TpTrace Information: 0 : 15132, 13, 2024/04/27, 19:35:57.464, 8145494356737, vstest.console.dll, SocketServer.PrivateStop: Stopping server endPoint: 127.0.0.1:65303 error: 
TpTrace Verbose: 0 : 15132, 1, 2024/04/27, 19:35:57.464, 8145494358073, vstest.console.dll, Executor.Execute: Exiting with exit code of 0
TpTrace Verbose: 0 : 15132, 13, 2024/04/27, 19:35:57.464, 8145494361730, vstest.console.dll, LengthPrefixCommunicationChannel.Dispose: Dispose reader and writer.
