TpTrace Verbose: 0 : 9704, 1, 2024/04/27, 19:35:58.664, 8145506358720, vstest.console.dll, Version: 17.9.0-release-24072-02 Current process architecture: X64
TpTrace Verbose: 0 : 9704, 1, 2024/04/27, 19:35:58.667, 8145506390504, vstest.console.dll, Runtime location: C:\Program Files\dotnet\shared\Microsoft.NETCore.App\8.0.3
TpTrace Verbose: 0 : 9704, 1, 2024/04/27, 19:35:58.669, 8145506411911, vstest.console.dll, ArtifactProcessingPostProcessModeProcessorExecutor.Initialize: ArtifactProcessingMode.Collect
TpTrace Verbose: 0 : 9704, 1, 2024/04/27, 19:35:58.669, 8145506413194, vstest.console.dll, TestSessionCorrelationIdProcessorModeProcessorExecutor.Initialize: TestSessionCorrelationId '30988_4b521a53-73c1-4ca0-a86a-6284a6f4a3bf'
TpTrace Information: 0 : 9704, 1, 2024/04/27, 19:35:58.676, 8145506482127, vstest.console.dll, FilePatternParser: The given file C:\Users\vc\Desktop\Training\Day 13\ShoppingSolution\ShoppingBLTest\bin\Debug\net6.0\fine-code-coverage\build-output\ShoppingBLTest.dll is a full path.
TpTrace Verbose: 0 : 9704, 1, 2024/04/27, 19:35:58.680, 8145506516876, vstest.console.dll, TestPluginCache.DiscoverTestExtensions: finding test extensions in assemblies ends with: RuntimeProvider.dll TPluginInfo: Microsoft.VisualStudio.TestPlatform.Common.ExtensionFramework.Utilities.TestRuntimePluginInformation TExtension: Microsoft.VisualStudio.TestPlatform.ObjectModel.Host.ITestRuntimeProvider
TpTrace Verbose: 0 : 9704, 1, 2024/04/27, 19:35:58.680, 8145506519546, vstest.console.dll, TestPluginCache.GetExtensionPaths: Filtered extension paths: 
TpTrace Verbose: 0 : 9704, 1, 2024/04/27, 19:35:58.680, 8145506520222, vstest.console.dll, TestPluginCache.GetExtensionPaths: Added default extension paths: C:\Program Files\dotnet\sdk\8.0.202\Extensions\Microsoft.Diagnostics.NETCore.Client.dll
C:\Program Files\dotnet\sdk\8.0.202\Extensions\Microsoft.TestPlatform.Extensions.BlameDataCollector.dll
C:\Program Files\dotnet\sdk\8.0.202\Extensions\Microsoft.TestPlatform.Extensions.EventLogCollector.dll
C:\Program Files\dotnet\sdk\8.0.202\Extensions\Microsoft.TestPlatform.TestHostRuntimeProvider.dll
C:\Program Files\dotnet\sdk\8.0.202\Extensions\Microsoft.VisualStudio.TestPlatform.Extensions.Html.TestLogger.dll
C:\Program Files\dotnet\sdk\8.0.202\Extensions\Microsoft.VisualStudio.TestPlatform.Extensions.Trx.TestLogger.dll
TpTrace Verbose: 0 : 9704, 1, 2024/04/27, 19:35:58.680, 8145506520483, vstest.console.dll, TestPluginCache.GetExtensionPaths: Added unfilterableExtensionPaths: 
TpTrace Information: 0 : 9704, 1, 2024/04/27, 19:35:58.681, 8145506525823, vstest.console.dll, AssemblyResolver.ctor: Creating AssemblyResolver with searchDirectories C:\Program Files\dotnet\sdk\8.0.202\Extensions,C:\Program Files\dotnet\sdk\8.0.202
TpTrace Verbose: 0 : 9704, 1, 2024/04/27, 19:35:58.682, 8145506539606, vstest.console.dll, TestPluginCache.DiscoverTestExtensions: Discovering the extensions using extension path.
TpTrace Verbose: 0 : 9704, 1, 2024/04/27, 19:35:58.682, 8145506541055, vstest.console.dll, TestPluginCache.GetExtensionPaths: Filtered extension paths: 
TpTrace Verbose: 0 : 9704, 1, 2024/04/27, 19:35:58.682, 8145506541478, vstest.console.dll, TestPluginCache.GetExtensionPaths: Added default extension paths: C:\Program Files\dotnet\sdk\8.0.202\Extensions\Microsoft.Diagnostics.NETCore.Client.dll
C:\Program Files\dotnet\sdk\8.0.202\Extensions\Microsoft.TestPlatform.Extensions.BlameDataCollector.dll
C:\Program Files\dotnet\sdk\8.0.202\Extensions\Microsoft.TestPlatform.Extensions.EventLogCollector.dll
C:\Program Files\dotnet\sdk\8.0.202\Extensions\Microsoft.TestPlatform.TestHostRuntimeProvider.dll
C:\Program Files\dotnet\sdk\8.0.202\Extensions\Microsoft.VisualStudio.TestPlatform.Extensions.Html.TestLogger.dll
C:\Program Files\dotnet\sdk\8.0.202\Extensions\Microsoft.VisualStudio.TestPlatform.Extensions.Trx.TestLogger.dll
TpTrace Verbose: 0 : 9704, 1, 2024/04/27, 19:35:58.682, 8145506541713, vstest.console.dll, TestPluginCache.GetExtensionPaths: Added unfilterableExtensionPaths: 
TpTrace Verbose: 0 : 9704, 1, 2024/04/27, 19:35:58.682, 8145506542205, vstest.console.dll, TestPluginCache.DiscoverTestExtensions: Discovering the extensions using allExtensionPaths: C:\Program Files\dotnet\sdk\8.0.202\Extensions\Microsoft.Diagnostics.NETCore.Client.dll
C:\Program Files\dotnet\sdk\8.0.202\Extensions\Microsoft.TestPlatform.Extensions.BlameDataCollector.dll
C:\Program Files\dotnet\sdk\8.0.202\Extensions\Microsoft.TestPlatform.Extensions.EventLogCollector.dll
C:\Program Files\dotnet\sdk\8.0.202\Extensions\Microsoft.TestPlatform.TestHostRuntimeProvider.dll
C:\Program Files\dotnet\sdk\8.0.202\Extensions\Microsoft.VisualStudio.TestPlatform.Extensions.Html.TestLogger.dll
C:\Program Files\dotnet\sdk\8.0.202\Extensions\Microsoft.VisualStudio.TestPlatform.Extensions.Trx.TestLogger.dll
TpTrace Information: 0 : 9704, 1, 2024/04/27, 19:35:58.682, 8145506543370, vstest.console.dll, AssemblyResolver.AddSearchDirectories: Adding more searchDirectories C:\Program Files\dotnet\sdk\8.0.202\Extensions,C:\Program Files\dotnet\sdk\8.0.202
TpTrace Information: 0 : 9704, 1, 2024/04/27, 19:35:58.683, 8145506543794, vstest.console.dll, AssemblyResolver.AddSearchDirectories: Adding more searchDirectories C:\Program Files\dotnet\sdk\8.0.202\Extensions,C:\Program Files\dotnet\sdk\8.0.202
TpTrace Information: 0 : 9704, 1, 2024/04/27, 19:35:58.683, 8145506544093, vstest.console.dll, AssemblyResolver.AddSearchDirectories: Adding more searchDirectories C:\Program Files\dotnet\sdk\8.0.202\Extensions,C:\Program Files\dotnet\sdk\8.0.202
TpTrace Information: 0 : 9704, 1, 2024/04/27, 19:35:58.683, 8145506544309, vstest.console.dll, AssemblyResolver.AddSearchDirectories: Adding more searchDirectories C:\Program Files\dotnet\sdk\8.0.202\Extensions,C:\Program Files\dotnet\sdk\8.0.202
TpTrace Information: 0 : 9704, 1, 2024/04/27, 19:35:58.683, 8145506544525, vstest.console.dll, AssemblyResolver.AddSearchDirectories: Adding more searchDirectories C:\Program Files\dotnet\sdk\8.0.202\Extensions,C:\Program Files\dotnet\sdk\8.0.202
TpTrace Information: 0 : 9704, 1, 2024/04/27, 19:35:58.683, 8145506544792, vstest.console.dll, AssemblyResolver.AddSearchDirectories: Adding more searchDirectories C:\Program Files\dotnet\sdk\8.0.202\Extensions,C:\Program Files\dotnet\sdk\8.0.202
TpTrace Information: 0 : 9704, 1, 2024/04/27, 19:35:58.683, 8145506548446, vstest.console.dll, AssemblyResolver.OnResolve: Microsoft.Diagnostics.NETCore.Client: Resolving assembly.
TpTrace Information: 0 : 9704, 1, 2024/04/27, 19:35:58.683, 8145506549054, vstest.console.dll, AssemblyResolver.OnResolve: Microsoft.Diagnostics.NETCore.Client: Searching in: 'C:\Program Files\dotnet\sdk\8.0.202\Extensions'.
TpTrace Information: 0 : 9704, 1, 2024/04/27, 19:35:58.689, 8145506604218, vstest.console.dll, AssemblyResolver.OnResolve: Microsoft.Diagnostics.NETCore.Client: Loading assembly 'C:\Program Files\dotnet\sdk\8.0.202\Extensions\Microsoft.Diagnostics.NETCore.Client.dll'.
TpTrace Information: 0 : 9704, 1, 2024/04/27, 19:35:58.689, 8145506610337, vstest.console.dll, AssemblyResolver.OnResolve: Resolved assembly: Microsoft.Diagnostics.NETCore.Client, from path: C:\Program Files\dotnet\sdk\8.0.202\Extensions\Microsoft.Diagnostics.NETCore.Client.dll
TpTrace Verbose: 0 : 9704, 1, 2024/04/27, 19:35:58.693, 8145506647803, vstest.console.dll, MetadataReaderExtensionsHelper: Discovering extensions inside assembly 'Microsoft.Diagnostics.NETCore.Client, Version=0.2.9.2401, Culture=neutral, PublicKeyToken=31bf3856ad364e35' file path 'C:\Program Files\dotnet\sdk\8.0.202\Extensions\Microsoft.Diagnostics.NETCore.Client.dll'
TpTrace Information: 0 : 9704, 1, 2024/04/27, 19:35:58.699, 8145506708819, vstest.console.dll, AssemblyResolver.OnResolve: Microsoft.Bcl.AsyncInterfaces: Resolving assembly.
TpTrace Information: 0 : 9704, 1, 2024/04/27, 19:35:58.699, 8145506709832, vstest.console.dll, AssemblyResolver.OnResolve: Microsoft.Bcl.AsyncInterfaces: Searching in: 'C:\Program Files\dotnet\sdk\8.0.202\Extensions'.
TpTrace Information: 0 : 9704, 1, 2024/04/27, 19:35:58.699, 8145506710608, vstest.console.dll, AssemblyResolver.OnResolve: Microsoft.Bcl.AsyncInterfaces: Assembly path does not exist: 'C:\Program Files\dotnet\sdk\8.0.202\Extensions\Microsoft.Bcl.AsyncInterfaces.dll', returning.
TpTrace Information: 0 : 9704, 1, 2024/04/27, 19:35:58.699, 8145506711447, vstest.console.dll, AssemblyResolver.OnResolve: Microsoft.Bcl.AsyncInterfaces: Assembly path does not exist: 'C:\Program Files\dotnet\sdk\8.0.202\Extensions\Microsoft.Bcl.AsyncInterfaces.exe', returning.
TpTrace Information: 0 : 9704, 1, 2024/04/27, 19:35:58.699, 8145506711799, vstest.console.dll, AssemblyResolver.OnResolve: Microsoft.Bcl.AsyncInterfaces: Searching in: 'C:\Program Files\dotnet\sdk\8.0.202'.
TpTrace Information: 0 : 9704, 1, 2024/04/27, 19:35:58.699, 8145506712320, vstest.console.dll, AssemblyResolver.OnResolve: Microsoft.Bcl.AsyncInterfaces: Assembly path does not exist: 'C:\Program Files\dotnet\sdk\8.0.202\Microsoft.Bcl.AsyncInterfaces.dll', returning.
TpTrace Information: 0 : 9704, 1, 2024/04/27, 19:35:58.699, 8145506712722, vstest.console.dll, AssemblyResolver.OnResolve: Microsoft.Bcl.AsyncInterfaces: Assembly path does not exist: 'C:\Program Files\dotnet\sdk\8.0.202\Microsoft.Bcl.AsyncInterfaces.exe', returning.
TpTrace Information: 0 : 9704, 1, 2024/04/27, 19:35:58.699, 8145506712958, vstest.console.dll, AssemblyResolver.OnResolve: Microsoft.Bcl.AsyncInterfaces: Failed to load assembly.
TpTrace Verbose: 0 : 9704, 1, 2024/04/27, 19:35:58.699, 8145506713311, vstest.console.dll, CurrentDomainAssemblyResolve: Resolving assembly 'Microsoft.Bcl.AsyncInterfaces'.
TpTrace Information: 0 : 9704, 1, 2024/04/27, 19:35:58.700, 8145506713785, vstest.console.dll, AssemblyResolver.OnResolve: Microsoft.Bcl.AsyncInterfaces: Resolving assembly.
TpTrace Information: 0 : 9704, 1, 2024/04/27, 19:35:58.700, 8145506714119, vstest.console.dll, AssemblyResolver.OnResolve: Microsoft.Bcl.AsyncInterfaces: Resolved from cache.
TpTrace Verbose: 0 : 9704, 1, 2024/04/27, 19:35:58.700, 8145506714352, vstest.console.dll, CurrentDomainAssemblyResolve: Resolving assembly 'Microsoft.Bcl.AsyncInterfaces'.
TpTrace Verbose: 0 : 9704, 1, 2024/04/27, 19:35:58.700, 8145506714642, vstest.console.dll, CurrentDomainAssemblyResolve: Failed to resolve assembly 'Microsoft.Bcl.AsyncInterfaces'.
TpTrace Verbose: 0 : 9704, 1, 2024/04/27, 19:35:58.700, 8145506719444, vstest.console.dll, CurrentDomainAssemblyResolve: Failed to resolve assembly 'Microsoft.Bcl.AsyncInterfaces'.
TpTrace Warning: 0 : 9704, 1, 2024/04/27, 19:35:58.709, 8145506806243, vstest.console.dll, TestPluginDiscoverer: Failed to get types from assembly 'Microsoft.Diagnostics.NETCore.Client, Version=0.2.9.2401, Culture=neutral, PublicKeyToken=31bf3856ad364e35'. Error: System.Reflection.ReflectionTypeLoadException: Unable to load one or more of the requested types.
Could not load file or assembly 'Microsoft.Bcl.AsyncInterfaces, Version=6.0.0.0, Culture=neutral, PublicKeyToken=cc7b13ffcd2ddd51'. The system cannot find the file specified.
   at System.Reflection.RuntimeModule.GetTypes(RuntimeModule module)
   at System.Reflection.RuntimeModule.GetTypes()
   at Microsoft.VisualStudio.TestPlatform.Common.ExtensionFramework.TestPluginDiscoverer.GetTestExtensionsFromAssembly[TPluginInfo,TExtension](Assembly assembly, Dictionary`2 pluginInfos, String filePath) in /_/src/Microsoft.TestPlatform.Common/ExtensionFramework/TestPluginDiscoverer.cs:line 158
System.IO.FileNotFoundException: Could not load file or assembly 'Microsoft.Bcl.AsyncInterfaces, Version=6.0.0.0, Culture=neutral, PublicKeyToken=cc7b13ffcd2ddd51'. The system cannot find the file specified.
File name: 'Microsoft.Bcl.AsyncInterfaces, Version=6.0.0.0, Culture=neutral, PublicKeyToken=cc7b13ffcd2ddd51'
 ---> System.IO.FileNotFoundException: Could not load file or assembly 'Microsoft.Bcl.AsyncInterfaces, Culture=neutral, PublicKeyToken=null'. The system cannot find the file specified.
File name: 'Microsoft.Bcl.AsyncInterfaces, Culture=neutral, PublicKeyToken=null'
   at System.Reflection.RuntimeAssembly.InternalLoad(AssemblyName assemblyName, StackCrawlMark& stackMark, AssemblyLoadContext assemblyLoadContext, RuntimeAssembly requestingAssembly, Boolean throwOnFileNotFound)
   at System.Reflection.Assembly.Load(AssemblyName assemblyRef)
   at Microsoft.VisualStudio.TestPlatform.Common.ExtensionFramework.TestPluginCache.CurrentDomainAssemblyResolve(Object sender, AssemblyResolveEventArgs args) in /_/src/Microsoft.TestPlatform.Common/ExtensionFramework/TestPluginCache.cs:line 513
   at System.Runtime.Loader.AssemblyLoadContext.GetFirstResolvedAssemblyFromResolvingEvent(AssemblyName assemblyName)
   at System.Runtime.Loader.AssemblyLoadContext.ResolveUsingEvent(AssemblyName assemblyName)
   at System.Runtime.Loader.AssemblyLoadContext.ResolveUsingResolvingEvent(IntPtr gchManagedAssemblyLoadContext, AssemblyName assemblyName)
TpTrace Warning: 0 : 9704, 1, 2024/04/27, 19:35:58.709, 8145506809660, vstest.console.dll, LoaderExceptions: System.IO.FileNotFoundException: Could not load file or assembly 'Microsoft.Bcl.AsyncInterfaces, Version=6.0.0.0, Culture=neutral, PublicKeyToken=cc7b13ffcd2ddd51'. The system cannot find the file specified.
File name: 'Microsoft.Bcl.AsyncInterfaces, Version=6.0.0.0, Culture=neutral, PublicKeyToken=cc7b13ffcd2ddd51'
 ---> System.IO.FileNotFoundException: Could not load file or assembly 'Microsoft.Bcl.AsyncInterfaces, Culture=neutral, PublicKeyToken=null'. The system cannot find the file specified.
File name: 'Microsoft.Bcl.AsyncInterfaces, Culture=neutral, PublicKeyToken=null'
   at System.Reflection.RuntimeAssembly.InternalLoad(AssemblyName assemblyName, StackCrawlMark& stackMark, AssemblyLoadContext assemblyLoadContext, RuntimeAssembly requestingAssembly, Boolean throwOnFileNotFound)
   at System.Reflection.Assembly.Load(AssemblyName assemblyRef)
   at Microsoft.VisualStudio.TestPlatform.Common.ExtensionFramework.TestPluginCache.CurrentDomainAssemblyResolve(Object sender, AssemblyResolveEventArgs args) in /_/src/Microsoft.TestPlatform.Common/ExtensionFramework/TestPluginCache.cs:line 513
   at System.Runtime.Loader.AssemblyLoadContext.GetFirstResolvedAssemblyFromResolvingEvent(AssemblyName assemblyName)
   at System.Runtime.Loader.AssemblyLoadContext.ResolveUsingEvent(AssemblyName assemblyName)
   at System.Runtime.Loader.AssemblyLoadContext.ResolveUsingResolvingEvent(IntPtr gchManagedAssemblyLoadContext, AssemblyName assemblyName)
TpTrace Information: 0 : 9704, 1, 2024/04/27, 19:35:58.709, 8145506811131, vstest.console.dll, AssemblyResolver.OnResolve: Microsoft.TestPlatform.Extensions.BlameDataCollector: Resolving assembly.
TpTrace Information: 0 : 9704, 1, 2024/04/27, 19:35:58.709, 8145506811496, vstest.console.dll, AssemblyResolver.OnResolve: Microsoft.TestPlatform.Extensions.BlameDataCollector: Searching in: 'C:\Program Files\dotnet\sdk\8.0.202\Extensions'.
TpTrace Information: 0 : 9704, 1, 2024/04/27, 19:35:58.710, 8145506814427, vstest.console.dll, AssemblyResolver.OnResolve: Microsoft.TestPlatform.Extensions.BlameDataCollector: Loading assembly 'C:\Program Files\dotnet\sdk\8.0.202\Extensions\Microsoft.TestPlatform.Extensions.BlameDataCollector.dll'.
TpTrace Information: 0 : 9704, 1, 2024/04/27, 19:35:58.710, 8145506820437, vstest.console.dll, AssemblyResolver.OnResolve: Resolved assembly: Microsoft.TestPlatform.Extensions.BlameDataCollector, from path: C:\Program Files\dotnet\sdk\8.0.202\Extensions\Microsoft.TestPlatform.Extensions.BlameDataCollector.dll
TpTrace Verbose: 0 : 9704, 1, 2024/04/27, 19:35:58.710, 8145506821861, vstest.console.dll, MetadataReaderExtensionsHelper: Discovering extensions inside assembly 'Microsoft.TestPlatform.Extensions.BlameDataCollector, Version=15.0.0.0, Culture=neutral, PublicKeyToken=b03f5f7f11d50a3a' file path 'C:\Program Files\dotnet\sdk\8.0.202\Extensions\Microsoft.TestPlatform.Extensions.BlameDataCollector.dll'
TpTrace Information: 0 : 9704, 1, 2024/04/27, 19:35:58.712, 8145506834102, vstest.console.dll, AssemblyResolver.OnResolve: Microsoft.TestPlatform.Extensions.EventLogCollector: Resolving assembly.
TpTrace Information: 0 : 9704, 1, 2024/04/27, 19:35:58.712, 8145506834656, vstest.console.dll, AssemblyResolver.OnResolve: Microsoft.TestPlatform.Extensions.EventLogCollector: Searching in: 'C:\Program Files\dotnet\sdk\8.0.202\Extensions'.
TpTrace Information: 0 : 9704, 1, 2024/04/27, 19:35:58.712, 8145506837100, vstest.console.dll, AssemblyResolver.OnResolve: Microsoft.TestPlatform.Extensions.EventLogCollector: Loading assembly 'C:\Program Files\dotnet\sdk\8.0.202\Extensions\Microsoft.TestPlatform.Extensions.EventLogCollector.dll'.
TpTrace Information: 0 : 9704, 1, 2024/04/27, 19:35:58.712, 8145506840927, vstest.console.dll, AssemblyResolver.OnResolve: Resolved assembly: Microsoft.TestPlatform.Extensions.EventLogCollector, from path: C:\Program Files\dotnet\sdk\8.0.202\Extensions\Microsoft.TestPlatform.Extensions.EventLogCollector.dll
TpTrace Verbose: 0 : 9704, 1, 2024/04/27, 19:35:58.712, 8145506841492, vstest.console.dll, MetadataReaderExtensionsHelper: Discovering extensions inside assembly 'Microsoft.TestPlatform.Extensions.EventLogCollector, Version=15.0.0.0, Culture=neutral, PublicKeyToken=b03f5f7f11d50a3a' file path 'C:\Program Files\dotnet\sdk\8.0.202\Extensions\Microsoft.TestPlatform.Extensions.EventLogCollector.dll'
TpTrace Information: 0 : 9704, 1, 2024/04/27, 19:35:58.714, 8145506857853, vstest.console.dll, AssemblyResolver.OnResolve: Microsoft.TestPlatform.TestHostRuntimeProvider: Resolving assembly.
TpTrace Information: 0 : 9704, 1, 2024/04/27, 19:35:58.714, 8145506858453, vstest.console.dll, AssemblyResolver.OnResolve: Microsoft.TestPlatform.TestHostRuntimeProvider: Searching in: 'C:\Program Files\dotnet\sdk\8.0.202\Extensions'.
TpTrace Information: 0 : 9704, 1, 2024/04/27, 19:35:58.714, 8145506860379, vstest.console.dll, AssemblyResolver.OnResolve: Microsoft.TestPlatform.TestHostRuntimeProvider: Loading assembly 'C:\Program Files\dotnet\sdk\8.0.202\Extensions\Microsoft.TestPlatform.TestHostRuntimeProvider.dll'.
TpTrace Information: 0 : 9704, 1, 2024/04/27, 19:35:58.715, 8145506864409, vstest.console.dll, AssemblyResolver.OnResolve: Resolved assembly: Microsoft.TestPlatform.TestHostRuntimeProvider, from path: C:\Program Files\dotnet\sdk\8.0.202\Extensions\Microsoft.TestPlatform.TestHostRuntimeProvider.dll
TpTrace Verbose: 0 : 9704, 1, 2024/04/27, 19:35:58.715, 8145506864912, vstest.console.dll, MetadataReaderExtensionsHelper: Discovering extensions inside assembly 'Microsoft.TestPlatform.TestHostRuntimeProvider, Version=15.0.0.0, Culture=neutral, PublicKeyToken=b03f5f7f11d50a3a' file path 'C:\Program Files\dotnet\sdk\8.0.202\Extensions\Microsoft.TestPlatform.TestHostRuntimeProvider.dll'
TpTrace Information: 0 : 9704, 1, 2024/04/27, 19:35:58.716, 8145506874775, vstest.console.dll, GetTestExtensionFromType: Register extension with identifier data 'HostProvider://DefaultTestHost' and type 'Microsoft.VisualStudio.TestPlatform.CrossPlatEngine.Hosting.DefaultTestHostManager, Microsoft.TestPlatform.TestHostRuntimeProvider, Version=15.0.0.0, Culture=neutral, PublicKeyToken=b03f5f7f11d50a3a' inside file 'C:\Program Files\dotnet\sdk\8.0.202\Extensions\Microsoft.TestPlatform.TestHostRuntimeProvider.dll'
TpTrace Information: 0 : 9704, 1, 2024/04/27, 19:35:58.716, 8145506876710, vstest.console.dll, GetTestExtensionFromType: Register extension with identifier data 'HostProvider://DotnetTestHost' and type 'Microsoft.VisualStudio.TestPlatform.CrossPlatEngine.Hosting.DotnetTestHostManager, Microsoft.TestPlatform.TestHostRuntimeProvider, Version=15.0.0.0, Culture=neutral, PublicKeyToken=b03f5f7f11d50a3a' inside file 'C:\Program Files\dotnet\sdk\8.0.202\Extensions\Microsoft.TestPlatform.TestHostRuntimeProvider.dll'
TpTrace Information: 0 : 9704, 1, 2024/04/27, 19:35:58.716, 8145506877313, vstest.console.dll, AssemblyResolver.OnResolve: Microsoft.VisualStudio.TestPlatform.Extensions.Html.TestLogger: Resolving assembly.
TpTrace Information: 0 : 9704, 1, 2024/04/27, 19:35:58.716, 8145506877575, vstest.console.dll, AssemblyResolver.OnResolve: Microsoft.VisualStudio.TestPlatform.Extensions.Html.TestLogger: Searching in: 'C:\Program Files\dotnet\sdk\8.0.202\Extensions'.
TpTrace Information: 0 : 9704, 1, 2024/04/27, 19:35:58.716, 8145506879433, vstest.console.dll, AssemblyResolver.OnResolve: Microsoft.VisualStudio.TestPlatform.Extensions.Html.TestLogger: Loading assembly 'C:\Program Files\dotnet\sdk\8.0.202\Extensions\Microsoft.VisualStudio.TestPlatform.Extensions.Html.TestLogger.dll'.
TpTrace Information: 0 : 9704, 1, 2024/04/27, 19:35:58.716, 8145506883281, vstest.console.dll, AssemblyResolver.OnResolve: Resolved assembly: Microsoft.VisualStudio.TestPlatform.Extensions.Html.TestLogger, from path: C:\Program Files\dotnet\sdk\8.0.202\Extensions\Microsoft.VisualStudio.TestPlatform.Extensions.Html.TestLogger.dll
TpTrace Verbose: 0 : 9704, 1, 2024/04/27, 19:35:58.717, 8145506883847, vstest.console.dll, MetadataReaderExtensionsHelper: Discovering extensions inside assembly 'Microsoft.VisualStudio.TestPlatform.Extensions.Html.TestLogger, Version=15.0.0.0, Culture=neutral, PublicKeyToken=b03f5f7f11d50a3a' file path 'C:\Program Files\dotnet\sdk\8.0.202\Extensions\Microsoft.VisualStudio.TestPlatform.Extensions.Html.TestLogger.dll'
TpTrace Information: 0 : 9704, 1, 2024/04/27, 19:35:58.717, 8145506888523, vstest.console.dll, AssemblyResolver.OnResolve: Microsoft.VisualStudio.TestPlatform.Extensions.Trx.TestLogger: Resolving assembly.
TpTrace Information: 0 : 9704, 1, 2024/04/27, 19:35:58.717, 8145506888945, vstest.console.dll, AssemblyResolver.OnResolve: Microsoft.VisualStudio.TestPlatform.Extensions.Trx.TestLogger: Searching in: 'C:\Program Files\dotnet\sdk\8.0.202\Extensions'.
TpTrace Information: 0 : 9704, 1, 2024/04/27, 19:35:58.717, 8145506890566, vstest.console.dll, AssemblyResolver.OnResolve: Microsoft.VisualStudio.TestPlatform.Extensions.Trx.TestLogger: Loading assembly 'C:\Program Files\dotnet\sdk\8.0.202\Extensions\Microsoft.VisualStudio.TestPlatform.Extensions.Trx.TestLogger.dll'.
TpTrace Information: 0 : 9704, 1, 2024/04/27, 19:35:58.718, 8145506894449, vstest.console.dll, AssemblyResolver.OnResolve: Resolved assembly: Microsoft.VisualStudio.TestPlatform.Extensions.Trx.TestLogger, from path: C:\Program Files\dotnet\sdk\8.0.202\Extensions\Microsoft.VisualStudio.TestPlatform.Extensions.Trx.TestLogger.dll
TpTrace Verbose: 0 : 9704, 1, 2024/04/27, 19:35:58.718, 8145506894930, vstest.console.dll, MetadataReaderExtensionsHelper: Discovering extensions inside assembly 'Microsoft.VisualStudio.TestPlatform.Extensions.Trx.TestLogger, Version=15.0.0.0, Culture=neutral, PublicKeyToken=b03f5f7f11d50a3a' file path 'C:\Program Files\dotnet\sdk\8.0.202\Extensions\Microsoft.VisualStudio.TestPlatform.Extensions.Trx.TestLogger.dll'
TpTrace Verbose: 0 : 9704, 1, 2024/04/27, 19:35:58.718, 8145506900933, vstest.console.dll, TestPluginCache: Discovered the extensions using extension path ''.
TpTrace Verbose: 0 : 9704, 1, 2024/04/27, 19:35:58.718, 8145506901582, vstest.console.dll, TestPluginCache: Discoverers are ''.
TpTrace Verbose: 0 : 9704, 1, 2024/04/27, 19:35:58.718, 8145506901796, vstest.console.dll, TestPluginCache: Executors are ''.
TpTrace Verbose: 0 : 9704, 1, 2024/04/27, 19:35:58.718, 8145506901992, vstest.console.dll, TestPluginCache: Executors2 are ''.
TpTrace Verbose: 0 : 9704, 1, 2024/04/27, 19:35:58.718, 8145506902183, vstest.console.dll, TestPluginCache: Setting providers are ''.
TpTrace Verbose: 0 : 9704, 1, 2024/04/27, 19:35:58.718, 8145506902374, vstest.console.dll, TestPluginCache: Loggers are ''.
TpTrace Verbose: 0 : 9704, 1, 2024/04/27, 19:35:58.719, 8145506903661, vstest.console.dll, TestPluginCache: TestHosts are 'HostProvider://DefaultTestHost,HostProvider://DotnetTestHost'.
TpTrace Verbose: 0 : 9704, 1, 2024/04/27, 19:35:58.719, 8145506903938, vstest.console.dll, TestPluginCache: DataCollectors are ''.
TpTrace Information: 0 : 9704, 1, 2024/04/27, 19:35:58.728, 8145506999470, vstest.console.dll, RunTestsArgumentProcessor:Execute: Test run is starting.
TpTrace Verbose: 0 : 9704, 1, 2024/04/27, 19:35:58.728, 8145507000430, vstest.console.dll, RunTestsArgumentProcessor:Execute: Queuing Test run.
TpTrace Information: 0 : 9704, 1, 2024/04/27, 19:35:58.729, 8145507003712, vstest.console.dll, TestRequestManager.RunTests: run tests started.
TpTrace Information: 0 : 9704, 1, 2024/04/27, 19:35:58.730, 8145507016173, vstest.console.dll, AssemblyMetadataProvider.GetFrameworkName: Determined framework:'.NETCoreApp,Version=v6.0' for source: 'C:\Users\vc\Desktop\Training\Day 13\ShoppingSolution\ShoppingBLTest\bin\Debug\net6.0\fine-code-coverage\build-output\ShoppingBLTest.dll'
TpTrace Information: 0 : 9704, 1, 2024/04/27, 19:35:58.730, 8145507017560, vstest.console.dll, Determined framework for all sources: .NETCoreApp,Version=v6.0
TpTrace Verbose: 0 : 9704, 1, 2024/04/27, 19:35:58.730, 8145507020197, vstest.console.dll, TestRequestManager.UpdateRunSettingsIfRequired: Default architecture: X64 IsDefaultTargetArchitecture: True, Current process architecture: X64 OperatingSystem: Windows.
TpTrace Information: 0 : 9704, 1, 2024/04/27, 19:35:58.731, 8145507032103, vstest.console.dll, AssemblyMetadataProvider.GetArchitecture: Determined architecture:AnyCPU info for assembly: C:\Users\vc\Desktop\Training\Day 13\ShoppingSolution\ShoppingBLTest\bin\Debug\net6.0\fine-code-coverage\build-output\ShoppingBLTest.dll
TpTrace Information: 0 : 9704, 1, 2024/04/27, 19:35:58.731, 8145507032590, vstest.console.dll, Determined platform for source 'C:\Users\vc\Desktop\Training\Day 13\ShoppingSolution\ShoppingBLTest\bin\Debug\net6.0\fine-code-coverage\build-output\ShoppingBLTest.dll' was AnyCPU and it will use the default plaform X64.
TpTrace Information: 0 : 9704, 1, 2024/04/27, 19:35:58.731, 8145507032808, vstest.console.dll, None of the sources provided any runnable platform, using the default platform: X64
TpTrace Information: 0 : 9704, 1, 2024/04/27, 19:35:58.731, 8145507033463, vstest.console.dll, Platform was updated to 'X64'.
TpTrace Information: 0 : 9704, 1, 2024/04/27, 19:35:58.734, 8145507055683, vstest.console.dll, InferRunSettingsHelper.IsTestSettingsEnabled: Unable to navigate to RunSettings/MSTest. Current node: RunSettings
TpTrace Information: 0 : 9704, 1, 2024/04/27, 19:35:58.734, 8145507060123, vstest.console.dll, AssemblyResolver.OnResolve: Microsoft.VisualStudio.TestPlatform.Fakes: Resolving assembly.
TpTrace Information: 0 : 9704, 1, 2024/04/27, 19:35:58.734, 8145507060648, vstest.console.dll, AssemblyResolver.OnResolve: Microsoft.VisualStudio.TestPlatform.Fakes: Searching in: 'C:\Program Files\dotnet\sdk\8.0.202\Extensions'.
TpTrace Information: 0 : 9704, 1, 2024/04/27, 19:35:58.734, 8145507061384, vstest.console.dll, AssemblyResolver.OnResolve: Microsoft.VisualStudio.TestPlatform.Fakes: Assembly path does not exist: 'C:\Program Files\dotnet\sdk\8.0.202\Extensions\Microsoft.VisualStudio.TestPlatform.Fakes.dll', returning.
TpTrace Information: 0 : 9704, 1, 2024/04/27, 19:35:58.734, 8145507061789, vstest.console.dll, AssemblyResolver.OnResolve: Microsoft.VisualStudio.TestPlatform.Fakes: Assembly path does not exist: 'C:\Program Files\dotnet\sdk\8.0.202\Extensions\Microsoft.VisualStudio.TestPlatform.Fakes.exe', returning.
TpTrace Information: 0 : 9704, 1, 2024/04/27, 19:35:58.734, 8145507062006, vstest.console.dll, AssemblyResolver.OnResolve: Microsoft.VisualStudio.TestPlatform.Fakes: Searching in: 'C:\Program Files\dotnet\sdk\8.0.202'.
TpTrace Information: 0 : 9704, 1, 2024/04/27, 19:35:58.734, 8145507062518, vstest.console.dll, AssemblyResolver.OnResolve: Microsoft.VisualStudio.TestPlatform.Fakes: Assembly path does not exist: 'C:\Program Files\dotnet\sdk\8.0.202\Microsoft.VisualStudio.TestPlatform.Fakes.dll', returning.
TpTrace Information: 0 : 9704, 1, 2024/04/27, 19:35:58.734, 8145507062881, vstest.console.dll, AssemblyResolver.OnResolve: Microsoft.VisualStudio.TestPlatform.Fakes: Assembly path does not exist: 'C:\Program Files\dotnet\sdk\8.0.202\Microsoft.VisualStudio.TestPlatform.Fakes.exe', returning.
TpTrace Information: 0 : 9704, 1, 2024/04/27, 19:35:58.734, 8145507063097, vstest.console.dll, AssemblyResolver.OnResolve: Microsoft.VisualStudio.TestPlatform.Fakes: Failed to load assembly.
TpTrace Information: 0 : 9704, 1, 2024/04/27, 19:35:58.735, 8145507065114, vstest.console.dll, Failed to load assembly Microsoft.VisualStudio.TestPlatform.Fakes, Version=17.0.0.0, Culture=neutral. Reason:System.IO.FileNotFoundException: Could not load file or assembly 'Microsoft.VisualStudio.TestPlatform.Fakes, Version=17.0.0.0, Culture=neutral, PublicKeyToken=null'. The system cannot find the file specified.
File name: 'Microsoft.VisualStudio.TestPlatform.Fakes, Version=17.0.0.0, Culture=neutral, PublicKeyToken=null'
   at System.Reflection.RuntimeAssembly.InternalLoad(AssemblyName assemblyName, StackCrawlMark& stackMark, AssemblyLoadContext assemblyLoadContext, RuntimeAssembly requestingAssembly, Boolean throwOnFileNotFound)
   at System.Reflection.Assembly.Load(AssemblyName assemblyRef)
   at Microsoft.VisualStudio.TestPlatform.Common.Utilities.FakesUtilities.LoadTestPlatformAssembly() in /_/src/Microsoft.TestPlatform.Common/Utilities/FakesUtilities.cs:line 272
TpTrace Verbose: 0 : 9704, 1, 2024/04/27, 19:35:58.737, 8145507092195, vstest.console.dll, TestPluginCache.DiscoverTestExtensions: finding test extensions in assemblies ends with: TestLogger.dll TPluginInfo: Microsoft.VisualStudio.TestPlatform.Common.ExtensionFramework.Utilities.TestLoggerPluginInformation TExtension: Microsoft.VisualStudio.TestPlatform.ObjectModel.Client.ITestLogger
TpTrace Verbose: 0 : 9704, 1, 2024/04/27, 19:35:58.737, 8145507093253, vstest.console.dll, TestPluginCache.GetExtensionPaths: Filtered extension paths: 
TpTrace Verbose: 0 : 9704, 1, 2024/04/27, 19:35:58.737, 8145507093641, vstest.console.dll, TestPluginCache.GetExtensionPaths: Added default extension paths: C:\Program Files\dotnet\sdk\8.0.202\Extensions\Microsoft.Diagnostics.NETCore.Client.dll
C:\Program Files\dotnet\sdk\8.0.202\Extensions\Microsoft.TestPlatform.Extensions.BlameDataCollector.dll
C:\Program Files\dotnet\sdk\8.0.202\Extensions\Microsoft.TestPlatform.Extensions.EventLogCollector.dll
C:\Program Files\dotnet\sdk\8.0.202\Extensions\Microsoft.TestPlatform.TestHostRuntimeProvider.dll
C:\Program Files\dotnet\sdk\8.0.202\Extensions\Microsoft.VisualStudio.TestPlatform.Extensions.Html.TestLogger.dll
C:\Program Files\dotnet\sdk\8.0.202\Extensions\Microsoft.VisualStudio.TestPlatform.Extensions.Trx.TestLogger.dll
TpTrace Verbose: 0 : 9704, 1, 2024/04/27, 19:35:58.738, 8145507093969, vstest.console.dll, TestPluginCache.GetExtensionPaths: Added unfilterableExtensionPaths: 
TpTrace Information: 0 : 9704, 1, 2024/04/27, 19:35:58.738, 8145507095281, vstest.console.dll, AssemblyResolver.AddSearchDirectories: Adding more searchDirectories C:\Program Files\dotnet\sdk\8.0.202\Extensions,C:\Program Files\dotnet\sdk\8.0.202
TpTrace Verbose: 0 : 9704, 1, 2024/04/27, 19:35:58.738, 8145507095746, vstest.console.dll, TestPluginCache.DiscoverTestExtensions: Discovering the extensions using extension path.
TpTrace Verbose: 0 : 9704, 1, 2024/04/27, 19:35:58.738, 8145507096103, vstest.console.dll, TestPluginCache.GetExtensionPaths: Filtered extension paths: 
TpTrace Verbose: 0 : 9704, 1, 2024/04/27, 19:35:58.738, 8145507096457, vstest.console.dll, TestPluginCache.GetExtensionPaths: Added default extension paths: C:\Program Files\dotnet\sdk\8.0.202\Extensions\Microsoft.Diagnostics.NETCore.Client.dll
C:\Program Files\dotnet\sdk\8.0.202\Extensions\Microsoft.TestPlatform.Extensions.BlameDataCollector.dll
C:\Program Files\dotnet\sdk\8.0.202\Extensions\Microsoft.TestPlatform.Extensions.EventLogCollector.dll
C:\Program Files\dotnet\sdk\8.0.202\Extensions\Microsoft.TestPlatform.TestHostRuntimeProvider.dll
C:\Program Files\dotnet\sdk\8.0.202\Extensions\Microsoft.VisualStudio.TestPlatform.Extensions.Html.TestLogger.dll
C:\Program Files\dotnet\sdk\8.0.202\Extensions\Microsoft.VisualStudio.TestPlatform.Extensions.Trx.TestLogger.dll
TpTrace Verbose: 0 : 9704, 1, 2024/04/27, 19:35:58.738, 8145507096796, vstest.console.dll, TestPluginCache.GetExtensionPaths: Added unfilterableExtensionPaths: 
TpTrace Verbose: 0 : 9704, 1, 2024/04/27, 19:35:58.738, 8145507097182, vstest.console.dll, TestPluginCache.DiscoverTestExtensions: Discovering the extensions using allExtensionPaths: C:\Program Files\dotnet\sdk\8.0.202\Extensions\Microsoft.Diagnostics.NETCore.Client.dll
C:\Program Files\dotnet\sdk\8.0.202\Extensions\Microsoft.TestPlatform.Extensions.BlameDataCollector.dll
C:\Program Files\dotnet\sdk\8.0.202\Extensions\Microsoft.TestPlatform.Extensions.EventLogCollector.dll
C:\Program Files\dotnet\sdk\8.0.202\Extensions\Microsoft.TestPlatform.TestHostRuntimeProvider.dll
C:\Program Files\dotnet\sdk\8.0.202\Extensions\Microsoft.VisualStudio.TestPlatform.Extensions.Html.TestLogger.dll
C:\Program Files\dotnet\sdk\8.0.202\Extensions\Microsoft.VisualStudio.TestPlatform.Extensions.Trx.TestLogger.dll
TpTrace Information: 0 : 9704, 1, 2024/04/27, 19:35:58.738, 8145507098102, vstest.console.dll, AssemblyResolver.AddSearchDirectories: Adding more searchDirectories C:\Program Files\dotnet\sdk\8.0.202\Extensions,C:\Program Files\dotnet\sdk\8.0.202
TpTrace Information: 0 : 9704, 1, 2024/04/27, 19:35:58.738, 8145507098537, vstest.console.dll, AssemblyResolver.AddSearchDirectories: Adding more searchDirectories C:\Program Files\dotnet\sdk\8.0.202\Extensions,C:\Program Files\dotnet\sdk\8.0.202
TpTrace Information: 0 : 9704, 1, 2024/04/27, 19:35:58.738, 8145507098854, vstest.console.dll, AssemblyResolver.AddSearchDirectories: Adding more searchDirectories C:\Program Files\dotnet\sdk\8.0.202\Extensions,C:\Program Files\dotnet\sdk\8.0.202
TpTrace Information: 0 : 9704, 1, 2024/04/27, 19:35:58.738, 8145507099160, vstest.console.dll, AssemblyResolver.AddSearchDirectories: Adding more searchDirectories C:\Program Files\dotnet\sdk\8.0.202\Extensions,C:\Program Files\dotnet\sdk\8.0.202
TpTrace Information: 0 : 9704, 1, 2024/04/27, 19:35:58.738, 8145507099496, vstest.console.dll, AssemblyResolver.AddSearchDirectories: Adding more searchDirectories C:\Program Files\dotnet\sdk\8.0.202\Extensions,C:\Program Files\dotnet\sdk\8.0.202
TpTrace Information: 0 : 9704, 1, 2024/04/27, 19:35:58.738, 8145507099854, vstest.console.dll, AssemblyResolver.AddSearchDirectories: Adding more searchDirectories C:\Program Files\dotnet\sdk\8.0.202\Extensions,C:\Program Files\dotnet\sdk\8.0.202
TpTrace Verbose: 0 : 9704, 1, 2024/04/27, 19:35:58.738, 8145507100948, vstest.console.dll, MetadataReaderExtensionsHelper: Discovering extensions inside assembly 'Microsoft.Diagnostics.NETCore.Client, Version=0.2.9.2401, Culture=neutral, PublicKeyToken=31bf3856ad364e35' file path 'C:\Program Files\dotnet\sdk\8.0.202\Extensions\Microsoft.Diagnostics.NETCore.Client.dll'
TpTrace Information: 0 : 9704, 1, 2024/04/27, 19:35:58.739, 8145507109969, vstest.console.dll, AssemblyResolver.OnResolve: Microsoft.Bcl.AsyncInterfaces: Resolving assembly.
TpTrace Information: 0 : 9704, 1, 2024/04/27, 19:35:58.739, 8145507110784, vstest.console.dll, AssemblyResolver.OnResolve: Microsoft.Bcl.AsyncInterfaces: Resolved from cache.
TpTrace Verbose: 0 : 9704, 1, 2024/04/27, 19:35:58.739, 8145507111245, vstest.console.dll, CurrentDomainAssemblyResolve: Resolving assembly 'Microsoft.Bcl.AsyncInterfaces'.
TpTrace Information: 0 : 9704, 1, 2024/04/27, 19:35:58.739, 8145507111933, vstest.console.dll, AssemblyResolver.OnResolve: Microsoft.Bcl.AsyncInterfaces: Resolving assembly.
TpTrace Information: 0 : 9704, 1, 2024/04/27, 19:35:58.739, 8145507112374, vstest.console.dll, AssemblyResolver.OnResolve: Microsoft.Bcl.AsyncInterfaces: Resolved from cache.
TpTrace Verbose: 0 : 9704, 1, 2024/04/27, 19:35:58.739, 8145507112803, vstest.console.dll, CurrentDomainAssemblyResolve: Resolving assembly 'Microsoft.Bcl.AsyncInterfaces'.
TpTrace Verbose: 0 : 9704, 1, 2024/04/27, 19:35:58.739, 8145507113220, vstest.console.dll, CurrentDomainAssemblyResolve: Failed to resolve assembly 'Microsoft.Bcl.AsyncInterfaces'.
TpTrace Verbose: 0 : 9704, 1, 2024/04/27, 19:35:58.740, 8145507115159, vstest.console.dll, CurrentDomainAssemblyResolve: Failed to resolve assembly 'Microsoft.Bcl.AsyncInterfaces'.
TpTrace Warning: 0 : 9704, 1, 2024/04/27, 19:35:58.740, 8145507119567, vstest.console.dll, TestPluginDiscoverer: Failed to get types from assembly 'Microsoft.Diagnostics.NETCore.Client, Version=0.2.9.2401, Culture=neutral, PublicKeyToken=31bf3856ad364e35'. Error: System.Reflection.ReflectionTypeLoadException: Unable to load one or more of the requested types.
Could not load file or assembly 'Microsoft.Bcl.AsyncInterfaces, Version=6.0.0.0, Culture=neutral, PublicKeyToken=cc7b13ffcd2ddd51'. The system cannot find the file specified.
   at System.Reflection.RuntimeModule.GetTypes(RuntimeModule module)
   at System.Reflection.RuntimeModule.GetTypes()
   at Microsoft.VisualStudio.TestPlatform.Common.ExtensionFramework.TestPluginDiscoverer.GetTestExtensionsFromAssembly[TPluginInfo,TExtension](Assembly assembly, Dictionary`2 pluginInfos, String filePath) in /_/src/Microsoft.TestPlatform.Common/ExtensionFramework/TestPluginDiscoverer.cs:line 158
System.IO.FileNotFoundException: Could not load file or assembly 'Microsoft.Bcl.AsyncInterfaces, Version=6.0.0.0, Culture=neutral, PublicKeyToken=cc7b13ffcd2ddd51'. The system cannot find the file specified.
File name: 'Microsoft.Bcl.AsyncInterfaces, Version=6.0.0.0, Culture=neutral, PublicKeyToken=cc7b13ffcd2ddd51'
 ---> System.IO.FileNotFoundException: Could not load file or assembly 'Microsoft.Bcl.AsyncInterfaces, Culture=neutral, PublicKeyToken=null'. The system cannot find the file specified.
File name: 'Microsoft.Bcl.AsyncInterfaces, Culture=neutral, PublicKeyToken=null'
   at System.Reflection.RuntimeAssembly.InternalLoad(AssemblyName assemblyName, StackCrawlMark& stackMark, AssemblyLoadContext assemblyLoadContext, RuntimeAssembly requestingAssembly, Boolean throwOnFileNotFound)
   at System.Reflection.Assembly.Load(AssemblyName assemblyRef)
   at Microsoft.VisualStudio.TestPlatform.Common.ExtensionFramework.TestPluginCache.CurrentDomainAssemblyResolve(Object sender, AssemblyResolveEventArgs args) in /_/src/Microsoft.TestPlatform.Common/ExtensionFramework/TestPluginCache.cs:line 513
   at System.Runtime.Loader.AssemblyLoadContext.GetFirstResolvedAssemblyFromResolvingEvent(AssemblyName assemblyName)
   at System.Runtime.Loader.AssemblyLoadContext.ResolveUsingEvent(AssemblyName assemblyName)
   at System.Runtime.Loader.AssemblyLoadContext.ResolveUsingResolvingEvent(IntPtr gchManagedAssemblyLoadContext, AssemblyName assemblyName)
TpTrace Warning: 0 : 9704, 1, 2024/04/27, 19:35:58.740, 8145507121723, vstest.console.dll, LoaderExceptions: System.IO.FileNotFoundException: Could not load file or assembly 'Microsoft.Bcl.AsyncInterfaces, Version=6.0.0.0, Culture=neutral, PublicKeyToken=cc7b13ffcd2ddd51'. The system cannot find the file specified.
File name: 'Microsoft.Bcl.AsyncInterfaces, Version=6.0.0.0, Culture=neutral, PublicKeyToken=cc7b13ffcd2ddd51'
 ---> System.IO.FileNotFoundException: Could not load file or assembly 'Microsoft.Bcl.AsyncInterfaces, Culture=neutral, PublicKeyToken=null'. The system cannot find the file specified.
File name: 'Microsoft.Bcl.AsyncInterfaces, Culture=neutral, PublicKeyToken=null'
   at System.Reflection.RuntimeAssembly.InternalLoad(AssemblyName assemblyName, StackCrawlMark& stackMark, AssemblyLoadContext assemblyLoadContext, RuntimeAssembly requestingAssembly, Boolean throwOnFileNotFound)
   at System.Reflection.Assembly.Load(AssemblyName assemblyRef)
   at Microsoft.VisualStudio.TestPlatform.Common.ExtensionFramework.TestPluginCache.CurrentDomainAssemblyResolve(Object sender, AssemblyResolveEventArgs args) in /_/src/Microsoft.TestPlatform.Common/ExtensionFramework/TestPluginCache.cs:line 513
   at System.Runtime.Loader.AssemblyLoadContext.GetFirstResolvedAssemblyFromResolvingEvent(AssemblyName assemblyName)
   at System.Runtime.Loader.AssemblyLoadContext.ResolveUsingEvent(AssemblyName assemblyName)
   at System.Runtime.Loader.AssemblyLoadContext.ResolveUsingResolvingEvent(IntPtr gchManagedAssemblyLoadContext, AssemblyName assemblyName)
TpTrace Verbose: 0 : 9704, 1, 2024/04/27, 19:35:58.740, 8145507122880, vstest.console.dll, MetadataReaderExtensionsHelper: Discovering extensions inside assembly 'Microsoft.TestPlatform.Extensions.BlameDataCollector, Version=15.0.0.0, Culture=neutral, PublicKeyToken=b03f5f7f11d50a3a' file path 'C:\Program Files\dotnet\sdk\8.0.202\Extensions\Microsoft.TestPlatform.Extensions.BlameDataCollector.dll'
TpTrace Information: 0 : 9704, 1, 2024/04/27, 19:35:58.741, 8145507128919, vstest.console.dll, GetTestExtensionFromType: Register extension with identifier data 'logger://Microsoft/TestPlatform/Extensions/Blame/v1' and type 'Microsoft.TestPlatform.Extensions.BlameDataCollector.BlameLogger, Microsoft.TestPlatform.Extensions.BlameDataCollector, Version=15.0.0.0, Culture=neutral, PublicKeyToken=b03f5f7f11d50a3a' inside file 'C:\Program Files\dotnet\sdk\8.0.202\Extensions\Microsoft.TestPlatform.Extensions.BlameDataCollector.dll'
TpTrace Verbose: 0 : 9704, 1, 2024/04/27, 19:35:58.741, 8145507129823, vstest.console.dll, MetadataReaderExtensionsHelper: Discovering extensions inside assembly 'Microsoft.TestPlatform.Extensions.EventLogCollector, Version=15.0.0.0, Culture=neutral, PublicKeyToken=b03f5f7f11d50a3a' file path 'C:\Program Files\dotnet\sdk\8.0.202\Extensions\Microsoft.TestPlatform.Extensions.EventLogCollector.dll'
TpTrace Verbose: 0 : 9704, 1, 2024/04/27, 19:35:58.741, 8145507133521, vstest.console.dll, MetadataReaderExtensionsHelper: Discovering extensions inside assembly 'Microsoft.TestPlatform.TestHostRuntimeProvider, Version=15.0.0.0, Culture=neutral, PublicKeyToken=b03f5f7f11d50a3a' file path 'C:\Program Files\dotnet\sdk\8.0.202\Extensions\Microsoft.TestPlatform.TestHostRuntimeProvider.dll'
TpTrace Verbose: 0 : 9704, 1, 2024/04/27, 19:35:58.742, 8145507136831, vstest.console.dll, MetadataReaderExtensionsHelper: Discovering extensions inside assembly 'Microsoft.VisualStudio.TestPlatform.Extensions.Html.TestLogger, Version=15.0.0.0, Culture=neutral, PublicKeyToken=b03f5f7f11d50a3a' file path 'C:\Program Files\dotnet\sdk\8.0.202\Extensions\Microsoft.VisualStudio.TestPlatform.Extensions.Html.TestLogger.dll'
TpTrace Information: 0 : 9704, 1, 2024/04/27, 19:35:58.742, 8145507141976, vstest.console.dll, GetTestExtensionFromType: Register extension with identifier data 'logger://Microsoft/TestPlatform/HtmlLogger/v1' and type 'Microsoft.VisualStudio.TestPlatform.Extensions.HtmlLogger.HtmlLogger, Microsoft.VisualStudio.TestPlatform.Extensions.Html.TestLogger, Version=15.0.0.0, Culture=neutral, PublicKeyToken=b03f5f7f11d50a3a' inside file 'C:\Program Files\dotnet\sdk\8.0.202\Extensions\Microsoft.VisualStudio.TestPlatform.Extensions.Html.TestLogger.dll'
TpTrace Verbose: 0 : 9704, 1, 2024/04/27, 19:35:58.742, 8145507142661, vstest.console.dll, MetadataReaderExtensionsHelper: Discovering extensions inside assembly 'Microsoft.VisualStudio.TestPlatform.Extensions.Trx.TestLogger, Version=15.0.0.0, Culture=neutral, PublicKeyToken=b03f5f7f11d50a3a' file path 'C:\Program Files\dotnet\sdk\8.0.202\Extensions\Microsoft.VisualStudio.TestPlatform.Extensions.Trx.TestLogger.dll'
TpTrace Information: 0 : 9704, 1, 2024/04/27, 19:35:58.743, 8145507145779, vstest.console.dll, GetTestExtensionFromType: Register extension with identifier data 'logger://Microsoft/TestPlatform/TrxLogger/v1' and type 'Microsoft.VisualStudio.TestPlatform.Extensions.TrxLogger.TrxLogger, Microsoft.VisualStudio.TestPlatform.Extensions.Trx.TestLogger, Version=15.0.0.0, Culture=neutral, PublicKeyToken=b03f5f7f11d50a3a' inside file 'C:\Program Files\dotnet\sdk\8.0.202\Extensions\Microsoft.VisualStudio.TestPlatform.Extensions.Trx.TestLogger.dll'
TpTrace Verbose: 0 : 9704, 1, 2024/04/27, 19:35:58.743, 8145507146451, vstest.console.dll, TestPluginCache: Discovered the extensions using extension path ''.
TpTrace Verbose: 0 : 9704, 1, 2024/04/27, 19:35:58.743, 8145507146830, vstest.console.dll, TestPluginCache: Discoverers are ''.
TpTrace Verbose: 0 : 9704, 1, 2024/04/27, 19:35:58.743, 8145507147142, vstest.console.dll, TestPluginCache: Executors are ''.
TpTrace Verbose: 0 : 9704, 1, 2024/04/27, 19:35:58.743, 8145507147419, vstest.console.dll, TestPluginCache: Executors2 are ''.
TpTrace Verbose: 0 : 9704, 1, 2024/04/27, 19:35:58.743, 8145507147705, vstest.console.dll, TestPluginCache: Setting providers are ''.
TpTrace Verbose: 0 : 9704, 1, 2024/04/27, 19:35:58.743, 8145507148501, vstest.console.dll, TestPluginCache: Loggers are 'logger://Microsoft/TestPlatform/Extensions/Blame/v1,logger://Microsoft/TestPlatform/HtmlLogger/v1,logger://Microsoft/TestPlatform/TrxLogger/v1'.
TpTrace Verbose: 0 : 9704, 1, 2024/04/27, 19:35:58.743, 8145507148990, vstest.console.dll, TestPluginCache: TestHosts are 'HostProvider://DefaultTestHost,HostProvider://DotnetTestHost'.
TpTrace Verbose: 0 : 9704, 1, 2024/04/27, 19:35:58.743, 8145507149352, vstest.console.dll, TestPluginCache: DataCollectors are ''.
TpTrace Information: 0 : 9704, 1, 2024/04/27, 19:35:58.744, 8145507158222, vstest.console.dll, TestPluginManager.CreateTestExtension: Attempting to load test extension: Microsoft.TestPlatform.Extensions.BlameDataCollector.BlameLogger
TpTrace Verbose: 0 : 9704, 1, 2024/04/27, 19:35:58.751, 8145507226174, vstest.console.dll, TestEngine: Initializing Parallel Execution as MaxCpuCount is set to: 1
TpTrace Information: 0 : 9704, 1, 2024/04/27, 19:35:58.752, 8145507237145, vstest.console.dll, TestPluginManager.CreateTestExtension: Attempting to load test extension: Microsoft.VisualStudio.TestPlatform.CrossPlatEngine.Hosting.DefaultTestHostManager
TpTrace Information: 0 : 9704, 1, 2024/04/27, 19:35:58.753, 8145507244760, vstest.console.dll, TestPluginManager.CreateTestExtension: Attempting to load test extension: Microsoft.VisualStudio.TestPlatform.CrossPlatEngine.Hosting.DotnetTestHostManager
TpTrace Information: 0 : 9704, 1, 2024/04/27, 19:35:58.753, 8145507248705, vstest.console.dll, InferRunSettingsHelper.IsTestSettingsEnabled: Unable to navigate to RunSettings/MSTest. Current node: RunSettings
TpTrace Verbose: 0 : 9704, 1, 2024/04/27, 19:35:58.754, 8145507256158, vstest.console.dll, ParallelOperationManager.ClearSlots: Clearing all slots. Slots should accept more work: True
TpTrace Verbose: 0 : 9704, 1, 2024/04/27, 19:35:58.754, 8145507260637, vstest.console.dll, ParallelOperationManager.SetOccupiedSlotCount: Setting slot counts AvailableSlotCount = 1, OccupiedSlotCount = 0.
TpTrace Verbose: 0 : 9704, 1, 2024/04/27, 19:35:58.754, 8145507262964, vstest.console.dll, Occupied slots:

TpTrace Verbose: 0 : 9704, 1, 2024/04/27, 19:35:58.757, 8145507288671, vstest.console.dll, TestEngine.GetExecutionManager: Chosen execution manager 'Microsoft.VisualStudio.TestPlatform.CrossPlatEngine.Client.Parallel.ParallelProxyExecutionManager, Microsoft.TestPlatform.CrossPlatEngine, Version=15.0.0.0, Culture=neutral, PublicKeyToken=b03f5f7f11d50a3a' ParallelLevel '1'.
TpTrace Verbose: 0 : 9704, 1, 2024/04/27, 19:35:58.757, 8145507289942, vstest.console.dll, TestRunRequest.ExecuteAsync: Creating test run request.
TpTrace Verbose: 0 : 9704, 1, 2024/04/27, 19:35:58.757, 8145507291545, vstest.console.dll, TestRunRequest.ExecuteAsync: Starting.
TpTrace Information: 0 : 9704, 1, 2024/04/27, 19:35:58.758, 8145507300268, vstest.console.dll, TestRunRequest.ExecuteAsync: Starting run with settings:TestRunCriteria:
   KeepAlive=False,FrequencyOfRunStatsChangeEvent=10,RunStatsChangeEventTimeout=00:00:01.5000000,TestCaseFilter=,TestExecutorLauncher=
   Settingsxml=<RunSettings>
  <RunConfiguration>
    <ResultsDirectory>C:\Users\vc\Desktop\Training\Day 13\ShoppingSolution\ShoppingBLTest\bin\Debug\net6.0\fine-code-coverage\coverage-tool-output</ResultsDirectory>
    <TargetPlatform>X64</TargetPlatform>
    <TargetFrameworkVersion>.NETCoreApp,Version=v6.0</TargetFrameworkVersion>
    <DesignMode>False</DesignMode>
    <CollectSourceInformation>False</CollectSourceInformation>
  </RunConfiguration>
  <LoggerRunSettings>
    <Loggers>
      <Logger friendlyName="blame" enabled="True" />
      <Logger friendlyName="Console" uri="logger://microsoft/TestPlatform/ConsoleLogger/v1" assemblyQualifiedName="Microsoft.VisualStudio.TestPlatform.CommandLine.Internal.ConsoleLogger, vstest.console, Version=15.0.0.0, Culture=neutral, PublicKeyToken=b03f5f7f11d50a3a" codeBase="C:\Program Files\dotnet\sdk\8.0.202\vstest.console.dll" enabled="True" />
    </Loggers>
  </LoggerRunSettings>
  <DataCollectionRunSettings>
    <DataCollectors>
      <DataCollector friendlyName="blame" enabled="True">
        <Configuration>
          <ResultsDirectory>C:\Users\vc\Desktop\Training\Day 13\ShoppingSolution\ShoppingBLTest\bin\Debug\net6.0\fine-code-coverage\coverage-tool-output</ResultsDirectory>
        </Configuration>
      </DataCollector>
    </DataCollectors>
  </DataCollectionRunSettings>
</RunSettings>

TpTrace Verbose: 0 : 9704, 1, 2024/04/27, 19:35:58.758, 8145507300838, vstest.console.dll, TestRunRequest.ExecuteAsync: Wait for the first run request is over.
TpTrace Verbose: 0 : 9704, 1, 2024/04/27, 19:35:58.758, 8145507303382, vstest.console.dll, MulticastDelegateUtilities.SafeInvoke: TestRun.TestRunStart: Invoking callbacks was skipped because there are no subscribers.
TpTrace Verbose: 0 : 9704, 4, 2024/04/27, 19:35:58.759, 8145507306128, vstest.console.dll, MulticastDelegateUtilities.SafeInvoke: InternalTestLoggerEvents.SendTestRunStart: Invoking callback 1/1 for Microsoft.VisualStudio.TestPlatform.CommandLine.Internal.ConsoleLogger., took 0 ms.
TpTrace Verbose: 0 : 9704, 1, 2024/04/27, 19:35:58.759, 8145507312198, vstest.console.dll, ParallelProxyExecutionManager: Start execution. Total sources: 1
TpTrace Verbose: 0 : 9704, 1, 2024/04/27, 19:35:58.760, 8145507314533, vstest.console.dll, ParallelOperationManager.StartWork: Starting adding 1 workloads.
TpTrace Verbose: 0 : 9704, 1, 2024/04/27, 19:35:58.760, 8145507315019, vstest.console.dll, ParallelOperationManager.ClearSlots: Clearing all slots. Slots should accept more work: True
TpTrace Verbose: 0 : 9704, 1, 2024/04/27, 19:35:58.760, 8145507315559, vstest.console.dll, ParallelOperationManager.SetOccupiedSlotCount: Setting slot counts AvailableSlotCount = 1, OccupiedSlotCount = 0.
TpTrace Verbose: 0 : 9704, 1, 2024/04/27, 19:35:58.760, 8145507315839, vstest.console.dll, Occupied slots:

TpTrace Verbose: 0 : 9704, 1, 2024/04/27, 19:35:58.761, 8145507326833, vstest.console.dll, TestRequestSender is acting as server.
TpTrace Verbose: 0 : 9704, 1, 2024/04/27, 19:35:58.762, 8145507338278, vstest.console.dll, ParallelOperationManager.RunWorkInParallel: Adding 1 workload to slot, remaining workloads 0.
TpTrace Verbose: 0 : 9704, 1, 2024/04/27, 19:35:58.762, 8145507338812, vstest.console.dll, ParallelOperationManager.SetOccupiedSlotCount: Setting slot counts AvailableSlotCount = 0, OccupiedSlotCount = 1.
TpTrace Verbose: 0 : 9704, 1, 2024/04/27, 19:35:58.762, 8145507339549, vstest.console.dll, Occupied slots:
0: C:\Users\vc\Desktop\Training\Day 13\ShoppingSolution\ShoppingBLTest\bin\Debug\net6.0\fine-code-coverage\build-output\ShoppingBLTest.dll
TpTrace Verbose: 0 : 9704, 1, 2024/04/27, 19:35:58.763, 8145507347210, vstest.console.dll, ParallelOperationManager.RunWorkInParallel: Started host in slot number 0 for work (source): C:\Users\vc\Desktop\Training\Day 13\ShoppingSolution\ShoppingBLTest\bin\Debug\net6.0\fine-code-coverage\build-output\ShoppingBLTest.dll.
TpTrace Verbose: 0 : 9704, 1, 2024/04/27, 19:35:58.764, 8145507355611, vstest.console.dll, ParallelOperationManager.RunWorkInParallel: We started 1 work items, which is the max parallel level. Won't start more work.
TpTrace Verbose: 0 : 9704, 1, 2024/04/27, 19:35:58.764, 8145507356083, vstest.console.dll, ParallelOperationManager.RunWorkInParallel: We started 1 work items in here, returning True.
TpTrace Information: 0 : 9704, 1, 2024/04/27, 19:35:58.764, 8145507356414, vstest.console.dll, TestRunRequest.ExecuteAsync: Started.
TpTrace Verbose: 0 : 9704, 5, 2024/04/27, 19:35:58.764, 8145507360086, vstest.console.dll, ParallelProxyExecutionManager.StartTestRunOnConcurrentManager: Initializing uninitialized client. Started clients: 0
TpTrace Verbose: 0 : 9704, 5, 2024/04/27, 19:35:58.764, 8145507361486, vstest.console.dll, DataCollectionRequestSender.InitializeCommunication : Initialize communication. 
TpTrace Verbose: 0 : 9704, 1, 2024/04/27, 19:35:58.764, 8145507361849, vstest.console.dll, TestRunRequest.WaitForCompletion: Waiting with timeout -1.
TpTrace Information: 0 : 9704, 5, 2024/04/27, 19:35:58.772, 8145507441641, vstest.console.dll, Listening on Endpoint : 127.0.0.1:65308
TpTrace Verbose: 0 : 9704, 5, 2024/04/27, 19:35:58.777, 8145507489410, vstest.console.dll, DotnetDataCollectionLauncher: Adding  --runtimeconfig "C:\Program Files\dotnet\sdk\8.0.202\datacollector.runtimeconfig.json" in args
TpTrace Verbose: 0 : 9704, 5, 2024/04/27, 19:35:58.777, 8145507490880, vstest.console.dll, DotnetDataCollectionLauncher: Adding  --depsfile "C:\Program Files\dotnet\sdk\8.0.202\datacollector.deps.json" in args
TpTrace Verbose: 0 : 9704, 5, 2024/04/27, 19:35:58.778, 8145507496034, vstest.console.dll, DotnetDataCollectionLauncher: Full path of dotnet.exe is C:\Program Files\dotnet\dotnet.exe
TpTrace Information: 0 : 9704, 5, 2024/04/27, 19:35:58.783, 8145507550181, vstest.console.dll, ProxyDataCollectionManager.Initialize: Launched datacollector processId: 8956 port: 65308
TpTrace Information: 0 : 9704, 5, 2024/04/27, 19:35:58.783, 8145507551965, vstest.console.dll, ProxyDataCollectionManager.Initialize: waiting for connection with timeout: 90 seconds
TpTrace Verbose: 0 : 9704, 5, 2024/04/27, 19:35:58.783, 8145507553061, vstest.console.dll, DataCollectionRequestSender.WaitForRequestHandlerConnection : Waiting for connection with timeout: 90000
TpTrace Information: 0 : 9704, 7, 2024/04/27, 19:35:59.007, 8145509790321, vstest.console.dll, Using the buffer size of 16384 bytes
TpTrace Verbose: 0 : 9704, 5, 2024/04/27, 19:35:59.007, 8145509790321, vstest.console.dll, SocketCommunicationManager.WaitForClientConnection took: 223 ms, with 90000 ms timeout, and finished with True.
TpTrace Information: 0 : 9704, 7, 2024/04/27, 19:35:59.007, 8145509791575, vstest.console.dll, Accepted Client request and set the flag
TpTrace Verbose: 0 : 9704, 5, 2024/04/27, 19:35:59.007, 8145509792445, vstest.console.dll, ProxyDataCollectionManager.InvokeDataCollectionServiceAction: Starting.
TpTrace Information: 0 : 9704, 5, 2024/04/27, 19:35:59.007, 8145509793248, vstest.console.dll, ProxyDataCollectionManager.BeforeTestRunStart: Get environment variable and port for datacollector processId: 8956 port: 65308
TpTrace Verbose: 0 : 9704, 5, 2024/04/27, 19:35:59.008, 8145509794466, vstest.console.dll, DataCollectionRequestSender.SendBeforeTestRunStartAndGetResult: Send BeforeTestRunStart message with settingsXml <RunSettings><RunConfiguration><ResultsDirectory>C:\Users\vc\Desktop\Training\Day 13\ShoppingSolution\ShoppingBLTest\bin\Debug\net6.0\fine-code-coverage\coverage-tool-output</ResultsDirectory><TargetPlatform>X64</TargetPlatform><TargetFrameworkVersion>.NETCoreApp,Version=v6.0</TargetFrameworkVersion><DesignMode>False</DesignMode><CollectSourceInformation>False</CollectSourceInformation><TestAdaptersPaths>C:\Program Files\dotnet\sdk\8.0.202\Extensions</TestAdaptersPaths></RunConfiguration><LoggerRunSettings><Loggers><Logger friendlyName="blame" enabled="True" /><Logger friendlyName="Console" uri="logger://microsoft/TestPlatform/ConsoleLogger/v1" assemblyQualifiedName="Microsoft.VisualStudio.TestPlatform.CommandLine.Internal.ConsoleLogger, vstest.console, Version=15.0.0.0, Culture=neutral, PublicKeyToken=b03f5f7f11d50a3a" codeBase="C:\Program Files\dotnet\sdk\8.0.202\vstest.console.dll" enabled="True" /></Loggers></LoggerRunSettings><DataCollectionRunSettings><DataCollectors><DataCollector friendlyName="blame" enabled="True"><Configuration><ResultsDirectory>C:\Users\vc\Desktop\Training\Day 13\ShoppingSolution\ShoppingBLTest\bin\Debug\net6.0\fine-code-coverage\coverage-tool-output</ResultsDirectory></Configuration></DataCollector></DataCollectors></DataCollectionRunSettings></RunSettings> and sources System.Collections.Generic.List`1[System.String]: 
TpTrace Verbose: 0 : 9704, 5, 2024/04/27, 19:35:59.069, 8145510410823, vstest.console.dll, DataCollectionRequestSender.SendBeforeTestRunStartAndGetResult: Received message: (DataCollection.SendMessage) -> {"MessageType":"DataCollection.SendMessage","Payload":{"FriendlyName":null,"Uri":null,"TestCaseId":"00000000-0000-0000-0000-000000000000","Message":"Logging DataCollector Diagnostics in file: C:\\Users\\vc\\Desktop\\Training\\Day 13\\ShoppingSolution\\ShoppingBLTest\\bin\\Debug\\net6.0\\fine-code-coverage\\coverage-tool-output\\diagnostics.datacollector.24-04-27_19-35-58_77727_5.log","Level":0}}
TpTrace Verbose: 0 : 9704, 5, 2024/04/27, 19:35:59.143, 8145511144743, vstest.console.dll, DataCollectionRequestSender.SendBeforeTestRunStartAndGetResult: Received message: (DataCollection.BeforeTestRunStartResult) -> {"MessageType":"DataCollection.BeforeTestRunStartResult","Payload":{"EnvironmentVariables":{},"DataCollectionEventsPort":65310}}
TpTrace Information: 0 : 9704, 5, 2024/04/27, 19:35:59.147, 8145511190175, vstest.console.dll, ProxyDataCollectionManager.BeforeTestRunStart: SendBeforeTestRunStartAndGetResult successful, env variable from datacollector:   and testhost port: 65310
TpTrace Information: 0 : 9704, 5, 2024/04/27, 19:35:59.147, 8145511191681, vstest.console.dll, ProxyDataCollectionManager.InvokeDataCollectionServiceAction: Completed.
TpTrace Verbose: 0 : 9704, 5, 2024/04/27, 19:35:59.147, 8145511192160, vstest.console.dll, ParallelProxyExecutionManager.StartTestRunOnConcurrentManager: Initializing test run. Started clients: 0
TpTrace Verbose: 0 : 9704, 5, 2024/04/27, 19:35:59.147, 8145511193027, vstest.console.dll, ProxyExecutionManager: Test host is always Lazy initialize.
TpTrace Verbose: 0 : 9704, 5, 2024/04/27, 19:35:59.148, 8145511195110, vstest.console.dll, TestRequestSender.InitializeCommunication: initialize communication. 
TpTrace Information: 0 : 9704, 5, 2024/04/27, 19:35:59.148, 8145511200071, vstest.console.dll, SocketServer.Start: Listening on endpoint : 127.0.0.1:65311
TpTrace Verbose: 0 : 9704, 5, 2024/04/27, 19:35:59.149, 8145511207309, vstest.console.dll, DotnetTestHostmanager.GetTestHostProcessStartInfo: Platform environment 'X64' target architecture 'X64' framework '.NETCoreApp,Version=v6.0' OS 'Windows'
TpTrace Verbose: 0 : 9704, 5, 2024/04/27, 19:35:59.149, 8145511209771, vstest.console.dll, DotnetTestHostmanager: Adding  --runtimeconfig "C:\Users\vc\Desktop\Training\Day 13\ShoppingSolution\ShoppingBLTest\bin\Debug\net6.0\fine-code-coverage\build-output\ShoppingBLTest.runtimeconfig.json" in args
TpTrace Verbose: 0 : 9704, 5, 2024/04/27, 19:35:59.149, 8145511210827, vstest.console.dll, DotnetTestHostmanager: Adding  --depsfile "C:\Users\vc\Desktop\Training\Day 13\ShoppingSolution\ShoppingBLTest\bin\Debug\net6.0\fine-code-coverage\build-output\ShoppingBLTest.deps.json" in args
TpTrace Verbose: 0 : 9704, 5, 2024/04/27, 19:35:59.149, 8145511213558, vstest.console.dll, DotnetTestHostmanager.IsWinOnArm: Current PROCESSOR_ARCHITECTURE from environment variable 'AMD64'
TpTrace Verbose: 0 : 9704, 5, 2024/04/27, 19:35:59.150, 8145511214278, vstest.console.dll, DotnetTestHostmanager.IsWinOnArm: Is Windows on ARM 'False'
TpTrace Verbose: 0 : 9704, 5, 2024/04/27, 19:35:59.150, 8145511215286, vstest.console.dll, DotnetTestHostManager: testhost.exe found at path: C:\Users\vc\Desktop\Training\Day 13\ShoppingSolution\ShoppingBLTest\bin\Debug\net6.0\fine-code-coverage\build-output\testhost.exe
TpTrace Verbose: 0 : 9704, 5, 2024/04/27, 19:35:59.150, 8145511215729, vstest.console.dll, DotnetTestHostmanager: Full path of host exe is C:\Users\vc\Desktop\Training\Day 13\ShoppingSolution\ShoppingBLTest\bin\Debug\net6.0\fine-code-coverage\build-output\testhost.exe
TpTrace Verbose: 0 : 9704, 5, 2024/04/27, 19:35:59.150, 8145511217086, vstest.console.dll, DotnetTestHostmanager.LaunchTestHostAsync: Found 'VSTEST_WINAPPHOST_DOTNET_ROOT' in env variables, value 'C:\Program Files\dotnet', forwarding to 'DOTNET_ROOT'
TpTrace Verbose: 0 : 9704, 5, 2024/04/27, 19:35:59.150, 8145511218400, vstest.console.dll, DotnetTestHostManager: Starting process 'C:\Users\vc\Desktop\Training\Day 13\ShoppingSolution\ShoppingBLTest\bin\Debug\net6.0\fine-code-coverage\build-output\testhost.exe' with command line ' --runtimeconfig "C:\Users\vc\Desktop\Training\Day 13\ShoppingSolution\ShoppingBLTest\bin\Debug\net6.0\fine-code-coverage\build-output\ShoppingBLTest.runtimeconfig.json" --depsfile "C:\Users\vc\Desktop\Training\Day 13\ShoppingSolution\ShoppingBLTest\bin\Debug\net6.0\fine-code-coverage\build-output\ShoppingBLTest.deps.json" --port 65311 --endpoint 127.0.0.1:065311 --role client --parentprocessid 9704 --diag "C:\Users\vc\Desktop\Training\Day 13\ShoppingSolution\ShoppingBLTest\bin\Debug\net6.0\fine-code-coverage\coverage-tool-output\diagnostics.host.24-04-27_19-35-59_14901_5.log" --tracelevel 4 --datacollectionport 65310 --telemetryoptedin false'
TpTrace Verbose: 0 : 9704, 5, 2024/04/27, 19:35:59.156, 8145511279954, vstest.console.dll, MulticastDelegateUtilities.SafeInvoke: HostProviderEvents.OnHostLaunched: Invoking callback 1/2 for Microsoft.VisualStudio.TestPlatform.CrossPlatEngine.Client.ProxyExecutionManagerWithDataCollection., took 1 ms.
TpTrace Verbose: 0 : 9704, 5, 2024/04/27, 19:35:59.156, 8145511283397, vstest.console.dll, Test Runtime launched
TpTrace Verbose: 0 : 9704, 5, 2024/04/27, 19:35:59.157, 8145511284154, vstest.console.dll, MulticastDelegateUtilities.SafeInvoke: HostProviderEvents.OnHostLaunched: Invoking callback 2/2 for Microsoft.VisualStudio.TestPlatform.CrossPlatEngine.Client.ProxyOperationManager., took 0 ms.
TpTrace Verbose: 0 : 9704, 5, 2024/04/27, 19:35:59.157, 8145511285581, vstest.console.dll, TestRequestSender.WaitForRequestHandlerConnection: waiting for connection with timeout: 90000.
TpTrace Verbose: 0 : 9704, 7, 2024/04/27, 19:35:59.350, 8145513222622, vstest.console.dll, MulticastDelegateUtilities.SafeInvoke: SocketServer: ClientConnected: Invoking callback 1/1 for Microsoft.VisualStudio.TestPlatform.CommunicationUtilities.TestRequestSender., took 0 ms.
TpTrace Verbose: 0 : 9704, 5, 2024/04/27, 19:35:59.350, 8145513222631, vstest.console.dll, TestRequestSender.WaitForRequestHandlerConnection: waiting took 193 ms, with timeout 90000 ms, and result 0, which is success.
TpTrace Verbose: 0 : 9704, 7, 2024/04/27, 19:35:59.351, 8145513224442, vstest.console.dll, SocketServer.OnClientConnected: Client connected for endPoint: 127.0.0.1:65311, starting MessageLoopAsync:
TpTrace Verbose: 0 : 9704, 13, 2024/04/27, 19:35:59.352, 8145513235092, vstest.console.dll, TcpClientExtensions.MessageLoopAsync: Polling on remoteEndPoint: 127.0.0.1:65312 localEndPoint: 127.0.0.1:65311 after 0 ms
TpTrace Verbose: 0 : 9704, 5, 2024/04/27, 19:35:59.352, 8145513237955, vstest.console.dll, TestRequestSender.CheckVersionWithTestHost: Sending check version message: {"MessageType":"ProtocolVersion","Payload":7}
TpTrace Verbose: 0 : 9704, 13, 2024/04/27, 19:35:59.471, 8145514426492, vstest.console.dll, TcpClientExtensions.MessageLoopAsync: NotifyDataAvailable remoteEndPoint: 127.0.0.1:65312 localEndPoint: 127.0.0.1:65311
TpTrace Verbose: 0 : 9704, 13, 2024/04/27, 19:35:59.471, 8145514430071, vstest.console.dll, TestRequestSender.CheckVersionWithTestHost: onMessageReceived received message: (ProtocolVersion) -> {"MessageType":"ProtocolVersion","Payload":7}
TpTrace Verbose: 0 : 9704, 13, 2024/04/27, 19:35:59.472, 8145514437067, vstest.console.dll, MulticastDelegateUtilities.SafeInvoke: LengthPrefixCommunicationChannel: MessageReceived: Invoking callback 1/1 for Microsoft.VisualStudio.TestPlatform.CommunicationUtilities.TestRequestSender+<>c__DisplayClass29_0., took 0 ms.
TpTrace Verbose: 0 : 9704, 13, 2024/04/27, 19:35:59.472, 8145514437863, vstest.console.dll, TcpClientExtensions.MessageLoopAsync: Polling on remoteEndPoint: 127.0.0.1:65312 localEndPoint: 127.0.0.1:65311 after 120 ms
TpTrace Verbose: 0 : 9704, 5, 2024/04/27, 19:35:59.472, 8145514438357, vstest.console.dll, TestPluginCache.GetExtensionPaths: Filtered extension paths: 
TpTrace Verbose: 0 : 9704, 5, 2024/04/27, 19:35:59.472, 8145514439220, vstest.console.dll, TestPluginCache.GetExtensionPaths: Added default extension paths: C:\Program Files\dotnet\sdk\8.0.202\Extensions\Microsoft.Diagnostics.NETCore.Client.dll
C:\Program Files\dotnet\sdk\8.0.202\Extensions\Microsoft.TestPlatform.Extensions.BlameDataCollector.dll
C:\Program Files\dotnet\sdk\8.0.202\Extensions\Microsoft.TestPlatform.Extensions.EventLogCollector.dll
C:\Program Files\dotnet\sdk\8.0.202\Extensions\Microsoft.TestPlatform.TestHostRuntimeProvider.dll
C:\Program Files\dotnet\sdk\8.0.202\Extensions\Microsoft.VisualStudio.TestPlatform.Extensions.Html.TestLogger.dll
C:\Program Files\dotnet\sdk\8.0.202\Extensions\Microsoft.VisualStudio.TestPlatform.Extensions.Trx.TestLogger.dll
TpTrace Verbose: 0 : 9704, 5, 2024/04/27, 19:35:59.472, 8145514440208, vstest.console.dll, TestPluginCache.GetExtensionPaths: Added unfilterableExtensionPaths: 
TpTrace Verbose: 0 : 9704, 5, 2024/04/27, 19:35:59.476, 8145514473963, vstest.console.dll, TestRequestSender.InitializeExecution: Sending initialize execution with message: {"Version":7,"MessageType":"TestExecution.Initialize","Payload":["C:\\Users\\vc\\Desktop\\Training\\Day 13\\ShoppingSolution\\ShoppingBLTest\\bin\\Debug\\net6.0\\fine-code-coverage\\build-output\\NUnit3.TestAdapter.dll"]}
TpTrace Verbose: 0 : 9704, 5, 2024/04/27, 19:35:59.476, 8145514476491, vstest.console.dll, ParallelProxyExecutionManager.StartTestRunOnConcurrentManager: Execution starting. Started clients: 1
TpTrace Verbose: 0 : 9704, 5, 2024/04/27, 19:35:59.476, 8145514479461, vstest.console.dll, TestRunRequest:SendTestRunMessage: Starting.
TpTrace Verbose: 0 : 9704, 5, 2024/04/27, 19:35:59.476, 8145514481292, vstest.console.dll, MulticastDelegateUtilities.SafeInvoke: TestRun.LogMessages: Invoking callback 1/1 for Microsoft.VisualStudio.TestPlatform.CommandLine.TestRunResultAggregator., took 0 ms.
TpTrace Information: 0 : 9704, 5, 2024/04/27, 19:35:59.476, 8145514481944, vstest.console.dll, TestRunRequest:SendTestRunMessage: Completed.
TpTrace Verbose: 0 : 9704, 4, 2024/04/27, 19:35:59.476, 8145514483425, vstest.console.dll, MulticastDelegateUtilities.SafeInvoke: InternalTestLoggerEvents.SendTestRunMessage: Invoking callback 1/1 for Microsoft.VisualStudio.TestPlatform.CommandLine.Internal.ConsoleLogger., took 0 ms.
TpTrace Warning: 0 : 9704, 5, 2024/04/27, 19:35:59.477, 8145514485964, vstest.console.dll, InferRunSettingsHelper.MakeRunsettingsCompatible: Removing the following settings: TargetPlatform from RunSettings file. To use those settings please move to latest version of Microsoft.NET.Test.Sdk
TpTrace Verbose: 0 : 9704, 13, 2024/04/27, 19:35:59.477, 8145514486775, vstest.console.dll, TcpClientExtensions.MessageLoopAsync: NotifyDataAvailable remoteEndPoint: 127.0.0.1:65312 localEndPoint: 127.0.0.1:65311
TpTrace Verbose: 0 : 9704, 13, 2024/04/27, 19:35:59.478, 8145514498471, vstest.console.dll, TestRequestSender.OnExecutionMessageReceived: Received message: {"Version":7,"MessageType":"TestSession.Message","Payload":{"MessageLevel":0,"Message":"Logging TestHost Diagnostics in file: C:\\Users\\vc\\Desktop\\Training\\Day 13\\ShoppingSolution\\ShoppingBLTest\\bin\\Debug\\net6.0\\fine-code-coverage\\coverage-tool-output\\diagnostics.host.24-04-27_19-35-59_14901_5.log"}}
TpTrace Verbose: 0 : 9704, 13, 2024/04/27, 19:35:59.480, 8145514519845, vstest.console.dll, TestRunRequest:SendTestRunMessage: Starting.
TpTrace Verbose: 0 : 9704, 13, 2024/04/27, 19:35:59.480, 8145514521710, vstest.console.dll, MulticastDelegateUtilities.SafeInvoke: TestRun.LogMessages: Invoking callback 1/1 for Microsoft.VisualStudio.TestPlatform.CommandLine.TestRunResultAggregator., took 0 ms.
TpTrace Verbose: 0 : 9704, 4, 2024/04/27, 19:35:59.480, 8145514521943, vstest.console.dll, MulticastDelegateUtilities.SafeInvoke: InternalTestLoggerEvents.SendTestRunMessage: Invoking callback 1/1 for Microsoft.VisualStudio.TestPlatform.CommandLine.Internal.ConsoleLogger., took 0 ms.
TpTrace Information: 0 : 9704, 13, 2024/04/27, 19:35:59.480, 8145514522849, vstest.console.dll, TestRunRequest:SendTestRunMessage: Completed.
TpTrace Verbose: 0 : 9704, 13, 2024/04/27, 19:35:59.480, 8145514523539, vstest.console.dll, MulticastDelegateUtilities.SafeInvoke: LengthPrefixCommunicationChannel: MessageReceived: Invoking callback 1/1 for Microsoft.VisualStudio.TestPlatform.CommunicationUtilities.TestRequestSender+<>c__DisplayClass34_0., took 3 ms.
TpTrace Verbose: 0 : 9704, 13, 2024/04/27, 19:35:59.481, 8145514523984, vstest.console.dll, TcpClientExtensions.MessageLoopAsync: Polling on remoteEndPoint: 127.0.0.1:65312 localEndPoint: 127.0.0.1:65311 after 8 ms
TpTrace Verbose: 0 : 9704, 5, 2024/04/27, 19:35:59.487, 8145514591351, vstest.console.dll, TestRequestSender.StartTestRun: Sending test run with message: {"Version":7,"MessageType":"TestExecution.StartWithSources","Payload":{"AdapterSourceMap":{"_none_":["C:\\Users\\vc\\Desktop\\Training\\Day 13\\ShoppingSolution\\ShoppingBLTest\\bin\\Debug\\net6.0\\fine-code-coverage\\build-output\\ShoppingBLTest.dll"]},"RunSettings":"<RunSettings>\r\n  <RunConfiguration>\r\n    <ResultsDirectory>C:\\Users\\vc\\Desktop\\Training\\Day 13\\ShoppingSolution\\ShoppingBLTest\\bin\\Debug\\net6.0\\fine-code-coverage\\coverage-tool-output</ResultsDirectory>\r\n    <TargetFrameworkVersion>.NETCoreApp,Version=v6.0</TargetFrameworkVersion>\r\n    <DesignMode>False</DesignMode>\r\n    <CollectSourceInformation>False</CollectSourceInformation>\r\n  </RunConfiguration>\r\n  <LoggerRunSettings>\r\n    <Loggers>\r\n      <Logger friendlyName=\"blame\" enabled=\"True\" />\r\n      <Logger friendlyName=\"Console\" uri=\"logger://microsoft/TestPlatform/ConsoleLogger/v1\" assemblyQualifiedName=\"Microsoft.VisualStudio.TestPlatform.CommandLine.Internal.ConsoleLogger, vstest.console, Version=15.0.0.0, Culture=neutral, PublicKeyToken=b03f5f7f11d50a3a\" codeBase=\"C:\\Program Files\\dotnet\\sdk\\8.0.202\\vstest.console.dll\" enabled=\"True\" />\r\n    </Loggers>\r\n  </LoggerRunSettings>\r\n  <DataCollectionRunSettings>\r\n    <DataCollectors>\r\n      <DataCollector friendlyName=\"blame\" enabled=\"True\">\r\n        <Configuration>\r\n          <ResultsDirectory>C:\\Users\\vc\\Desktop\\Training\\Day 13\\ShoppingSolution\\ShoppingBLTest\\bin\\Debug\\net6.0\\fine-code-coverage\\coverage-tool-output</ResultsDirectory>\r\n        </Configuration>\r\n      </DataCollector>\r\n    </DataCollectors>\r\n  </DataCollectionRunSettings>\r\n</RunSettings>","TestExecutionContext":{"FrequencyOfRunStatsChangeEvent":10,"RunStatsChangeEventTimeout":"00:00:01.5000000","InIsolation":false,"KeepAlive":false,"AreTestCaseLevelEventsRequired":false,"IsDebug":false,"TestCaseFilter":null,"FilterOptions":null},"Package":null}}
TpTrace Verbose: 0 : 9704, 5, 2024/04/27, 19:35:59.488, 8145514594192, vstest.console.dll, ParallelProxyExecutionManager.StartTestRunOnConcurrentManager: Execution started. Started clients: 1
TpTrace Verbose: 0 : 9704, 13, 2024/04/27, 19:35:59.715, 8145516873065, vstest.console.dll, TcpClientExtensions.MessageLoopAsync: NotifyDataAvailable remoteEndPoint: 127.0.0.1:65312 localEndPoint: 127.0.0.1:65311
TpTrace Verbose: 0 : 9704, 13, 2024/04/27, 19:35:59.716, 8145516875912, vstest.console.dll, TestRequestSender.OnExecutionMessageReceived: Received message: {"Version":7,"MessageType":"TestSession.Message","Payload":{"MessageLevel":0,"Message":"NUnit Adapter 4.4.0.0: Test execution started"}}
TpTrace Verbose: 0 : 9704, 13, 2024/04/27, 19:35:59.716, 8145516877761, vstest.console.dll, TestRunRequest:SendTestRunMessage: Starting.
TpTrace Verbose: 0 : 9704, 13, 2024/04/27, 19:35:59.716, 8145516878416, vstest.console.dll, MulticastDelegateUtilities.SafeInvoke: TestRun.LogMessages: Invoking callback 1/1 for Microsoft.VisualStudio.TestPlatform.CommandLine.TestRunResultAggregator., took 0 ms.
TpTrace Information: 0 : 9704, 13, 2024/04/27, 19:35:59.716, 8145516878685, vstest.console.dll, TestRunRequest:SendTestRunMessage: Completed.
TpTrace Verbose: 0 : 9704, 13, 2024/04/27, 19:35:59.716, 8145516879026, vstest.console.dll, MulticastDelegateUtilities.SafeInvoke: LengthPrefixCommunicationChannel: MessageReceived: Invoking callback 1/1 for Microsoft.VisualStudio.TestPlatform.CommunicationUtilities.TestRequestSender+<>c__DisplayClass34_0., took 0 ms.
TpTrace Verbose: 0 : 9704, 13, 2024/04/27, 19:35:59.716, 8145516879304, vstest.console.dll, TcpClientExtensions.MessageLoopAsync: Polling on remoteEndPoint: 127.0.0.1:65312 localEndPoint: 127.0.0.1:65311 after 235 ms
TpTrace Verbose: 0 : 9704, 4, 2024/04/27, 19:35:59.717, 8145516885164, vstest.console.dll, MulticastDelegateUtilities.SafeInvoke: InternalTestLoggerEvents.SendTestRunMessage: Invoking callback 1/1 for Microsoft.VisualStudio.TestPlatform.CommandLine.Internal.ConsoleLogger., took 0 ms.
TpTrace Verbose: 0 : 9704, 13, 2024/04/27, 19:35:59.741, 8145517123810, vstest.console.dll, TcpClientExtensions.MessageLoopAsync: NotifyDataAvailable remoteEndPoint: 127.0.0.1:65312 localEndPoint: 127.0.0.1:65311
TpTrace Verbose: 0 : 9704, 13, 2024/04/27, 19:35:59.741, 8145517126259, vstest.console.dll, TestRequestSender.OnExecutionMessageReceived: Received message: {"Version":7,"MessageType":"TestSession.Message","Payload":{"MessageLevel":0,"Message":"Running all tests in C:\\Users\\vc\\Desktop\\Training\\Day 13\\ShoppingSolution\\ShoppingBLTest\\bin\\Debug\\net6.0\\fine-code-coverage\\build-output\\ShoppingBLTest.dll"}}
TpTrace Verbose: 0 : 9704, 13, 2024/04/27, 19:35:59.741, 8145517127680, vstest.console.dll, TestRunRequest:SendTestRunMessage: Starting.
TpTrace Verbose: 0 : 9704, 13, 2024/04/27, 19:35:59.741, 8145517128377, vstest.console.dll, MulticastDelegateUtilities.SafeInvoke: TestRun.LogMessages: Invoking callback 1/1 for Microsoft.VisualStudio.TestPlatform.CommandLine.TestRunResultAggregator., took 0 ms.
TpTrace Information: 0 : 9704, 13, 2024/04/27, 19:35:59.741, 8145517129140, vstest.console.dll, TestRunRequest:SendTestRunMessage: Completed.
TpTrace Verbose: 0 : 9704, 13, 2024/04/27, 19:35:59.741, 8145517129484, vstest.console.dll, MulticastDelegateUtilities.SafeInvoke: LengthPrefixCommunicationChannel: MessageReceived: Invoking callback 1/1 for Microsoft.VisualStudio.TestPlatform.CommunicationUtilities.TestRequestSender+<>c__DisplayClass34_0., took 0 ms.
TpTrace Verbose: 0 : 9704, 4, 2024/04/27, 19:35:59.741, 8145517129592, vstest.console.dll, MulticastDelegateUtilities.SafeInvoke: InternalTestLoggerEvents.SendTestRunMessage: Invoking callback 1/1 for Microsoft.VisualStudio.TestPlatform.CommandLine.Internal.ConsoleLogger., took 0 ms.
TpTrace Verbose: 0 : 9704, 13, 2024/04/27, 19:35:59.741, 8145517129885, vstest.console.dll, TcpClientExtensions.MessageLoopAsync: Polling on remoteEndPoint: 127.0.0.1:65312 localEndPoint: 127.0.0.1:65311 after 25 ms
TpTrace Verbose: 0 : 9704, 13, 2024/04/27, 19:35:59.880, 8145518522460, vstest.console.dll, TcpClientExtensions.MessageLoopAsync: NotifyDataAvailable remoteEndPoint: 127.0.0.1:65312 localEndPoint: 127.0.0.1:65311
TpTrace Verbose: 0 : 9704, 13, 2024/04/27, 19:35:59.881, 8145518524552, vstest.console.dll, TestRequestSender.OnExecutionMessageReceived: Received message: {"Version":7,"MessageType":"TestSession.Message","Payload":{"MessageLevel":0,"Message":"   NUnit3TestExecutor discovered 29 of 29 NUnit test cases using Current Discovery mode, Non-Explicit run"}}
TpTrace Verbose: 0 : 9704, 13, 2024/04/27, 19:35:59.881, 8145518526278, vstest.console.dll, TestRunRequest:SendTestRunMessage: Starting.
TpTrace Verbose: 0 : 9704, 13, 2024/04/27, 19:35:59.881, 8145518527192, vstest.console.dll, MulticastDelegateUtilities.SafeInvoke: TestRun.LogMessages: Invoking callback 1/1 for Microsoft.VisualStudio.TestPlatform.CommandLine.TestRunResultAggregator., took 0 ms.
TpTrace Information: 0 : 9704, 13, 2024/04/27, 19:35:59.881, 8145518527647, vstest.console.dll, TestRunRequest:SendTestRunMessage: Completed.
TpTrace Verbose: 0 : 9704, 4, 2024/04/27, 19:35:59.881, 8145518527668, vstest.console.dll, MulticastDelegateUtilities.SafeInvoke: InternalTestLoggerEvents.SendTestRunMessage: Invoking callback 1/1 for Microsoft.VisualStudio.TestPlatform.CommandLine.Internal.ConsoleLogger., took 0 ms.
TpTrace Verbose: 0 : 9704, 13, 2024/04/27, 19:35:59.881, 8145518528116, vstest.console.dll, MulticastDelegateUtilities.SafeInvoke: LengthPrefixCommunicationChannel: MessageReceived: Invoking callback 1/1 for Microsoft.VisualStudio.TestPlatform.CommunicationUtilities.TestRequestSender+<>c__DisplayClass34_0., took 0 ms.
TpTrace Verbose: 0 : 9704, 13, 2024/04/27, 19:35:59.881, 8145518529908, vstest.console.dll, TcpClientExtensions.MessageLoopAsync: Polling on remoteEndPoint: 127.0.0.1:65312 localEndPoint: 127.0.0.1:65311 after 139 ms
TpTrace Verbose: 0 : 9704, 13, 2024/04/27, 19:36:00.029, 8145520013515, vstest.console.dll, TcpClientExtensions.MessageLoopAsync: NotifyDataAvailable remoteEndPoint: 127.0.0.1:65312 localEndPoint: 127.0.0.1:65311
TpTrace Verbose: 0 : 9704, 13, 2024/04/27, 19:36:00.030, 8145520017907, vstest.console.dll, TestRequestSender.OnExecutionMessageReceived: Received message: {"Version":7,"MessageType":"TestExecution.StatsChange","Payload":{"NewTestResults":[{"TestCase":{"Id":"0c2bcc7f-cf3a-7b0a-5a25-ea4c271b4599","FullyQualifiedName":"ShoppingBLTest.CartBLTest.CartBLAddItemToCartTest.AddToCartNoCartFoundExceptionTest","DisplayName":"AddToCartNoCartFoundExceptionTest","ExecutorUri":"executor://NUnit3TestExecutor","Source":"C:\\Users\\vc\\Desktop\\Training\\Day 13\\ShoppingSolution\\ShoppingBLTest\\bin\\Debug\\net6.0\\fine-code-coverage\\build-output\\ShoppingBLTest.dll","CodeFilePath":null,"LineNumber":0,"Properties":[{"Key":{"Id":"NUnit.Seed","Label":"Seed","Category":"","Description":"","Attributes":0,"ValueType":"System.String"},"Value":"1670478424"}]},"Attachments":[],"Outcome":1,"ErrorMessage":null,"ErrorStackTrace":null,"DisplayName":"AddToCartNoCartFoundExceptionTest","Messages":[],"ComputerName":"86RBBX3","Duration":"00:00:00.0265320","StartTime":"2024-04-27T14:05:59.9048618+00:00","EndTime":"2024-04-27T14:05:59.9313363+00:00","Properties":[{"Key":{"Id":"NUnit.Seed","Label":"Seed","Category":"","Description":"","Attributes":0,"ValueType":"System.String"},"Value":"1670478424"}]},{"TestCase":{"Id":"9b52933a-c87f-4667-cdb9-e100070b53a9","FullyQualifiedName":"ShoppingBLTest.CartBLTest.CartBLAddItemToCartTest.AddToCartQuantityExceededExceptionTest","DisplayName":"AddToCartQuantityExceededExceptionTest","ExecutorUri":"executor://NUnit3TestExecutor","Source":"C:\\Users\\vc\\Desktop\\Training\\Day 13\\ShoppingSolution\\ShoppingBLTest\\bin\\Debug\\net6.0\\fine-code-coverage\\build-output\\ShoppingBLTest.dll","CodeFilePath":null,"LineNumber":0,"Properties":[{"Key":{"Id":"NUnit.Seed","Label":"Seed","Category":"","Description":"","Attributes":0,"ValueType":"System.String"},"Value":"1272960203"}]},"Attachments":[],"Outcome":1,"ErrorMessage":null,"ErrorStackTrace":null,"DisplayName":"AddToCartQuantityExceededExceptionTest","Messages":[],"ComputerName":"86RBBX3","Duration":"00:00:00.0005670","StartTime":"2024-04-27T14:05:59.9324713+00:00","EndTime":"2024-04-27T14:05:59.9330383+00:00","Properties":[{"Key":{"Id":"NUnit.Seed","Label":"Seed","Category":"","Description":"","Attributes":0,"ValueType":"System.String"},"Value":"1272960203"}]},{"TestCase":{"Id":"b1718791-685a-bd2e-8a54-d44d6c07160e","FullyQualifiedName":"ShoppingBLTest.CartBLTest.CartBLAddItemToCartTest.AddToCartSuccessTest","DisplayName":"AddToCartSuccessTest","ExecutorUri":"executor://NUnit3TestExecutor","Source":"C:\\Users\\vc\\Desktop\\Training\\Day 13\\ShoppingSolution\\ShoppingBLTest\\bin\\Debug\\net6.0\\fine-code-coverage\\build-output\\ShoppingBLTest.dll","CodeFilePath":null,"LineNumber":0,"Properties":[{"Key":{"Id":"NUnit.Seed","Label":"Seed","Category":"","Description":"","Attributes":0,"ValueType":"System.String"},"Value":"1958654674"}]},"Attachments":[],"Outcome":1,"ErrorMessage":null,"ErrorStackTrace":null,"DisplayName":"AddToCartSuccessTest","Messages":[],"ComputerName":"86RBBX3","Duration":"00:00:00.0072260","StartTime":"2024-04-27T14:05:59.9330561+00:00","EndTime":"2024-04-27T14:05:59.9402817+00:00","Properties":[{"Key":{"Id":"NUnit.Seed","Label":"Seed","Category":"","Description":"","Attributes":0,"ValueType":"System.String"},"Value":"1958654674"}]},{"TestCase":{"Id":"5609dbb4-4779-b339-2d45-818e76401f85","FullyQualifiedName":"ShoppingBLTest.CartBLTest.CartBLAddItemToCartTest.AddToCartSuccessTest1","DisplayName":"AddToCartSuccessTest1","ExecutorUri":"executor://NUnit3TestExecutor","Source":"C:\\Users\\vc\\Desktop\\Training\\Day 13\\ShoppingSolution\\ShoppingBLTest\\bin\\Debug\\net6.0\\fine-code-coverage\\build-output\\ShoppingBLTest.dll","CodeFilePath":null,"LineNumber":0,"Properties":[{"Key":{"Id":"NUnit.Seed","Label":"Seed","Category":"","Description":"","Attributes":0,"ValueType":"System.String"},"Value":"390605815"}]},"Attachments":[],"Outcome":1,"ErrorMessage":null,"ErrorStackTrace":null,"DisplayName":"AddToCartSuccessTest1","Messages":[],"ComputerName":"86RBBX3","Duration":"00:00:00.0005520","StartTime":"2024-04-27T14:05:59.9403083+00:00","EndTime":"2024-04-27T14:05:59.9408597+00:00","Properties":[{"Key":{"Id":"NUnit.Seed","Label":"Seed","Category":"","Description":"","Attributes":0,"ValueType":"System.String"},"Value":"390605815"}]},{"TestCase":{"Id":"1ee28160-e8de-4efd-c39e-db83e4e5755a","FullyQualifiedName":"ShoppingBLTest.CartBLTest.CartBLCheckForDiscountTest.CheckForDiscountEmptyCartExceptionTest","DisplayName":"CheckForDiscountEmptyCartExceptionTest","ExecutorUri":"executor://NUnit3TestExecutor","Source":"C:\\Users\\vc\\Desktop\\Training\\Day 13\\ShoppingSolution\\ShoppingBLTest\\bin\\Debug\\net6.0\\fine-code-coverage\\build-output\\ShoppingBLTest.dll","CodeFilePath":null,"LineNumber":0,"Properties":[{"Key":{"Id":"NUnit.Seed","Label":"Seed","Category":"","Description":"","Attributes":0,"ValueType":"System.String"},"Value":"704142594"}]},"Attachments":[],"Outcome":1,"ErrorMessage":null,"ErrorStackTrace":null,"DisplayName":"CheckForDiscountEmptyCartExceptionTest","Messages":[],"ComputerName":"86RBBX3","Duration":"00:00:00.0005090","StartTime":"2024-04-27T14:05:59.9426605+00:00","EndTime":"2024-04-27T14:05:59.9431694+00:00","Properties":[{"Key":{"Id":"NUnit.Seed","Label":"Seed","Category":"","Description":"","Attributes":0,"ValueType":"System.String"},"Value":"704142594"}]},{"TestCase":{"Id":"bade2a4b-0a20-4b9b-6a99-0d497e31fd8d","FullyQualifiedName":"ShoppingBLTest.CartBLTest.CartBLCheckForDiscountTest.CheckForDiscountSuccessTest","DisplayName":"CheckForDiscountSuccessTest","ExecutorUri":"executor://NUnit3TestExecutor","Source":"C:\\Users\\vc\\Desktop\\Training\\Day 13\\ShoppingSolution\\ShoppingBLTest\\bin\\Debug\\net6.0\\fine-code-coverage\\build-output\\ShoppingBLTest.dll","CodeFilePath":null,"LineNumber":0,"Properties":[{"Key":{"Id":"NUnit.Seed","Label":"Seed","Category":"","Description":"","Attributes":0,"ValueType":"System.String"},"Value":"261195421"}]},"Attachments":[],"Outcome":1,"ErrorMessage":null,"ErrorStackTrace":null,"DisplayName":"CheckForDiscountSuccessTest","Messages":[],"ComputerName":"86RBBX3","Duration":"00:00:00.0013140","StartTime":"2024-04-27T14:05:59.9431819+00:00","EndTime":"2024-04-27T14:05:59.9444962+00:00","Properties":[{"Key":{"Id":"NUnit.Seed","Label":"Seed","Category":"","Description":"","Attributes":0,"ValueType":"System.String"},"Value":"261195421"}]},{"TestCase":{"Id":"b4678fa6-76ed-309a-2048-0857a9032a96","FullyQualifiedName":"ShoppingBLTest.CartBLTest.CartBLRemoveCartItemTest.RemoveFromCartItemNotExceptionTest","DisplayName":"RemoveFromCartItemNotExceptionTest","ExecutorUri":"executor://NUnit3TestExecutor","Source":"C:\\Users\\vc\\Desktop\\Training\\Day 13\\ShoppingSolution\\ShoppingBLTest\\bin\\Debug\\net6.0\\fine-code-coverage\\build-output\\ShoppingBLTest.dll","CodeFilePath":null,"LineNumber":0,"Properties":[{"Key":{"Id":"NUnit.Seed","Label":"Seed","Category":"","Description":"","Attributes":0,"ValueType":"System.String"},"Value":"335270288"}]},"Attachments":[],"Outcome":1,"ErrorMessage":null,"ErrorStackTrace":null,"DisplayName":"RemoveFromCartItemNotExceptionTest","Messages":[],"ComputerName":"86RBBX3","Duration":"00:00:00.0015530","StartTime":"2024-04-27T14:05:59.9446544+00:00","EndTime":"2024-04-27T14:05:59.9462072+00:00","Properties":[{"Key":{"Id":"NUnit.Seed","Label":"Seed","Category":"","Description":"","Attributes":0,"ValueType":"System.String"},"Value":"335270288"}]},{"TestCase":{"Id":"e0d4ce0f-ca16-1ac6-5856-45f4098d3d84","FullyQualifiedName":"ShoppingBLTest.CartBLTest.CartBLRemoveCartItemTest.RemoveFromCartNoCartFoundExceptionTest","DisplayName":"RemoveFromCartNoCartFoundExceptionTest","ExecutorUri":"executor://NUnit3TestExecutor","Source":"C:\\Users\\vc\\Desktop\\Training\\Day 13\\ShoppingSolution\\ShoppingBLTest\\bin\\Debug\\net6.0\\fine-code-coverage\\build-output\\ShoppingBLTest.dll","CodeFilePath":null,"LineNumber":0,"Properties":[{"Key":{"Id":"NUnit.Seed","Label":"Seed","Category":"","Description":"","Attributes":0,"ValueType":"System.String"},"Value":"1084245977"}]},"Attachments":[],"Outcome":1,"ErrorMessage":null,"ErrorStackTrace":null,"DisplayName":"RemoveFromCartNoCartFoundExceptionTest","Messages":[],"ComputerName":"86RBBX3","Duration":"00:00:00.0002290","StartTime":"2024-04-27T14:05:59.946229+00:00","EndTime":"2024-04-27T14:05:59.9464582+00:00","Properties":[{"Key":{"Id":"NUnit.Seed","Label":"Seed","Category":"","Description":"","Attributes":0,"ValueType":"System.String"},"Value":"1084245977"}]},{"TestCase":{"Id":"b444ebac-dd33-f7f8-a47f-e53d4500d150","FullyQualifiedName":"ShoppingBLTest.CartBLTest.CartBLRemoveCartItemTest.RemoveFromCartSuccessTest","DisplayName":"RemoveFromCartSuccessTest","ExecutorUri":"executor://NUnit3TestExecutor","Source":"C:\\Users\\vc\\Desktop\\Training\\Day 13\\ShoppingSolution\\ShoppingBLTest\\bin\\Debug\\net6.0\\fine-code-coverage\\build-output\\ShoppingBLTest.dll","CodeFilePath":null,"LineNumber":0,"Properties":[{"Key":{"Id":"NUnit.Seed","Label":"Seed","Category":"","Description":"","Attributes":0,"ValueType":"System.String"},"Value":"556277655"}]},"Attachments":[],"Outcome":1,"ErrorMessage":null,"ErrorStackTrace":null,"DisplayName":"RemoveFromCartSuccessTest","Messages":[],"ComputerName":"86RBBX3","Duration":"00:00:00.0003669","StartTime":"2024-04-27T14:05:59.9464679+00:00","EndTime":"2024-04-27T14:05:59.9468345+00:00","Properties":[{"Key":{"Id":"NUnit.Seed","Label":"Seed","Category":"","Description":"","Attributes":0,"ValueType":"System.String"},"Value":"556277655"}]}],"TestRunStatistics":{"ExecutedTests":9,"Stats":{"Passed":9}},"ActiveTests":[{"Id":"9536c2db-9160-0e61-e9d9-3bb019819844","FullyQualifiedName":"ShoppingBLTest.CartBLTest.CartBLUpdateCartItemQuantityTest.UpdateCartQuantityCartItemNotFoundExceptionTest","DisplayName":"UpdateCartQuantityCartItemNotFoundExceptionTest","ExecutorUri":"executor://NUnit3TestExecutor","Source":"C:\\Users\\vc\\Desktop\\Training\\Day 13\\ShoppingSolution\\ShoppingBLTest\\bin\\Debug\\net6.0\\fine-code-coverage\\build-output\\ShoppingBLTest.dll","CodeFilePath":null,"LineNumber":0,"Properties":[{"Key":{"Id":"NUnit.Seed","Label":"Seed","Category":"","Description":"","Attributes":0,"ValueType":"System.String"},"Value":"1172513046"}]}]}}
TpTrace Verbose: 0 : 9704, 13, 2024/04/27, 19:36:00.060, 8145520316296, vstest.console.dll, TestRunRequest:SendTestRunStatsChange: Starting.
TpTrace Verbose: 0 : 9704, 13, 2024/04/27, 19:36:00.060, 8145520318278, vstest.console.dll, InProgress is UpdateCartQuantityCartItemNotFoundExceptionTest
TpTrace Verbose: 0 : 9704, 13, 2024/04/27, 19:36:00.060, 8145520321655, vstest.console.dll, MulticastDelegateUtilities.SafeInvoke: TestRun.RunStatsChanged: Invoking callbacks was skipped because there are no subscribers.
TpTrace Information: 0 : 9704, 13, 2024/04/27, 19:36:00.060, 8145520322270, vstest.console.dll, TestRunRequest:SendTestRunStatsChange: Completed.
TpTrace Verbose: 0 : 9704, 13, 2024/04/27, 19:36:00.060, 8145520322686, vstest.console.dll, MulticastDelegateUtilities.SafeInvoke: LengthPrefixCommunicationChannel: MessageReceived: Invoking callback 1/1 for Microsoft.VisualStudio.TestPlatform.CommunicationUtilities.TestRequestSender+<>c__DisplayClass34_0., took 30 ms.
TpTrace Verbose: 0 : 9704, 13, 2024/04/27, 19:36:00.060, 8145520323602, vstest.console.dll, TcpClientExtensions.MessageLoopAsync: Polling on remoteEndPoint: 127.0.0.1:65312 localEndPoint: 127.0.0.1:65311 after 179 ms
TpTrace Verbose: 0 : 9704, 13, 2024/04/27, 19:36:00.062, 8145520334722, vstest.console.dll, TcpClientExtensions.MessageLoopAsync: NotifyDataAvailable remoteEndPoint: 127.0.0.1:65312 localEndPoint: 127.0.0.1:65311
TpTrace Verbose: 0 : 9704, 13, 2024/04/27, 19:36:00.062, 8145520339289, vstest.console.dll, TestRequestSender.OnExecutionMessageReceived: Received message: {"Version":7,"MessageType":"TestExecution.StatsChange","Payload":{"NewTestResults":[{"TestCase":{"Id":"9536c2db-9160-0e61-e9d9-3bb019819844","FullyQualifiedName":"ShoppingBLTest.CartBLTest.CartBLUpdateCartItemQuantityTest.UpdateCartQuantityCartItemNotFoundExceptionTest","DisplayName":"UpdateCartQuantityCartItemNotFoundExceptionTest","ExecutorUri":"executor://NUnit3TestExecutor","Source":"C:\\Users\\vc\\Desktop\\Training\\Day 13\\ShoppingSolution\\ShoppingBLTest\\bin\\Debug\\net6.0\\fine-code-coverage\\build-output\\ShoppingBLTest.dll","CodeFilePath":null,"LineNumber":0,"Properties":[{"Key":{"Id":"NUnit.Seed","Label":"Seed","Category":"","Description":"","Attributes":0,"ValueType":"System.String"},"Value":"1172513046"}]},"Attachments":[],"Outcome":1,"ErrorMessage":null,"ErrorStackTrace":null,"DisplayName":"UpdateCartQuantityCartItemNotFoundExceptionTest","Messages":[],"ComputerName":"86RBBX3","Duration":"00:00:00.0011470","StartTime":"2024-04-27T14:05:59.9469203+00:00","EndTime":"2024-04-27T14:05:59.9480675+00:00","Properties":[{"Key":{"Id":"NUnit.Seed","Label":"Seed","Category":"","Description":"","Attributes":0,"ValueType":"System.String"},"Value":"1172513046"}]},{"TestCase":{"Id":"d471809f-24da-cae8-50ca-e7c4af6bcdb4","FullyQualifiedName":"ShoppingBLTest.CartBLTest.CartBLUpdateCartItemQuantityTest.UpdateCartQuantityExceededExceptionTest","DisplayName":"UpdateCartQuantityExceededExceptionTest","ExecutorUri":"executor://NUnit3TestExecutor","Source":"C:\\Users\\vc\\Desktop\\Training\\Day 13\\ShoppingSolution\\ShoppingBLTest\\bin\\Debug\\net6.0\\fine-code-coverage\\build-output\\ShoppingBLTest.dll","CodeFilePath":null,"LineNumber":0,"Properties":[{"Key":{"Id":"NUnit.Seed","Label":"Seed","Category":"","Description":"","Attributes":0,"ValueType":"System.String"},"Value":"546437691"}]},"Attachments":[],"Outcome":1,"ErrorMessage":null,"ErrorStackTrace":null,"DisplayName":"UpdateCartQuantityExceededExceptionTest","Messages":[],"ComputerName":"86RBBX3","Duration":"00:00:00.0003869","StartTime":"2024-04-27T14:05:59.9480828+00:00","EndTime":"2024-04-27T14:05:59.9484699+00:00","Properties":[{"Key":{"Id":"NUnit.Seed","Label":"Seed","Category":"","Description":"","Attributes":0,"ValueType":"System.String"},"Value":"546437691"}]},{"TestCase":{"Id":"d736edbd-bd09-e4fc-9fb5-ea645c272466","FullyQualifiedName":"ShoppingBLTest.CartBLTest.CartBLUpdateCartItemQuantityTest.UpdateCartQuantityNoCartFoundExceptionTest","DisplayName":"UpdateCartQuantityNoCartFoundExceptionTest","ExecutorUri":"executor://NUnit3TestExecutor","Source":"C:\\Users\\vc\\Desktop\\Training\\Day 13\\ShoppingSolution\\ShoppingBLTest\\bin\\Debug\\net6.0\\fine-code-coverage\\build-output\\ShoppingBLTest.dll","CodeFilePath":null,"LineNumber":0,"Properties":[{"Key":{"Id":"NUnit.Seed","Label":"Seed","Category":"","Description":"","Attributes":0,"ValueType":"System.String"},"Value":"1721095598"}]},"Attachments":[],"Outcome":1,"ErrorMessage":null,"ErrorStackTrace":null,"DisplayName":"UpdateCartQuantityNoCartFoundExceptionTest","Messages":[],"ComputerName":"86RBBX3","Duration":"00:00:00.0001960","StartTime":"2024-04-27T14:05:59.9484808+00:00","EndTime":"2024-04-27T14:05:59.9486768+00:00","Properties":[{"Key":{"Id":"NUnit.Seed","Label":"Seed","Category":"","Description":"","Attributes":0,"ValueType":"System.String"},"Value":"1721095598"}]},{"TestCase":{"Id":"b328ae98-dbab-416f-2ab0-39edcf7d3bae","FullyQualifiedName":"ShoppingBLTest.CartBLTest.CartBLUpdateCartItemQuantityTest.UpdateCartQuantitySuccessTest","DisplayName":"UpdateCartQuantitySuccessTest","ExecutorUri":"executor://NUnit3TestExecutor","Source":"C:\\Users\\vc\\Desktop\\Training\\Day 13\\ShoppingSolution\\ShoppingBLTest\\bin\\Debug\\net6.0\\fine-code-coverage\\build-output\\ShoppingBLTest.dll","CodeFilePath":null,"LineNumber":0,"Properties":[{"Key":{"Id":"NUnit.Seed","Label":"Seed","Category":"","Description":"","Attributes":0,"ValueType":"System.String"},"Value":"2023119571"}]},"Attachments":[],"Outcome":1,"ErrorMessage":null,"ErrorStackTrace":null,"DisplayName":"UpdateCartQuantitySuccessTest","Messages":[],"ComputerName":"86RBBX3","Duration":"00:00:00.0003750","StartTime":"2024-04-27T14:05:59.9486858+00:00","EndTime":"2024-04-27T14:05:59.9490606+00:00","Properties":[{"Key":{"Id":"NUnit.Seed","Label":"Seed","Category":"","Description":"","Attributes":0,"ValueType":"System.String"},"Value":"2023119571"}]},{"TestCase":{"Id":"62514552-f766-bcac-92da-71f4a4d0dbc8","FullyQualifiedName":"ShoppingBLTest.CartBLTest.Tests.CheckForChargesEmptyCartExceptionTest","DisplayName":"CheckForChargesEmptyCartExceptionTest","ExecutorUri":"executor://NUnit3TestExecutor","Source":"C:\\Users\\vc\\Desktop\\Training\\Day 13\\ShoppingSolution\\ShoppingBLTest\\bin\\Debug\\net6.0\\fine-code-coverage\\build-output\\ShoppingBLTest.dll","CodeFilePath":null,"LineNumber":0,"Properties":[{"Key":{"Id":"NUnit.Seed","Label":"Seed","Category":"","Description":"","Attributes":0,"ValueType":"System.String"},"Value":"1154559848"}]},"Attachments":[],"Outcome":1,"ErrorMessage":null,"ErrorStackTrace":null,"DisplayName":"CheckForChargesEmptyCartExceptionTest","Messages":[],"ComputerName":"86RBBX3","Duration":"00:00:00.0005880","StartTime":"2024-04-27T14:05:59.9491595+00:00","EndTime":"2024-04-27T14:05:59.9497476+00:00","Properties":[{"Key":{"Id":"NUnit.Seed","Label":"Seed","Category":"","Description":"","Attributes":0,"ValueType":"System.String"},"Value":"1154559848"}]},{"TestCase":{"Id":"05b8d1f1-cc02-ca9a-f752-4e92d0dd7fa6","FullyQualifiedName":"ShoppingBLTest.CartBLTest.Tests.CheckForChargesSuccessTest","DisplayName":"CheckForChargesSuccessTest","ExecutorUri":"executor://NUnit3TestExecutor","Source":"C:\\Users\\vc\\Desktop\\Training\\Day 13\\ShoppingSolution\\ShoppingBLTest\\bin\\Debug\\net6.0\\fine-code-coverage\\build-output\\ShoppingBLTest.dll","CodeFilePath":null,"LineNumber":0,"Properties":[{"Key":{"Id":"NUnit.Seed","Label":"Seed","Category":"","Description":"","Attributes":0,"ValueType":"System.String"},"Value":"1780421300"}]},"Attachments":[],"Outcome":1,"ErrorMessage":null,"ErrorStackTrace":null,"DisplayName":"CheckForChargesSuccessTest","Messages":[],"ComputerName":"86RBBX3","Duration":"00:00:00.0015260","StartTime":"2024-04-27T14:05:59.9497578+00:00","EndTime":"2024-04-27T14:05:59.9512832+00:00","Properties":[{"Key":{"Id":"NUnit.Seed","Label":"Seed","Category":"","Description":"","Attributes":0,"ValueType":"System.String"},"Value":"1780421300"}]},{"TestCase":{"Id":"0061d5af-4743-229d-4ffa-dacbb32d7d09","FullyQualifiedName":"ShoppingBLTest.CustomerBLTest.CustomerBLCreateNewCustomerTest.CreateNewCustomerDuplicatDataExceptionTest","DisplayName":"CreateNewCustomerDuplicatDataExceptionTest","ExecutorUri":"executor://NUnit3TestExecutor","Source":"C:\\Users\\vc\\Desktop\\Training\\Day 13\\ShoppingSolution\\ShoppingBLTest\\bin\\Debug\\net6.0\\fine-code-coverage\\build-output\\ShoppingBLTest.dll","CodeFilePath":null,"LineNumber":0,"Properties":[{"Key":{"Id":"NUnit.Seed","Label":"Seed","Category":"","Description":"","Attributes":0,"ValueType":"System.String"},"Value":"1108993494"}]},"Attachments":[],"Outcome":1,"ErrorMessage":null,"ErrorStackTrace":null,"DisplayName":"CreateNewCustomerDuplicatDataExceptionTest","Messages":[],"ComputerName":"86RBBX3","Duration":"00:00:00.0014520","StartTime":"2024-04-27T14:05:59.9514305+00:00","EndTime":"2024-04-27T14:05:59.9528824+00:00","Properties":[{"Key":{"Id":"NUnit.Seed","Label":"Seed","Category":"","Description":"","Attributes":0,"ValueType":"System.String"},"Value":"1108993494"}]},{"TestCase":{"Id":"3ca2e6b8-5a22-3f47-2473-53e63c5e83a7","FullyQualifiedName":"ShoppingBLTest.CustomerBLTest.CustomerBLCreateNewCustomerTest.CreateNewCustomerSuccessTest","DisplayName":"CreateNewCustomerSuccessTest","ExecutorUri":"executor://NUnit3TestExecutor","Source":"C:\\Users\\vc\\Desktop\\Training\\Day 13\\ShoppingSolution\\ShoppingBLTest\\bin\\Debug\\net6.0\\fine-code-coverage\\build-output\\ShoppingBLTest.dll","CodeFilePath":null,"LineNumber":0,"Properties":[{"Key":{"Id":"NUnit.Seed","Label":"Seed","Category":"","Description":"","Attributes":0,"ValueType":"System.String"},"Value":"1616499523"}]},"Attachments":[],"Outcome":1,"ErrorMessage":null,"ErrorStackTrace":null,"DisplayName":"CreateNewCustomerSuccessTest","Messages":[],"ComputerName":"86RBBX3","Duration":"00:00:00.0003630","StartTime":"2024-04-27T14:05:59.9528977+00:00","EndTime":"2024-04-27T14:05:59.9532602+00:00","Properties":[{"Key":{"Id":"NUnit.Seed","Label":"Seed","Category":"","Description":"","Attributes":0,"ValueType":"System.String"},"Value":"1616499523"}]},{"TestCase":{"Id":"15b9adc4-cc01-9f1b-8bda-9df7db14dbb6","FullyQualifiedName":"ShoppingBLTest.CustomerBLTest.CustomerBLDeleteCustomerTest.DeleteCustomerNotFoundExceptionTest","DisplayName":"DeleteCustomerNotFoundExceptionTest","ExecutorUri":"executor://NUnit3TestExecutor","Source":"C:\\Users\\vc\\Desktop\\Training\\Day 13\\ShoppingSolution\\ShoppingBLTest\\bin\\Debug\\net6.0\\fine-code-coverage\\build-output\\ShoppingBLTest.dll","CodeFilePath":null,"LineNumber":0,"Properties":[{"Key":{"Id":"NUnit.Seed","Label":"Seed","Category":"","Description":"","Attributes":0,"ValueType":"System.String"},"Value":"2105151464"}]},"Attachments":[],"Outcome":1,"ErrorMessage":null,"ErrorStackTrace":null,"DisplayName":"DeleteCustomerNotFoundExceptionTest","Messages":[],"ComputerName":"86RBBX3","Duration":"00:00:00.0009260","StartTime":"2024-04-27T14:05:59.9533534+00:00","EndTime":"2024-04-27T14:05:59.954279+00:00","Properties":[{"Key":{"Id":"NUnit.Seed","Label":"Seed","Category":"","Description":"","Attributes":0,"ValueType":"System.String"},"Value":"2105151464"}]}],"TestRunStatistics":{"ExecutedTests":18,"Stats":{"Passed":18}},"ActiveTests":[{"Id":"3c03c775-23d1-1d6c-5105-62ee222bc9d9","FullyQualifiedName":"ShoppingBLTest.CustomerBLTest.CustomerBLDeleteCustomerTest.DeleteCustomerSuccessTest","DisplayName":"DeleteCustomerSuccessTest","ExecutorUri":"executor://NUnit3TestExecutor","Source":"C:\\Users\\vc\\Desktop\\Training\\Day 13\\ShoppingSolution\\ShoppingBLTest\\bin\\Debug\\net6.0\\fine-code-coverage\\build-output\\ShoppingBLTest.dll","CodeFilePath":null,"LineNumber":0,"Properties":[{"Key":{"Id":"NUnit.Seed","Label":"Seed","Category":"","Description":"","Attributes":0,"ValueType":"System.String"},"Value":"1793668145"}]}]}}
TpTrace Verbose: 0 : 9704, 4, 2024/04/27, 19:36:00.063, 8145520344073, vstest.console.dll, MulticastDelegateUtilities.SafeInvoke: InternalTestLoggerEvents.SendTestResult: Invoking callback 1/1 for Microsoft.VisualStudio.TestPlatform.CommandLine.Internal.ConsoleLogger., took 2 ms.
TpTrace Verbose: 0 : 9704, 4, 2024/04/27, 19:36:00.063, 8145520348466, vstest.console.dll, MulticastDelegateUtilities.SafeInvoke: InternalTestLoggerEvents.SendTestResult: Invoking callback 1/1 for Microsoft.VisualStudio.TestPlatform.CommandLine.Internal.ConsoleLogger., took 0 ms.
TpTrace Verbose: 0 : 9704, 4, 2024/04/27, 19:36:00.063, 8145520349478, vstest.console.dll, MulticastDelegateUtilities.SafeInvoke: InternalTestLoggerEvents.SendTestResult: Invoking callback 1/1 for Microsoft.VisualStudio.TestPlatform.CommandLine.Internal.ConsoleLogger., took 0 ms.
TpTrace Verbose: 0 : 9704, 4, 2024/04/27, 19:36:00.063, 8145520350208, vstest.console.dll, MulticastDelegateUtilities.SafeInvoke: InternalTestLoggerEvents.SendTestResult: Invoking callback 1/1 for Microsoft.VisualStudio.TestPlatform.CommandLine.Internal.ConsoleLogger., took 0 ms.
TpTrace Verbose: 0 : 9704, 4, 2024/04/27, 19:36:00.063, 8145520350769, vstest.console.dll, MulticastDelegateUtilities.SafeInvoke: InternalTestLoggerEvents.SendTestResult: Invoking callback 1/1 for Microsoft.VisualStudio.TestPlatform.CommandLine.Internal.ConsoleLogger., took 0 ms.
TpTrace Verbose: 0 : 9704, 4, 2024/04/27, 19:36:00.063, 8145520351283, vstest.console.dll, MulticastDelegateUtilities.SafeInvoke: InternalTestLoggerEvents.SendTestResult: Invoking callback 1/1 for Microsoft.VisualStudio.TestPlatform.CommandLine.Internal.ConsoleLogger., took 0 ms.
TpTrace Verbose: 0 : 9704, 4, 2024/04/27, 19:36:00.063, 8145520352091, vstest.console.dll, MulticastDelegateUtilities.SafeInvoke: InternalTestLoggerEvents.SendTestResult: Invoking callback 1/1 for Microsoft.VisualStudio.TestPlatform.CommandLine.Internal.ConsoleLogger., took 0 ms.
TpTrace Verbose: 0 : 9704, 4, 2024/04/27, 19:36:00.064, 8145520353743, vstest.console.dll, MulticastDelegateUtilities.SafeInvoke: InternalTestLoggerEvents.SendTestResult: Invoking callback 1/1 for Microsoft.VisualStudio.TestPlatform.CommandLine.Internal.ConsoleLogger., took 0 ms.
TpTrace Verbose: 0 : 9704, 4, 2024/04/27, 19:36:00.064, 8145520354575, vstest.console.dll, MulticastDelegateUtilities.SafeInvoke: InternalTestLoggerEvents.SendTestResult: Invoking callback 1/1 for Microsoft.VisualStudio.TestPlatform.CommandLine.Internal.ConsoleLogger., took 0 ms.
TpTrace Verbose: 0 : 9704, 13, 2024/04/27, 19:36:00.065, 8145520370254, vstest.console.dll, TestRunRequest:SendTestRunStatsChange: Starting.
TpTrace Verbose: 0 : 9704, 13, 2024/04/27, 19:36:00.065, 8145520372453, vstest.console.dll, InProgress is DeleteCustomerSuccessTest
TpTrace Verbose: 0 : 9704, 13, 2024/04/27, 19:36:00.065, 8145520373399, vstest.console.dll, MulticastDelegateUtilities.SafeInvoke: TestRun.RunStatsChanged: Invoking callbacks was skipped because there are no subscribers.
TpTrace Information: 0 : 9704, 13, 2024/04/27, 19:36:00.066, 8145520373771, vstest.console.dll, TestRunRequest:SendTestRunStatsChange: Completed.
TpTrace Verbose: 0 : 9704, 4, 2024/04/27, 19:36:00.066, 8145520374044, vstest.console.dll, MulticastDelegateUtilities.SafeInvoke: InternalTestLoggerEvents.SendTestResult: Invoking callback 1/1 for Microsoft.VisualStudio.TestPlatform.CommandLine.Internal.ConsoleLogger., took 0 ms.
TpTrace Verbose: 0 : 9704, 13, 2024/04/27, 19:36:00.066, 8145520374282, vstest.console.dll, MulticastDelegateUtilities.SafeInvoke: LengthPrefixCommunicationChannel: MessageReceived: Invoking callback 1/1 for Microsoft.VisualStudio.TestPlatform.CommunicationUtilities.TestRequestSender+<>c__DisplayClass34_0., took 3 ms.
TpTrace Verbose: 0 : 9704, 4, 2024/04/27, 19:36:00.066, 8145520375536, vstest.console.dll, MulticastDelegateUtilities.SafeInvoke: InternalTestLoggerEvents.SendTestResult: Invoking callback 1/1 for Microsoft.VisualStudio.TestPlatform.CommandLine.Internal.ConsoleLogger., took 0 ms.
TpTrace Verbose: 0 : 9704, 13, 2024/04/27, 19:36:00.066, 8145520376178, vstest.console.dll, TcpClientExtensions.MessageLoopAsync: Polling on remoteEndPoint: 127.0.0.1:65312 localEndPoint: 127.0.0.1:65311 after 5 ms
TpTrace Verbose: 0 : 9704, 4, 2024/04/27, 19:36:00.066, 8145520376184, vstest.console.dll, MulticastDelegateUtilities.SafeInvoke: InternalTestLoggerEvents.SendTestResult: Invoking callback 1/1 for Microsoft.VisualStudio.TestPlatform.CommandLine.Internal.ConsoleLogger., took 0 ms.
TpTrace Verbose: 0 : 9704, 4, 2024/04/27, 19:36:00.066, 8145520377856, vstest.console.dll, MulticastDelegateUtilities.SafeInvoke: InternalTestLoggerEvents.SendTestResult: Invoking callback 1/1 for Microsoft.VisualStudio.TestPlatform.CommandLine.Internal.ConsoleLogger., took 0 ms.
TpTrace Verbose: 0 : 9704, 4, 2024/04/27, 19:36:00.066, 8145520378342, vstest.console.dll, MulticastDelegateUtilities.SafeInvoke: InternalTestLoggerEvents.SendTestResult: Invoking callback 1/1 for Microsoft.VisualStudio.TestPlatform.CommandLine.Internal.ConsoleLogger., took 0 ms.
TpTrace Verbose: 0 : 9704, 4, 2024/04/27, 19:36:00.066, 8145520378842, vstest.console.dll, MulticastDelegateUtilities.SafeInvoke: InternalTestLoggerEvents.SendTestResult: Invoking callback 1/1 for Microsoft.VisualStudio.TestPlatform.CommandLine.Internal.ConsoleLogger., took 0 ms.
TpTrace Verbose: 0 : 9704, 4, 2024/04/27, 19:36:00.066, 8145520379215, vstest.console.dll, MulticastDelegateUtilities.SafeInvoke: InternalTestLoggerEvents.SendTestResult: Invoking callback 1/1 for Microsoft.VisualStudio.TestPlatform.CommandLine.Internal.ConsoleLogger., took 0 ms.
TpTrace Verbose: 0 : 9704, 4, 2024/04/27, 19:36:00.066, 8145520379559, vstest.console.dll, MulticastDelegateUtilities.SafeInvoke: InternalTestLoggerEvents.SendTestResult: Invoking callback 1/1 for Microsoft.VisualStudio.TestPlatform.CommandLine.Internal.ConsoleLogger., took 0 ms.
TpTrace Verbose: 0 : 9704, 4, 2024/04/27, 19:36:00.066, 8145520379882, vstest.console.dll, MulticastDelegateUtilities.SafeInvoke: InternalTestLoggerEvents.SendTestResult: Invoking callback 1/1 for Microsoft.VisualStudio.TestPlatform.CommandLine.Internal.ConsoleLogger., took 0 ms.
TpTrace Verbose: 0 : 9704, 13, 2024/04/27, 19:36:00.088, 8145520598759, vstest.console.dll, TcpClientExtensions.MessageLoopAsync: NotifyDataAvailable remoteEndPoint: 127.0.0.1:65312 localEndPoint: 127.0.0.1:65311
TpTrace Verbose: 0 : 9704, 13, 2024/04/27, 19:36:00.088, 8145520602794, vstest.console.dll, TestRequestSender.OnExecutionMessageReceived: Received message: {"Version":7,"MessageType":"TestExecution.StatsChange","Payload":{"NewTestResults":[{"TestCase":{"Id":"3c03c775-23d1-1d6c-5105-62ee222bc9d9","FullyQualifiedName":"ShoppingBLTest.CustomerBLTest.CustomerBLDeleteCustomerTest.DeleteCustomerSuccessTest","DisplayName":"DeleteCustomerSuccessTest","ExecutorUri":"executor://NUnit3TestExecutor","Source":"C:\\Users\\vc\\Desktop\\Training\\Day 13\\ShoppingSolution\\ShoppingBLTest\\bin\\Debug\\net6.0\\fine-code-coverage\\build-output\\ShoppingBLTest.dll","CodeFilePath":null,"LineNumber":0,"Properties":[{"Key":{"Id":"NUnit.Seed","Label":"Seed","Category":"","Description":"","Attributes":0,"ValueType":"System.String"},"Value":"1793668145"}]},"Attachments":[],"Outcome":1,"ErrorMessage":null,"ErrorStackTrace":null,"DisplayName":"DeleteCustomerSuccessTest","Messages":[],"ComputerName":"86RBBX3","Duration":"00:00:00.0005860","StartTime":"2024-04-27T14:05:59.9542911+00:00","EndTime":"2024-04-27T14:05:59.9548771+00:00","Properties":[{"Key":{"Id":"NUnit.Seed","Label":"Seed","Category":"","Description":"","Attributes":0,"ValueType":"System.String"},"Value":"1793668145"}]},{"TestCase":{"Id":"99e71d99-dad2-8ee4-04b6-031818319e58","FullyQualifiedName":"ShoppingBLTest.CustomerBLTest.CustomerBLUpdateTest.UpdateCustomerNameSuccessTest","DisplayName":"UpdateCustomerNameSuccessTest","ExecutorUri":"executor://NUnit3TestExecutor","Source":"C:\\Users\\vc\\Desktop\\Training\\Day 13\\ShoppingSolution\\ShoppingBLTest\\bin\\Debug\\net6.0\\fine-code-coverage\\build-output\\ShoppingBLTest.dll","CodeFilePath":null,"LineNumber":0,"Properties":[{"Key":{"Id":"NUnit.Seed","Label":"Seed","Category":"","Description":"","Attributes":0,"ValueType":"System.String"},"Value":"1961562279"}]},"Attachments":[],"Outcome":1,"ErrorMessage":null,"ErrorStackTrace":null,"DisplayName":"UpdateCustomerNameSuccessTest","Messages":[],"ComputerName":"86RBBX3","Duration":"00:00:00.0009330","StartTime":"2024-04-27T14:05:59.9549583+00:00","EndTime":"2024-04-27T14:05:59.9558912+00:00","Properties":[{"Key":{"Id":"NUnit.Seed","Label":"Seed","Category":"","Description":"","Attributes":0,"ValueType":"System.String"},"Value":"1961562279"}]},{"TestCase":{"Id":"5b8a5edd-55b1-4d11-dca8-4ec922056701","FullyQualifiedName":"ShoppingBLTest.CustomerBLTest.CustomerBLUpdateTest.UpdateCustomerNotFoundExceptionTest","DisplayName":"UpdateCustomerNotFoundExceptionTest","ExecutorUri":"executor://NUnit3TestExecutor","Source":"C:\\Users\\vc\\Desktop\\Training\\Day 13\\ShoppingSolution\\ShoppingBLTest\\bin\\Debug\\net6.0\\fine-code-coverage\\build-output\\ShoppingBLTest.dll","CodeFilePath":null,"LineNumber":0,"Properties":[{"Key":{"Id":"NUnit.Seed","Label":"Seed","Category":"","Description":"","Attributes":0,"ValueType":"System.String"},"Value":"458965106"}]},"Attachments":[],"Outcome":1,"ErrorMessage":null,"ErrorStackTrace":null,"DisplayName":"UpdateCustomerNotFoundExceptionTest","Messages":[],"ComputerName":"86RBBX3","Duration":"00:00:00.0004860","StartTime":"2024-04-27T14:05:59.9559046+00:00","EndTime":"2024-04-27T14:05:59.9563906+00:00","Properties":[{"Key":{"Id":"NUnit.Seed","Label":"Seed","Category":"","Description":"","Attributes":0,"ValueType":"System.String"},"Value":"458965106"}]},{"TestCase":{"Id":"376c9d90-6dc0-e1c4-59e6-0d986359986a","FullyQualifiedName":"ShoppingBLTest.CustomerBLTest.CustomerBLUpdateTest.UpdateCustomerPhSuccessTest","DisplayName":"UpdateCustomerPhSuccessTest","ExecutorUri":"executor://NUnit3TestExecutor","Source":"C:\\Users\\vc\\Desktop\\Training\\Day 13\\ShoppingSolution\\ShoppingBLTest\\bin\\Debug\\net6.0\\fine-code-coverage\\build-output\\ShoppingBLTest.dll","CodeFilePath":null,"LineNumber":0,"Properties":[{"Key":{"Id":"NUnit.Seed","Label":"Seed","Category":"","Description":"","Attributes":0,"ValueType":"System.String"},"Value":"609774679"}]},"Attachments":[],"Outcome":1,"ErrorMessage":null,"ErrorStackTrace":null,"DisplayName":"UpdateCustomerPhSuccessTest","Messages":[],"ComputerName":"86RBBX3","Duration":"00:00:00.0007390","StartTime":"2024-04-27T14:05:59.9564018+00:00","EndTime":"2024-04-27T14:05:59.9571403+00:00","Properties":[{"Key":{"Id":"NUnit.Seed","Label":"Seed","Category":"","Description":"","Attributes":0,"ValueType":"System.String"},"Value":"609774679"}]},{"TestCase":{"Id":"4bf95648-0eac-552b-75f6-618c11a21077","FullyQualifiedName":"ShoppingBLTest.ProductBLTest.ProductBLCreateProductTest.CreateNewProductDuplicateDataExceptionTest","DisplayName":"CreateNewProductDuplicateDataExceptionTest","ExecutorUri":"executor://NUnit3TestExecutor","Source":"C:\\Users\\vc\\Desktop\\Training\\Day 13\\ShoppingSolution\\ShoppingBLTest\\bin\\Debug\\net6.0\\fine-code-coverage\\build-output\\ShoppingBLTest.dll","CodeFilePath":null,"LineNumber":0,"Properties":[{"Key":{"Id":"NUnit.Seed","Label":"Seed","Category":"","Description":"","Attributes":0,"ValueType":"System.String"},"Value":"1629801895"}]},"Attachments":[],"Outcome":1,"ErrorMessage":null,"ErrorStackTrace":null,"DisplayName":"CreateNewProductDuplicateDataExceptionTest","Messages":[],"ComputerName":"86RBBX3","Duration":"00:00:00.0013370","StartTime":"2024-04-27T14:05:59.9572252+00:00","EndTime":"2024-04-27T14:05:59.9585619+00:00","Properties":[{"Key":{"Id":"NUnit.Seed","Label":"Seed","Category":"","Description":"","Attributes":0,"ValueType":"System.String"},"Value":"1629801895"}]},{"TestCase":{"Id":"b82e72dc-1adf-91d1-405e-d5bd0fb08412","FullyQualifiedName":"ShoppingBLTest.ProductBLTest.ProductBLCreateProductTest.CreateNewProductSuccessTest","DisplayName":"CreateNewProductSuccessTest","ExecutorUri":"executor://NUnit3TestExecutor","Source":"C:\\Users\\vc\\Desktop\\Training\\Day 13\\ShoppingSolution\\ShoppingBLTest\\bin\\Debug\\net6.0\\fine-code-coverage\\build-output\\ShoppingBLTest.dll","CodeFilePath":null,"LineNumber":0,"Properties":[{"Key":{"Id":"NUnit.Seed","Label":"Seed","Category":"","Description":"","Attributes":0,"ValueType":"System.String"},"Value":"1574403779"}]},"Attachments":[],"Outcome":1,"ErrorMessage":null,"ErrorStackTrace":null,"DisplayName":"CreateNewProductSuccessTest","Messages":[],"ComputerName":"86RBBX3","Duration":"00:00:00.0004040","StartTime":"2024-04-27T14:05:59.958582+00:00","EndTime":"2024-04-27T14:05:59.9589862+00:00","Properties":[{"Key":{"Id":"NUnit.Seed","Label":"Seed","Category":"","Description":"","Attributes":0,"ValueType":"System.String"},"Value":"1574403779"}]},{"TestCase":{"Id":"1f11e870-af31-d205-ca35-8ef7f265456a","FullyQualifiedName":"ShoppingBLTest.ProductBLTest.ProductBLDeleteTest.DeleteProductNotFoundExceptionTest","DisplayName":"DeleteProductNotFoundExceptionTest","ExecutorUri":"executor://NUnit3TestExecutor","Source":"C:\\Users\\vc\\Desktop\\Training\\Day 13\\ShoppingSolution\\ShoppingBLTest\\bin\\Debug\\net6.0\\fine-code-coverage\\build-output\\ShoppingBLTest.dll","CodeFilePath":null,"LineNumber":0,"Properties":[{"Key":{"Id":"NUnit.Seed","Label":"Seed","Category":"","Description":"","Attributes":0,"ValueType":"System.String"},"Value":"331543266"}]},"Attachments":[],"Outcome":1,"ErrorMessage":null,"ErrorStackTrace":null,"DisplayName":"DeleteProductNotFoundExceptionTest","Messages":[],"ComputerName":"86RBBX3","Duration":"00:00:00.0008390","StartTime":"2024-04-27T14:05:59.9590761+00:00","EndTime":"2024-04-27T14:05:59.9599151+00:00","Properties":[{"Key":{"Id":"NUnit.Seed","Label":"Seed","Category":"","Description":"","Attributes":0,"ValueType":"System.String"},"Value":"331543266"}]},{"TestCase":{"Id":"ae0fd576-b33c-745e-f386-f63edf6b11c3","FullyQualifiedName":"ShoppingBLTest.ProductBLTest.ProductBLDeleteTest.DeleteProductSuccessTest","DisplayName":"DeleteProductSuccessTest","ExecutorUri":"executor://NUnit3TestExecutor","Source":"C:\\Users\\vc\\Desktop\\Training\\Day 13\\ShoppingSolution\\ShoppingBLTest\\bin\\Debug\\net6.0\\fine-code-coverage\\build-output\\ShoppingBLTest.dll","CodeFilePath":null,"LineNumber":0,"Properties":[{"Key":{"Id":"NUnit.Seed","Label":"Seed","Category":"","Description":"","Attributes":0,"ValueType":"System.String"},"Value":"277602657"}]},"Attachments":[],"Outcome":1,"ErrorMessage":null,"ErrorStackTrace":null,"DisplayName":"DeleteProductSuccessTest","Messages":[],"ComputerName":"86RBBX3","Duration":"00:00:00.0024060","StartTime":"2024-04-27T14:05:59.9599273+00:00","EndTime":"2024-04-27T14:05:59.9623329+00:00","Properties":[{"Key":{"Id":"NUnit.Seed","Label":"Seed","Category":"","Description":"","Attributes":0,"ValueType":"System.String"},"Value":"277602657"}]},{"TestCase":{"Id":"5576b6ee-1f42-2d41-b5bb-a3337a112765","FullyQualifiedName":"ShoppingBLTest.ProductBLTest.ProductBLUpdateProductTest.UpdateProductNotFoundExceptionTest","DisplayName":"UpdateProductNotFoundExceptionTest","ExecutorUri":"executor://NUnit3TestExecutor","Source":"C:\\Users\\vc\\Desktop\\Training\\Day 13\\ShoppingSolution\\ShoppingBLTest\\bin\\Debug\\net6.0\\fine-code-coverage\\build-output\\ShoppingBLTest.dll","CodeFilePath":null,"LineNumber":0,"Properties":[{"Key":{"Id":"NUnit.Seed","Label":"Seed","Category":"","Description":"","Attributes":0,"ValueType":"System.String"},"Value":"1502880236"}]},"Attachments":[],"Outcome":1,"ErrorMessage":null,"ErrorStackTrace":null,"DisplayName":"UpdateProductNotFoundExceptionTest","Messages":[],"ComputerName":"86RBBX3","Duration":"00:00:00.0009940","StartTime":"2024-04-27T14:05:59.9625425+00:00","EndTime":"2024-04-27T14:05:59.9635361+00:00","Properties":[{"Key":{"Id":"NUnit.Seed","Label":"Seed","Category":"","Description":"","Attributes":0,"ValueType":"System.String"},"Value":"1502880236"}]}],"TestRunStatistics":{"ExecutedTests":27,"Stats":{"Passed":27}},"ActiveTests":[{"Id":"32c3b6c0-fa55-1d28-1941-c1458bdb9fb4","FullyQualifiedName":"ShoppingBLTest.ProductBLTest.ProductBLUpdateProductTest.UpdateProductPriceSuccessTest","DisplayName":"UpdateProductPriceSuccessTest","ExecutorUri":"executor://NUnit3TestExecutor","Source":"C:\\Users\\vc\\Desktop\\Training\\Day 13\\ShoppingSolution\\ShoppingBLTest\\bin\\Debug\\net6.0\\fine-code-coverage\\build-output\\ShoppingBLTest.dll","CodeFilePath":null,"LineNumber":0,"Properties":[{"Key":{"Id":"NUnit.Seed","Label":"Seed","Category":"","Description":"","Attributes":0,"ValueType":"System.String"},"Value":"747615502"}]}]}}
TpTrace Verbose: 0 : 9704, 13, 2024/04/27, 19:36:00.090, 8145520617899, vstest.console.dll, TestRunRequest:SendTestRunStatsChange: Starting.
TpTrace Verbose: 0 : 9704, 13, 2024/04/27, 19:36:00.090, 8145520618426, vstest.console.dll, InProgress is UpdateProductPriceSuccessTest
TpTrace Verbose: 0 : 9704, 13, 2024/04/27, 19:36:00.090, 8145520619066, vstest.console.dll, MulticastDelegateUtilities.SafeInvoke: TestRun.RunStatsChanged: Invoking callbacks was skipped because there are no subscribers.
TpTrace Information: 0 : 9704, 13, 2024/04/27, 19:36:00.090, 8145520619446, vstest.console.dll, TestRunRequest:SendTestRunStatsChange: Completed.
TpTrace Verbose: 0 : 9704, 4, 2024/04/27, 19:36:00.090, 8145520619483, vstest.console.dll, MulticastDelegateUtilities.SafeInvoke: InternalTestLoggerEvents.SendTestResult: Invoking callback 1/1 for Microsoft.VisualStudio.TestPlatform.CommandLine.Internal.ConsoleLogger., took 0 ms.
TpTrace Verbose: 0 : 9704, 13, 2024/04/27, 19:36:00.090, 8145520619882, vstest.console.dll, MulticastDelegateUtilities.SafeInvoke: LengthPrefixCommunicationChannel: MessageReceived: Invoking callback 1/1 for Microsoft.VisualStudio.TestPlatform.CommunicationUtilities.TestRequestSender+<>c__DisplayClass34_0., took 1 ms.
TpTrace Verbose: 0 : 9704, 4, 2024/04/27, 19:36:00.090, 8145520620388, vstest.console.dll, MulticastDelegateUtilities.SafeInvoke: InternalTestLoggerEvents.SendTestResult: Invoking callback 1/1 for Microsoft.VisualStudio.TestPlatform.CommandLine.Internal.ConsoleLogger., took 0 ms.
TpTrace Verbose: 0 : 9704, 13, 2024/04/27, 19:36:00.090, 8145520620896, vstest.console.dll, TcpClientExtensions.MessageLoopAsync: Polling on remoteEndPoint: 127.0.0.1:65312 localEndPoint: 127.0.0.1:65311 after 24 ms
TpTrace Verbose: 0 : 9704, 4, 2024/04/27, 19:36:00.091, 8145520632075, vstest.console.dll, MulticastDelegateUtilities.SafeInvoke: InternalTestLoggerEvents.SendTestResult: Invoking callback 1/1 for Microsoft.VisualStudio.TestPlatform.CommandLine.Internal.ConsoleLogger., took 1 ms.
TpTrace Verbose: 0 : 9704, 4, 2024/04/27, 19:36:00.091, 8145520633259, vstest.console.dll, MulticastDelegateUtilities.SafeInvoke: InternalTestLoggerEvents.SendTestResult: Invoking callback 1/1 for Microsoft.VisualStudio.TestPlatform.CommandLine.Internal.ConsoleLogger., took 0 ms.
TpTrace Verbose: 0 : 9704, 4, 2024/04/27, 19:36:00.092, 8145520634040, vstest.console.dll, MulticastDelegateUtilities.SafeInvoke: InternalTestLoggerEvents.SendTestResult: Invoking callback 1/1 for Microsoft.VisualStudio.TestPlatform.CommandLine.Internal.ConsoleLogger., took 0 ms.
TpTrace Verbose: 0 : 9704, 4, 2024/04/27, 19:36:00.092, 8145520634601, vstest.console.dll, MulticastDelegateUtilities.SafeInvoke: InternalTestLoggerEvents.SendTestResult: Invoking callback 1/1 for Microsoft.VisualStudio.TestPlatform.CommandLine.Internal.ConsoleLogger., took 0 ms.
TpTrace Verbose: 0 : 9704, 4, 2024/04/27, 19:36:00.092, 8145520635145, vstest.console.dll, MulticastDelegateUtilities.SafeInvoke: InternalTestLoggerEvents.SendTestResult: Invoking callback 1/1 for Microsoft.VisualStudio.TestPlatform.CommandLine.Internal.ConsoleLogger., took 0 ms.
TpTrace Verbose: 0 : 9704, 4, 2024/04/27, 19:36:00.092, 8145520635690, vstest.console.dll, MulticastDelegateUtilities.SafeInvoke: InternalTestLoggerEvents.SendTestResult: Invoking callback 1/1 for Microsoft.VisualStudio.TestPlatform.CommandLine.Internal.ConsoleLogger., took 0 ms.
TpTrace Verbose: 0 : 9704, 4, 2024/04/27, 19:36:00.092, 8145520636228, vstest.console.dll, MulticastDelegateUtilities.SafeInvoke: InternalTestLoggerEvents.SendTestResult: Invoking callback 1/1 for Microsoft.VisualStudio.TestPlatform.CommandLine.Internal.ConsoleLogger., took 0 ms.
TpTrace Verbose: 0 : 9704, 13, 2024/04/27, 19:36:00.099, 8145520707365, vstest.console.dll, TcpClientExtensions.MessageLoopAsync: NotifyDataAvailable remoteEndPoint: 127.0.0.1:65312 localEndPoint: 127.0.0.1:65311
TpTrace Verbose: 0 : 9704, 13, 2024/04/27, 19:36:00.099, 8145520709654, vstest.console.dll, TestRequestSender.OnExecutionMessageReceived: Received message: {"Version":7,"MessageType":"TestSession.Message","Payload":{"MessageLevel":0,"Message":"NUnit Adapter 4.4.0.0: Test execution complete"}}
TpTrace Verbose: 0 : 9704, 13, 2024/04/27, 19:36:00.099, 8145520711415, vstest.console.dll, TestRunRequest:SendTestRunMessage: Starting.
TpTrace Verbose: 0 : 9704, 13, 2024/04/27, 19:36:00.099, 8145520712337, vstest.console.dll, MulticastDelegateUtilities.SafeInvoke: TestRun.LogMessages: Invoking callback 1/1 for Microsoft.VisualStudio.TestPlatform.CommandLine.TestRunResultAggregator., took 0 ms.
TpTrace Information: 0 : 9704, 13, 2024/04/27, 19:36:00.100, 8145520713673, vstest.console.dll, TestRunRequest:SendTestRunMessage: Completed.
TpTrace Verbose: 0 : 9704, 13, 2024/04/27, 19:36:00.100, 8145520714095, vstest.console.dll, MulticastDelegateUtilities.SafeInvoke: LengthPrefixCommunicationChannel: MessageReceived: Invoking callback 1/1 for Microsoft.VisualStudio.TestPlatform.CommunicationUtilities.TestRequestSender+<>c__DisplayClass34_0., took 0 ms.
TpTrace Verbose: 0 : 9704, 13, 2024/04/27, 19:36:00.100, 8145520714538, vstest.console.dll, TcpClientExtensions.MessageLoopAsync: Polling on remoteEndPoint: 127.0.0.1:65312 localEndPoint: 127.0.0.1:65311 after 9 ms
TpTrace Verbose: 0 : 9704, 4, 2024/04/27, 19:36:00.101, 8145520725382, vstest.console.dll, MulticastDelegateUtilities.SafeInvoke: InternalTestLoggerEvents.SendTestRunMessage: Invoking callback 1/1 for Microsoft.VisualStudio.TestPlatform.CommandLine.Internal.ConsoleLogger., took 0 ms.
TpTrace Verbose: 0 : 9704, 13, 2024/04/27, 19:36:00.122, 8145520934794, vstest.console.dll, TcpClientExtensions.MessageLoopAsync: NotifyDataAvailable remoteEndPoint: 127.0.0.1:65312 localEndPoint: 127.0.0.1:65311
TpTrace Verbose: 0 : 9704, 13, 2024/04/27, 19:36:00.122, 8145520937486, vstest.console.dll, TestRequestSender.OnExecutionMessageReceived: Received message: {"Version":7,"MessageType":"TestExecution.Completed","Payload":{"TestRunCompleteArgs":{"TestRunStatistics":{"ExecutedTests":29,"Stats":{"Passed":29}},"IsCanceled":false,"IsAborted":false,"Error":null,"AttachmentSets":[],"InvokedDataCollectors":[],"ElapsedTimeInRunningTests":"00:00:00.4149001","Metrics":{},"DiscoveredExtensions":{"TestDiscoverers":["NUnit.VisualStudio.TestAdapter.NUnit3TestDiscoverer, NUnit3.TestAdapter, Version=4.4.0.0, Culture=neutral, PublicKeyToken=4cb40d35494691ac"],"TestExecutors":["executor://NUnit3TestExecutor"],"TestExecutors2":[],"TestSettingsProviders":[]}},"LastRunTests":{"NewTestResults":[{"TestCase":{"Id":"32c3b6c0-fa55-1d28-1941-c1458bdb9fb4","FullyQualifiedName":"ShoppingBLTest.ProductBLTest.ProductBLUpdateProductTest.UpdateProductPriceSuccessTest","DisplayName":"UpdateProductPriceSuccessTest","ExecutorUri":"executor://NUnit3TestExecutor","Source":"C:\\Users\\vc\\Desktop\\Training\\Day 13\\ShoppingSolution\\ShoppingBLTest\\bin\\Debug\\net6.0\\fine-code-coverage\\build-output\\ShoppingBLTest.dll","CodeFilePath":null,"LineNumber":0,"Properties":[{"Key":{"Id":"NUnit.Seed","Label":"Seed","Category":"","Description":"","Attributes":0,"ValueType":"System.String"},"Value":"747615502"}]},"Attachments":[],"Outcome":1,"ErrorMessage":null,"ErrorStackTrace":null,"DisplayName":"UpdateProductPriceSuccessTest","Messages":[],"ComputerName":"86RBBX3","Duration":"00:00:00.0005750","StartTime":"2024-04-27T14:05:59.963551+00:00","EndTime":"2024-04-27T14:05:59.9641256+00:00","Properties":[{"Key":{"Id":"NUnit.Seed","Label":"Seed","Category":"","Description":"","Attributes":0,"ValueType":"System.String"},"Value":"747615502"}]},{"TestCase":{"Id":"00e635d8-44c1-8a12-2373-97b6b5081dbb","FullyQualifiedName":"ShoppingBLTest.ProductBLTest.ProductBLUpdateProductTest.UpdateProductQuantitySuccessTest","DisplayName":"UpdateProductQuantitySuccessTest","ExecutorUri":"executor://NUnit3TestExecutor","Source":"C:\\Users\\vc\\Desktop\\Training\\Day 13\\ShoppingSolution\\ShoppingBLTest\\bin\\Debug\\net6.0\\fine-code-coverage\\build-output\\ShoppingBLTest.dll","CodeFilePath":null,"LineNumber":0,"Properties":[{"Key":{"Id":"NUnit.Seed","Label":"Seed","Category":"","Description":"","Attributes":0,"ValueType":"System.String"},"Value":"1871302506"}]},"Attachments":[],"Outcome":1,"ErrorMessage":null,"ErrorStackTrace":null,"DisplayName":"UpdateProductQuantitySuccessTest","Messages":[],"ComputerName":"86RBBX3","Duration":"00:00:00.0007190","StartTime":"2024-04-27T14:05:59.9641355+00:00","EndTime":"2024-04-27T14:05:59.9648543+00:00","Properties":[{"Key":{"Id":"NUnit.Seed","Label":"Seed","Category":"","Description":"","Attributes":0,"ValueType":"System.String"},"Value":"1871302506"}]}],"TestRunStatistics":{"ExecutedTests":29,"Stats":{"Passed":29}},"ActiveTests":[]},"RunAttachments":[],"ExecutorUris":["executor://nunit3testexecutor/"]}}
TpTrace Verbose: 0 : 9704, 13, 2024/04/27, 19:36:00.122, 8145520938890, vstest.console.dll, TestRequestSender.EndSession: Sending end session.
TpTrace Verbose: 0 : 9704, 13, 2024/04/27, 19:36:00.122, 8145520940954, vstest.console.dll, ProxyOperationManager.Close: waiting for test host to exit for 100 ms
TpTrace Verbose: 0 : 9704, 11, 2024/04/27, 19:36:00.149, 8145521209088, vstest.console.dll, TestHostManagerCallbacks.ctor: Experimental forwarding output is disabled.
TpTrace Warning: 0 : 9704, 11, 2024/04/27, 19:36:00.149, 8145521210867, vstest.console.dll, TestHostManagerCallbacks.ErrorReceivedCallback Test host standard error line: 
TpTrace Verbose: 0 : 9704, 11, 2024/04/27, 19:36:00.156, 8145521277870, vstest.console.dll, TestHostProvider.ExitCallBack: Host exited starting callback.
TpTrace Information: 0 : 9704, 11, 2024/04/27, 19:36:00.156, 8145521279502, vstest.console.dll, TestHostManagerCallbacks.ExitCallBack: Testhost processId: 15368 exited with exitcode: 0 error: ''
TpTrace Verbose: 0 : 9704, 11, 2024/04/27, 19:36:00.156, 8145521279859, vstest.console.dll, DotnetTestHostManager.OnHostExited: invoking OnHostExited callback
TpTrace Verbose: 0 : 9704, 11, 2024/04/27, 19:36:00.156, 8145521280448, vstest.console.dll, CrossPlatEngine.TestHostManagerHostExited: calling on client process exit callback.
TpTrace Information: 0 : 9704, 11, 2024/04/27, 19:36:00.156, 8145521280927, vstest.console.dll, TestRequestSender.OnClientProcessExit: Test host process exited. Standard error: 
TpTrace Information: 0 : 9704, 11, 2024/04/27, 19:36:00.156, 8145521281261, vstest.console.dll, SocketServer.Stop: Stop server endPoint: 127.0.0.1:65311
TpTrace Information: 0 : 9704, 11, 2024/04/27, 19:36:00.156, 8145521281513, vstest.console.dll, SocketServer.Stop: Cancellation requested. Stopping message loop.
TpTrace Information: 0 : 9704, 13, 2024/04/27, 19:36:00.156, 8145521281445, vstest.console.dll, SocketServer.Stop: Stop server endPoint: 127.0.0.1:65311
TpTrace Information: 0 : 9704, 13, 2024/04/27, 19:36:00.156, 8145521282336, vstest.console.dll, SocketServer.Stop: Cancellation requested. Stopping message loop.
TpTrace Verbose: 0 : 9704, 11, 2024/04/27, 19:36:00.156, 8145521282453, vstest.console.dll, MulticastDelegateUtilities.SafeInvoke: HostProviderEvents.OnHostExited: Invoking callback 1/1 for Microsoft.VisualStudio.TestPlatform.CrossPlatEngine.Client.ProxyOperationManager., took 0 ms.
TpTrace Information: 0 : 9704, 13, 2024/04/27, 19:36:00.156, 8145521282785, vstest.console.dll, Closing the connection
TpTrace Verbose: 0 : 9704, 13, 2024/04/27, 19:36:00.157, 8145521284868, vstest.console.dll, ProxyDataCollectionManager.InvokeDataCollectionServiceAction: Starting.
TpTrace Information: 0 : 9704, 13, 2024/04/27, 19:36:00.157, 8145521285272, vstest.console.dll, ProxyDataCollectionManager.AfterTestRunEnd: Get attachment set and invoked data collectors processId: 8956 port: 65308
TpTrace Verbose: 0 : 9704, 13, 2024/04/27, 19:36:00.157, 8145521285731, vstest.console.dll, DataCollectionRequestSender.SendAfterTestRunStartAndGetResult: Send AfterTestRunEnd message with isCancelled: False
TpTrace Verbose: 0 : 9704, 13, 2024/04/27, 19:36:00.162, 8145521340942, vstest.console.dll, DataCollectionRequestSender.SendAfterTestRunStartAndGetResult: Received message: (DataCollection.AfterTestRunEndResult) -> {"MessageType":"DataCollection.AfterTestRunEndResult","Payload":{"AttachmentSets":[],"InvokedDataCollectors":[{"Uri":"datacollector://Microsoft/TestPlatform/Extensions/Blame/v1","FriendlyName":"Blame","AssemblyQualifiedName":"Microsoft.TestPlatform.Extensions.BlameDataCollector.BlameCollector, Microsoft.TestPlatform.Extensions.BlameDataCollector, Version=15.0.0.0, Culture=neutral, PublicKeyToken=b03f5f7f11d50a3a","FilePath":"C:\\Program Files\\dotnet\\sdk\\8.0.202\\Extensions\\Microsoft.TestPlatform.Extensions.BlameDataCollector.dll","HasAttachmentProcessor":false}],"Metrics":{}}}
TpTrace Information: 0 : 9704, 13, 2024/04/27, 19:36:00.166, 8145521381759, vstest.console.dll, ProxyDataCollectionManager.InvokeDataCollectionServiceAction: Completed.
TpTrace Warning: 0 : 9704, 10, 2024/04/27, 19:36:00.182, 8145521537664, vstest.console.dll, DataCollectionLauncher.ErrorReceivedCallback datacollector standard error line: 
TpTrace Information: 0 : 9704, 10, 2024/04/27, 19:36:00.189, 8145521612814, vstest.console.dll, DataCollectionLauncher.ExitCallBack: Data collector exited with exitcode: 0 error: ''
TpTrace Verbose: 0 : 9704, 13, 2024/04/27, 19:36:00.196, 8145521678021, vstest.console.dll, TestRunRequest:SendTestRunStatsChange: Starting.
TpTrace Verbose: 0 : 9704, 13, 2024/04/27, 19:36:00.196, 8145521679236, vstest.console.dll, MulticastDelegateUtilities.SafeInvoke: TestRun.RunStatsChanged: Invoking callbacks was skipped because there are no subscribers.
TpTrace Information: 0 : 9704, 13, 2024/04/27, 19:36:00.196, 8145521679500, vstest.console.dll, TestRunRequest:SendTestRunStatsChange: Completed.
TpTrace Verbose: 0 : 9704, 4, 2024/04/27, 19:36:00.196, 8145521680169, vstest.console.dll, MulticastDelegateUtilities.SafeInvoke: InternalTestLoggerEvents.SendTestResult: Invoking callback 1/1 for Microsoft.VisualStudio.TestPlatform.CommandLine.Internal.ConsoleLogger., took 0 ms.
TpTrace Verbose: 0 : 9704, 4, 2024/04/27, 19:36:00.196, 8145521681757, vstest.console.dll, MulticastDelegateUtilities.SafeInvoke: InternalTestLoggerEvents.SendTestResult: Invoking callback 1/1 for Microsoft.VisualStudio.TestPlatform.CommandLine.Internal.ConsoleLogger., took 0 ms.
TpTrace Verbose: 0 : 9704, 13, 2024/04/27, 19:36:00.196, 8145521681806, vstest.console.dll, ParallelProxyExecutionManager: HandlePartialRunComplete: Total workloads = 1, Total started clients = 1 Total completed clients = 1, Run complete = True, Run canceled: False.
TpTrace Verbose: 0 : 9704, 13, 2024/04/27, 19:36:00.197, 8145521683757, vstest.console.dll, ParallelProxyExecutionManager: HandlePartialRunComplete: All runs completed stopping all managers.
TpTrace Verbose: 0 : 9704, 13, 2024/04/27, 19:36:00.197, 8145521684290, vstest.console.dll, ParallelOperationManager.StopAllManagers: Stopping all managers.
TpTrace Verbose: 0 : 9704, 13, 2024/04/27, 19:36:00.197, 8145521684668, vstest.console.dll, ParallelOperationManager.ClearSlots: Clearing all slots. Slots should accept more work: False
TpTrace Verbose: 0 : 9704, 13, 2024/04/27, 19:36:00.197, 8145521685168, vstest.console.dll, ParallelOperationManager.SetOccupiedSlotCount: Setting slot counts AvailableSlotCount = 1, OccupiedSlotCount = 0.
TpTrace Verbose: 0 : 9704, 13, 2024/04/27, 19:36:00.197, 8145521685841, vstest.console.dll, Occupied slots:

TpTrace Verbose: 0 : 9704, 4, 2024/04/27, 19:36:00.204, 8145521761954, vstest.console.dll, MulticastDelegateUtilities.SafeInvoke: InternalTestLoggerEvents.SendTestRunComplete: Invoking callback 1/2 for Microsoft.TestPlatform.Extensions.BlameDataCollector.BlameLogger., took 0 ms.
TpTrace Verbose: 0 : 9704, 4, 2024/04/27, 19:36:00.209, 8145521803925, vstest.console.dll, MulticastDelegateUtilities.SafeInvoke: InternalTestLoggerEvents.SendTestRunComplete: Invoking callback 2/2 for Microsoft.VisualStudio.TestPlatform.CommandLine.Internal.ConsoleLogger., took 4 ms.
TpTrace Verbose: 0 : 9704, 13, 2024/04/27, 19:36:00.209, 8145521807658, vstest.console.dll, TestRunRequest:TestRunComplete: Starting. IsAborted:False IsCanceled:False.
TpTrace Verbose: 0 : 9704, 13, 2024/04/27, 19:36:00.209, 8145521809507, vstest.console.dll, ParallelOperationManager.DoActionOnAllManagers: Calling an action on all managers.
TpTrace Verbose: 0 : 9704, 13, 2024/04/27, 19:36:00.210, 8145521818213, vstest.console.dll, TestLoggerManager.HandleTestRunComplete: Ignoring as the object is disposed.
TpTrace Verbose: 0 : 9704, 13, 2024/04/27, 19:36:00.210, 8145521821462, vstest.console.dll, MulticastDelegateUtilities.SafeInvoke: TestRun.TestRunComplete: Invoking callback 1/2 for Microsoft.VisualStudio.TestPlatform.CommandLine.TestRunResultAggregator., took 0 ms.
TpTrace Verbose: 0 : 9704, 13, 2024/04/27, 19:36:00.210, 8145521823624, vstest.console.dll, MulticastDelegateUtilities.SafeInvoke: TestRun.TestRunComplete: Invoking callback 2/2 for Microsoft.VisualStudio.TestPlatform.CommandLine.Processors.RunTestsArgumentExecutor+TestRunRequestEventsRegistrar., took 0 ms.
TpTrace Information: 0 : 9704, 13, 2024/04/27, 19:36:00.211, 8145521825352, vstest.console.dll, TestRunRequest:TestRunComplete: Completed.
TpTrace Verbose: 0 : 9704, 13, 2024/04/27, 19:36:00.211, 8145521825853, vstest.console.dll, TestRequestSender.SetOperationComplete: Setting operation complete.
TpTrace Information: 0 : 9704, 13, 2024/04/27, 19:36:00.211, 8145521826278, vstest.console.dll, SocketServer.Stop: Stop server endPoint: 127.0.0.1:65311
TpTrace Information: 0 : 9704, 13, 2024/04/27, 19:36:00.211, 8145521826632, vstest.console.dll, SocketServer.Stop: Cancellation requested. Stopping message loop.
TpTrace Verbose: 0 : 9704, 1, 2024/04/27, 19:36:00.211, 8145521825828, vstest.console.dll, TestRunRequest.Dispose: Starting.
TpTrace Verbose: 0 : 9704, 13, 2024/04/27, 19:36:00.211, 8145521827019, vstest.console.dll, MulticastDelegateUtilities.SafeInvoke: LengthPrefixCommunicationChannel: MessageReceived: Invoking callback 1/1 for Microsoft.VisualStudio.TestPlatform.CommunicationUtilities.TestRequestSender+<>c__DisplayClass34_0., took 88 ms.
TpTrace Information: 0 : 9704, 1, 2024/04/27, 19:36:00.211, 8145521827828, vstest.console.dll, TestRunRequest.Dispose: Completed.
TpTrace Information: 0 : 9704, 1, 2024/04/27, 19:36:00.211, 8145521828576, vstest.console.dll, TestRequestManager.RunTests: run tests completed.
TpTrace Information: 0 : 9704, 13, 2024/04/27, 19:36:00.211, 8145521828577, vstest.console.dll, SocketServer.PrivateStop: Stopping server endPoint: 127.0.0.1:65311 error: 
TpTrace Information: 0 : 9704, 1, 2024/04/27, 19:36:00.211, 8145521829580, vstest.console.dll, RunTestsArgumentProcessor:Execute: Test run is completed.
TpTrace Verbose: 0 : 9704, 1, 2024/04/27, 19:36:00.211, 8145521831978, vstest.console.dll, Executor.Execute: Exiting with exit code of 0
TpTrace Verbose: 0 : 9704, 13, 2024/04/27, 19:36:00.211, 8145521833290, vstest.console.dll, LengthPrefixCommunicationChannel.Dispose: Dispose reader and writer.
TpTrace Information: 0 : 9704, 13, 2024/04/27, 19:36:00.212, 8145521834810, vstest.console.dll, SocketServer.Stop: Raise disconnected event endPoint: 127.0.0.1:65311 error: 
TpTrace Verbose: 0 : 9704, 13, 2024/04/27, 19:36:00.212, 8145521836279, vstest.console.dll, TestRequestSender: OnTestRunAbort: Operation is already complete. Skip error message.
TpTrace Verbose: 0 : 9704, 13, 2024/04/27, 19:36:00.212, 8145521836907, vstest.console.dll, MulticastDelegateUtilities.SafeInvoke: SocketServer: ClientDisconnected: Invoking callback 1/1 for Microsoft.VisualStudio.TestPlatform.CommunicationUtilities.TestRequestSender., took 0 ms.
TpTrace Verbose: 0 : 9704, 13, 2024/04/27, 19:36:00.212, 8145521837317, vstest.console.dll, TcpClientExtensions.MessageLoopAsync: exiting MessageLoopAsync remoteEndPoint: 127.0.0.1:65312 localEndPoint: 127.0.0.1:65311
