TpTrace Verbose: 0 : 16836, 1, 2024/04/24, 01:01:57.636, 4885177085901, vstest.console.dll, Version: 17.9.0-release-24072-02 Current process architecture: X64
TpTrace Verbose: 0 : 16836, 1, 2024/04/24, 01:01:57.640, 4885177132009, vstest.console.dll, Runtime location: C:\Program Files\dotnet\shared\Microsoft.NETCore.App\8.0.3
TpTrace Verbose: 0 : 16836, 1, 2024/04/24, 01:01:57.643, 4885177154169, vstest.console.dll, ArtifactProcessingPostProcessModeProcessorExecutor.Initialize: ArtifactProcessingMode.Collect
TpTrace Verbose: 0 : 16836, 1, 2024/04/24, 01:01:57.643, 4885177155233, vstest.console.dll, TestSessionCorrelationIdProcessorModeProcessorExecutor.Initialize: TestSessionCorrelationId '1444_227551f7-4121-49a0-9042-d69b1e4848d9'
TpTrace Information: 0 : 16836, 1, 2024/04/24, 01:01:57.648, 4885177210604, vstest.console.dll, FilePatternParser: The given file C:\Users\vc\Desktop\Training\Day 10\DoctorClinicSolution\DoctorClinicBLTest\bin\Debug\net6.0\fine-code-coverage\build-output\DoctorClinicBLTest.dll is a full path.
TpTrace Verbose: 0 : 16836, 1, 2024/04/24, 01:01:57.654, 4885177264663, vstest.console.dll, TestPluginCache.DiscoverTestExtensions: finding test extensions in assemblies ends with: RuntimeProvider.dll TPluginInfo: Microsoft.VisualStudio.TestPlatform.Common.ExtensionFramework.Utilities.TestRuntimePluginInformation TExtension: Microsoft.VisualStudio.TestPlatform.ObjectModel.Host.ITestRuntimeProvider
TpTrace Verbose: 0 : 16836, 1, 2024/04/24, 01:01:57.654, 4885177268098, vstest.console.dll, TestPluginCache.GetExtensionPaths: Filtered extension paths: 
TpTrace Verbose: 0 : 16836, 1, 2024/04/24, 01:01:57.654, 4885177268783, vstest.console.dll, TestPluginCache.GetExtensionPaths: Added default extension paths: C:\Program Files\dotnet\sdk\8.0.202\Extensions\Microsoft.Diagnostics.NETCore.Client.dll
C:\Program Files\dotnet\sdk\8.0.202\Extensions\Microsoft.TestPlatform.Extensions.BlameDataCollector.dll
C:\Program Files\dotnet\sdk\8.0.202\Extensions\Microsoft.TestPlatform.Extensions.EventLogCollector.dll
C:\Program Files\dotnet\sdk\8.0.202\Extensions\Microsoft.TestPlatform.TestHostRuntimeProvider.dll
C:\Program Files\dotnet\sdk\8.0.202\Extensions\Microsoft.VisualStudio.TestPlatform.Extensions.Html.TestLogger.dll
C:\Program Files\dotnet\sdk\8.0.202\Extensions\Microsoft.VisualStudio.TestPlatform.Extensions.Trx.TestLogger.dll
TpTrace Verbose: 0 : 16836, 1, 2024/04/24, 01:01:57.654, 4885177269055, vstest.console.dll, TestPluginCache.GetExtensionPaths: Added unfilterableExtensionPaths: 
TpTrace Information: 0 : 16836, 1, 2024/04/24, 01:01:57.655, 4885177272945, vstest.console.dll, AssemblyResolver.ctor: Creating AssemblyResolver with searchDirectories C:\Program Files\dotnet\sdk\8.0.202\Extensions,C:\Program Files\dotnet\sdk\8.0.202
TpTrace Verbose: 0 : 16836, 1, 2024/04/24, 01:01:57.656, 4885177283484, vstest.console.dll, TestPluginCache.DiscoverTestExtensions: Discovering the extensions using extension path.
TpTrace Verbose: 0 : 16836, 1, 2024/04/24, 01:01:57.656, 4885177284411, vstest.console.dll, TestPluginCache.GetExtensionPaths: Filtered extension paths: 
TpTrace Verbose: 0 : 16836, 1, 2024/04/24, 01:01:57.656, 4885177284707, vstest.console.dll, TestPluginCache.GetExtensionPaths: Added default extension paths: C:\Program Files\dotnet\sdk\8.0.202\Extensions\Microsoft.Diagnostics.NETCore.Client.dll
C:\Program Files\dotnet\sdk\8.0.202\Extensions\Microsoft.TestPlatform.Extensions.BlameDataCollector.dll
C:\Program Files\dotnet\sdk\8.0.202\Extensions\Microsoft.TestPlatform.Extensions.EventLogCollector.dll
C:\Program Files\dotnet\sdk\8.0.202\Extensions\Microsoft.TestPlatform.TestHostRuntimeProvider.dll
C:\Program Files\dotnet\sdk\8.0.202\Extensions\Microsoft.VisualStudio.TestPlatform.Extensions.Html.TestLogger.dll
C:\Program Files\dotnet\sdk\8.0.202\Extensions\Microsoft.VisualStudio.TestPlatform.Extensions.Trx.TestLogger.dll
TpTrace Verbose: 0 : 16836, 1, 2024/04/24, 01:01:57.656, 4885177285004, vstest.console.dll, TestPluginCache.GetExtensionPaths: Added unfilterableExtensionPaths: 
TpTrace Verbose: 0 : 16836, 1, 2024/04/24, 01:01:57.656, 4885177285425, vstest.console.dll, TestPluginCache.DiscoverTestExtensions: Discovering the extensions using allExtensionPaths: C:\Program Files\dotnet\sdk\8.0.202\Extensions\Microsoft.Diagnostics.NETCore.Client.dll
C:\Program Files\dotnet\sdk\8.0.202\Extensions\Microsoft.TestPlatform.Extensions.BlameDataCollector.dll
C:\Program Files\dotnet\sdk\8.0.202\Extensions\Microsoft.TestPlatform.Extensions.EventLogCollector.dll
C:\Program Files\dotnet\sdk\8.0.202\Extensions\Microsoft.TestPlatform.TestHostRuntimeProvider.dll
C:\Program Files\dotnet\sdk\8.0.202\Extensions\Microsoft.VisualStudio.TestPlatform.Extensions.Html.TestLogger.dll
C:\Program Files\dotnet\sdk\8.0.202\Extensions\Microsoft.VisualStudio.TestPlatform.Extensions.Trx.TestLogger.dll
TpTrace Information: 0 : 16836, 1, 2024/04/24, 01:01:57.656, 4885177286608, vstest.console.dll, AssemblyResolver.AddSearchDirectories: Adding more searchDirectories C:\Program Files\dotnet\sdk\8.0.202\Extensions,C:\Program Files\dotnet\sdk\8.0.202
TpTrace Information: 0 : 16836, 1, 2024/04/24, 01:01:57.656, 4885177287041, vstest.console.dll, AssemblyResolver.AddSearchDirectories: Adding more searchDirectories C:\Program Files\dotnet\sdk\8.0.202\Extensions,C:\Program Files\dotnet\sdk\8.0.202
TpTrace Information: 0 : 16836, 1, 2024/04/24, 01:01:57.656, 4885177287360, vstest.console.dll, AssemblyResolver.AddSearchDirectories: Adding more searchDirectories C:\Program Files\dotnet\sdk\8.0.202\Extensions,C:\Program Files\dotnet\sdk\8.0.202
TpTrace Information: 0 : 16836, 1, 2024/04/24, 01:01:57.656, 4885177287583, vstest.console.dll, AssemblyResolver.AddSearchDirectories: Adding more searchDirectories C:\Program Files\dotnet\sdk\8.0.202\Extensions,C:\Program Files\dotnet\sdk\8.0.202
TpTrace Information: 0 : 16836, 1, 2024/04/24, 01:01:57.656, 4885177287800, vstest.console.dll, AssemblyResolver.AddSearchDirectories: Adding more searchDirectories C:\Program Files\dotnet\sdk\8.0.202\Extensions,C:\Program Files\dotnet\sdk\8.0.202
TpTrace Information: 0 : 16836, 1, 2024/04/24, 01:01:57.656, 4885177288017, vstest.console.dll, AssemblyResolver.AddSearchDirectories: Adding more searchDirectories C:\Program Files\dotnet\sdk\8.0.202\Extensions,C:\Program Files\dotnet\sdk\8.0.202
TpTrace Information: 0 : 16836, 1, 2024/04/24, 01:01:57.656, 4885177291546, vstest.console.dll, AssemblyResolver.OnResolve: Microsoft.Diagnostics.NETCore.Client: Resolving assembly.
TpTrace Information: 0 : 16836, 1, 2024/04/24, 01:01:57.657, 4885177292123, vstest.console.dll, AssemblyResolver.OnResolve: Microsoft.Diagnostics.NETCore.Client: Searching in: 'C:\Program Files\dotnet\sdk\8.0.202\Extensions'.
TpTrace Information: 0 : 16836, 1, 2024/04/24, 01:01:57.662, 4885177343641, vstest.console.dll, AssemblyResolver.OnResolve: Microsoft.Diagnostics.NETCore.Client: Loading assembly 'C:\Program Files\dotnet\sdk\8.0.202\Extensions\Microsoft.Diagnostics.NETCore.Client.dll'.
TpTrace Information: 0 : 16836, 1, 2024/04/24, 01:01:57.662, 4885177348749, vstest.console.dll, AssemblyResolver.OnResolve: Resolved assembly: Microsoft.Diagnostics.NETCore.Client, from path: C:\Program Files\dotnet\sdk\8.0.202\Extensions\Microsoft.Diagnostics.NETCore.Client.dll
TpTrace Verbose: 0 : 16836, 1, 2024/04/24, 01:01:57.669, 4885177413926, vstest.console.dll, MetadataReaderExtensionsHelper: Discovering extensions inside assembly 'Microsoft.Diagnostics.NETCore.Client, Version=0.2.9.2401, Culture=neutral, PublicKeyToken=31bf3856ad364e35' file path 'C:\Program Files\dotnet\sdk\8.0.202\Extensions\Microsoft.Diagnostics.NETCore.Client.dll'
TpTrace Information: 0 : 16836, 1, 2024/04/24, 01:01:57.673, 4885177461763, vstest.console.dll, AssemblyResolver.OnResolve: Microsoft.Bcl.AsyncInterfaces: Resolving assembly.
TpTrace Information: 0 : 16836, 1, 2024/04/24, 01:01:57.674, 4885177462805, vstest.console.dll, AssemblyResolver.OnResolve: Microsoft.Bcl.AsyncInterfaces: Searching in: 'C:\Program Files\dotnet\sdk\8.0.202\Extensions'.
TpTrace Information: 0 : 16836, 1, 2024/04/24, 01:01:57.674, 4885177463548, vstest.console.dll, AssemblyResolver.OnResolve: Microsoft.Bcl.AsyncInterfaces: Assembly path does not exist: 'C:\Program Files\dotnet\sdk\8.0.202\Extensions\Microsoft.Bcl.AsyncInterfaces.dll', returning.
TpTrace Information: 0 : 16836, 1, 2024/04/24, 01:01:57.674, 4885177464422, vstest.console.dll, AssemblyResolver.OnResolve: Microsoft.Bcl.AsyncInterfaces: Assembly path does not exist: 'C:\Program Files\dotnet\sdk\8.0.202\Extensions\Microsoft.Bcl.AsyncInterfaces.exe', returning.
TpTrace Information: 0 : 16836, 1, 2024/04/24, 01:01:57.674, 4885177464708, vstest.console.dll, AssemblyResolver.OnResolve: Microsoft.Bcl.AsyncInterfaces: Searching in: 'C:\Program Files\dotnet\sdk\8.0.202'.
TpTrace Information: 0 : 16836, 1, 2024/04/24, 01:01:57.674, 4885177465133, vstest.console.dll, AssemblyResolver.OnResolve: Microsoft.Bcl.AsyncInterfaces: Assembly path does not exist: 'C:\Program Files\dotnet\sdk\8.0.202\Microsoft.Bcl.AsyncInterfaces.dll', returning.
TpTrace Information: 0 : 16836, 1, 2024/04/24, 01:01:57.674, 4885177465499, vstest.console.dll, AssemblyResolver.OnResolve: Microsoft.Bcl.AsyncInterfaces: Assembly path does not exist: 'C:\Program Files\dotnet\sdk\8.0.202\Microsoft.Bcl.AsyncInterfaces.exe', returning.
TpTrace Information: 0 : 16836, 1, 2024/04/24, 01:01:57.674, 4885177465716, vstest.console.dll, AssemblyResolver.OnResolve: Microsoft.Bcl.AsyncInterfaces: Failed to load assembly.
TpTrace Verbose: 0 : 16836, 1, 2024/04/24, 01:01:57.674, 4885177466112, vstest.console.dll, CurrentDomainAssemblyResolve: Resolving assembly 'Microsoft.Bcl.AsyncInterfaces'.
TpTrace Information: 0 : 16836, 1, 2024/04/24, 01:01:57.674, 4885177466650, vstest.console.dll, AssemblyResolver.OnResolve: Microsoft.Bcl.AsyncInterfaces: Resolving assembly.
TpTrace Information: 0 : 16836, 1, 2024/04/24, 01:01:57.674, 4885177466978, vstest.console.dll, AssemblyResolver.OnResolve: Microsoft.Bcl.AsyncInterfaces: Resolved from cache.
TpTrace Verbose: 0 : 16836, 1, 2024/04/24, 01:01:57.674, 4885177467195, vstest.console.dll, CurrentDomainAssemblyResolve: Resolving assembly 'Microsoft.Bcl.AsyncInterfaces'.
TpTrace Verbose: 0 : 16836, 1, 2024/04/24, 01:01:57.674, 4885177467471, vstest.console.dll, CurrentDomainAssemblyResolve: Failed to resolve assembly 'Microsoft.Bcl.AsyncInterfaces'.
TpTrace Verbose: 0 : 16836, 1, 2024/04/24, 01:01:57.675, 4885177472444, vstest.console.dll, CurrentDomainAssemblyResolve: Failed to resolve assembly 'Microsoft.Bcl.AsyncInterfaces'.
TpTrace Warning: 0 : 16836, 1, 2024/04/24, 01:01:57.684, 4885177562231, vstest.console.dll, TestPluginDiscoverer: Failed to get types from assembly 'Microsoft.Diagnostics.NETCore.Client, Version=0.2.9.2401, Culture=neutral, PublicKeyToken=31bf3856ad364e35'. Error: System.Reflection.ReflectionTypeLoadException: Unable to load one or more of the requested types.
Could not load file or assembly 'Microsoft.Bcl.AsyncInterfaces, Version=6.0.0.0, Culture=neutral, PublicKeyToken=cc7b13ffcd2ddd51'. The system cannot find the file specified.
   at System.Reflection.RuntimeModule.GetTypes(RuntimeModule module)
   at System.Reflection.RuntimeModule.GetTypes()
   at Microsoft.VisualStudio.TestPlatform.Common.ExtensionFramework.TestPluginDiscoverer.GetTestExtensionsFromAssembly[TPluginInfo,TExtension](Assembly assembly, Dictionary`2 pluginInfos, String filePath) in /_/src/Microsoft.TestPlatform.Common/ExtensionFramework/TestPluginDiscoverer.cs:line 158
System.IO.FileNotFoundException: Could not load file or assembly 'Microsoft.Bcl.AsyncInterfaces, Version=6.0.0.0, Culture=neutral, PublicKeyToken=cc7b13ffcd2ddd51'. The system cannot find the file specified.
File name: 'Microsoft.Bcl.AsyncInterfaces, Version=6.0.0.0, Culture=neutral, PublicKeyToken=cc7b13ffcd2ddd51'
 ---> System.IO.FileNotFoundException: Could not load file or assembly 'Microsoft.Bcl.AsyncInterfaces, Culture=neutral, PublicKeyToken=null'. The system cannot find the file specified.
File name: 'Microsoft.Bcl.AsyncInterfaces, Culture=neutral, PublicKeyToken=null'
   at System.Reflection.RuntimeAssembly.InternalLoad(AssemblyName assemblyName, StackCrawlMark& stackMark, AssemblyLoadContext assemblyLoadContext, RuntimeAssembly requestingAssembly, Boolean throwOnFileNotFound)
   at System.Reflection.Assembly.Load(AssemblyName assemblyRef)
   at Microsoft.VisualStudio.TestPlatform.Common.ExtensionFramework.TestPluginCache.CurrentDomainAssemblyResolve(Object sender, AssemblyResolveEventArgs args) in /_/src/Microsoft.TestPlatform.Common/ExtensionFramework/TestPluginCache.cs:line 513
   at System.Runtime.Loader.AssemblyLoadContext.GetFirstResolvedAssemblyFromResolvingEvent(AssemblyName assemblyName)
   at System.Runtime.Loader.AssemblyLoadContext.ResolveUsingEvent(AssemblyName assemblyName)
   at System.Runtime.Loader.AssemblyLoadContext.ResolveUsingResolvingEvent(IntPtr gchManagedAssemblyLoadContext, AssemblyName assemblyName)
TpTrace Warning: 0 : 16836, 1, 2024/04/24, 01:01:57.684, 4885177565380, vstest.console.dll, LoaderExceptions: System.IO.FileNotFoundException: Could not load file or assembly 'Microsoft.Bcl.AsyncInterfaces, Version=6.0.0.0, Culture=neutral, PublicKeyToken=cc7b13ffcd2ddd51'. The system cannot find the file specified.
File name: 'Microsoft.Bcl.AsyncInterfaces, Version=6.0.0.0, Culture=neutral, PublicKeyToken=cc7b13ffcd2ddd51'
 ---> System.IO.FileNotFoundException: Could not load file or assembly 'Microsoft.Bcl.AsyncInterfaces, Culture=neutral, PublicKeyToken=null'. The system cannot find the file specified.
File name: 'Microsoft.Bcl.AsyncInterfaces, Culture=neutral, PublicKeyToken=null'
   at System.Reflection.RuntimeAssembly.InternalLoad(AssemblyName assemblyName, StackCrawlMark& stackMark, AssemblyLoadContext assemblyLoadContext, RuntimeAssembly requestingAssembly, Boolean throwOnFileNotFound)
   at System.Reflection.Assembly.Load(AssemblyName assemblyRef)
   at Microsoft.VisualStudio.TestPlatform.Common.ExtensionFramework.TestPluginCache.CurrentDomainAssemblyResolve(Object sender, AssemblyResolveEventArgs args) in /_/src/Microsoft.TestPlatform.Common/ExtensionFramework/TestPluginCache.cs:line 513
   at System.Runtime.Loader.AssemblyLoadContext.GetFirstResolvedAssemblyFromResolvingEvent(AssemblyName assemblyName)
   at System.Runtime.Loader.AssemblyLoadContext.ResolveUsingEvent(AssemblyName assemblyName)
   at System.Runtime.Loader.AssemblyLoadContext.ResolveUsingResolvingEvent(IntPtr gchManagedAssemblyLoadContext, AssemblyName assemblyName)
TpTrace Information: 0 : 16836, 1, 2024/04/24, 01:01:57.684, 4885177566737, vstest.console.dll, AssemblyResolver.OnResolve: Microsoft.TestPlatform.Extensions.BlameDataCollector: Resolving assembly.
TpTrace Information: 0 : 16836, 1, 2024/04/24, 01:01:57.684, 4885177567108, vstest.console.dll, AssemblyResolver.OnResolve: Microsoft.TestPlatform.Extensions.BlameDataCollector: Searching in: 'C:\Program Files\dotnet\sdk\8.0.202\Extensions'.
TpTrace Information: 0 : 16836, 1, 2024/04/24, 01:01:57.684, 4885177569868, vstest.console.dll, AssemblyResolver.OnResolve: Microsoft.TestPlatform.Extensions.BlameDataCollector: Loading assembly 'C:\Program Files\dotnet\sdk\8.0.202\Extensions\Microsoft.TestPlatform.Extensions.BlameDataCollector.dll'.
TpTrace Information: 0 : 16836, 1, 2024/04/24, 01:01:57.685, 4885177577102, vstest.console.dll, AssemblyResolver.OnResolve: Resolved assembly: Microsoft.TestPlatform.Extensions.BlameDataCollector, from path: C:\Program Files\dotnet\sdk\8.0.202\Extensions\Microsoft.TestPlatform.Extensions.BlameDataCollector.dll
TpTrace Verbose: 0 : 16836, 1, 2024/04/24, 01:01:57.685, 4885177577792, vstest.console.dll, MetadataReaderExtensionsHelper: Discovering extensions inside assembly 'Microsoft.TestPlatform.Extensions.BlameDataCollector, Version=15.0.0.0, Culture=neutral, PublicKeyToken=b03f5f7f11d50a3a' file path 'C:\Program Files\dotnet\sdk\8.0.202\Extensions\Microsoft.TestPlatform.Extensions.BlameDataCollector.dll'
TpTrace Information: 0 : 16836, 1, 2024/04/24, 01:01:57.686, 4885177586783, vstest.console.dll, AssemblyResolver.OnResolve: Microsoft.TestPlatform.Extensions.EventLogCollector: Resolving assembly.
TpTrace Information: 0 : 16836, 1, 2024/04/24, 01:01:57.686, 4885177587223, vstest.console.dll, AssemblyResolver.OnResolve: Microsoft.TestPlatform.Extensions.EventLogCollector: Searching in: 'C:\Program Files\dotnet\sdk\8.0.202\Extensions'.
TpTrace Information: 0 : 16836, 1, 2024/04/24, 01:01:57.686, 4885177589179, vstest.console.dll, AssemblyResolver.OnResolve: Microsoft.TestPlatform.Extensions.EventLogCollector: Loading assembly 'C:\Program Files\dotnet\sdk\8.0.202\Extensions\Microsoft.TestPlatform.Extensions.EventLogCollector.dll'.
TpTrace Information: 0 : 16836, 1, 2024/04/24, 01:01:57.687, 4885177592756, vstest.console.dll, AssemblyResolver.OnResolve: Resolved assembly: Microsoft.TestPlatform.Extensions.EventLogCollector, from path: C:\Program Files\dotnet\sdk\8.0.202\Extensions\Microsoft.TestPlatform.Extensions.EventLogCollector.dll
TpTrace Verbose: 0 : 16836, 1, 2024/04/24, 01:01:57.687, 4885177593281, vstest.console.dll, MetadataReaderExtensionsHelper: Discovering extensions inside assembly 'Microsoft.TestPlatform.Extensions.EventLogCollector, Version=15.0.0.0, Culture=neutral, PublicKeyToken=b03f5f7f11d50a3a' file path 'C:\Program Files\dotnet\sdk\8.0.202\Extensions\Microsoft.TestPlatform.Extensions.EventLogCollector.dll'
TpTrace Information: 0 : 16836, 1, 2024/04/24, 01:01:57.689, 4885177612525, vstest.console.dll, AssemblyResolver.OnResolve: Microsoft.TestPlatform.TestHostRuntimeProvider: Resolving assembly.
TpTrace Information: 0 : 16836, 1, 2024/04/24, 01:01:57.689, 4885177613275, vstest.console.dll, AssemblyResolver.OnResolve: Microsoft.TestPlatform.TestHostRuntimeProvider: Searching in: 'C:\Program Files\dotnet\sdk\8.0.202\Extensions'.
TpTrace Information: 0 : 16836, 1, 2024/04/24, 01:01:57.689, 4885177615300, vstest.console.dll, AssemblyResolver.OnResolve: Microsoft.TestPlatform.TestHostRuntimeProvider: Loading assembly 'C:\Program Files\dotnet\sdk\8.0.202\Extensions\Microsoft.TestPlatform.TestHostRuntimeProvider.dll'.
TpTrace Information: 0 : 16836, 1, 2024/04/24, 01:01:57.689, 4885177619465, vstest.console.dll, AssemblyResolver.OnResolve: Resolved assembly: Microsoft.TestPlatform.TestHostRuntimeProvider, from path: C:\Program Files\dotnet\sdk\8.0.202\Extensions\Microsoft.TestPlatform.TestHostRuntimeProvider.dll
TpTrace Verbose: 0 : 16836, 1, 2024/04/24, 01:01:57.689, 4885177620052, vstest.console.dll, MetadataReaderExtensionsHelper: Discovering extensions inside assembly 'Microsoft.TestPlatform.TestHostRuntimeProvider, Version=15.0.0.0, Culture=neutral, PublicKeyToken=b03f5f7f11d50a3a' file path 'C:\Program Files\dotnet\sdk\8.0.202\Extensions\Microsoft.TestPlatform.TestHostRuntimeProvider.dll'
TpTrace Information: 0 : 16836, 1, 2024/04/24, 01:01:57.690, 4885177630271, vstest.console.dll, GetTestExtensionFromType: Register extension with identifier data 'HostProvider://DefaultTestHost' and type 'Microsoft.VisualStudio.TestPlatform.CrossPlatEngine.Hosting.DefaultTestHostManager, Microsoft.TestPlatform.TestHostRuntimeProvider, Version=15.0.0.0, Culture=neutral, PublicKeyToken=b03f5f7f11d50a3a' inside file 'C:\Program Files\dotnet\sdk\8.0.202\Extensions\Microsoft.TestPlatform.TestHostRuntimeProvider.dll'
TpTrace Information: 0 : 16836, 1, 2024/04/24, 01:01:57.691, 4885177632197, vstest.console.dll, GetTestExtensionFromType: Register extension with identifier data 'HostProvider://DotnetTestHost' and type 'Microsoft.VisualStudio.TestPlatform.CrossPlatEngine.Hosting.DotnetTestHostManager, Microsoft.TestPlatform.TestHostRuntimeProvider, Version=15.0.0.0, Culture=neutral, PublicKeyToken=b03f5f7f11d50a3a' inside file 'C:\Program Files\dotnet\sdk\8.0.202\Extensions\Microsoft.TestPlatform.TestHostRuntimeProvider.dll'
TpTrace Information: 0 : 16836, 1, 2024/04/24, 01:01:57.691, 4885177632813, vstest.console.dll, AssemblyResolver.OnResolve: Microsoft.VisualStudio.TestPlatform.Extensions.Html.TestLogger: Resolving assembly.
TpTrace Information: 0 : 16836, 1, 2024/04/24, 01:01:57.691, 4885177633114, vstest.console.dll, AssemblyResolver.OnResolve: Microsoft.VisualStudio.TestPlatform.Extensions.Html.TestLogger: Searching in: 'C:\Program Files\dotnet\sdk\8.0.202\Extensions'.
TpTrace Information: 0 : 16836, 1, 2024/04/24, 01:01:57.691, 4885177634874, vstest.console.dll, AssemblyResolver.OnResolve: Microsoft.VisualStudio.TestPlatform.Extensions.Html.TestLogger: Loading assembly 'C:\Program Files\dotnet\sdk\8.0.202\Extensions\Microsoft.VisualStudio.TestPlatform.Extensions.Html.TestLogger.dll'.
TpTrace Information: 0 : 16836, 1, 2024/04/24, 01:01:57.691, 4885177638723, vstest.console.dll, AssemblyResolver.OnResolve: Resolved assembly: Microsoft.VisualStudio.TestPlatform.Extensions.Html.TestLogger, from path: C:\Program Files\dotnet\sdk\8.0.202\Extensions\Microsoft.VisualStudio.TestPlatform.Extensions.Html.TestLogger.dll
TpTrace Verbose: 0 : 16836, 1, 2024/04/24, 01:01:57.691, 4885177639201, vstest.console.dll, MetadataReaderExtensionsHelper: Discovering extensions inside assembly 'Microsoft.VisualStudio.TestPlatform.Extensions.Html.TestLogger, Version=15.0.0.0, Culture=neutral, PublicKeyToken=b03f5f7f11d50a3a' file path 'C:\Program Files\dotnet\sdk\8.0.202\Extensions\Microsoft.VisualStudio.TestPlatform.Extensions.Html.TestLogger.dll'
TpTrace Information: 0 : 16836, 1, 2024/04/24, 01:01:57.692, 4885177644363, vstest.console.dll, AssemblyResolver.OnResolve: Microsoft.VisualStudio.TestPlatform.Extensions.Trx.TestLogger: Resolving assembly.
TpTrace Information: 0 : 16836, 1, 2024/04/24, 01:01:57.692, 4885177644839, vstest.console.dll, AssemblyResolver.OnResolve: Microsoft.VisualStudio.TestPlatform.Extensions.Trx.TestLogger: Searching in: 'C:\Program Files\dotnet\sdk\8.0.202\Extensions'.
TpTrace Information: 0 : 16836, 1, 2024/04/24, 01:01:57.692, 4885177646461, vstest.console.dll, AssemblyResolver.OnResolve: Microsoft.VisualStudio.TestPlatform.Extensions.Trx.TestLogger: Loading assembly 'C:\Program Files\dotnet\sdk\8.0.202\Extensions\Microsoft.VisualStudio.TestPlatform.Extensions.Trx.TestLogger.dll'.
TpTrace Information: 0 : 16836, 1, 2024/04/24, 01:01:57.692, 4885177650561, vstest.console.dll, AssemblyResolver.OnResolve: Resolved assembly: Microsoft.VisualStudio.TestPlatform.Extensions.Trx.TestLogger, from path: C:\Program Files\dotnet\sdk\8.0.202\Extensions\Microsoft.VisualStudio.TestPlatform.Extensions.Trx.TestLogger.dll
TpTrace Verbose: 0 : 16836, 1, 2024/04/24, 01:01:57.692, 4885177651026, vstest.console.dll, MetadataReaderExtensionsHelper: Discovering extensions inside assembly 'Microsoft.VisualStudio.TestPlatform.Extensions.Trx.TestLogger, Version=15.0.0.0, Culture=neutral, PublicKeyToken=b03f5f7f11d50a3a' file path 'C:\Program Files\dotnet\sdk\8.0.202\Extensions\Microsoft.VisualStudio.TestPlatform.Extensions.Trx.TestLogger.dll'
TpTrace Verbose: 0 : 16836, 1, 2024/04/24, 01:01:57.693, 4885177657066, vstest.console.dll, TestPluginCache: Discovered the extensions using extension path ''.
TpTrace Verbose: 0 : 16836, 1, 2024/04/24, 01:01:57.693, 4885177657540, vstest.console.dll, TestPluginCache: Discoverers are ''.
TpTrace Verbose: 0 : 16836, 1, 2024/04/24, 01:01:57.693, 4885177657752, vstest.console.dll, TestPluginCache: Executors are ''.
TpTrace Verbose: 0 : 16836, 1, 2024/04/24, 01:01:57.693, 4885177657947, vstest.console.dll, TestPluginCache: Executors2 are ''.
TpTrace Verbose: 0 : 16836, 1, 2024/04/24, 01:01:57.693, 4885177658143, vstest.console.dll, TestPluginCache: Setting providers are ''.
TpTrace Verbose: 0 : 16836, 1, 2024/04/24, 01:01:57.693, 4885177658336, vstest.console.dll, TestPluginCache: Loggers are ''.
TpTrace Verbose: 0 : 16836, 1, 2024/04/24, 01:01:57.693, 4885177658845, vstest.console.dll, TestPluginCache: TestHosts are 'HostProvider://DefaultTestHost,HostProvider://DotnetTestHost'.
TpTrace Verbose: 0 : 16836, 1, 2024/04/24, 01:01:57.693, 4885177659128, vstest.console.dll, TestPluginCache: DataCollectors are ''.
TpTrace Information: 0 : 16836, 1, 2024/04/24, 01:01:57.706, 4885177782345, vstest.console.dll, RunTestsArgumentProcessor:Execute: Test run is starting.
TpTrace Verbose: 0 : 16836, 1, 2024/04/24, 01:01:57.706, 4885177783270, vstest.console.dll, RunTestsArgumentProcessor:Execute: Queuing Test run.
TpTrace Information: 0 : 16836, 1, 2024/04/24, 01:01:57.706, 4885177784855, vstest.console.dll, TestRequestManager.RunTests: run tests started.
TpTrace Information: 0 : 16836, 1, 2024/04/24, 01:01:57.707, 4885177798029, vstest.console.dll, AssemblyMetadataProvider.GetFrameworkName: Determined framework:'.NETCoreApp,Version=v6.0' for source: 'C:\Users\vc\Desktop\Training\Day 10\DoctorClinicSolution\DoctorClinicBLTest\bin\Debug\net6.0\fine-code-coverage\build-output\DoctorClinicBLTest.dll'
TpTrace Information: 0 : 16836, 1, 2024/04/24, 01:01:57.707, 4885177799497, vstest.console.dll, Determined framework for all sources: .NETCoreApp,Version=v6.0
TpTrace Verbose: 0 : 16836, 1, 2024/04/24, 01:01:57.708, 4885177803089, vstest.console.dll, TestRequestManager.UpdateRunSettingsIfRequired: Default architecture: X64 IsDefaultTargetArchitecture: True, Current process architecture: X64 OperatingSystem: Windows.
TpTrace Information: 0 : 16836, 1, 2024/04/24, 01:01:57.709, 4885177819451, vstest.console.dll, AssemblyMetadataProvider.GetArchitecture: Determined architecture:AnyCPU info for assembly: C:\Users\vc\Desktop\Training\Day 10\DoctorClinicSolution\DoctorClinicBLTest\bin\Debug\net6.0\fine-code-coverage\build-output\DoctorClinicBLTest.dll
TpTrace Information: 0 : 16836, 1, 2024/04/24, 01:01:57.709, 4885177820165, vstest.console.dll, Determined platform for source 'C:\Users\vc\Desktop\Training\Day 10\DoctorClinicSolution\DoctorClinicBLTest\bin\Debug\net6.0\fine-code-coverage\build-output\DoctorClinicBLTest.dll' was AnyCPU and it will use the default plaform X64.
TpTrace Information: 0 : 16836, 1, 2024/04/24, 01:01:57.709, 4885177820413, vstest.console.dll, None of the sources provided any runnable platform, using the default platform: X64
TpTrace Information: 0 : 16836, 1, 2024/04/24, 01:01:57.709, 4885177822112, vstest.console.dll, Platform was updated to 'X64'.
TpTrace Information: 0 : 16836, 1, 2024/04/24, 01:01:57.713, 4885177854150, vstest.console.dll, InferRunSettingsHelper.IsTestSettingsEnabled: Unable to navigate to RunSettings/MSTest. Current node: RunSettings
TpTrace Information: 0 : 16836, 1, 2024/04/24, 01:01:57.714, 4885177868892, vstest.console.dll, AssemblyResolver.OnResolve: Microsoft.VisualStudio.TestPlatform.Fakes: Resolving assembly.
TpTrace Information: 0 : 16836, 1, 2024/04/24, 01:01:57.714, 4885177870377, vstest.console.dll, AssemblyResolver.OnResolve: Microsoft.VisualStudio.TestPlatform.Fakes: Searching in: 'C:\Program Files\dotnet\sdk\8.0.202\Extensions'.
TpTrace Information: 0 : 16836, 1, 2024/04/24, 01:01:57.714, 4885177871535, vstest.console.dll, AssemblyResolver.OnResolve: Microsoft.VisualStudio.TestPlatform.Fakes: Assembly path does not exist: 'C:\Program Files\dotnet\sdk\8.0.202\Extensions\Microsoft.VisualStudio.TestPlatform.Fakes.dll', returning.
TpTrace Information: 0 : 16836, 1, 2024/04/24, 01:01:57.715, 4885177872221, vstest.console.dll, AssemblyResolver.OnResolve: Microsoft.VisualStudio.TestPlatform.Fakes: Assembly path does not exist: 'C:\Program Files\dotnet\sdk\8.0.202\Extensions\Microsoft.VisualStudio.TestPlatform.Fakes.exe', returning.
TpTrace Information: 0 : 16836, 1, 2024/04/24, 01:01:57.715, 4885177872580, vstest.console.dll, AssemblyResolver.OnResolve: Microsoft.VisualStudio.TestPlatform.Fakes: Searching in: 'C:\Program Files\dotnet\sdk\8.0.202'.
TpTrace Information: 0 : 16836, 1, 2024/04/24, 01:01:57.715, 4885177873436, vstest.console.dll, AssemblyResolver.OnResolve: Microsoft.VisualStudio.TestPlatform.Fakes: Assembly path does not exist: 'C:\Program Files\dotnet\sdk\8.0.202\Microsoft.VisualStudio.TestPlatform.Fakes.dll', returning.
TpTrace Information: 0 : 16836, 1, 2024/04/24, 01:01:57.715, 4885177874020, vstest.console.dll, AssemblyResolver.OnResolve: Microsoft.VisualStudio.TestPlatform.Fakes: Assembly path does not exist: 'C:\Program Files\dotnet\sdk\8.0.202\Microsoft.VisualStudio.TestPlatform.Fakes.exe', returning.
TpTrace Information: 0 : 16836, 1, 2024/04/24, 01:01:57.715, 4885177874325, vstest.console.dll, AssemblyResolver.OnResolve: Microsoft.VisualStudio.TestPlatform.Fakes: Failed to load assembly.
TpTrace Information: 0 : 16836, 1, 2024/04/24, 01:01:57.715, 4885177877543, vstest.console.dll, Failed to load assembly Microsoft.VisualStudio.TestPlatform.Fakes, Version=17.0.0.0, Culture=neutral. Reason:System.IO.FileNotFoundException: Could not load file or assembly 'Microsoft.VisualStudio.TestPlatform.Fakes, Version=17.0.0.0, Culture=neutral, PublicKeyToken=null'. The system cannot find the file specified.
File name: 'Microsoft.VisualStudio.TestPlatform.Fakes, Version=17.0.0.0, Culture=neutral, PublicKeyToken=null'
   at System.Reflection.RuntimeAssembly.InternalLoad(AssemblyName assemblyName, StackCrawlMark& stackMark, AssemblyLoadContext assemblyLoadContext, RuntimeAssembly requestingAssembly, Boolean throwOnFileNotFound)
   at System.Reflection.Assembly.Load(AssemblyName assemblyRef)
   at Microsoft.VisualStudio.TestPlatform.Common.Utilities.FakesUtilities.LoadTestPlatformAssembly() in /_/src/Microsoft.TestPlatform.Common/Utilities/FakesUtilities.cs:line 272
TpTrace Verbose: 0 : 16836, 1, 2024/04/24, 01:01:57.721, 4885177937636, vstest.console.dll, TestPluginCache.DiscoverTestExtensions: finding test extensions in assemblies ends with: TestLogger.dll TPluginInfo: Microsoft.VisualStudio.TestPlatform.Common.ExtensionFramework.Utilities.TestLoggerPluginInformation TExtension: Microsoft.VisualStudio.TestPlatform.ObjectModel.Client.ITestLogger
TpTrace Verbose: 0 : 16836, 1, 2024/04/24, 01:01:57.721, 4885177939282, vstest.console.dll, TestPluginCache.GetExtensionPaths: Filtered extension paths: 
TpTrace Verbose: 0 : 16836, 1, 2024/04/24, 01:01:57.721, 4885177939752, vstest.console.dll, TestPluginCache.GetExtensionPaths: Added default extension paths: C:\Program Files\dotnet\sdk\8.0.202\Extensions\Microsoft.Diagnostics.NETCore.Client.dll
C:\Program Files\dotnet\sdk\8.0.202\Extensions\Microsoft.TestPlatform.Extensions.BlameDataCollector.dll
C:\Program Files\dotnet\sdk\8.0.202\Extensions\Microsoft.TestPlatform.Extensions.EventLogCollector.dll
C:\Program Files\dotnet\sdk\8.0.202\Extensions\Microsoft.TestPlatform.TestHostRuntimeProvider.dll
C:\Program Files\dotnet\sdk\8.0.202\Extensions\Microsoft.VisualStudio.TestPlatform.Extensions.Html.TestLogger.dll
C:\Program Files\dotnet\sdk\8.0.202\Extensions\Microsoft.VisualStudio.TestPlatform.Extensions.Trx.TestLogger.dll
TpTrace Verbose: 0 : 16836, 1, 2024/04/24, 01:01:57.721, 4885177940111, vstest.console.dll, TestPluginCache.GetExtensionPaths: Added unfilterableExtensionPaths: 
TpTrace Information: 0 : 16836, 1, 2024/04/24, 01:01:57.721, 4885177941567, vstest.console.dll, AssemblyResolver.AddSearchDirectories: Adding more searchDirectories C:\Program Files\dotnet\sdk\8.0.202\Extensions,C:\Program Files\dotnet\sdk\8.0.202
TpTrace Verbose: 0 : 16836, 1, 2024/04/24, 01:01:57.721, 4885177942077, vstest.console.dll, TestPluginCache.DiscoverTestExtensions: Discovering the extensions using extension path.
TpTrace Verbose: 0 : 16836, 1, 2024/04/24, 01:01:57.722, 4885177942464, vstest.console.dll, TestPluginCache.GetExtensionPaths: Filtered extension paths: 
TpTrace Verbose: 0 : 16836, 1, 2024/04/24, 01:01:57.722, 4885177942887, vstest.console.dll, TestPluginCache.GetExtensionPaths: Added default extension paths: C:\Program Files\dotnet\sdk\8.0.202\Extensions\Microsoft.Diagnostics.NETCore.Client.dll
C:\Program Files\dotnet\sdk\8.0.202\Extensions\Microsoft.TestPlatform.Extensions.BlameDataCollector.dll
C:\Program Files\dotnet\sdk\8.0.202\Extensions\Microsoft.TestPlatform.Extensions.EventLogCollector.dll
C:\Program Files\dotnet\sdk\8.0.202\Extensions\Microsoft.TestPlatform.TestHostRuntimeProvider.dll
C:\Program Files\dotnet\sdk\8.0.202\Extensions\Microsoft.VisualStudio.TestPlatform.Extensions.Html.TestLogger.dll
C:\Program Files\dotnet\sdk\8.0.202\Extensions\Microsoft.VisualStudio.TestPlatform.Extensions.Trx.TestLogger.dll
TpTrace Verbose: 0 : 16836, 1, 2024/04/24, 01:01:57.722, 4885177943221, vstest.console.dll, TestPluginCache.GetExtensionPaths: Added unfilterableExtensionPaths: 
TpTrace Verbose: 0 : 16836, 1, 2024/04/24, 01:01:57.722, 4885177943600, vstest.console.dll, TestPluginCache.DiscoverTestExtensions: Discovering the extensions using allExtensionPaths: C:\Program Files\dotnet\sdk\8.0.202\Extensions\Microsoft.Diagnostics.NETCore.Client.dll
C:\Program Files\dotnet\sdk\8.0.202\Extensions\Microsoft.TestPlatform.Extensions.BlameDataCollector.dll
C:\Program Files\dotnet\sdk\8.0.202\Extensions\Microsoft.TestPlatform.Extensions.EventLogCollector.dll
C:\Program Files\dotnet\sdk\8.0.202\Extensions\Microsoft.TestPlatform.TestHostRuntimeProvider.dll
C:\Program Files\dotnet\sdk\8.0.202\Extensions\Microsoft.VisualStudio.TestPlatform.Extensions.Html.TestLogger.dll
C:\Program Files\dotnet\sdk\8.0.202\Extensions\Microsoft.VisualStudio.TestPlatform.Extensions.Trx.TestLogger.dll
TpTrace Information: 0 : 16836, 1, 2024/04/24, 01:01:57.722, 4885177944524, vstest.console.dll, AssemblyResolver.AddSearchDirectories: Adding more searchDirectories C:\Program Files\dotnet\sdk\8.0.202\Extensions,C:\Program Files\dotnet\sdk\8.0.202
TpTrace Information: 0 : 16836, 1, 2024/04/24, 01:01:57.722, 4885177944989, vstest.console.dll, AssemblyResolver.AddSearchDirectories: Adding more searchDirectories C:\Program Files\dotnet\sdk\8.0.202\Extensions,C:\Program Files\dotnet\sdk\8.0.202
TpTrace Information: 0 : 16836, 1, 2024/04/24, 01:01:57.722, 4885177945330, vstest.console.dll, AssemblyResolver.AddSearchDirectories: Adding more searchDirectories C:\Program Files\dotnet\sdk\8.0.202\Extensions,C:\Program Files\dotnet\sdk\8.0.202
TpTrace Information: 0 : 16836, 1, 2024/04/24, 01:01:57.722, 4885177945655, vstest.console.dll, AssemblyResolver.AddSearchDirectories: Adding more searchDirectories C:\Program Files\dotnet\sdk\8.0.202\Extensions,C:\Program Files\dotnet\sdk\8.0.202
TpTrace Information: 0 : 16836, 1, 2024/04/24, 01:01:57.722, 4885177945978, vstest.console.dll, AssemblyResolver.AddSearchDirectories: Adding more searchDirectories C:\Program Files\dotnet\sdk\8.0.202\Extensions,C:\Program Files\dotnet\sdk\8.0.202
TpTrace Information: 0 : 16836, 1, 2024/04/24, 01:01:57.722, 4885177946479, vstest.console.dll, AssemblyResolver.AddSearchDirectories: Adding more searchDirectories C:\Program Files\dotnet\sdk\8.0.202\Extensions,C:\Program Files\dotnet\sdk\8.0.202
TpTrace Verbose: 0 : 16836, 1, 2024/04/24, 01:01:57.722, 4885177947643, vstest.console.dll, MetadataReaderExtensionsHelper: Discovering extensions inside assembly 'Microsoft.Diagnostics.NETCore.Client, Version=0.2.9.2401, Culture=neutral, PublicKeyToken=31bf3856ad364e35' file path 'C:\Program Files\dotnet\sdk\8.0.202\Extensions\Microsoft.Diagnostics.NETCore.Client.dll'
TpTrace Information: 0 : 16836, 1, 2024/04/24, 01:01:57.723, 4885177956393, vstest.console.dll, AssemblyResolver.OnResolve: Microsoft.Bcl.AsyncInterfaces: Resolving assembly.
TpTrace Information: 0 : 16836, 1, 2024/04/24, 01:01:57.723, 4885177957766, vstest.console.dll, AssemblyResolver.OnResolve: Microsoft.Bcl.AsyncInterfaces: Resolved from cache.
TpTrace Verbose: 0 : 16836, 1, 2024/04/24, 01:01:57.723, 4885177958128, vstest.console.dll, CurrentDomainAssemblyResolve: Resolving assembly 'Microsoft.Bcl.AsyncInterfaces'.
TpTrace Information: 0 : 16836, 1, 2024/04/24, 01:01:57.723, 4885177958727, vstest.console.dll, AssemblyResolver.OnResolve: Microsoft.Bcl.AsyncInterfaces: Resolving assembly.
TpTrace Information: 0 : 16836, 1, 2024/04/24, 01:01:57.723, 4885177959208, vstest.console.dll, AssemblyResolver.OnResolve: Microsoft.Bcl.AsyncInterfaces: Resolved from cache.
TpTrace Verbose: 0 : 16836, 1, 2024/04/24, 01:01:57.723, 4885177959525, vstest.console.dll, CurrentDomainAssemblyResolve: Resolving assembly 'Microsoft.Bcl.AsyncInterfaces'.
TpTrace Verbose: 0 : 16836, 1, 2024/04/24, 01:01:57.723, 4885177960289, vstest.console.dll, CurrentDomainAssemblyResolve: Failed to resolve assembly 'Microsoft.Bcl.AsyncInterfaces'.
TpTrace Verbose: 0 : 16836, 1, 2024/04/24, 01:01:57.723, 4885177961902, vstest.console.dll, CurrentDomainAssemblyResolve: Failed to resolve assembly 'Microsoft.Bcl.AsyncInterfaces'.
TpTrace Warning: 0 : 16836, 1, 2024/04/24, 01:01:57.724, 4885177965619, vstest.console.dll, TestPluginDiscoverer: Failed to get types from assembly 'Microsoft.Diagnostics.NETCore.Client, Version=0.2.9.2401, Culture=neutral, PublicKeyToken=31bf3856ad364e35'. Error: System.Reflection.ReflectionTypeLoadException: Unable to load one or more of the requested types.
Could not load file or assembly 'Microsoft.Bcl.AsyncInterfaces, Version=6.0.0.0, Culture=neutral, PublicKeyToken=cc7b13ffcd2ddd51'. The system cannot find the file specified.
   at System.Reflection.RuntimeModule.GetTypes(RuntimeModule module)
   at System.Reflection.RuntimeModule.GetTypes()
   at Microsoft.VisualStudio.TestPlatform.Common.ExtensionFramework.TestPluginDiscoverer.GetTestExtensionsFromAssembly[TPluginInfo,TExtension](Assembly assembly, Dictionary`2 pluginInfos, String filePath) in /_/src/Microsoft.TestPlatform.Common/ExtensionFramework/TestPluginDiscoverer.cs:line 158
System.IO.FileNotFoundException: Could not load file or assembly 'Microsoft.Bcl.AsyncInterfaces, Version=6.0.0.0, Culture=neutral, PublicKeyToken=cc7b13ffcd2ddd51'. The system cannot find the file specified.
File name: 'Microsoft.Bcl.AsyncInterfaces, Version=6.0.0.0, Culture=neutral, PublicKeyToken=cc7b13ffcd2ddd51'
 ---> System.IO.FileNotFoundException: Could not load file or assembly 'Microsoft.Bcl.AsyncInterfaces, Culture=neutral, PublicKeyToken=null'. The system cannot find the file specified.
File name: 'Microsoft.Bcl.AsyncInterfaces, Culture=neutral, PublicKeyToken=null'
   at System.Reflection.RuntimeAssembly.InternalLoad(AssemblyName assemblyName, StackCrawlMark& stackMark, AssemblyLoadContext assemblyLoadContext, RuntimeAssembly requestingAssembly, Boolean throwOnFileNotFound)
   at System.Reflection.Assembly.Load(AssemblyName assemblyRef)
   at Microsoft.VisualStudio.TestPlatform.Common.ExtensionFramework.TestPluginCache.CurrentDomainAssemblyResolve(Object sender, AssemblyResolveEventArgs args) in /_/src/Microsoft.TestPlatform.Common/ExtensionFramework/TestPluginCache.cs:line 513
   at System.Runtime.Loader.AssemblyLoadContext.GetFirstResolvedAssemblyFromResolvingEvent(AssemblyName assemblyName)
   at System.Runtime.Loader.AssemblyLoadContext.ResolveUsingEvent(AssemblyName assemblyName)
   at System.Runtime.Loader.AssemblyLoadContext.ResolveUsingResolvingEvent(IntPtr gchManagedAssemblyLoadContext, AssemblyName assemblyName)
TpTrace Warning: 0 : 16836, 1, 2024/04/24, 01:01:57.724, 4885177968092, vstest.console.dll, LoaderExceptions: System.IO.FileNotFoundException: Could not load file or assembly 'Microsoft.Bcl.AsyncInterfaces, Version=6.0.0.0, Culture=neutral, PublicKeyToken=cc7b13ffcd2ddd51'. The system cannot find the file specified.
File name: 'Microsoft.Bcl.AsyncInterfaces, Version=6.0.0.0, Culture=neutral, PublicKeyToken=cc7b13ffcd2ddd51'
 ---> System.IO.FileNotFoundException: Could not load file or assembly 'Microsoft.Bcl.AsyncInterfaces, Culture=neutral, PublicKeyToken=null'. The system cannot find the file specified.
File name: 'Microsoft.Bcl.AsyncInterfaces, Culture=neutral, PublicKeyToken=null'
   at System.Reflection.RuntimeAssembly.InternalLoad(AssemblyName assemblyName, StackCrawlMark& stackMark, AssemblyLoadContext assemblyLoadContext, RuntimeAssembly requestingAssembly, Boolean throwOnFileNotFound)
   at System.Reflection.Assembly.Load(AssemblyName assemblyRef)
   at Microsoft.VisualStudio.TestPlatform.Common.ExtensionFramework.TestPluginCache.CurrentDomainAssemblyResolve(Object sender, AssemblyResolveEventArgs args) in /_/src/Microsoft.TestPlatform.Common/ExtensionFramework/TestPluginCache.cs:line 513
   at System.Runtime.Loader.AssemblyLoadContext.GetFirstResolvedAssemblyFromResolvingEvent(AssemblyName assemblyName)
   at System.Runtime.Loader.AssemblyLoadContext.ResolveUsingEvent(AssemblyName assemblyName)
   at System.Runtime.Loader.AssemblyLoadContext.ResolveUsingResolvingEvent(IntPtr gchManagedAssemblyLoadContext, AssemblyName assemblyName)
TpTrace Verbose: 0 : 16836, 1, 2024/04/24, 01:01:57.724, 4885177969121, vstest.console.dll, MetadataReaderExtensionsHelper: Discovering extensions inside assembly 'Microsoft.TestPlatform.Extensions.BlameDataCollector, Version=15.0.0.0, Culture=neutral, PublicKeyToken=b03f5f7f11d50a3a' file path 'C:\Program Files\dotnet\sdk\8.0.202\Extensions\Microsoft.TestPlatform.Extensions.BlameDataCollector.dll'
TpTrace Information: 0 : 16836, 1, 2024/04/24, 01:01:57.725, 4885177973739, vstest.console.dll, GetTestExtensionFromType: Register extension with identifier data 'logger://Microsoft/TestPlatform/Extensions/Blame/v1' and type 'Microsoft.TestPlatform.Extensions.BlameDataCollector.BlameLogger, Microsoft.TestPlatform.Extensions.BlameDataCollector, Version=15.0.0.0, Culture=neutral, PublicKeyToken=b03f5f7f11d50a3a' inside file 'C:\Program Files\dotnet\sdk\8.0.202\Extensions\Microsoft.TestPlatform.Extensions.BlameDataCollector.dll'
TpTrace Verbose: 0 : 16836, 1, 2024/04/24, 01:01:57.725, 4885177974927, vstest.console.dll, MetadataReaderExtensionsHelper: Discovering extensions inside assembly 'Microsoft.TestPlatform.Extensions.EventLogCollector, Version=15.0.0.0, Culture=neutral, PublicKeyToken=b03f5f7f11d50a3a' file path 'C:\Program Files\dotnet\sdk\8.0.202\Extensions\Microsoft.TestPlatform.Extensions.EventLogCollector.dll'
TpTrace Verbose: 0 : 16836, 1, 2024/04/24, 01:01:57.725, 4885177977972, vstest.console.dll, MetadataReaderExtensionsHelper: Discovering extensions inside assembly 'Microsoft.TestPlatform.TestHostRuntimeProvider, Version=15.0.0.0, Culture=neutral, PublicKeyToken=b03f5f7f11d50a3a' file path 'C:\Program Files\dotnet\sdk\8.0.202\Extensions\Microsoft.TestPlatform.TestHostRuntimeProvider.dll'
TpTrace Verbose: 0 : 16836, 1, 2024/04/24, 01:01:57.725, 4885177980544, vstest.console.dll, MetadataReaderExtensionsHelper: Discovering extensions inside assembly 'Microsoft.VisualStudio.TestPlatform.Extensions.Html.TestLogger, Version=15.0.0.0, Culture=neutral, PublicKeyToken=b03f5f7f11d50a3a' file path 'C:\Program Files\dotnet\sdk\8.0.202\Extensions\Microsoft.VisualStudio.TestPlatform.Extensions.Html.TestLogger.dll'
TpTrace Information: 0 : 16836, 1, 2024/04/24, 01:01:57.726, 4885177984970, vstest.console.dll, GetTestExtensionFromType: Register extension with identifier data 'logger://Microsoft/TestPlatform/HtmlLogger/v1' and type 'Microsoft.VisualStudio.TestPlatform.Extensions.HtmlLogger.HtmlLogger, Microsoft.VisualStudio.TestPlatform.Extensions.Html.TestLogger, Version=15.0.0.0, Culture=neutral, PublicKeyToken=b03f5f7f11d50a3a' inside file 'C:\Program Files\dotnet\sdk\8.0.202\Extensions\Microsoft.VisualStudio.TestPlatform.Extensions.Html.TestLogger.dll'
TpTrace Verbose: 0 : 16836, 1, 2024/04/24, 01:01:57.726, 4885177985701, vstest.console.dll, MetadataReaderExtensionsHelper: Discovering extensions inside assembly 'Microsoft.VisualStudio.TestPlatform.Extensions.Trx.TestLogger, Version=15.0.0.0, Culture=neutral, PublicKeyToken=b03f5f7f11d50a3a' file path 'C:\Program Files\dotnet\sdk\8.0.202\Extensions\Microsoft.VisualStudio.TestPlatform.Extensions.Trx.TestLogger.dll'
TpTrace Information: 0 : 16836, 1, 2024/04/24, 01:01:57.726, 4885177989091, vstest.console.dll, GetTestExtensionFromType: Register extension with identifier data 'logger://Microsoft/TestPlatform/TrxLogger/v1' and type 'Microsoft.VisualStudio.TestPlatform.Extensions.TrxLogger.TrxLogger, Microsoft.VisualStudio.TestPlatform.Extensions.Trx.TestLogger, Version=15.0.0.0, Culture=neutral, PublicKeyToken=b03f5f7f11d50a3a' inside file 'C:\Program Files\dotnet\sdk\8.0.202\Extensions\Microsoft.VisualStudio.TestPlatform.Extensions.Trx.TestLogger.dll'
TpTrace Verbose: 0 : 16836, 1, 2024/04/24, 01:01:57.726, 4885177989743, vstest.console.dll, TestPluginCache: Discovered the extensions using extension path ''.
TpTrace Verbose: 0 : 16836, 1, 2024/04/24, 01:01:57.726, 4885177990031, vstest.console.dll, TestPluginCache: Discoverers are ''.
TpTrace Verbose: 0 : 16836, 1, 2024/04/24, 01:01:57.726, 4885177990441, vstest.console.dll, TestPluginCache: Executors are ''.
TpTrace Verbose: 0 : 16836, 1, 2024/04/24, 01:01:57.726, 4885177990677, vstest.console.dll, TestPluginCache: Executors2 are ''.
TpTrace Verbose: 0 : 16836, 1, 2024/04/24, 01:01:57.726, 4885177990959, vstest.console.dll, TestPluginCache: Setting providers are ''.
TpTrace Verbose: 0 : 16836, 1, 2024/04/24, 01:01:57.726, 4885177992023, vstest.console.dll, TestPluginCache: Loggers are 'logger://Microsoft/TestPlatform/Extensions/Blame/v1,logger://Microsoft/TestPlatform/HtmlLogger/v1,logger://Microsoft/TestPlatform/TrxLogger/v1'.
TpTrace Verbose: 0 : 16836, 1, 2024/04/24, 01:01:57.727, 4885177992503, vstest.console.dll, TestPluginCache: TestHosts are 'HostProvider://DefaultTestHost,HostProvider://DotnetTestHost'.
TpTrace Verbose: 0 : 16836, 1, 2024/04/24, 01:01:57.727, 4885177992758, vstest.console.dll, TestPluginCache: DataCollectors are ''.
TpTrace Information: 0 : 16836, 1, 2024/04/24, 01:01:57.727, 4885178000870, vstest.console.dll, TestPluginManager.CreateTestExtension: Attempting to load test extension: Microsoft.TestPlatform.Extensions.BlameDataCollector.BlameLogger
TpTrace Verbose: 0 : 16836, 1, 2024/04/24, 01:01:57.735, 4885178081485, vstest.console.dll, TestEngine: Initializing Parallel Execution as MaxCpuCount is set to: 1
TpTrace Information: 0 : 16836, 1, 2024/04/24, 01:01:57.737, 4885178096092, vstest.console.dll, TestPluginManager.CreateTestExtension: Attempting to load test extension: Microsoft.VisualStudio.TestPlatform.CrossPlatEngine.Hosting.DefaultTestHostManager
TpTrace Information: 0 : 16836, 1, 2024/04/24, 01:01:57.738, 4885178106197, vstest.console.dll, TestPluginManager.CreateTestExtension: Attempting to load test extension: Microsoft.VisualStudio.TestPlatform.CrossPlatEngine.Hosting.DotnetTestHostManager
TpTrace Information: 0 : 16836, 1, 2024/04/24, 01:01:57.739, 4885178112135, vstest.console.dll, InferRunSettingsHelper.IsTestSettingsEnabled: Unable to navigate to RunSettings/MSTest. Current node: RunSettings
TpTrace Verbose: 0 : 16836, 1, 2024/04/24, 01:01:57.739, 4885178120542, vstest.console.dll, ParallelOperationManager.ClearSlots: Clearing all slots. Slots should accept more work: True
TpTrace Verbose: 0 : 16836, 1, 2024/04/24, 01:01:57.740, 4885178125104, vstest.console.dll, ParallelOperationManager.SetOccupiedSlotCount: Setting slot counts AvailableSlotCount = 1, OccupiedSlotCount = 0.
TpTrace Verbose: 0 : 16836, 1, 2024/04/24, 01:01:57.740, 4885178128096, vstest.console.dll, Occupied slots:

TpTrace Verbose: 0 : 16836, 1, 2024/04/24, 01:01:57.743, 4885178155756, vstest.console.dll, TestEngine.GetExecutionManager: Chosen execution manager 'Microsoft.VisualStudio.TestPlatform.CrossPlatEngine.Client.Parallel.ParallelProxyExecutionManager, Microsoft.TestPlatform.CrossPlatEngine, Version=15.0.0.0, Culture=neutral, PublicKeyToken=b03f5f7f11d50a3a' ParallelLevel '1'.
TpTrace Verbose: 0 : 16836, 1, 2024/04/24, 01:01:57.743, 4885178157366, vstest.console.dll, TestRunRequest.ExecuteAsync: Creating test run request.
TpTrace Verbose: 0 : 16836, 1, 2024/04/24, 01:01:57.743, 4885178159230, vstest.console.dll, TestRunRequest.ExecuteAsync: Starting.
TpTrace Information: 0 : 16836, 1, 2024/04/24, 01:01:57.744, 4885178169989, vstest.console.dll, TestRunRequest.ExecuteAsync: Starting run with settings:TestRunCriteria:
   KeepAlive=False,FrequencyOfRunStatsChangeEvent=10,RunStatsChangeEventTimeout=00:00:01.5000000,TestCaseFilter=,TestExecutorLauncher=
   Settingsxml=<RunSettings>
  <RunConfiguration>
    <ResultsDirectory>C:\Users\vc\Desktop\Training\Day 10\DoctorClinicSolution\DoctorClinicBLTest\bin\Debug\net6.0\fine-code-coverage\coverage-tool-output</ResultsDirectory>
    <TargetPlatform>X64</TargetPlatform>
    <TargetFrameworkVersion>.NETCoreApp,Version=v6.0</TargetFrameworkVersion>
    <DesignMode>False</DesignMode>
    <CollectSourceInformation>False</CollectSourceInformation>
  </RunConfiguration>
  <LoggerRunSettings>
    <Loggers>
      <Logger friendlyName="blame" enabled="True" />
      <Logger friendlyName="Console" uri="logger://microsoft/TestPlatform/ConsoleLogger/v1" assemblyQualifiedName="Microsoft.VisualStudio.TestPlatform.CommandLine.Internal.ConsoleLogger, vstest.console, Version=15.0.0.0, Culture=neutral, PublicKeyToken=b03f5f7f11d50a3a" codeBase="C:\Program Files\dotnet\sdk\8.0.202\vstest.console.dll" enabled="True" />
    </Loggers>
  </LoggerRunSettings>
  <DataCollectionRunSettings>
    <DataCollectors>
      <DataCollector friendlyName="blame" enabled="True">
        <Configuration>
          <ResultsDirectory>C:\Users\vc\Desktop\Training\Day 10\DoctorClinicSolution\DoctorClinicBLTest\bin\Debug\net6.0\fine-code-coverage\coverage-tool-output</ResultsDirectory>
        </Configuration>
      </DataCollector>
    </DataCollectors>
  </DataCollectionRunSettings>
</RunSettings>

TpTrace Verbose: 0 : 16836, 1, 2024/04/24, 01:01:57.744, 4885178170801, vstest.console.dll, TestRunRequest.ExecuteAsync: Wait for the first run request is over.
TpTrace Verbose: 0 : 16836, 1, 2024/04/24, 01:01:57.745, 4885178174523, vstest.console.dll, MulticastDelegateUtilities.SafeInvoke: TestRun.TestRunStart: Invoking callbacks was skipped because there are no subscribers.
TpTrace Verbose: 0 : 16836, 5, 2024/04/24, 01:01:57.745, 4885178177436, vstest.console.dll, MulticastDelegateUtilities.SafeInvoke: InternalTestLoggerEvents.SendTestRunStart: Invoking callback 1/1 for Microsoft.VisualStudio.TestPlatform.CommandLine.Internal.ConsoleLogger., took 0 ms.
TpTrace Verbose: 0 : 16836, 1, 2024/04/24, 01:01:57.746, 4885178184733, vstest.console.dll, ParallelProxyExecutionManager: Start execution. Total sources: 1
TpTrace Verbose: 0 : 16836, 1, 2024/04/24, 01:01:57.746, 4885178187673, vstest.console.dll, ParallelOperationManager.StartWork: Starting adding 1 workloads.
TpTrace Verbose: 0 : 16836, 1, 2024/04/24, 01:01:57.746, 4885178188300, vstest.console.dll, ParallelOperationManager.ClearSlots: Clearing all slots. Slots should accept more work: True
TpTrace Verbose: 0 : 16836, 1, 2024/04/24, 01:01:57.746, 4885178188949, vstest.console.dll, ParallelOperationManager.SetOccupiedSlotCount: Setting slot counts AvailableSlotCount = 1, OccupiedSlotCount = 0.
TpTrace Verbose: 0 : 16836, 1, 2024/04/24, 01:01:57.746, 4885178189388, vstest.console.dll, Occupied slots:

TpTrace Verbose: 0 : 16836, 1, 2024/04/24, 01:01:57.747, 4885178201118, vstest.console.dll, TestRequestSender is acting as server.
TpTrace Verbose: 0 : 16836, 1, 2024/04/24, 01:01:57.749, 4885178214403, vstest.console.dll, ParallelOperationManager.RunWorkInParallel: Adding 1 workload to slot, remaining workloads 0.
TpTrace Verbose: 0 : 16836, 1, 2024/04/24, 01:01:57.749, 4885178214988, vstest.console.dll, ParallelOperationManager.SetOccupiedSlotCount: Setting slot counts AvailableSlotCount = 0, OccupiedSlotCount = 1.
TpTrace Verbose: 0 : 16836, 1, 2024/04/24, 01:01:57.749, 4885178215815, vstest.console.dll, Occupied slots:
0: C:\Users\vc\Desktop\Training\Day 10\DoctorClinicSolution\DoctorClinicBLTest\bin\Debug\net6.0\fine-code-coverage\build-output\DoctorClinicBLTest.dll
TpTrace Verbose: 0 : 16836, 1, 2024/04/24, 01:01:57.750, 4885178224481, vstest.console.dll, ParallelOperationManager.RunWorkInParallel: Started host in slot number 0 for work (source): C:\Users\vc\Desktop\Training\Day 10\DoctorClinicSolution\DoctorClinicBLTest\bin\Debug\net6.0\fine-code-coverage\build-output\DoctorClinicBLTest.dll.
TpTrace Verbose: 0 : 16836, 1, 2024/04/24, 01:01:57.751, 4885178234777, vstest.console.dll, ParallelOperationManager.RunWorkInParallel: We started 1 work items, which is the max parallel level. Won't start more work.
TpTrace Verbose: 0 : 16836, 1, 2024/04/24, 01:01:57.751, 4885178235534, vstest.console.dll, ParallelOperationManager.RunWorkInParallel: We started 1 work items in here, returning True.
TpTrace Information: 0 : 16836, 1, 2024/04/24, 01:01:57.751, 4885178235959, vstest.console.dll, TestRunRequest.ExecuteAsync: Started.
TpTrace Verbose: 0 : 16836, 6, 2024/04/24, 01:01:57.751, 4885178240166, vstest.console.dll, ParallelProxyExecutionManager.StartTestRunOnConcurrentManager: Initializing uninitialized client. Started clients: 0
TpTrace Verbose: 0 : 16836, 6, 2024/04/24, 01:01:57.752, 4885178243734, vstest.console.dll, DataCollectionRequestSender.InitializeCommunication : Initialize communication. 
TpTrace Verbose: 0 : 16836, 1, 2024/04/24, 01:01:57.752, 4885178247997, vstest.console.dll, TestRunRequest.WaitForCompletion: Waiting with timeout -1.
TpTrace Information: 0 : 16836, 6, 2024/04/24, 01:01:57.759, 4885178318024, vstest.console.dll, Listening on Endpoint : 127.0.0.1:50842
TpTrace Verbose: 0 : 16836, 6, 2024/04/24, 01:01:57.768, 4885178407202, vstest.console.dll, DotnetDataCollectionLauncher: Adding  --runtimeconfig "C:\Program Files\dotnet\sdk\8.0.202\datacollector.runtimeconfig.json" in args
TpTrace Verbose: 0 : 16836, 6, 2024/04/24, 01:01:57.768, 4885178408712, vstest.console.dll, DotnetDataCollectionLauncher: Adding  --depsfile "C:\Program Files\dotnet\sdk\8.0.202\datacollector.deps.json" in args
TpTrace Verbose: 0 : 16836, 6, 2024/04/24, 01:01:57.769, 4885178415465, vstest.console.dll, DotnetDataCollectionLauncher: Full path of dotnet.exe is C:\Program Files\dotnet\dotnet.exe
TpTrace Information: 0 : 16836, 6, 2024/04/24, 01:01:57.778, 4885178510546, vstest.console.dll, ProxyDataCollectionManager.Initialize: Launched datacollector processId: 15620 port: 50842
TpTrace Information: 0 : 16836, 6, 2024/04/24, 01:01:57.779, 4885178512838, vstest.console.dll, ProxyDataCollectionManager.Initialize: waiting for connection with timeout: 90 seconds
TpTrace Verbose: 0 : 16836, 6, 2024/04/24, 01:01:57.779, 4885178513859, vstest.console.dll, DataCollectionRequestSender.WaitForRequestHandlerConnection : Waiting for connection with timeout: 90000
TpTrace Information: 0 : 16836, 8, 2024/04/24, 01:01:57.997, 4885180695720, vstest.console.dll, Using the buffer size of 16384 bytes
TpTrace Verbose: 0 : 16836, 6, 2024/04/24, 01:01:57.997, 4885180695954, vstest.console.dll, SocketCommunicationManager.WaitForClientConnection took: 218 ms, with 90000 ms timeout, and finished with True.
TpTrace Information: 0 : 16836, 8, 2024/04/24, 01:01:57.997, 4885180697319, vstest.console.dll, Accepted Client request and set the flag
TpTrace Verbose: 0 : 16836, 6, 2024/04/24, 01:01:57.997, 4885180698580, vstest.console.dll, ProxyDataCollectionManager.InvokeDataCollectionServiceAction: Starting.
TpTrace Information: 0 : 16836, 6, 2024/04/24, 01:01:57.997, 4885180699626, vstest.console.dll, ProxyDataCollectionManager.BeforeTestRunStart: Get environment variable and port for datacollector processId: 15620 port: 50842
TpTrace Verbose: 0 : 16836, 6, 2024/04/24, 01:01:57.997, 4885180701558, vstest.console.dll, DataCollectionRequestSender.SendBeforeTestRunStartAndGetResult: Send BeforeTestRunStart message with settingsXml <RunSettings><RunConfiguration><ResultsDirectory>C:\Users\vc\Desktop\Training\Day 10\DoctorClinicSolution\DoctorClinicBLTest\bin\Debug\net6.0\fine-code-coverage\coverage-tool-output</ResultsDirectory><TargetPlatform>X64</TargetPlatform><TargetFrameworkVersion>.NETCoreApp,Version=v6.0</TargetFrameworkVersion><DesignMode>False</DesignMode><CollectSourceInformation>False</CollectSourceInformation><TestAdaptersPaths>C:\Program Files\dotnet\sdk\8.0.202\Extensions</TestAdaptersPaths></RunConfiguration><LoggerRunSettings><Loggers><Logger friendlyName="blame" enabled="True" /><Logger friendlyName="Console" uri="logger://microsoft/TestPlatform/ConsoleLogger/v1" assemblyQualifiedName="Microsoft.VisualStudio.TestPlatform.CommandLine.Internal.ConsoleLogger, vstest.console, Version=15.0.0.0, Culture=neutral, PublicKeyToken=b03f5f7f11d50a3a" codeBase="C:\Program Files\dotnet\sdk\8.0.202\vstest.console.dll" enabled="True" /></Loggers></LoggerRunSettings><DataCollectionRunSettings><DataCollectors><DataCollector friendlyName="blame" enabled="True"><Configuration><ResultsDirectory>C:\Users\vc\Desktop\Training\Day 10\DoctorClinicSolution\DoctorClinicBLTest\bin\Debug\net6.0\fine-code-coverage\coverage-tool-output</ResultsDirectory></Configuration></DataCollector></DataCollectors></DataCollectionRunSettings></RunSettings> and sources System.Collections.Generic.List`1[System.String]: 
TpTrace Verbose: 0 : 16836, 6, 2024/04/24, 01:01:58.046, 4885181184663, vstest.console.dll, DataCollectionRequestSender.SendBeforeTestRunStartAndGetResult: Received message: (DataCollection.SendMessage) -> {"MessageType":"DataCollection.SendMessage","Payload":{"FriendlyName":null,"Uri":null,"TestCaseId":"00000000-0000-0000-0000-000000000000","Message":"Logging DataCollector Diagnostics in file: C:\\Users\\vc\\Desktop\\Training\\Day 10\\DoctorClinicSolution\\DoctorClinicBLTest\\bin\\Debug\\net6.0\\fine-code-coverage\\coverage-tool-output\\diagnostics.datacollector.24-04-24_01-01-57_76824_6.log","Level":0}}
TpTrace Verbose: 0 : 16836, 6, 2024/04/24, 01:01:58.120, 4885181924933, vstest.console.dll, DataCollectionRequestSender.SendBeforeTestRunStartAndGetResult: Received message: (DataCollection.BeforeTestRunStartResult) -> {"MessageType":"DataCollection.BeforeTestRunStartResult","Payload":{"EnvironmentVariables":{},"DataCollectionEventsPort":50844}}
TpTrace Information: 0 : 16836, 6, 2024/04/24, 01:01:58.127, 4885181996066, vstest.console.dll, ProxyDataCollectionManager.BeforeTestRunStart: SendBeforeTestRunStartAndGetResult successful, env variable from datacollector:   and testhost port: 50844
TpTrace Information: 0 : 16836, 6, 2024/04/24, 01:01:58.127, 4885181997512, vstest.console.dll, ProxyDataCollectionManager.InvokeDataCollectionServiceAction: Completed.
TpTrace Verbose: 0 : 16836, 6, 2024/04/24, 01:01:58.127, 4885181997849, vstest.console.dll, ParallelProxyExecutionManager.StartTestRunOnConcurrentManager: Initializing test run. Started clients: 0
TpTrace Verbose: 0 : 16836, 6, 2024/04/24, 01:01:58.127, 4885181999041, vstest.console.dll, ProxyExecutionManager: Test host is always Lazy initialize.
TpTrace Verbose: 0 : 16836, 6, 2024/04/24, 01:01:58.127, 4885182000674, vstest.console.dll, TestRequestSender.InitializeCommunication: initialize communication. 
TpTrace Information: 0 : 16836, 6, 2024/04/24, 01:01:58.128, 4885182004610, vstest.console.dll, SocketServer.Start: Listening on endpoint : 127.0.0.1:50845
TpTrace Verbose: 0 : 16836, 6, 2024/04/24, 01:01:58.129, 4885182013536, vstest.console.dll, DotnetTestHostmanager.GetTestHostProcessStartInfo: Platform environment 'X64' target architecture 'X64' framework '.NETCoreApp,Version=v6.0' OS 'Windows'
TpTrace Verbose: 0 : 16836, 6, 2024/04/24, 01:01:58.129, 4885182015896, vstest.console.dll, DotnetTestHostmanager: Adding  --runtimeconfig "C:\Users\vc\Desktop\Training\Day 10\DoctorClinicSolution\DoctorClinicBLTest\bin\Debug\net6.0\fine-code-coverage\build-output\DoctorClinicBLTest.runtimeconfig.json" in args
TpTrace Verbose: 0 : 16836, 6, 2024/04/24, 01:01:58.129, 4885182016608, vstest.console.dll, DotnetTestHostmanager: Adding  --depsfile "C:\Users\vc\Desktop\Training\Day 10\DoctorClinicSolution\DoctorClinicBLTest\bin\Debug\net6.0\fine-code-coverage\build-output\DoctorClinicBLTest.deps.json" in args
TpTrace Verbose: 0 : 16836, 6, 2024/04/24, 01:01:58.129, 4885182018057, vstest.console.dll, DotnetTestHostmanager.IsWinOnArm: Current PROCESSOR_ARCHITECTURE from environment variable 'AMD64'
TpTrace Verbose: 0 : 16836, 6, 2024/04/24, 01:01:58.129, 4885182018692, vstest.console.dll, DotnetTestHostmanager.IsWinOnArm: Is Windows on ARM 'False'
TpTrace Verbose: 0 : 16836, 6, 2024/04/24, 01:01:58.129, 4885182019915, vstest.console.dll, DotnetTestHostManager: testhost.exe found at path: C:\Users\vc\Desktop\Training\Day 10\DoctorClinicSolution\DoctorClinicBLTest\bin\Debug\net6.0\fine-code-coverage\build-output\testhost.exe
TpTrace Verbose: 0 : 16836, 6, 2024/04/24, 01:01:58.129, 4885182020481, vstest.console.dll, DotnetTestHostmanager: Full path of host exe is C:\Users\vc\Desktop\Training\Day 10\DoctorClinicSolution\DoctorClinicBLTest\bin\Debug\net6.0\fine-code-coverage\build-output\testhost.exe
TpTrace Verbose: 0 : 16836, 6, 2024/04/24, 01:01:58.130, 4885182022337, vstest.console.dll, DotnetTestHostmanager.LaunchTestHostAsync: Found 'VSTEST_WINAPPHOST_DOTNET_ROOT' in env variables, value 'C:\Program Files\dotnet', forwarding to 'DOTNET_ROOT'
TpTrace Verbose: 0 : 16836, 6, 2024/04/24, 01:01:58.130, 4885182024037, vstest.console.dll, DotnetTestHostManager: Starting process 'C:\Users\vc\Desktop\Training\Day 10\DoctorClinicSolution\DoctorClinicBLTest\bin\Debug\net6.0\fine-code-coverage\build-output\testhost.exe' with command line ' --runtimeconfig "C:\Users\vc\Desktop\Training\Day 10\DoctorClinicSolution\DoctorClinicBLTest\bin\Debug\net6.0\fine-code-coverage\build-output\DoctorClinicBLTest.runtimeconfig.json" --depsfile "C:\Users\vc\Desktop\Training\Day 10\DoctorClinicSolution\DoctorClinicBLTest\bin\Debug\net6.0\fine-code-coverage\build-output\DoctorClinicBLTest.deps.json" --port 50845 --endpoint 127.0.0.1:050845 --role client --parentprocessid 16836 --diag "C:\Users\vc\Desktop\Training\Day 10\DoctorClinicSolution\DoctorClinicBLTest\bin\Debug\net6.0\fine-code-coverage\coverage-tool-output\diagnostics.host.24-04-24_01-01-58_12860_6.log" --tracelevel 4 --datacollectionport 50844 --telemetryoptedin false'
TpTrace Verbose: 0 : 16836, 6, 2024/04/24, 01:01:58.136, 4885182089380, vstest.console.dll, MulticastDelegateUtilities.SafeInvoke: HostProviderEvents.OnHostLaunched: Invoking callback 1/2 for Microsoft.VisualStudio.TestPlatform.CrossPlatEngine.Client.ProxyExecutionManagerWithDataCollection., took 1 ms.
TpTrace Verbose: 0 : 16836, 6, 2024/04/24, 01:01:58.137, 4885182094643, vstest.console.dll, Test Runtime launched
TpTrace Verbose: 0 : 16836, 6, 2024/04/24, 01:01:58.137, 4885182095679, vstest.console.dll, MulticastDelegateUtilities.SafeInvoke: HostProviderEvents.OnHostLaunched: Invoking callback 2/2 for Microsoft.VisualStudio.TestPlatform.CrossPlatEngine.Client.ProxyOperationManager., took 0 ms.
TpTrace Verbose: 0 : 16836, 6, 2024/04/24, 01:01:58.137, 4885182097166, vstest.console.dll, TestRequestSender.WaitForRequestHandlerConnection: waiting for connection with timeout: 90000.
TpTrace Verbose: 0 : 16836, 8, 2024/04/24, 01:01:58.458, 4885185310909, vstest.console.dll, MulticastDelegateUtilities.SafeInvoke: SocketServer: ClientConnected: Invoking callback 1/1 for Microsoft.VisualStudio.TestPlatform.CommunicationUtilities.TestRequestSender., took 0 ms.
TpTrace Verbose: 0 : 16836, 6, 2024/04/24, 01:01:58.458, 4885185310918, vstest.console.dll, TestRequestSender.WaitForRequestHandlerConnection: waiting took 321 ms, with timeout 90000 ms, and result 0, which is success.
TpTrace Verbose: 0 : 16836, 8, 2024/04/24, 01:01:58.459, 4885185312990, vstest.console.dll, SocketServer.OnClientConnected: Client connected for endPoint: 127.0.0.1:50845, starting MessageLoopAsync:
TpTrace Verbose: 0 : 16836, 8, 2024/04/24, 01:01:58.460, 4885185322801, vstest.console.dll, TcpClientExtensions.MessageLoopAsync: Polling on remoteEndPoint: 127.0.0.1:50846 localEndPoint: 127.0.0.1:50845 after 0 ms
TpTrace Verbose: 0 : 16836, 6, 2024/04/24, 01:01:58.460, 4885185329861, vstest.console.dll, TestRequestSender.CheckVersionWithTestHost: Sending check version message: {"MessageType":"ProtocolVersion","Payload":7}
TpTrace Verbose: 0 : 16836, 8, 2024/04/24, 01:01:58.646, 4885187190540, vstest.console.dll, TcpClientExtensions.MessageLoopAsync: NotifyDataAvailable remoteEndPoint: 127.0.0.1:50846 localEndPoint: 127.0.0.1:50845
TpTrace Verbose: 0 : 16836, 8, 2024/04/24, 01:01:58.647, 4885187193660, vstest.console.dll, TestRequestSender.CheckVersionWithTestHost: onMessageReceived received message: (ProtocolVersion) -> {"MessageType":"ProtocolVersion","Payload":7}
TpTrace Verbose: 0 : 16836, 8, 2024/04/24, 01:01:58.647, 4885187200546, vstest.console.dll, MulticastDelegateUtilities.SafeInvoke: LengthPrefixCommunicationChannel: MessageReceived: Invoking callback 1/1 for Microsoft.VisualStudio.TestPlatform.CommunicationUtilities.TestRequestSender+<>c__DisplayClass29_0., took 0 ms.
TpTrace Verbose: 0 : 16836, 6, 2024/04/24, 01:01:58.647, 4885187201979, vstest.console.dll, TestPluginCache.GetExtensionPaths: Filtered extension paths: 
TpTrace Verbose: 0 : 16836, 8, 2024/04/24, 01:01:58.648, 4885187202126, vstest.console.dll, TcpClientExtensions.MessageLoopAsync: Polling on remoteEndPoint: 127.0.0.1:50846 localEndPoint: 127.0.0.1:50845 after 187 ms
TpTrace Verbose: 0 : 16836, 6, 2024/04/24, 01:01:58.648, 4885187202873, vstest.console.dll, TestPluginCache.GetExtensionPaths: Added default extension paths: C:\Program Files\dotnet\sdk\8.0.202\Extensions\Microsoft.Diagnostics.NETCore.Client.dll
C:\Program Files\dotnet\sdk\8.0.202\Extensions\Microsoft.TestPlatform.Extensions.BlameDataCollector.dll
C:\Program Files\dotnet\sdk\8.0.202\Extensions\Microsoft.TestPlatform.Extensions.EventLogCollector.dll
C:\Program Files\dotnet\sdk\8.0.202\Extensions\Microsoft.TestPlatform.TestHostRuntimeProvider.dll
C:\Program Files\dotnet\sdk\8.0.202\Extensions\Microsoft.VisualStudio.TestPlatform.Extensions.Html.TestLogger.dll
C:\Program Files\dotnet\sdk\8.0.202\Extensions\Microsoft.VisualStudio.TestPlatform.Extensions.Trx.TestLogger.dll
TpTrace Verbose: 0 : 16836, 6, 2024/04/24, 01:01:58.648, 4885187204552, vstest.console.dll, TestPluginCache.GetExtensionPaths: Added unfilterableExtensionPaths: 
TpTrace Verbose: 0 : 16836, 6, 2024/04/24, 01:01:58.651, 4885187236074, vstest.console.dll, TestRequestSender.InitializeExecution: Sending initialize execution with message: {"Version":7,"MessageType":"TestExecution.Initialize","Payload":["C:\\Users\\vc\\Desktop\\Training\\Day 10\\DoctorClinicSolution\\DoctorClinicBLTest\\bin\\Debug\\net6.0\\fine-code-coverage\\build-output\\NUnit3.TestAdapter.dll"]}
TpTrace Verbose: 0 : 16836, 6, 2024/04/24, 01:01:58.651, 4885187238715, vstest.console.dll, ParallelProxyExecutionManager.StartTestRunOnConcurrentManager: Execution starting. Started clients: 1
TpTrace Verbose: 0 : 16836, 6, 2024/04/24, 01:01:58.651, 4885187241825, vstest.console.dll, TestRunRequest:SendTestRunMessage: Starting.
TpTrace Verbose: 0 : 16836, 6, 2024/04/24, 01:01:58.652, 4885187244266, vstest.console.dll, MulticastDelegateUtilities.SafeInvoke: TestRun.LogMessages: Invoking callback 1/1 for Microsoft.VisualStudio.TestPlatform.CommandLine.TestRunResultAggregator., took 0 ms.
TpTrace Information: 0 : 16836, 6, 2024/04/24, 01:01:58.652, 4885187245391, vstest.console.dll, TestRunRequest:SendTestRunMessage: Completed.
TpTrace Verbose: 0 : 16836, 5, 2024/04/24, 01:01:58.652, 4885187248150, vstest.console.dll, MulticastDelegateUtilities.SafeInvoke: InternalTestLoggerEvents.SendTestRunMessage: Invoking callback 1/1 for Microsoft.VisualStudio.TestPlatform.CommandLine.Internal.ConsoleLogger., took 0 ms.
TpTrace Warning: 0 : 16836, 6, 2024/04/24, 01:01:58.652, 4885187251824, vstest.console.dll, InferRunSettingsHelper.MakeRunsettingsCompatible: Removing the following settings: TargetPlatform from RunSettings file. To use those settings please move to latest version of Microsoft.NET.Test.Sdk
TpTrace Verbose: 0 : 16836, 8, 2024/04/24, 01:01:58.656, 4885187286600, vstest.console.dll, TcpClientExtensions.MessageLoopAsync: NotifyDataAvailable remoteEndPoint: 127.0.0.1:50846 localEndPoint: 127.0.0.1:50845
TpTrace Verbose: 0 : 16836, 8, 2024/04/24, 01:01:58.656, 4885187291560, vstest.console.dll, TestRequestSender.OnExecutionMessageReceived: Received message: {"Version":7,"MessageType":"TestSession.Message","Payload":{"MessageLevel":0,"Message":"Logging TestHost Diagnostics in file: C:\\Users\\vc\\Desktop\\Training\\Day 10\\DoctorClinicSolution\\DoctorClinicBLTest\\bin\\Debug\\net6.0\\fine-code-coverage\\coverage-tool-output\\diagnostics.host.24-04-24_01-01-58_12860_6.log"}}
TpTrace Verbose: 0 : 16836, 8, 2024/04/24, 01:01:58.659, 4885187319018, vstest.console.dll, TestRunRequest:SendTestRunMessage: Starting.
TpTrace Verbose: 0 : 16836, 8, 2024/04/24, 01:01:58.659, 4885187320628, vstest.console.dll, MulticastDelegateUtilities.SafeInvoke: TestRun.LogMessages: Invoking callback 1/1 for Microsoft.VisualStudio.TestPlatform.CommandLine.TestRunResultAggregator., took 0 ms.
TpTrace Information: 0 : 16836, 8, 2024/04/24, 01:01:58.659, 4885187321117, vstest.console.dll, TestRunRequest:SendTestRunMessage: Completed.
TpTrace Verbose: 0 : 16836, 8, 2024/04/24, 01:01:58.659, 4885187321668, vstest.console.dll, MulticastDelegateUtilities.SafeInvoke: LengthPrefixCommunicationChannel: MessageReceived: Invoking callback 1/1 for Microsoft.VisualStudio.TestPlatform.CommunicationUtilities.TestRequestSender+<>c__DisplayClass34_0., took 3 ms.
TpTrace Verbose: 0 : 16836, 8, 2024/04/24, 01:01:58.660, 4885187322993, vstest.console.dll, TcpClientExtensions.MessageLoopAsync: Polling on remoteEndPoint: 127.0.0.1:50846 localEndPoint: 127.0.0.1:50845 after 11 ms
TpTrace Verbose: 0 : 16836, 5, 2024/04/24, 01:01:58.659, 4885187322019, vstest.console.dll, MulticastDelegateUtilities.SafeInvoke: InternalTestLoggerEvents.SendTestRunMessage: Invoking callback 1/1 for Microsoft.VisualStudio.TestPlatform.CommandLine.Internal.ConsoleLogger., took 0 ms.
TpTrace Verbose: 0 : 16836, 6, 2024/04/24, 01:01:58.665, 4885187374212, vstest.console.dll, TestRequestSender.StartTestRun: Sending test run with message: {"Version":7,"MessageType":"TestExecution.StartWithSources","Payload":{"AdapterSourceMap":{"_none_":["C:\\Users\\vc\\Desktop\\Training\\Day 10\\DoctorClinicSolution\\DoctorClinicBLTest\\bin\\Debug\\net6.0\\fine-code-coverage\\build-output\\DoctorClinicBLTest.dll"]},"RunSettings":"<RunSettings>\r\n  <RunConfiguration>\r\n    <ResultsDirectory>C:\\Users\\vc\\Desktop\\Training\\Day 10\\DoctorClinicSolution\\DoctorClinicBLTest\\bin\\Debug\\net6.0\\fine-code-coverage\\coverage-tool-output</ResultsDirectory>\r\n    <TargetFrameworkVersion>.NETCoreApp,Version=v6.0</TargetFrameworkVersion>\r\n    <DesignMode>False</DesignMode>\r\n    <CollectSourceInformation>False</CollectSourceInformation>\r\n  </RunConfiguration>\r\n  <LoggerRunSettings>\r\n    <Loggers>\r\n      <Logger friendlyName=\"blame\" enabled=\"True\" />\r\n      <Logger friendlyName=\"Console\" uri=\"logger://microsoft/TestPlatform/ConsoleLogger/v1\" assemblyQualifiedName=\"Microsoft.VisualStudio.TestPlatform.CommandLine.Internal.ConsoleLogger, vstest.console, Version=15.0.0.0, Culture=neutral, PublicKeyToken=b03f5f7f11d50a3a\" codeBase=\"C:\\Program Files\\dotnet\\sdk\\8.0.202\\vstest.console.dll\" enabled=\"True\" />\r\n    </Loggers>\r\n  </LoggerRunSettings>\r\n  <DataCollectionRunSettings>\r\n    <DataCollectors>\r\n      <DataCollector friendlyName=\"blame\" enabled=\"True\">\r\n        <Configuration>\r\n          <ResultsDirectory>C:\\Users\\vc\\Desktop\\Training\\Day 10\\DoctorClinicSolution\\DoctorClinicBLTest\\bin\\Debug\\net6.0\\fine-code-coverage\\coverage-tool-output</ResultsDirectory>\r\n        </Configuration>\r\n      </DataCollector>\r\n    </DataCollectors>\r\n  </DataCollectionRunSettings>\r\n</RunSettings>","TestExecutionContext":{"FrequencyOfRunStatsChangeEvent":10,"RunStatsChangeEventTimeout":"00:00:01.5000000","InIsolation":false,"KeepAlive":false,"AreTestCaseLevelEventsRequired":false,"IsDebug":false,"TestCaseFilter":null,"FilterOptions":null},"Package":null}}
TpTrace Verbose: 0 : 16836, 6, 2024/04/24, 01:01:58.665, 4885187377171, vstest.console.dll, ParallelProxyExecutionManager.StartTestRunOnConcurrentManager: Execution started. Started clients: 1
TpTrace Verbose: 0 : 16836, 8, 2024/04/24, 01:01:58.839, 4885189113628, vstest.console.dll, TcpClientExtensions.MessageLoopAsync: NotifyDataAvailable remoteEndPoint: 127.0.0.1:50846 localEndPoint: 127.0.0.1:50845
TpTrace Verbose: 0 : 16836, 8, 2024/04/24, 01:01:58.839, 4885189115804, vstest.console.dll, TestRequestSender.OnExecutionMessageReceived: Received message: {"Version":7,"MessageType":"TestSession.Message","Payload":{"MessageLevel":0,"Message":"NUnit Adapter 4.4.0.0: Test execution started"}}
TpTrace Verbose: 0 : 16836, 8, 2024/04/24, 01:01:58.839, 4885189118479, vstest.console.dll, TestRunRequest:SendTestRunMessage: Starting.
TpTrace Verbose: 0 : 16836, 8, 2024/04/24, 01:01:58.839, 4885189119388, vstest.console.dll, MulticastDelegateUtilities.SafeInvoke: TestRun.LogMessages: Invoking callback 1/1 for Microsoft.VisualStudio.TestPlatform.CommandLine.TestRunResultAggregator., took 0 ms.
TpTrace Information: 0 : 16836, 8, 2024/04/24, 01:01:58.839, 4885189119800, vstest.console.dll, TestRunRequest:SendTestRunMessage: Completed.
TpTrace Verbose: 0 : 16836, 8, 2024/04/24, 01:01:58.839, 4885189120194, vstest.console.dll, MulticastDelegateUtilities.SafeInvoke: LengthPrefixCommunicationChannel: MessageReceived: Invoking callback 1/1 for Microsoft.VisualStudio.TestPlatform.CommunicationUtilities.TestRequestSender+<>c__DisplayClass34_0., took 0 ms.
TpTrace Verbose: 0 : 16836, 8, 2024/04/24, 01:01:58.839, 4885189121496, vstest.console.dll, TcpClientExtensions.MessageLoopAsync: Polling on remoteEndPoint: 127.0.0.1:50846 localEndPoint: 127.0.0.1:50845 after 179 ms
TpTrace Verbose: 0 : 16836, 5, 2024/04/24, 01:01:58.839, 4885189120132, vstest.console.dll, MulticastDelegateUtilities.SafeInvoke: InternalTestLoggerEvents.SendTestRunMessage: Invoking callback 1/1 for Microsoft.VisualStudio.TestPlatform.CommandLine.Internal.ConsoleLogger., took 0 ms.
TpTrace Verbose: 0 : 16836, 8, 2024/04/24, 01:01:58.874, 4885189470349, vstest.console.dll, TcpClientExtensions.MessageLoopAsync: NotifyDataAvailable remoteEndPoint: 127.0.0.1:50846 localEndPoint: 127.0.0.1:50845
TpTrace Verbose: 0 : 16836, 8, 2024/04/24, 01:01:58.875, 4885189472869, vstest.console.dll, TestRequestSender.OnExecutionMessageReceived: Received message: {"Version":7,"MessageType":"TestSession.Message","Payload":{"MessageLevel":0,"Message":"Running all tests in C:\\Users\\vc\\Desktop\\Training\\Day 10\\DoctorClinicSolution\\DoctorClinicBLTest\\bin\\Debug\\net6.0\\fine-code-coverage\\build-output\\DoctorClinicBLTest.dll"}}
TpTrace Verbose: 0 : 16836, 8, 2024/04/24, 01:01:58.875, 4885189474795, vstest.console.dll, TestRunRequest:SendTestRunMessage: Starting.
TpTrace Verbose: 0 : 16836, 8, 2024/04/24, 01:01:58.875, 4885189475560, vstest.console.dll, MulticastDelegateUtilities.SafeInvoke: TestRun.LogMessages: Invoking callback 1/1 for Microsoft.VisualStudio.TestPlatform.CommandLine.TestRunResultAggregator., took 0 ms.
TpTrace Information: 0 : 16836, 8, 2024/04/24, 01:01:58.875, 4885189476086, vstest.console.dll, TestRunRequest:SendTestRunMessage: Completed.
TpTrace Verbose: 0 : 16836, 8, 2024/04/24, 01:01:58.875, 4885189476493, vstest.console.dll, MulticastDelegateUtilities.SafeInvoke: LengthPrefixCommunicationChannel: MessageReceived: Invoking callback 1/1 for Microsoft.VisualStudio.TestPlatform.CommunicationUtilities.TestRequestSender+<>c__DisplayClass34_0., took 0 ms.
TpTrace Verbose: 0 : 16836, 8, 2024/04/24, 01:01:58.875, 4885189476924, vstest.console.dll, TcpClientExtensions.MessageLoopAsync: Polling on remoteEndPoint: 127.0.0.1:50846 localEndPoint: 127.0.0.1:50845 after 35 ms
TpTrace Verbose: 0 : 16836, 5, 2024/04/24, 01:01:58.875, 4885189477044, vstest.console.dll, MulticastDelegateUtilities.SafeInvoke: InternalTestLoggerEvents.SendTestRunMessage: Invoking callback 1/1 for Microsoft.VisualStudio.TestPlatform.CommandLine.Internal.ConsoleLogger., took 0 ms.
TpTrace Verbose: 0 : 16836, 8, 2024/04/24, 01:01:59.034, 4885191068909, vstest.console.dll, TcpClientExtensions.MessageLoopAsync: NotifyDataAvailable remoteEndPoint: 127.0.0.1:50846 localEndPoint: 127.0.0.1:50845
TpTrace Verbose: 0 : 16836, 8, 2024/04/24, 01:01:59.034, 4885191071730, vstest.console.dll, TestRequestSender.OnExecutionMessageReceived: Received message: {"Version":7,"MessageType":"TestSession.Message","Payload":{"MessageLevel":0,"Message":"   NUnit3TestExecutor discovered 38 of 38 NUnit test cases using Current Discovery mode, Non-Explicit run"}}
TpTrace Verbose: 0 : 16836, 8, 2024/04/24, 01:01:59.035, 4885191073269, vstest.console.dll, TestRunRequest:SendTestRunMessage: Starting.
TpTrace Verbose: 0 : 16836, 8, 2024/04/24, 01:01:59.035, 4885191074023, vstest.console.dll, MulticastDelegateUtilities.SafeInvoke: TestRun.LogMessages: Invoking callback 1/1 for Microsoft.VisualStudio.TestPlatform.CommandLine.TestRunResultAggregator., took 0 ms.
TpTrace Information: 0 : 16836, 8, 2024/04/24, 01:01:59.035, 4885191074424, vstest.console.dll, TestRunRequest:SendTestRunMessage: Completed.
TpTrace Verbose: 0 : 16836, 5, 2024/04/24, 01:01:59.035, 4885191074642, vstest.console.dll, MulticastDelegateUtilities.SafeInvoke: InternalTestLoggerEvents.SendTestRunMessage: Invoking callback 1/1 for Microsoft.VisualStudio.TestPlatform.CommandLine.Internal.ConsoleLogger., took 0 ms.
TpTrace Verbose: 0 : 16836, 8, 2024/04/24, 01:01:59.035, 4885191076350, vstest.console.dll, MulticastDelegateUtilities.SafeInvoke: LengthPrefixCommunicationChannel: MessageReceived: Invoking callback 1/1 for Microsoft.VisualStudio.TestPlatform.CommunicationUtilities.TestRequestSender+<>c__DisplayClass34_0., took 0 ms.
TpTrace Verbose: 0 : 16836, 8, 2024/04/24, 01:01:59.035, 4885191077150, vstest.console.dll, TcpClientExtensions.MessageLoopAsync: Polling on remoteEndPoint: 127.0.0.1:50846 localEndPoint: 127.0.0.1:50845 after 159 ms
TpTrace Verbose: 0 : 16836, 8, 2024/04/24, 01:01:59.172, 4885192445851, vstest.console.dll, TcpClientExtensions.MessageLoopAsync: NotifyDataAvailable remoteEndPoint: 127.0.0.1:50846 localEndPoint: 127.0.0.1:50845
TpTrace Verbose: 0 : 16836, 8, 2024/04/24, 01:01:59.172, 4885192450147, vstest.console.dll, TestRequestSender.OnExecutionMessageReceived: Received message: {"Version":7,"MessageType":"TestExecution.StatsChange","Payload":{"NewTestResults":[{"TestCase":{"Id":"aade92d0-510d-0f1c-7bf7-a59a650ac55d","FullyQualifiedName":"DoctorClinicBLTest.AppointmentBLTest.AppointmentBLCancelAppointmentTest.CancelAppointmentAppointmentNotFoundExceptionTest","DisplayName":"CancelAppointmentAppointmentNotFoundExceptionTest","ExecutorUri":"executor://NUnit3TestExecutor","Source":"C:\\Users\\vc\\Desktop\\Training\\Day 10\\DoctorClinicSolution\\DoctorClinicBLTest\\bin\\Debug\\net6.0\\fine-code-coverage\\build-output\\DoctorClinicBLTest.dll","CodeFilePath":null,"LineNumber":0,"Properties":[{"Key":{"Id":"NUnit.Seed","Label":"Seed","Category":"","Description":"","Attributes":0,"ValueType":"System.String"},"Value":"642042272"}]},"Attachments":[],"Outcome":1,"ErrorMessage":null,"ErrorStackTrace":null,"DisplayName":"CancelAppointmentAppointmentNotFoundExceptionTest","Messages":[],"ComputerName":"86RBBX3","Duration":"00:00:00.0272000","StartTime":"2024-04-23T19:31:59.0544985+00:00","EndTime":"2024-04-23T19:31:59.0815688+00:00","Properties":[{"Key":{"Id":"NUnit.Seed","Label":"Seed","Category":"","Description":"","Attributes":0,"ValueType":"System.String"},"Value":"642042272"}]},{"TestCase":{"Id":"98c5362b-38cb-ca3a-c1cb-4023b14f8d70","FullyQualifiedName":"DoctorClinicBLTest.AppointmentBLTest.AppointmentBLCancelAppointmentTest.CancelAppointmentSuccessTest","DisplayName":"CancelAppointmentSuccessTest","ExecutorUri":"executor://NUnit3TestExecutor","Source":"C:\\Users\\vc\\Desktop\\Training\\Day 10\\DoctorClinicSolution\\DoctorClinicBLTest\\bin\\Debug\\net6.0\\fine-code-coverage\\build-output\\DoctorClinicBLTest.dll","CodeFilePath":null,"LineNumber":0,"Properties":[{"Key":{"Id":"NUnit.Seed","Label":"Seed","Category":"","Description":"","Attributes":0,"ValueType":"System.String"},"Value":"874831525"}]},"Attachments":[],"Outcome":1,"ErrorMessage":null,"ErrorStackTrace":null,"DisplayName":"CancelAppointmentSuccessTest","Messages":[],"ComputerName":"86RBBX3","Duration":"00:00:00.0079390","StartTime":"2024-04-23T19:31:59.0842869+00:00","EndTime":"2024-04-23T19:31:59.0922258+00:00","Properties":[{"Key":{"Id":"NUnit.Seed","Label":"Seed","Category":"","Description":"","Attributes":0,"ValueType":"System.String"},"Value":"874831525"}]},{"TestCase":{"Id":"a895a2c5-7bab-8bb3-f8ae-de0d9252743a","FullyQualifiedName":"DoctorClinicBLTest.AppointmentBLTest.AppointmentBLCheckAvailabilityTest.CheckAvailabilityNoDataAvailableExceptionTest","DisplayName":"CheckAvailabilityNoDataAvailableExceptionTest","ExecutorUri":"executor://NUnit3TestExecutor","Source":"C:\\Users\\vc\\Desktop\\Training\\Day 10\\DoctorClinicSolution\\DoctorClinicBLTest\\bin\\Debug\\net6.0\\fine-code-coverage\\build-output\\DoctorClinicBLTest.dll","CodeFilePath":null,"LineNumber":0,"Properties":[{"Key":{"Id":"NUnit.Seed","Label":"Seed","Category":"","Description":"","Attributes":0,"ValueType":"System.String"},"Value":"1972215719"}]},"Attachments":[],"Outcome":1,"ErrorMessage":null,"ErrorStackTrace":null,"DisplayName":"CheckAvailabilityNoDataAvailableExceptionTest","Messages":[],"ComputerName":"86RBBX3","Duration":"00:00:00.0010330","StartTime":"2024-04-23T19:31:59.0944129+00:00","EndTime":"2024-04-23T19:31:59.0954454+00:00","Properties":[{"Key":{"Id":"NUnit.Seed","Label":"Seed","Category":"","Description":"","Attributes":0,"ValueType":"System.String"},"Value":"1972215719"}]},{"TestCase":{"Id":"7e7765eb-d014-6cb4-c945-eb4bc0fe1c00","FullyQualifiedName":"DoctorClinicBLTest.AppointmentBLTest.AppointmentBLCheckAvailabilityTest.CheckAvailabilitySuccessTest","DisplayName":"CheckAvailabilitySuccessTest","ExecutorUri":"executor://NUnit3TestExecutor","Source":"C:\\Users\\vc\\Desktop\\Training\\Day 10\\DoctorClinicSolution\\DoctorClinicBLTest\\bin\\Debug\\net6.0\\fine-code-coverage\\build-output\\DoctorClinicBLTest.dll","CodeFilePath":null,"LineNumber":0,"Properties":[{"Key":{"Id":"NUnit.Seed","Label":"Seed","Category":"","Description":"","Attributes":0,"ValueType":"System.String"},"Value":"566785002"}]},"Attachments":[],"Outcome":1,"ErrorMessage":null,"ErrorStackTrace":null,"DisplayName":"CheckAvailabilitySuccessTest","Messages":[],"ComputerName":"86RBBX3","Duration":"00:00:00.0007880","StartTime":"2024-04-23T19:31:59.095462+00:00","EndTime":"2024-04-23T19:31:59.0962498+00:00","Properties":[{"Key":{"Id":"NUnit.Seed","Label":"Seed","Category":"","Description":"","Attributes":0,"ValueType":"System.String"},"Value":"566785002"}]},{"TestCase":{"Id":"9e20261f-9a6b-7d4d-464d-7ceef02867d7","FullyQualifiedName":"DoctorClinicBLTest.AppointmentBLTest.AppointmentBLGetAppointmentsByStatusTest.GetAppointmentByStatusAppointmentNotFoundExceptionTest","DisplayName":"GetAppointmentByStatusAppointmentNotFoundExceptionTest","ExecutorUri":"executor://NUnit3TestExecutor","Source":"C:\\Users\\vc\\Desktop\\Training\\Day 10\\DoctorClinicSolution\\DoctorClinicBLTest\\bin\\Debug\\net6.0\\fine-code-coverage\\build-output\\DoctorClinicBLTest.dll","CodeFilePath":null,"LineNumber":0,"Properties":[{"Key":{"Id":"NUnit.Seed","Label":"Seed","Category":"","Description":"","Attributes":0,"ValueType":"System.String"},"Value":"207313991"}]},"Attachments":[],"Outcome":1,"ErrorMessage":null,"ErrorStackTrace":null,"DisplayName":"GetAppointmentByStatusAppointmentNotFoundExceptionTest","Messages":[],"ComputerName":"86RBBX3","Duration":"00:00:00.0008840","StartTime":"2024-04-23T19:31:59.0964185+00:00","EndTime":"2024-04-23T19:31:59.0973025+00:00","Properties":[{"Key":{"Id":"NUnit.Seed","Label":"Seed","Category":"","Description":"","Attributes":0,"ValueType":"System.String"},"Value":"207313991"}]},{"TestCase":{"Id":"c8d2e10d-81de-af67-1bee-bec05c0a8b95","FullyQualifiedName":"DoctorClinicBLTest.AppointmentBLTest.AppointmentBLGetAppointmentsByStatusTest.GetAppointmentByStatusNotDataAvailabeleExceptionTest","DisplayName":"GetAppointmentByStatusNotDataAvailabeleExceptionTest","ExecutorUri":"executor://NUnit3TestExecutor","Source":"C:\\Users\\vc\\Desktop\\Training\\Day 10\\DoctorClinicSolution\\DoctorClinicBLTest\\bin\\Debug\\net6.0\\fine-code-coverage\\build-output\\DoctorClinicBLTest.dll","CodeFilePath":null,"LineNumber":0,"Properties":[{"Key":{"Id":"NUnit.Seed","Label":"Seed","Category":"","Description":"","Attributes":0,"ValueType":"System.String"},"Value":"951715186"}]},"Attachments":[],"Outcome":1,"ErrorMessage":null,"ErrorStackTrace":null,"DisplayName":"GetAppointmentByStatusNotDataAvailabeleExceptionTest","Messages":[],"ComputerName":"86RBBX3","Duration":"00:00:00.0002940","StartTime":"2024-04-23T19:31:59.0973173+00:00","EndTime":"2024-04-23T19:31:59.0976111+00:00","Properties":[{"Key":{"Id":"NUnit.Seed","Label":"Seed","Category":"","Description":"","Attributes":0,"ValueType":"System.String"},"Value":"951715186"}]},{"TestCase":{"Id":"53b1ddfc-3f7e-d6c1-0959-70a52a9ef544","FullyQualifiedName":"DoctorClinicBLTest.AppointmentBLTest.AppointmentBLGetAppointmentsByStatusTest.GetAppointmentByStatusSuccessTest","DisplayName":"GetAppointmentByStatusSuccessTest","ExecutorUri":"executor://NUnit3TestExecutor","Source":"C:\\Users\\vc\\Desktop\\Training\\Day 10\\DoctorClinicSolution\\DoctorClinicBLTest\\bin\\Debug\\net6.0\\fine-code-coverage\\build-output\\DoctorClinicBLTest.dll","CodeFilePath":null,"LineNumber":0,"Properties":[{"Key":{"Id":"NUnit.Seed","Label":"Seed","Category":"","Description":"","Attributes":0,"ValueType":"System.String"},"Value":"557990583"}]},"Attachments":[],"Outcome":1,"ErrorMessage":null,"ErrorStackTrace":null,"DisplayName":"GetAppointmentByStatusSuccessTest","Messages":[],"ComputerName":"86RBBX3","Duration":"00:00:00.0004030","StartTime":"2024-04-23T19:31:59.0976237+00:00","EndTime":"2024-04-23T19:31:59.0980262+00:00","Properties":[{"Key":{"Id":"NUnit.Seed","Label":"Seed","Category":"","Description":"","Attributes":0,"ValueType":"System.String"},"Value":"557990583"}]},{"TestCase":{"Id":"ba3ef0d3-7b1d-3721-9ef9-f1150043b30a","FullyQualifiedName":"DoctorClinicBLTest.AppointmentBLTest.AppointmentBLGetAppointmentsForDoctorTest.GetAppointmentsForDoctorAppointmentNotFoundExceptionTest","DisplayName":"GetAppointmentsForDoctorAppointmentNotFoundExceptionTest","ExecutorUri":"executor://NUnit3TestExecutor","Source":"C:\\Users\\vc\\Desktop\\Training\\Day 10\\DoctorClinicSolution\\DoctorClinicBLTest\\bin\\Debug\\net6.0\\fine-code-coverage\\build-output\\DoctorClinicBLTest.dll","CodeFilePath":null,"LineNumber":0,"Properties":[{"Key":{"Id":"NUnit.Seed","Label":"Seed","Category":"","Description":"","Attributes":0,"ValueType":"System.String"},"Value":"962717587"}]},"Attachments":[],"Outcome":1,"ErrorMessage":null,"ErrorStackTrace":null,"DisplayName":"GetAppointmentsForDoctorAppointmentNotFoundExceptionTest","Messages":[],"ComputerName":"86RBBX3","Duration":"00:00:00.0007120","StartTime":"2024-04-23T19:31:59.098142+00:00","EndTime":"2024-04-23T19:31:59.0988533+00:00","Properties":[{"Key":{"Id":"NUnit.Seed","Label":"Seed","Category":"","Description":"","Attributes":0,"ValueType":"System.String"},"Value":"962717587"}]},{"TestCase":{"Id":"c562c9e2-f500-199e-f02d-549b3f88a057","FullyQualifiedName":"DoctorClinicBLTest.AppointmentBLTest.AppointmentBLGetAppointmentsForDoctorTest.GetAppointmentsForDoctorNotDataAvailabeleExceptionTest","DisplayName":"GetAppointmentsForDoctorNotDataAvailabeleExceptionTest","ExecutorUri":"executor://NUnit3TestExecutor","Source":"C:\\Users\\vc\\Desktop\\Training\\Day 10\\DoctorClinicSolution\\DoctorClinicBLTest\\bin\\Debug\\net6.0\\fine-code-coverage\\build-output\\DoctorClinicBLTest.dll","CodeFilePath":null,"LineNumber":0,"Properties":[{"Key":{"Id":"NUnit.Seed","Label":"Seed","Category":"","Description":"","Attributes":0,"ValueType":"System.String"},"Value":"40744062"}]},"Attachments":[],"Outcome":1,"ErrorMessage":null,"ErrorStackTrace":null,"DisplayName":"GetAppointmentsForDoctorNotDataAvailabeleExceptionTest","Messages":[],"ComputerName":"86RBBX3","Duration":"00:00:00.0002420","StartTime":"2024-04-23T19:31:59.0988667+00:00","EndTime":"2024-04-23T19:31:59.099108+00:00","Properties":[{"Key":{"Id":"NUnit.Seed","Label":"Seed","Category":"","Description":"","Attributes":0,"ValueType":"System.String"},"Value":"40744062"}]}],"TestRunStatistics":{"ExecutedTests":9,"Stats":{"Passed":9}},"ActiveTests":[{"Id":"74805062-7638-4088-83ff-5193e522f345","FullyQualifiedName":"DoctorClinicBLTest.AppointmentBLTest.AppointmentBLGetAppointmentsForDoctorTest.GetAppointmentsForDoctorSuccessTest","DisplayName":"GetAppointmentsForDoctorSuccessTest","ExecutorUri":"executor://NUnit3TestExecutor","Source":"C:\\Users\\vc\\Desktop\\Training\\Day 10\\DoctorClinicSolution\\DoctorClinicBLTest\\bin\\Debug\\net6.0\\fine-code-coverage\\build-output\\DoctorClinicBLTest.dll","CodeFilePath":null,"LineNumber":0,"Properties":[{"Key":{"Id":"NUnit.Seed","Label":"Seed","Category":"","Description":"","Attributes":0,"ValueType":"System.String"},"Value":"1038907676"}]}]}}
TpTrace Verbose: 0 : 16836, 8, 2024/04/24, 01:01:59.195, 4885192680514, vstest.console.dll, TestRunRequest:SendTestRunStatsChange: Starting.
TpTrace Verbose: 0 : 16836, 8, 2024/04/24, 01:01:59.196, 4885192682270, vstest.console.dll, InProgress is GetAppointmentsForDoctorSuccessTest
TpTrace Verbose: 0 : 16836, 8, 2024/04/24, 01:01:59.196, 4885192684513, vstest.console.dll, MulticastDelegateUtilities.SafeInvoke: TestRun.RunStatsChanged: Invoking callbacks was skipped because there are no subscribers.
TpTrace Information: 0 : 16836, 8, 2024/04/24, 01:01:59.196, 4885192684940, vstest.console.dll, TestRunRequest:SendTestRunStatsChange: Completed.
TpTrace Verbose: 0 : 16836, 8, 2024/04/24, 01:01:59.196, 4885192685307, vstest.console.dll, MulticastDelegateUtilities.SafeInvoke: LengthPrefixCommunicationChannel: MessageReceived: Invoking callback 1/1 for Microsoft.VisualStudio.TestPlatform.CommunicationUtilities.TestRequestSender+<>c__DisplayClass34_0., took 23 ms.
TpTrace Verbose: 0 : 16836, 8, 2024/04/24, 01:01:59.196, 4885192685678, vstest.console.dll, TcpClientExtensions.MessageLoopAsync: Polling on remoteEndPoint: 127.0.0.1:50846 localEndPoint: 127.0.0.1:50845 after 160 ms
TpTrace Verbose: 0 : 16836, 5, 2024/04/24, 01:01:59.198, 4885192704693, vstest.console.dll, MulticastDelegateUtilities.SafeInvoke: InternalTestLoggerEvents.SendTestResult: Invoking callback 1/1 for Microsoft.VisualStudio.TestPlatform.CommandLine.Internal.ConsoleLogger., took 2 ms.
TpTrace Verbose: 0 : 16836, 5, 2024/04/24, 01:01:59.198, 4885192708712, vstest.console.dll, MulticastDelegateUtilities.SafeInvoke: InternalTestLoggerEvents.SendTestResult: Invoking callback 1/1 for Microsoft.VisualStudio.TestPlatform.CommandLine.Internal.ConsoleLogger., took 0 ms.
TpTrace Verbose: 0 : 16836, 5, 2024/04/24, 01:01:59.198, 4885192709650, vstest.console.dll, MulticastDelegateUtilities.SafeInvoke: InternalTestLoggerEvents.SendTestResult: Invoking callback 1/1 for Microsoft.VisualStudio.TestPlatform.CommandLine.Internal.ConsoleLogger., took 0 ms.
TpTrace Verbose: 0 : 16836, 5, 2024/04/24, 01:01:59.198, 4885192712043, vstest.console.dll, MulticastDelegateUtilities.SafeInvoke: InternalTestLoggerEvents.SendTestResult: Invoking callback 1/1 for Microsoft.VisualStudio.TestPlatform.CommandLine.Internal.ConsoleLogger., took 0 ms.
TpTrace Verbose: 0 : 16836, 5, 2024/04/24, 01:01:59.199, 4885192712635, vstest.console.dll, MulticastDelegateUtilities.SafeInvoke: InternalTestLoggerEvents.SendTestResult: Invoking callback 1/1 for Microsoft.VisualStudio.TestPlatform.CommandLine.Internal.ConsoleLogger., took 0 ms.
TpTrace Verbose: 0 : 16836, 5, 2024/04/24, 01:01:59.199, 4885192713088, vstest.console.dll, MulticastDelegateUtilities.SafeInvoke: InternalTestLoggerEvents.SendTestResult: Invoking callback 1/1 for Microsoft.VisualStudio.TestPlatform.CommandLine.Internal.ConsoleLogger., took 0 ms.
TpTrace Verbose: 0 : 16836, 5, 2024/04/24, 01:01:59.199, 4885192713587, vstest.console.dll, MulticastDelegateUtilities.SafeInvoke: InternalTestLoggerEvents.SendTestResult: Invoking callback 1/1 for Microsoft.VisualStudio.TestPlatform.CommandLine.Internal.ConsoleLogger., took 0 ms.
TpTrace Verbose: 0 : 16836, 5, 2024/04/24, 01:01:59.199, 4885192714023, vstest.console.dll, MulticastDelegateUtilities.SafeInvoke: InternalTestLoggerEvents.SendTestResult: Invoking callback 1/1 for Microsoft.VisualStudio.TestPlatform.CommandLine.Internal.ConsoleLogger., took 0 ms.
TpTrace Verbose: 0 : 16836, 5, 2024/04/24, 01:01:59.199, 4885192714437, vstest.console.dll, MulticastDelegateUtilities.SafeInvoke: InternalTestLoggerEvents.SendTestResult: Invoking callback 1/1 for Microsoft.VisualStudio.TestPlatform.CommandLine.Internal.ConsoleLogger., took 0 ms.
TpTrace Verbose: 0 : 16836, 8, 2024/04/24, 01:01:59.204, 4885192762314, vstest.console.dll, TcpClientExtensions.MessageLoopAsync: NotifyDataAvailable remoteEndPoint: 127.0.0.1:50846 localEndPoint: 127.0.0.1:50845
TpTrace Verbose: 0 : 16836, 8, 2024/04/24, 01:01:59.204, 4885192770492, vstest.console.dll, TestRequestSender.OnExecutionMessageReceived: Received message: {"Version":7,"MessageType":"TestExecution.StatsChange","Payload":{"NewTestResults":[{"TestCase":{"Id":"74805062-7638-4088-83ff-5193e522f345","FullyQualifiedName":"DoctorClinicBLTest.AppointmentBLTest.AppointmentBLGetAppointmentsForDoctorTest.GetAppointmentsForDoctorSuccessTest","DisplayName":"GetAppointmentsForDoctorSuccessTest","ExecutorUri":"executor://NUnit3TestExecutor","Source":"C:\\Users\\vc\\Desktop\\Training\\Day 10\\DoctorClinicSolution\\DoctorClinicBLTest\\bin\\Debug\\net6.0\\fine-code-coverage\\build-output\\DoctorClinicBLTest.dll","CodeFilePath":null,"LineNumber":0,"Properties":[{"Key":{"Id":"NUnit.Seed","Label":"Seed","Category":"","Description":"","Attributes":0,"ValueType":"System.String"},"Value":"1038907676"}]},"Attachments":[],"Outcome":1,"ErrorMessage":null,"ErrorStackTrace":null,"DisplayName":"GetAppointmentsForDoctorSuccessTest","Messages":[],"ComputerName":"86RBBX3","Duration":"00:00:00.0003220","StartTime":"2024-04-23T19:31:59.0991193+00:00","EndTime":"2024-04-23T19:31:59.0994414+00:00","Properties":[{"Key":{"Id":"NUnit.Seed","Label":"Seed","Category":"","Description":"","Attributes":0,"ValueType":"System.String"},"Value":"1038907676"}]},{"TestCase":{"Id":"1218471f-9123-5648-fdc5-009c928deb44","FullyQualifiedName":"DoctorClinicBLTest.AppointmentBLTest.AppointmentBLGetAppointmentsForPatientTest.GetAppointmentsForPatientAppointmentNotFoundExceptionTest","DisplayName":"GetAppointmentsForPatientAppointmentNotFoundExceptionTest","ExecutorUri":"executor://NUnit3TestExecutor","Source":"C:\\Users\\vc\\Desktop\\Training\\Day 10\\DoctorClinicSolution\\DoctorClinicBLTest\\bin\\Debug\\net6.0\\fine-code-coverage\\build-output\\DoctorClinicBLTest.dll","CodeFilePath":null,"LineNumber":0,"Properties":[{"Key":{"Id":"NUnit.Seed","Label":"Seed","Category":"","Description":"","Attributes":0,"ValueType":"System.String"},"Value":"117767015"}]},"Attachments":[],"Outcome":1,"ErrorMessage":null,"ErrorStackTrace":null,"DisplayName":"GetAppointmentsForPatientAppointmentNotFoundExceptionTest","Messages":[],"ComputerName":"86RBBX3","Duration":"00:00:00.0013010","StartTime":"2024-04-23T19:31:59.0995444+00:00","EndTime":"2024-04-23T19:31:59.1008392+00:00","Properties":[{"Key":{"Id":"NUnit.Seed","Label":"Seed","Category":"","Description":"","Attributes":0,"ValueType":"System.String"},"Value":"117767015"}]},{"TestCase":{"Id":"85a44846-90d4-5e93-4fc6-69982ccf6e61","FullyQualifiedName":"DoctorClinicBLTest.AppointmentBLTest.AppointmentBLGetAppointmentsForPatientTest.GetAppointmentsForPatientNotDataAvailabeleExceptionTest","DisplayName":"GetAppointmentsForPatientNotDataAvailabeleExceptionTest","ExecutorUri":"executor://NUnit3TestExecutor","Source":"C:\\Users\\vc\\Desktop\\Training\\Day 10\\DoctorClinicSolution\\DoctorClinicBLTest\\bin\\Debug\\net6.0\\fine-code-coverage\\build-output\\DoctorClinicBLTest.dll","CodeFilePath":null,"LineNumber":0,"Properties":[{"Key":{"Id":"NUnit.Seed","Label":"Seed","Category":"","Description":"","Attributes":0,"ValueType":"System.String"},"Value":"1204512395"}]},"Attachments":[],"Outcome":1,"ErrorMessage":null,"ErrorStackTrace":null,"DisplayName":"GetAppointmentsForPatientNotDataAvailabeleExceptionTest","Messages":[],"ComputerName":"86RBBX3","Duration":"00:00:00.0003430","StartTime":"2024-04-23T19:31:59.1008684+00:00","EndTime":"2024-04-23T19:31:59.1012111+00:00","Properties":[{"Key":{"Id":"NUnit.Seed","Label":"Seed","Category":"","Description":"","Attributes":0,"ValueType":"System.String"},"Value":"1204512395"}]},{"TestCase":{"Id":"c6b8902a-6949-d4c8-921c-8ff9fb54029b","FullyQualifiedName":"DoctorClinicBLTest.AppointmentBLTest.AppointmentBLGetAppointmentsForPatientTest.GetAppointmentsForPatientSuccessTest","DisplayName":"GetAppointmentsForPatientSuccessTest","ExecutorUri":"executor://NUnit3TestExecutor","Source":"C:\\Users\\vc\\Desktop\\Training\\Day 10\\DoctorClinicSolution\\DoctorClinicBLTest\\bin\\Debug\\net6.0\\fine-code-coverage\\build-output\\DoctorClinicBLTest.dll","CodeFilePath":null,"LineNumber":0,"Properties":[{"Key":{"Id":"NUnit.Seed","Label":"Seed","Category":"","Description":"","Attributes":0,"ValueType":"System.String"},"Value":"650957269"}]},"Attachments":[],"Outcome":1,"ErrorMessage":null,"ErrorStackTrace":null,"DisplayName":"GetAppointmentsForPatientSuccessTest","Messages":[],"ComputerName":"86RBBX3","Duration":"00:00:00.0003470","StartTime":"2024-04-23T19:31:59.1012265+00:00","EndTime":"2024-04-23T19:31:59.1015735+00:00","Properties":[{"Key":{"Id":"NUnit.Seed","Label":"Seed","Category":"","Description":"","Attributes":0,"ValueType":"System.String"},"Value":"650957269"}]},{"TestCase":{"Id":"e38b5abb-389b-3c30-2364-b596cc7dfe28","FullyQualifiedName":"DoctorClinicBLTest.AppointmentBLTest.AppointmentBLGetByIdTest.GetAppointmentByIdAppointmentNotFoundExceptionTest","DisplayName":"GetAppointmentByIdAppointmentNotFoundExceptionTest","ExecutorUri":"executor://NUnit3TestExecutor","Source":"C:\\Users\\vc\\Desktop\\Training\\Day 10\\DoctorClinicSolution\\DoctorClinicBLTest\\bin\\Debug\\net6.0\\fine-code-coverage\\build-output\\DoctorClinicBLTest.dll","CodeFilePath":null,"LineNumber":0,"Properties":[{"Key":{"Id":"NUnit.Seed","Label":"Seed","Category":"","Description":"","Attributes":0,"ValueType":"System.String"},"Value":"135576251"}]},"Attachments":[],"Outcome":1,"ErrorMessage":null,"ErrorStackTrace":null,"DisplayName":"GetAppointmentByIdAppointmentNotFoundExceptionTest","Messages":[],"ComputerName":"86RBBX3","Duration":"00:00:00.0004060","StartTime":"2024-04-23T19:31:59.101734+00:00","EndTime":"2024-04-23T19:31:59.10214+00:00","Properties":[{"Key":{"Id":"NUnit.Seed","Label":"Seed","Category":"","Description":"","Attributes":0,"ValueType":"System.String"},"Value":"135576251"}]},{"TestCase":{"Id":"3a170b22-a191-6b35-84d8-63ae5faa2c7c","FullyQualifiedName":"DoctorClinicBLTest.AppointmentBLTest.AppointmentBLGetByIdTest.GetAppointmentByIdSuccessTest","DisplayName":"GetAppointmentByIdSuccessTest","ExecutorUri":"executor://NUnit3TestExecutor","Source":"C:\\Users\\vc\\Desktop\\Training\\Day 10\\DoctorClinicSolution\\DoctorClinicBLTest\\bin\\Debug\\net6.0\\fine-code-coverage\\build-output\\DoctorClinicBLTest.dll","CodeFilePath":null,"LineNumber":0,"Properties":[{"Key":{"Id":"NUnit.Seed","Label":"Seed","Category":"","Description":"","Attributes":0,"ValueType":"System.String"},"Value":"958616359"}]},"Attachments":[],"Outcome":1,"ErrorMessage":null,"ErrorStackTrace":null,"DisplayName":"GetAppointmentByIdSuccessTest","Messages":[],"ComputerName":"86RBBX3","Duration":"00:00:00.0003070","StartTime":"2024-04-23T19:31:59.1021531+00:00","EndTime":"2024-04-23T19:31:59.1024603+00:00","Properties":[{"Key":{"Id":"NUnit.Seed","Label":"Seed","Category":"","Description":"","Attributes":0,"ValueType":"System.String"},"Value":"958616359"}]},{"TestCase":{"Id":"13f3b24d-7200-1f03-6115-d1c503416499","FullyQualifiedName":"DoctorClinicBLTest.AppointmentBLTest.AppointmentBLRescheduleAppointmentTest.RescheduleAppointmentAppointmentNotFoundExceptionTest","DisplayName":"RescheduleAppointmentAppointmentNotFoundExceptionTest","ExecutorUri":"executor://NUnit3TestExecutor","Source":"C:\\Users\\vc\\Desktop\\Training\\Day 10\\DoctorClinicSolution\\DoctorClinicBLTest\\bin\\Debug\\net6.0\\fine-code-coverage\\build-output\\DoctorClinicBLTest.dll","CodeFilePath":null,"LineNumber":0,"Properties":[{"Key":{"Id":"NUnit.Seed","Label":"Seed","Category":"","Description":"","Attributes":0,"ValueType":"System.String"},"Value":"1158471068"}]},"Attachments":[],"Outcome":1,"ErrorMessage":null,"ErrorStackTrace":null,"DisplayName":"RescheduleAppointmentAppointmentNotFoundExceptionTest","Messages":[],"ComputerName":"86RBBX3","Duration":"00:00:00.0004910","StartTime":"2024-04-23T19:31:59.1025698+00:00","EndTime":"2024-04-23T19:31:59.1030606+00:00","Properties":[{"Key":{"Id":"NUnit.Seed","Label":"Seed","Category":"","Description":"","Attributes":0,"ValueType":"System.String"},"Value":"1158471068"}]},{"TestCase":{"Id":"ca654a85-5e50-b6d3-2d54-feaf6d450b5c","FullyQualifiedName":"DoctorClinicBLTest.AppointmentBLTest.AppointmentBLRescheduleAppointmentTest.RescheduleAppointmentSuccessTest","DisplayName":"RescheduleAppointmentSuccessTest","ExecutorUri":"executor://NUnit3TestExecutor","Source":"C:\\Users\\vc\\Desktop\\Training\\Day 10\\DoctorClinicSolution\\DoctorClinicBLTest\\bin\\Debug\\net6.0\\fine-code-coverage\\build-output\\DoctorClinicBLTest.dll","CodeFilePath":null,"LineNumber":0,"Properties":[{"Key":{"Id":"NUnit.Seed","Label":"Seed","Category":"","Description":"","Attributes":0,"ValueType":"System.String"},"Value":"1780552334"}]},"Attachments":[],"Outcome":1,"ErrorMessage":null,"ErrorStackTrace":null,"DisplayName":"RescheduleAppointmentSuccessTest","Messages":[],"ComputerName":"86RBBX3","Duration":"00:00:00.0003160","StartTime":"2024-04-23T19:31:59.1030734+00:00","EndTime":"2024-04-23T19:31:59.1033895+00:00","Properties":[{"Key":{"Id":"NUnit.Seed","Label":"Seed","Category":"","Description":"","Attributes":0,"ValueType":"System.String"},"Value":"1780552334"}]},{"TestCase":{"Id":"76702ab6-0fe5-0d0e-10d0-cef312331476","FullyQualifiedName":"DoctorClinicBLTest.AppointmentBLTest.AppointmentBLUpdateAppointmentStatusTest.UpdateAppointmentStatusAppointmentNotFoundExceptionTest","DisplayName":"UpdateAppointmentStatusAppointmentNotFoundExceptionTest","ExecutorUri":"executor://NUnit3TestExecutor","Source":"C:\\Users\\vc\\Desktop\\Training\\Day 10\\DoctorClinicSolution\\DoctorClinicBLTest\\bin\\Debug\\net6.0\\fine-code-coverage\\build-output\\DoctorClinicBLTest.dll","CodeFilePath":null,"LineNumber":0,"Properties":[{"Key":{"Id":"NUnit.Seed","Label":"Seed","Category":"","Description":"","Attributes":0,"ValueType":"System.String"},"Value":"1488037505"}]},"Attachments":[],"Outcome":1,"ErrorMessage":null,"ErrorStackTrace":null,"DisplayName":"UpdateAppointmentStatusAppointmentNotFoundExceptionTest","Messages":[],"ComputerName":"86RBBX3","Duration":"00:00:00.0004150","StartTime":"2024-04-23T19:31:59.1035044+00:00","EndTime":"2024-04-23T19:31:59.1039192+00:00","Properties":[{"Key":{"Id":"NUnit.Seed","Label":"Seed","Category":"","Description":"","Attributes":0,"ValueType":"System.String"},"Value":"1488037505"}]}],"TestRunStatistics":{"ExecutedTests":18,"Stats":{"Passed":18}},"ActiveTests":[{"Id":"687ef52d-e46a-4a63-a63a-024cf2528aa2","FullyQualifiedName":"DoctorClinicBLTest.AppointmentBLTest.AppointmentBLUpdateAppointmentStatusTest.UpdateAppointmentStatusSuccessTest","DisplayName":"UpdateAppointmentStatusSuccessTest","ExecutorUri":"executor://NUnit3TestExecutor","Source":"C:\\Users\\vc\\Desktop\\Training\\Day 10\\DoctorClinicSolution\\DoctorClinicBLTest\\bin\\Debug\\net6.0\\fine-code-coverage\\build-output\\DoctorClinicBLTest.dll","CodeFilePath":null,"LineNumber":0,"Properties":[{"Key":{"Id":"NUnit.Seed","Label":"Seed","Category":"","Description":"","Attributes":0,"ValueType":"System.String"},"Value":"195602673"}]}]}}
TpTrace Verbose: 0 : 16836, 8, 2024/04/24, 01:01:59.207, 4885192792793, vstest.console.dll, TestRunRequest:SendTestRunStatsChange: Starting.
TpTrace Verbose: 0 : 16836, 8, 2024/04/24, 01:01:59.207, 4885192793789, vstest.console.dll, InProgress is UpdateAppointmentStatusSuccessTest
TpTrace Verbose: 0 : 16836, 8, 2024/04/24, 01:01:59.207, 4885192794542, vstest.console.dll, MulticastDelegateUtilities.SafeInvoke: TestRun.RunStatsChanged: Invoking callbacks was skipped because there are no subscribers.
TpTrace Information: 0 : 16836, 8, 2024/04/24, 01:01:59.207, 4885192794898, vstest.console.dll, TestRunRequest:SendTestRunStatsChange: Completed.
TpTrace Verbose: 0 : 16836, 8, 2024/04/24, 01:01:59.207, 4885192795315, vstest.console.dll, MulticastDelegateUtilities.SafeInvoke: LengthPrefixCommunicationChannel: MessageReceived: Invoking callback 1/1 for Microsoft.VisualStudio.TestPlatform.CommunicationUtilities.TestRequestSender+<>c__DisplayClass34_0., took 2 ms.
TpTrace Verbose: 0 : 16836, 8, 2024/04/24, 01:01:59.207, 4885192795710, vstest.console.dll, TcpClientExtensions.MessageLoopAsync: Polling on remoteEndPoint: 127.0.0.1:50846 localEndPoint: 127.0.0.1:50845 after 10 ms
TpTrace Verbose: 0 : 16836, 5, 2024/04/24, 01:01:59.207, 4885192795740, vstest.console.dll, MulticastDelegateUtilities.SafeInvoke: InternalTestLoggerEvents.SendTestResult: Invoking callback 1/1 for Microsoft.VisualStudio.TestPlatform.CommandLine.Internal.ConsoleLogger., took 0 ms.
TpTrace Verbose: 0 : 16836, 5, 2024/04/24, 01:01:59.207, 4885192798294, vstest.console.dll, MulticastDelegateUtilities.SafeInvoke: InternalTestLoggerEvents.SendTestResult: Invoking callback 1/1 for Microsoft.VisualStudio.TestPlatform.CommandLine.Internal.ConsoleLogger., took 0 ms.
TpTrace Verbose: 0 : 16836, 5, 2024/04/24, 01:01:59.207, 4885192799284, vstest.console.dll, MulticastDelegateUtilities.SafeInvoke: InternalTestLoggerEvents.SendTestResult: Invoking callback 1/1 for Microsoft.VisualStudio.TestPlatform.CommandLine.Internal.ConsoleLogger., took 0 ms.
TpTrace Verbose: 0 : 16836, 5, 2024/04/24, 01:01:59.207, 4885192800165, vstest.console.dll, MulticastDelegateUtilities.SafeInvoke: InternalTestLoggerEvents.SendTestResult: Invoking callback 1/1 for Microsoft.VisualStudio.TestPlatform.CommandLine.Internal.ConsoleLogger., took 0 ms.
TpTrace Verbose: 0 : 16836, 5, 2024/04/24, 01:01:59.207, 4885192800837, vstest.console.dll, MulticastDelegateUtilities.SafeInvoke: InternalTestLoggerEvents.SendTestResult: Invoking callback 1/1 for Microsoft.VisualStudio.TestPlatform.CommandLine.Internal.ConsoleLogger., took 0 ms.
TpTrace Verbose: 0 : 16836, 5, 2024/04/24, 01:01:59.207, 4885192801383, vstest.console.dll, MulticastDelegateUtilities.SafeInvoke: InternalTestLoggerEvents.SendTestResult: Invoking callback 1/1 for Microsoft.VisualStudio.TestPlatform.CommandLine.Internal.ConsoleLogger., took 0 ms.
TpTrace Verbose: 0 : 16836, 5, 2024/04/24, 01:01:59.208, 4885192802593, vstest.console.dll, MulticastDelegateUtilities.SafeInvoke: InternalTestLoggerEvents.SendTestResult: Invoking callback 1/1 for Microsoft.VisualStudio.TestPlatform.CommandLine.Internal.ConsoleLogger., took 0 ms.
TpTrace Verbose: 0 : 16836, 5, 2024/04/24, 01:01:59.208, 4885192803313, vstest.console.dll, MulticastDelegateUtilities.SafeInvoke: InternalTestLoggerEvents.SendTestResult: Invoking callback 1/1 for Microsoft.VisualStudio.TestPlatform.CommandLine.Internal.ConsoleLogger., took 0 ms.
TpTrace Verbose: 0 : 16836, 5, 2024/04/24, 01:01:59.208, 4885192803878, vstest.console.dll, MulticastDelegateUtilities.SafeInvoke: InternalTestLoggerEvents.SendTestResult: Invoking callback 1/1 for Microsoft.VisualStudio.TestPlatform.CommandLine.Internal.ConsoleLogger., took 0 ms.
TpTrace Verbose: 0 : 16836, 8, 2024/04/24, 01:01:59.226, 4885192987683, vstest.console.dll, TcpClientExtensions.MessageLoopAsync: NotifyDataAvailable remoteEndPoint: 127.0.0.1:50846 localEndPoint: 127.0.0.1:50845
TpTrace Verbose: 0 : 16836, 8, 2024/04/24, 01:01:59.227, 4885192992200, vstest.console.dll, TestRequestSender.OnExecutionMessageReceived: Received message: {"Version":7,"MessageType":"TestExecution.StatsChange","Payload":{"NewTestResults":[{"TestCase":{"Id":"687ef52d-e46a-4a63-a63a-024cf2528aa2","FullyQualifiedName":"DoctorClinicBLTest.AppointmentBLTest.AppointmentBLUpdateAppointmentStatusTest.UpdateAppointmentStatusSuccessTest","DisplayName":"UpdateAppointmentStatusSuccessTest","ExecutorUri":"executor://NUnit3TestExecutor","Source":"C:\\Users\\vc\\Desktop\\Training\\Day 10\\DoctorClinicSolution\\DoctorClinicBLTest\\bin\\Debug\\net6.0\\fine-code-coverage\\build-output\\DoctorClinicBLTest.dll","CodeFilePath":null,"LineNumber":0,"Properties":[{"Key":{"Id":"NUnit.Seed","Label":"Seed","Category":"","Description":"","Attributes":0,"ValueType":"System.String"},"Value":"195602673"}]},"Attachments":[],"Outcome":1,"ErrorMessage":null,"ErrorStackTrace":null,"DisplayName":"UpdateAppointmentStatusSuccessTest","Messages":[],"ComputerName":"86RBBX3","Duration":"00:00:00.0002980","StartTime":"2024-04-23T19:31:59.1039317+00:00","EndTime":"2024-04-23T19:31:59.1042296+00:00","Properties":[{"Key":{"Id":"NUnit.Seed","Label":"Seed","Category":"","Description":"","Attributes":0,"ValueType":"System.String"},"Value":"195602673"}]},{"TestCase":{"Id":"94bb1fdd-cfeb-4de7-9f62-95a128ae9636","FullyQualifiedName":"DoctorClinicBLTest.DoctorBLTest.DoctorBLAddTest.AddDoctorDuplicateDoctorExceptionTest","DisplayName":"AddDoctorDuplicateDoctorExceptionTest","ExecutorUri":"executor://NUnit3TestExecutor","Source":"C:\\Users\\vc\\Desktop\\Training\\Day 10\\DoctorClinicSolution\\DoctorClinicBLTest\\bin\\Debug\\net6.0\\fine-code-coverage\\build-output\\DoctorClinicBLTest.dll","CodeFilePath":null,"LineNumber":0,"Properties":[{"Key":{"Id":"NUnit.Seed","Label":"Seed","Category":"","Description":"","Attributes":0,"ValueType":"System.String"},"Value":"761191410"}]},"Attachments":[],"Outcome":1,"ErrorMessage":null,"ErrorStackTrace":null,"DisplayName":"AddDoctorDuplicateDoctorExceptionTest","Messages":[],"ComputerName":"86RBBX3","Duration":"00:00:00.0011950","StartTime":"2024-04-23T19:31:59.1043313+00:00","EndTime":"2024-04-23T19:31:59.1055259+00:00","Properties":[{"Key":{"Id":"NUnit.Seed","Label":"Seed","Category":"","Description":"","Attributes":0,"ValueType":"System.String"},"Value":"761191410"}]},{"TestCase":{"Id":"0eaa887c-c408-ba31-ff3b-20020ace01fd","FullyQualifiedName":"DoctorClinicBLTest.DoctorBLTest.DoctorBLAddTest.AddDoctorSuccessTest","DisplayName":"AddDoctorSuccessTest","ExecutorUri":"executor://NUnit3TestExecutor","Source":"C:\\Users\\vc\\Desktop\\Training\\Day 10\\DoctorClinicSolution\\DoctorClinicBLTest\\bin\\Debug\\net6.0\\fine-code-coverage\\build-output\\DoctorClinicBLTest.dll","CodeFilePath":null,"LineNumber":0,"Properties":[{"Key":{"Id":"NUnit.Seed","Label":"Seed","Category":"","Description":"","Attributes":0,"ValueType":"System.String"},"Value":"1076767374"}]},"Attachments":[],"Outcome":1,"ErrorMessage":null,"ErrorStackTrace":null,"DisplayName":"AddDoctorSuccessTest","Messages":[],"ComputerName":"86RBBX3","Duration":"00:00:00.0001620","StartTime":"2024-04-23T19:31:59.1055419+00:00","EndTime":"2024-04-23T19:31:59.1057035+00:00","Properties":[{"Key":{"Id":"NUnit.Seed","Label":"Seed","Category":"","Description":"","Attributes":0,"ValueType":"System.String"},"Value":"1076767374"}]},{"TestCase":{"Id":"10d35a10-4869-125b-a671-b1fa553ebe99","FullyQualifiedName":"DoctorClinicBLTest.DoctorBLTest.DoctorBLDeleteTest.DeleteDoctorotFoundExceptionTest","DisplayName":"DeleteDoctorotFoundExceptionTest","ExecutorUri":"executor://NUnit3TestExecutor","Source":"C:\\Users\\vc\\Desktop\\Training\\Day 10\\DoctorClinicSolution\\DoctorClinicBLTest\\bin\\Debug\\net6.0\\fine-code-coverage\\build-output\\DoctorClinicBLTest.dll","CodeFilePath":null,"LineNumber":0,"Properties":[{"Key":{"Id":"NUnit.Seed","Label":"Seed","Category":"","Description":"","Attributes":0,"ValueType":"System.String"},"Value":"53988379"}]},"Attachments":[],"Outcome":1,"ErrorMessage":null,"ErrorStackTrace":null,"DisplayName":"DeleteDoctorotFoundExceptionTest","Messages":[],"ComputerName":"86RBBX3","Duration":"00:00:00.0007860","StartTime":"2024-04-23T19:31:59.1057967+00:00","EndTime":"2024-04-23T19:31:59.1065829+00:00","Properties":[{"Key":{"Id":"NUnit.Seed","Label":"Seed","Category":"","Description":"","Attributes":0,"ValueType":"System.String"},"Value":"53988379"}]},{"TestCase":{"Id":"a4c38174-05f6-6161-f887-29d802a2f479","FullyQualifiedName":"DoctorClinicBLTest.DoctorBLTest.DoctorBLDeleteTest.DeleteDoctorSuccessTest","DisplayName":"DeleteDoctorSuccessTest","ExecutorUri":"executor://NUnit3TestExecutor","Source":"C:\\Users\\vc\\Desktop\\Training\\Day 10\\DoctorClinicSolution\\DoctorClinicBLTest\\bin\\Debug\\net6.0\\fine-code-coverage\\build-output\\DoctorClinicBLTest.dll","CodeFilePath":null,"LineNumber":0,"Properties":[{"Key":{"Id":"NUnit.Seed","Label":"Seed","Category":"","Description":"","Attributes":0,"ValueType":"System.String"},"Value":"490529287"}]},"Attachments":[],"Outcome":1,"ErrorMessage":null,"ErrorStackTrace":null,"DisplayName":"DeleteDoctorSuccessTest","Messages":[],"ComputerName":"86RBBX3","Duration":"00:00:00.0001270","StartTime":"2024-04-23T19:31:59.1065968+00:00","EndTime":"2024-04-23T19:31:59.1067239+00:00","Properties":[{"Key":{"Id":"NUnit.Seed","Label":"Seed","Category":"","Description":"","Attributes":0,"ValueType":"System.String"},"Value":"490529287"}]},{"TestCase":{"Id":"80eea0bf-64d3-d0aa-6867-e05a1c6940e1","FullyQualifiedName":"DoctorClinicBLTest.DoctorBLTest.DoctorBLUpdateTest+Tests.UpdateDoctorNotFoundExceptionTest","DisplayName":"UpdateDoctorNotFoundExceptionTest","ExecutorUri":"executor://NUnit3TestExecutor","Source":"C:\\Users\\vc\\Desktop\\Training\\Day 10\\DoctorClinicSolution\\DoctorClinicBLTest\\bin\\Debug\\net6.0\\fine-code-coverage\\build-output\\DoctorClinicBLTest.dll","CodeFilePath":null,"LineNumber":0,"Properties":[{"Key":{"Id":"NUnit.Seed","Label":"Seed","Category":"","Description":"","Attributes":0,"ValueType":"System.String"},"Value":"2041630582"}]},"Attachments":[],"Outcome":1,"ErrorMessage":null,"ErrorStackTrace":null,"DisplayName":"UpdateDoctorNotFoundExceptionTest","Messages":[],"ComputerName":"86RBBX3","Duration":"00:00:00.0006089","StartTime":"2024-04-23T19:31:59.1068316+00:00","EndTime":"2024-04-23T19:31:59.1074405+00:00","Properties":[{"Key":{"Id":"NUnit.Seed","Label":"Seed","Category":"","Description":"","Attributes":0,"ValueType":"System.String"},"Value":"2041630582"}]},{"TestCase":{"Id":"9694e924-fe98-9434-dbcc-e0d43f61ee18","FullyQualifiedName":"DoctorClinicBLTest.DoctorBLTest.DoctorBLUpdateTest+Tests.UpdateDoctorSuccessTest","DisplayName":"UpdateDoctorSuccessTest","ExecutorUri":"executor://NUnit3TestExecutor","Source":"C:\\Users\\vc\\Desktop\\Training\\Day 10\\DoctorClinicSolution\\DoctorClinicBLTest\\bin\\Debug\\net6.0\\fine-code-coverage\\build-output\\DoctorClinicBLTest.dll","CodeFilePath":null,"LineNumber":0,"Properties":[{"Key":{"Id":"NUnit.Seed","Label":"Seed","Category":"","Description":"","Attributes":0,"ValueType":"System.String"},"Value":"662262437"}]},"Attachments":[],"Outcome":1,"ErrorMessage":null,"ErrorStackTrace":null,"DisplayName":"UpdateDoctorSuccessTest","Messages":[],"ComputerName":"86RBBX3","Duration":"00:00:00.0007000","StartTime":"2024-04-23T19:31:59.1074551+00:00","EndTime":"2024-04-23T19:31:59.1081545+00:00","Properties":[{"Key":{"Id":"NUnit.Seed","Label":"Seed","Category":"","Description":"","Attributes":0,"ValueType":"System.String"},"Value":"662262437"}]},{"TestCase":{"Id":"6c3434d8-0932-2466-99d2-b14aab90fe31","FullyQualifiedName":"DoctorClinicBLTest.DoctorBLTest.Tests.GetDoctorByIDExceptionTest","DisplayName":"GetDoctorByIDExceptionTest","ExecutorUri":"executor://NUnit3TestExecutor","Source":"C:\\Users\\vc\\Desktop\\Training\\Day 10\\DoctorClinicSolution\\DoctorClinicBLTest\\bin\\Debug\\net6.0\\fine-code-coverage\\build-output\\DoctorClinicBLTest.dll","CodeFilePath":null,"LineNumber":0,"Properties":[{"Key":{"Id":"NUnit.Seed","Label":"Seed","Category":"","Description":"","Attributes":0,"ValueType":"System.String"},"Value":"1805699168"}]},"Attachments":[],"Outcome":1,"ErrorMessage":null,"ErrorStackTrace":null,"DisplayName":"GetDoctorByIDExceptionTest","Messages":[],"ComputerName":"86RBBX3","Duration":"00:00:00.0005360","StartTime":"2024-04-23T19:31:59.1083101+00:00","EndTime":"2024-04-23T19:31:59.1088457+00:00","Properties":[{"Key":{"Id":"NUnit.Seed","Label":"Seed","Category":"","Description":"","Attributes":0,"ValueType":"System.String"},"Value":"1805699168"}]},{"TestCase":{"Id":"850b099e-f7ec-cb2e-ea76-c34592836a08","FullyQualifiedName":"DoctorClinicBLTest.DoctorBLTest.Tests.GetDoctorByIDSuccessTest","DisplayName":"GetDoctorByIDSuccessTest","ExecutorUri":"executor://NUnit3TestExecutor","Source":"C:\\Users\\vc\\Desktop\\Training\\Day 10\\DoctorClinicSolution\\DoctorClinicBLTest\\bin\\Debug\\net6.0\\fine-code-coverage\\build-output\\DoctorClinicBLTest.dll","CodeFilePath":null,"LineNumber":0,"Properties":[{"Key":{"Id":"NUnit.Seed","Label":"Seed","Category":"","Description":"","Attributes":0,"ValueType":"System.String"},"Value":"1736700931"}]},"Attachments":[],"Outcome":1,"ErrorMessage":null,"ErrorStackTrace":null,"DisplayName":"GetDoctorByIDSuccessTest","Messages":[],"ComputerName":"86RBBX3","Duration":"00:00:00.0001789","StartTime":"2024-04-23T19:31:59.1088636+00:00","EndTime":"2024-04-23T19:31:59.1090425+00:00","Properties":[{"Key":{"Id":"NUnit.Seed","Label":"Seed","Category":"","Description":"","Attributes":0,"ValueType":"System.String"},"Value":"1736700931"}]}],"TestRunStatistics":{"ExecutedTests":27,"Stats":{"Passed":27}},"ActiveTests":[{"Id":"07503c7a-ab2f-e205-6717-a9e4b25ef48a","FullyQualifiedName":"DoctorClinicBLTest.DoctorBLTest.Tests.GetDoctorBySpecializationDoctorNotFoundExceptionTest","DisplayName":"GetDoctorBySpecializationDoctorNotFoundExceptionTest","ExecutorUri":"executor://NUnit3TestExecutor","Source":"C:\\Users\\vc\\Desktop\\Training\\Day 10\\DoctorClinicSolution\\DoctorClinicBLTest\\bin\\Debug\\net6.0\\fine-code-coverage\\build-output\\DoctorClinicBLTest.dll","CodeFilePath":null,"LineNumber":0,"Properties":[{"Key":{"Id":"NUnit.Seed","Label":"Seed","Category":"","Description":"","Attributes":0,"ValueType":"System.String"},"Value":"464976562"}]}]}}
TpTrace Verbose: 0 : 16836, 8, 2024/04/24, 01:01:59.228, 4885193011333, vstest.console.dll, TestRunRequest:SendTestRunStatsChange: Starting.
TpTrace Verbose: 0 : 16836, 8, 2024/04/24, 01:01:59.229, 4885193012398, vstest.console.dll, InProgress is GetDoctorBySpecializationDoctorNotFoundExceptionTest
TpTrace Verbose: 0 : 16836, 8, 2024/04/24, 01:01:59.229, 4885193013380, vstest.console.dll, MulticastDelegateUtilities.SafeInvoke: TestRun.RunStatsChanged: Invoking callbacks was skipped because there are no subscribers.
TpTrace Information: 0 : 16836, 8, 2024/04/24, 01:01:59.229, 4885193013796, vstest.console.dll, TestRunRequest:SendTestRunStatsChange: Completed.
TpTrace Verbose: 0 : 16836, 8, 2024/04/24, 01:01:59.229, 4885193014245, vstest.console.dll, MulticastDelegateUtilities.SafeInvoke: LengthPrefixCommunicationChannel: MessageReceived: Invoking callback 1/1 for Microsoft.VisualStudio.TestPlatform.CommunicationUtilities.TestRequestSender+<>c__DisplayClass34_0., took 2 ms.
TpTrace Verbose: 0 : 16836, 8, 2024/04/24, 01:01:59.229, 4885193014984, vstest.console.dll, TcpClientExtensions.MessageLoopAsync: Polling on remoteEndPoint: 127.0.0.1:50846 localEndPoint: 127.0.0.1:50845 after 21 ms
TpTrace Verbose: 0 : 16836, 5, 2024/04/24, 01:01:59.230, 4885193027704, vstest.console.dll, MulticastDelegateUtilities.SafeInvoke: InternalTestLoggerEvents.SendTestResult: Invoking callback 1/1 for Microsoft.VisualStudio.TestPlatform.CommandLine.Internal.ConsoleLogger., took 1 ms.
TpTrace Verbose: 0 : 16836, 5, 2024/04/24, 01:01:59.230, 4885193029067, vstest.console.dll, MulticastDelegateUtilities.SafeInvoke: InternalTestLoggerEvents.SendTestResult: Invoking callback 1/1 for Microsoft.VisualStudio.TestPlatform.CommandLine.Internal.ConsoleLogger., took 0 ms.
TpTrace Verbose: 0 : 16836, 5, 2024/04/24, 01:01:59.230, 4885193029597, vstest.console.dll, MulticastDelegateUtilities.SafeInvoke: InternalTestLoggerEvents.SendTestResult: Invoking callback 1/1 for Microsoft.VisualStudio.TestPlatform.CommandLine.Internal.ConsoleLogger., took 0 ms.
TpTrace Verbose: 0 : 16836, 5, 2024/04/24, 01:01:59.230, 4885193030079, vstest.console.dll, MulticastDelegateUtilities.SafeInvoke: InternalTestLoggerEvents.SendTestResult: Invoking callback 1/1 for Microsoft.VisualStudio.TestPlatform.CommandLine.Internal.ConsoleLogger., took 0 ms.
TpTrace Verbose: 0 : 16836, 5, 2024/04/24, 01:01:59.230, 4885193030536, vstest.console.dll, MulticastDelegateUtilities.SafeInvoke: InternalTestLoggerEvents.SendTestResult: Invoking callback 1/1 for Microsoft.VisualStudio.TestPlatform.CommandLine.Internal.ConsoleLogger., took 0 ms.
TpTrace Verbose: 0 : 16836, 5, 2024/04/24, 01:01:59.230, 4885193031155, vstest.console.dll, MulticastDelegateUtilities.SafeInvoke: InternalTestLoggerEvents.SendTestResult: Invoking callback 1/1 for Microsoft.VisualStudio.TestPlatform.CommandLine.Internal.ConsoleLogger., took 0 ms.
TpTrace Verbose: 0 : 16836, 5, 2024/04/24, 01:01:59.230, 4885193031725, vstest.console.dll, MulticastDelegateUtilities.SafeInvoke: InternalTestLoggerEvents.SendTestResult: Invoking callback 1/1 for Microsoft.VisualStudio.TestPlatform.CommandLine.Internal.ConsoleLogger., took 0 ms.
TpTrace Verbose: 0 : 16836, 5, 2024/04/24, 01:01:59.231, 4885193032174, vstest.console.dll, MulticastDelegateUtilities.SafeInvoke: InternalTestLoggerEvents.SendTestResult: Invoking callback 1/1 for Microsoft.VisualStudio.TestPlatform.CommandLine.Internal.ConsoleLogger., took 0 ms.
TpTrace Verbose: 0 : 16836, 5, 2024/04/24, 01:01:59.231, 4885193032637, vstest.console.dll, MulticastDelegateUtilities.SafeInvoke: InternalTestLoggerEvents.SendTestResult: Invoking callback 1/1 for Microsoft.VisualStudio.TestPlatform.CommandLine.Internal.ConsoleLogger., took 0 ms.
TpTrace Verbose: 0 : 16836, 8, 2024/04/24, 01:01:59.251, 4885193233127, vstest.console.dll, TcpClientExtensions.MessageLoopAsync: NotifyDataAvailable remoteEndPoint: 127.0.0.1:50846 localEndPoint: 127.0.0.1:50845
TpTrace Verbose: 0 : 16836, 8, 2024/04/24, 01:01:59.251, 4885193239164, vstest.console.dll, TestRequestSender.OnExecutionMessageReceived: Received message: {"Version":7,"MessageType":"TestExecution.StatsChange","Payload":{"NewTestResults":[{"TestCase":{"Id":"07503c7a-ab2f-e205-6717-a9e4b25ef48a","FullyQualifiedName":"DoctorClinicBLTest.DoctorBLTest.Tests.GetDoctorBySpecializationDoctorNotFoundExceptionTest","DisplayName":"GetDoctorBySpecializationDoctorNotFoundExceptionTest","ExecutorUri":"executor://NUnit3TestExecutor","Source":"C:\\Users\\vc\\Desktop\\Training\\Day 10\\DoctorClinicSolution\\DoctorClinicBLTest\\bin\\Debug\\net6.0\\fine-code-coverage\\build-output\\DoctorClinicBLTest.dll","CodeFilePath":null,"LineNumber":0,"Properties":[{"Key":{"Id":"NUnit.Seed","Label":"Seed","Category":"","Description":"","Attributes":0,"ValueType":"System.String"},"Value":"464976562"}]},"Attachments":[],"Outcome":1,"ErrorMessage":null,"ErrorStackTrace":null,"DisplayName":"GetDoctorBySpecializationDoctorNotFoundExceptionTest","Messages":[],"ComputerName":"86RBBX3","Duration":"00:00:00.0012220","StartTime":"2024-04-23T19:31:59.1090568+00:00","EndTime":"2024-04-23T19:31:59.1102784+00:00","Properties":[{"Key":{"Id":"NUnit.Seed","Label":"Seed","Category":"","Description":"","Attributes":0,"ValueType":"System.String"},"Value":"464976562"}]},{"TestCase":{"Id":"6e0b4431-7d4f-5b3d-c641-39b9df259d1c","FullyQualifiedName":"DoctorClinicBLTest.DoctorBLTest.Tests.GetDoctorBySpecializationNoDataAvailableExceptionTest","DisplayName":"GetDoctorBySpecializationNoDataAvailableExceptionTest","ExecutorUri":"executor://NUnit3TestExecutor","Source":"C:\\Users\\vc\\Desktop\\Training\\Day 10\\DoctorClinicSolution\\DoctorClinicBLTest\\bin\\Debug\\net6.0\\fine-code-coverage\\build-output\\DoctorClinicBLTest.dll","CodeFilePath":null,"LineNumber":0,"Properties":[{"Key":{"Id":"NUnit.Seed","Label":"Seed","Category":"","Description":"","Attributes":0,"ValueType":"System.String"},"Value":"1688958484"}]},"Attachments":[],"Outcome":1,"ErrorMessage":null,"ErrorStackTrace":null,"DisplayName":"GetDoctorBySpecializationNoDataAvailableExceptionTest","Messages":[],"ComputerName":"86RBBX3","Duration":"00:00:00.0004110","StartTime":"2024-04-23T19:31:59.1103027+00:00","EndTime":"2024-04-23T19:31:59.1107134+00:00","Properties":[{"Key":{"Id":"NUnit.Seed","Label":"Seed","Category":"","Description":"","Attributes":0,"ValueType":"System.String"},"Value":"1688958484"}]},{"TestCase":{"Id":"4f97dc5f-aaec-ac9a-cdd5-18fcc45b2ddb","FullyQualifiedName":"DoctorClinicBLTest.DoctorBLTest.Tests.GetDoctorBySpecializationSuccessTest","DisplayName":"GetDoctorBySpecializationSuccessTest","ExecutorUri":"executor://NUnit3TestExecutor","Source":"C:\\Users\\vc\\Desktop\\Training\\Day 10\\DoctorClinicSolution\\DoctorClinicBLTest\\bin\\Debug\\net6.0\\fine-code-coverage\\build-output\\DoctorClinicBLTest.dll","CodeFilePath":null,"LineNumber":0,"Properties":[{"Key":{"Id":"NUnit.Seed","Label":"Seed","Category":"","Description":"","Attributes":0,"ValueType":"System.String"},"Value":"2108777905"}]},"Attachments":[],"Outcome":1,"ErrorMessage":null,"ErrorStackTrace":null,"DisplayName":"GetDoctorBySpecializationSuccessTest","Messages":[],"ComputerName":"86RBBX3","Duration":"00:00:00.0002030","StartTime":"2024-04-23T19:31:59.1107283+00:00","EndTime":"2024-04-23T19:31:59.1109309+00:00","Properties":[{"Key":{"Id":"NUnit.Seed","Label":"Seed","Category":"","Description":"","Attributes":0,"ValueType":"System.String"},"Value":"2108777905"}]},{"TestCase":{"Id":"ebd3a5a2-0998-5071-3189-1f4fed70fea8","FullyQualifiedName":"DoctorClinicBLTest.PatientBLTest.PatientBLAddTest.AddPatientDuplicateDoctorExceptionTest","DisplayName":"AddPatientDuplicateDoctorExceptionTest","ExecutorUri":"executor://NUnit3TestExecutor","Source":"C:\\Users\\vc\\Desktop\\Training\\Day 10\\DoctorClinicSolution\\DoctorClinicBLTest\\bin\\Debug\\net6.0\\fine-code-coverage\\build-output\\DoctorClinicBLTest.dll","CodeFilePath":null,"LineNumber":0,"Properties":[{"Key":{"Id":"NUnit.Seed","Label":"Seed","Category":"","Description":"","Attributes":0,"ValueType":"System.String"},"Value":"1600432570"}]},"Attachments":[],"Outcome":1,"ErrorMessage":null,"ErrorStackTrace":null,"DisplayName":"AddPatientDuplicateDoctorExceptionTest","Messages":[],"ComputerName":"86RBBX3","Duration":"00:00:00.0014480","StartTime":"2024-04-23T19:31:59.1110998+00:00","EndTime":"2024-04-23T19:31:59.1125473+00:00","Properties":[{"Key":{"Id":"NUnit.Seed","Label":"Seed","Category":"","Description":"","Attributes":0,"ValueType":"System.String"},"Value":"1600432570"}]},{"TestCase":{"Id":"9c90e113-6c7c-f763-e138-6aa2e9720b67","FullyQualifiedName":"DoctorClinicBLTest.PatientBLTest.PatientBLAddTest.AddPatientSuccessTest","DisplayName":"AddPatientSuccessTest","ExecutorUri":"executor://NUnit3TestExecutor","Source":"C:\\Users\\vc\\Desktop\\Training\\Day 10\\DoctorClinicSolution\\DoctorClinicBLTest\\bin\\Debug\\net6.0\\fine-code-coverage\\build-output\\DoctorClinicBLTest.dll","CodeFilePath":null,"LineNumber":0,"Properties":[{"Key":{"Id":"NUnit.Seed","Label":"Seed","Category":"","Description":"","Attributes":0,"ValueType":"System.String"},"Value":"1362647994"}]},"Attachments":[],"Outcome":1,"ErrorMessage":null,"ErrorStackTrace":null,"DisplayName":"AddPatientSuccessTest","Messages":[],"ComputerName":"86RBBX3","Duration":"00:00:00.0001660","StartTime":"2024-04-23T19:31:59.1125632+00:00","EndTime":"2024-04-23T19:31:59.112729+00:00","Properties":[{"Key":{"Id":"NUnit.Seed","Label":"Seed","Category":"","Description":"","Attributes":0,"ValueType":"System.String"},"Value":"1362647994"}]},{"TestCase":{"Id":"1f8f688a-ef2c-50e2-ed92-384545913339","FullyQualifiedName":"DoctorClinicBLTest.PatientBLTest.PatientBLDeleteTest.DeletePatientNotFoundExceptionTest","DisplayName":"DeletePatientNotFoundExceptionTest","ExecutorUri":"executor://NUnit3TestExecutor","Source":"C:\\Users\\vc\\Desktop\\Training\\Day 10\\DoctorClinicSolution\\DoctorClinicBLTest\\bin\\Debug\\net6.0\\fine-code-coverage\\build-output\\DoctorClinicBLTest.dll","CodeFilePath":null,"LineNumber":0,"Properties":[{"Key":{"Id":"NUnit.Seed","Label":"Seed","Category":"","Description":"","Attributes":0,"ValueType":"System.String"},"Value":"691501628"}]},"Attachments":[],"Outcome":1,"ErrorMessage":null,"ErrorStackTrace":null,"DisplayName":"DeletePatientNotFoundExceptionTest","Messages":[],"ComputerName":"86RBBX3","Duration":"00:00:00.0007420","StartTime":"2024-04-23T19:31:59.1128253+00:00","EndTime":"2024-04-23T19:31:59.1135669+00:00","Properties":[{"Key":{"Id":"NUnit.Seed","Label":"Seed","Category":"","Description":"","Attributes":0,"ValueType":"System.String"},"Value":"691501628"}]},{"TestCase":{"Id":"09ae1612-6dba-f209-ef48-0e29af4d8bb1","FullyQualifiedName":"DoctorClinicBLTest.PatientBLTest.PatientBLDeleteTest.DeletePatientSuccessTest","DisplayName":"DeletePatientSuccessTest","ExecutorUri":"executor://NUnit3TestExecutor","Source":"C:\\Users\\vc\\Desktop\\Training\\Day 10\\DoctorClinicSolution\\DoctorClinicBLTest\\bin\\Debug\\net6.0\\fine-code-coverage\\build-output\\DoctorClinicBLTest.dll","CodeFilePath":null,"LineNumber":0,"Properties":[{"Key":{"Id":"NUnit.Seed","Label":"Seed","Category":"","Description":"","Attributes":0,"ValueType":"System.String"},"Value":"1799330546"}]},"Attachments":[],"Outcome":1,"ErrorMessage":null,"ErrorStackTrace":null,"DisplayName":"DeletePatientSuccessTest","Messages":[],"ComputerName":"86RBBX3","Duration":"00:00:00.0001190","StartTime":"2024-04-23T19:31:59.1135791+00:00","EndTime":"2024-04-23T19:31:59.1136982+00:00","Properties":[{"Key":{"Id":"NUnit.Seed","Label":"Seed","Category":"","Description":"","Attributes":0,"ValueType":"System.String"},"Value":"1799330546"}]},{"TestCase":{"Id":"f082ce6c-32dc-0527-c050-506c90e8fdc9","FullyQualifiedName":"DoctorClinicBLTest.PatientBLTest.PatientBLGetTest.GetPatientByIDExceptionTest","DisplayName":"GetPatientByIDExceptionTest","ExecutorUri":"executor://NUnit3TestExecutor","Source":"C:\\Users\\vc\\Desktop\\Training\\Day 10\\DoctorClinicSolution\\DoctorClinicBLTest\\bin\\Debug\\net6.0\\fine-code-coverage\\build-output\\DoctorClinicBLTest.dll","CodeFilePath":null,"LineNumber":0,"Properties":[{"Key":{"Id":"NUnit.Seed","Label":"Seed","Category":"","Description":"","Attributes":0,"ValueType":"System.String"},"Value":"2119288258"}]},"Attachments":[],"Outcome":1,"ErrorMessage":null,"ErrorStackTrace":null,"DisplayName":"GetPatientByIDExceptionTest","Messages":[],"ComputerName":"86RBBX3","Duration":"00:00:00.0004060","StartTime":"2024-04-23T19:31:59.1137893+00:00","EndTime":"2024-04-23T19:31:59.1141947+00:00","Properties":[{"Key":{"Id":"NUnit.Seed","Label":"Seed","Category":"","Description":"","Attributes":0,"ValueType":"System.String"},"Value":"2119288258"}]},{"TestCase":{"Id":"6deac0aa-f004-6386-e7b2-7ad984b371eb","FullyQualifiedName":"DoctorClinicBLTest.PatientBLTest.PatientBLGetTest.GetPatientByIDSuccessTest","DisplayName":"GetPatientByIDSuccessTest","ExecutorUri":"executor://NUnit3TestExecutor","Source":"C:\\Users\\vc\\Desktop\\Training\\Day 10\\DoctorClinicSolution\\DoctorClinicBLTest\\bin\\Debug\\net6.0\\fine-code-coverage\\build-output\\DoctorClinicBLTest.dll","CodeFilePath":null,"LineNumber":0,"Properties":[{"Key":{"Id":"NUnit.Seed","Label":"Seed","Category":"","Description":"","Attributes":0,"ValueType":"System.String"},"Value":"723836520"}]},"Attachments":[],"Outcome":1,"ErrorMessage":null,"ErrorStackTrace":null,"DisplayName":"GetPatientByIDSuccessTest","Messages":[],"ComputerName":"86RBBX3","Duration":"00:00:00.0001280","StartTime":"2024-04-23T19:31:59.1142065+00:00","EndTime":"2024-04-23T19:31:59.1143343+00:00","Properties":[{"Key":{"Id":"NUnit.Seed","Label":"Seed","Category":"","Description":"","Attributes":0,"ValueType":"System.String"},"Value":"723836520"}]}],"TestRunStatistics":{"ExecutedTests":36,"Stats":{"Passed":36}},"ActiveTests":[{"Id":"cce28f86-f6d1-3981-1b25-fe7a8b65d8f0","FullyQualifiedName":"DoctorClinicBLTest.PatientBLTest.PatientBLUpdateTest.UpdateDoctorExceptionTest","DisplayName":"UpdateDoctorExceptionTest","ExecutorUri":"executor://NUnit3TestExecutor","Source":"C:\\Users\\vc\\Desktop\\Training\\Day 10\\DoctorClinicSolution\\DoctorClinicBLTest\\bin\\Debug\\net6.0\\fine-code-coverage\\build-output\\DoctorClinicBLTest.dll","CodeFilePath":null,"LineNumber":0,"Properties":[{"Key":{"Id":"NUnit.Seed","Label":"Seed","Category":"","Description":"","Attributes":0,"ValueType":"System.String"},"Value":"1235791655"}]}]}}
TpTrace Verbose: 0 : 16836, 8, 2024/04/24, 01:01:59.253, 4885193252947, vstest.console.dll, TestRunRequest:SendTestRunStatsChange: Starting.
TpTrace Verbose: 0 : 16836, 8, 2024/04/24, 01:01:59.253, 4885193253778, vstest.console.dll, InProgress is UpdateDoctorExceptionTest
TpTrace Verbose: 0 : 16836, 8, 2024/04/24, 01:01:59.253, 4885193254399, vstest.console.dll, MulticastDelegateUtilities.SafeInvoke: TestRun.RunStatsChanged: Invoking callbacks was skipped because there are no subscribers.
TpTrace Information: 0 : 16836, 8, 2024/04/24, 01:01:59.253, 4885193254731, vstest.console.dll, TestRunRequest:SendTestRunStatsChange: Completed.
TpTrace Verbose: 0 : 16836, 5, 2024/04/24, 01:01:59.253, 4885193254876, vstest.console.dll, MulticastDelegateUtilities.SafeInvoke: InternalTestLoggerEvents.SendTestResult: Invoking callback 1/1 for Microsoft.VisualStudio.TestPlatform.CommandLine.Internal.ConsoleLogger., took 0 ms.
TpTrace Verbose: 0 : 16836, 8, 2024/04/24, 01:01:59.253, 4885193255440, vstest.console.dll, MulticastDelegateUtilities.SafeInvoke: LengthPrefixCommunicationChannel: MessageReceived: Invoking callback 1/1 for Microsoft.VisualStudio.TestPlatform.CommunicationUtilities.TestRequestSender+<>c__DisplayClass34_0., took 1 ms.
TpTrace Verbose: 0 : 16836, 5, 2024/04/24, 01:01:59.253, 4885193255634, vstest.console.dll, MulticastDelegateUtilities.SafeInvoke: InternalTestLoggerEvents.SendTestResult: Invoking callback 1/1 for Microsoft.VisualStudio.TestPlatform.CommandLine.Internal.ConsoleLogger., took 0 ms.
TpTrace Verbose: 0 : 16836, 8, 2024/04/24, 01:01:59.253, 4885193256037, vstest.console.dll, TcpClientExtensions.MessageLoopAsync: Polling on remoteEndPoint: 127.0.0.1:50846 localEndPoint: 127.0.0.1:50845 after 24 ms
TpTrace Verbose: 0 : 16836, 5, 2024/04/24, 01:01:59.253, 4885193256539, vstest.console.dll, MulticastDelegateUtilities.SafeInvoke: InternalTestLoggerEvents.SendTestResult: Invoking callback 1/1 for Microsoft.VisualStudio.TestPlatform.CommandLine.Internal.ConsoleLogger., took 0 ms.
TpTrace Verbose: 0 : 16836, 5, 2024/04/24, 01:01:59.253, 4885193257163, vstest.console.dll, MulticastDelegateUtilities.SafeInvoke: InternalTestLoggerEvents.SendTestResult: Invoking callback 1/1 for Microsoft.VisualStudio.TestPlatform.CommandLine.Internal.ConsoleLogger., took 0 ms.
TpTrace Verbose: 0 : 16836, 5, 2024/04/24, 01:01:59.253, 4885193257575, vstest.console.dll, MulticastDelegateUtilities.SafeInvoke: InternalTestLoggerEvents.SendTestResult: Invoking callback 1/1 for Microsoft.VisualStudio.TestPlatform.CommandLine.Internal.ConsoleLogger., took 0 ms.
TpTrace Verbose: 0 : 16836, 5, 2024/04/24, 01:01:59.253, 4885193257932, vstest.console.dll, MulticastDelegateUtilities.SafeInvoke: InternalTestLoggerEvents.SendTestResult: Invoking callback 1/1 for Microsoft.VisualStudio.TestPlatform.CommandLine.Internal.ConsoleLogger., took 0 ms.
TpTrace Verbose: 0 : 16836, 5, 2024/04/24, 01:01:59.253, 4885193258384, vstest.console.dll, MulticastDelegateUtilities.SafeInvoke: InternalTestLoggerEvents.SendTestResult: Invoking callback 1/1 for Microsoft.VisualStudio.TestPlatform.CommandLine.Internal.ConsoleLogger., took 0 ms.
TpTrace Verbose: 0 : 16836, 5, 2024/04/24, 01:01:59.253, 4885193258737, vstest.console.dll, MulticastDelegateUtilities.SafeInvoke: InternalTestLoggerEvents.SendTestResult: Invoking callback 1/1 for Microsoft.VisualStudio.TestPlatform.CommandLine.Internal.ConsoleLogger., took 0 ms.
TpTrace Verbose: 0 : 16836, 5, 2024/04/24, 01:01:59.253, 4885193259071, vstest.console.dll, MulticastDelegateUtilities.SafeInvoke: InternalTestLoggerEvents.SendTestResult: Invoking callback 1/1 for Microsoft.VisualStudio.TestPlatform.CommandLine.Internal.ConsoleLogger., took 0 ms.
TpTrace Verbose: 0 : 16836, 8, 2024/04/24, 01:01:59.262, 4885193349508, vstest.console.dll, TcpClientExtensions.MessageLoopAsync: NotifyDataAvailable remoteEndPoint: 127.0.0.1:50846 localEndPoint: 127.0.0.1:50845
TpTrace Verbose: 0 : 16836, 8, 2024/04/24, 01:01:59.262, 4885193351394, vstest.console.dll, TestRequestSender.OnExecutionMessageReceived: Received message: {"Version":7,"MessageType":"TestSession.Message","Payload":{"MessageLevel":0,"Message":"NUnit Adapter 4.4.0.0: Test execution complete"}}
TpTrace Verbose: 0 : 16836, 8, 2024/04/24, 01:01:59.263, 4885193353039, vstest.console.dll, TestRunRequest:SendTestRunMessage: Starting.
TpTrace Verbose: 0 : 16836, 8, 2024/04/24, 01:01:59.263, 4885193353896, vstest.console.dll, MulticastDelegateUtilities.SafeInvoke: TestRun.LogMessages: Invoking callback 1/1 for Microsoft.VisualStudio.TestPlatform.CommandLine.TestRunResultAggregator., took 0 ms.
TpTrace Information: 0 : 16836, 8, 2024/04/24, 01:01:59.263, 4885193354384, vstest.console.dll, TestRunRequest:SendTestRunMessage: Completed.
TpTrace Verbose: 0 : 16836, 8, 2024/04/24, 01:01:59.263, 4885193354792, vstest.console.dll, MulticastDelegateUtilities.SafeInvoke: LengthPrefixCommunicationChannel: MessageReceived: Invoking callback 1/1 for Microsoft.VisualStudio.TestPlatform.CommunicationUtilities.TestRequestSender+<>c__DisplayClass34_0., took 0 ms.
TpTrace Verbose: 0 : 16836, 5, 2024/04/24, 01:01:59.263, 4885193354618, vstest.console.dll, MulticastDelegateUtilities.SafeInvoke: InternalTestLoggerEvents.SendTestRunMessage: Invoking callback 1/1 for Microsoft.VisualStudio.TestPlatform.CommandLine.Internal.ConsoleLogger., took 0 ms.
TpTrace Verbose: 0 : 16836, 8, 2024/04/24, 01:01:59.263, 4885193356869, vstest.console.dll, TcpClientExtensions.MessageLoopAsync: Polling on remoteEndPoint: 127.0.0.1:50846 localEndPoint: 127.0.0.1:50845 after 9 ms
TpTrace Verbose: 0 : 16836, 8, 2024/04/24, 01:01:59.279, 4885193519849, vstest.console.dll, TcpClientExtensions.MessageLoopAsync: NotifyDataAvailable remoteEndPoint: 127.0.0.1:50846 localEndPoint: 127.0.0.1:50845
TpTrace Verbose: 0 : 16836, 8, 2024/04/24, 01:01:59.280, 4885193522902, vstest.console.dll, TestRequestSender.OnExecutionMessageReceived: Received message: {"Version":7,"MessageType":"TestExecution.Completed","Payload":{"TestRunCompleteArgs":{"TestRunStatistics":{"ExecutedTests":38,"Stats":{"Passed":38}},"IsCanceled":false,"IsAborted":false,"Error":null,"AttachmentSets":[],"InvokedDataCollectors":[],"ElapsedTimeInRunningTests":"00:00:00.4522738","Metrics":{},"DiscoveredExtensions":{"TestDiscoverers":["NUnit.VisualStudio.TestAdapter.NUnit3TestDiscoverer, NUnit3.TestAdapter, Version=4.4.0.0, Culture=neutral, PublicKeyToken=4cb40d35494691ac"],"TestExecutors":["executor://NUnit3TestExecutor"],"TestExecutors2":[],"TestSettingsProviders":[]}},"LastRunTests":{"NewTestResults":[{"TestCase":{"Id":"cce28f86-f6d1-3981-1b25-fe7a8b65d8f0","FullyQualifiedName":"DoctorClinicBLTest.PatientBLTest.PatientBLUpdateTest.UpdateDoctorExceptionTest","DisplayName":"UpdateDoctorExceptionTest","ExecutorUri":"executor://NUnit3TestExecutor","Source":"C:\\Users\\vc\\Desktop\\Training\\Day 10\\DoctorClinicSolution\\DoctorClinicBLTest\\bin\\Debug\\net6.0\\fine-code-coverage\\build-output\\DoctorClinicBLTest.dll","CodeFilePath":null,"LineNumber":0,"Properties":[{"Key":{"Id":"NUnit.Seed","Label":"Seed","Category":"","Description":"","Attributes":0,"ValueType":"System.String"},"Value":"1235791655"}]},"Attachments":[],"Outcome":1,"ErrorMessage":null,"ErrorStackTrace":null,"DisplayName":"UpdateDoctorExceptionTest","Messages":[],"ComputerName":"86RBBX3","Duration":"00:00:00.0003230","StartTime":"2024-04-23T19:31:59.1144223+00:00","EndTime":"2024-04-23T19:31:59.1147456+00:00","Properties":[{"Key":{"Id":"NUnit.Seed","Label":"Seed","Category":"","Description":"","Attributes":0,"ValueType":"System.String"},"Value":"1235791655"}]},{"TestCase":{"Id":"ee1e6e86-7321-79f0-189c-91ca1cb2fdc8","FullyQualifiedName":"DoctorClinicBLTest.PatientBLTest.PatientBLUpdateTest.UpdatePatientSuccessTest","DisplayName":"UpdatePatientSuccessTest","ExecutorUri":"executor://NUnit3TestExecutor","Source":"C:\\Users\\vc\\Desktop\\Training\\Day 10\\DoctorClinicSolution\\DoctorClinicBLTest\\bin\\Debug\\net6.0\\fine-code-coverage\\build-output\\DoctorClinicBLTest.dll","CodeFilePath":null,"LineNumber":0,"Properties":[{"Key":{"Id":"NUnit.Seed","Label":"Seed","Category":"","Description":"","Attributes":0,"ValueType":"System.String"},"Value":"1914831190"}]},"Attachments":[],"Outcome":1,"ErrorMessage":null,"ErrorStackTrace":null,"DisplayName":"UpdatePatientSuccessTest","Messages":[],"ComputerName":"86RBBX3","Duration":"00:00:00.0003510","StartTime":"2024-04-23T19:31:59.1147564+00:00","EndTime":"2024-04-23T19:31:59.1151074+00:00","Properties":[{"Key":{"Id":"NUnit.Seed","Label":"Seed","Category":"","Description":"","Attributes":0,"ValueType":"System.String"},"Value":"1914831190"}]}],"TestRunStatistics":{"ExecutedTests":38,"Stats":{"Passed":38}},"ActiveTests":[]},"RunAttachments":[],"ExecutorUris":["executor://nunit3testexecutor/"]}}
TpTrace Verbose: 0 : 16836, 8, 2024/04/24, 01:01:59.280, 4885193524220, vstest.console.dll, TestRequestSender.EndSession: Sending end session.
TpTrace Verbose: 0 : 16836, 8, 2024/04/24, 01:01:59.280, 4885193526530, vstest.console.dll, ProxyOperationManager.Close: waiting for test host to exit for 100 ms
TpTrace Verbose: 0 : 16836, 13, 2024/04/24, 01:01:59.316, 4885193882743, vstest.console.dll, TestHostManagerCallbacks.ctor: Experimental forwarding output is disabled.
TpTrace Warning: 0 : 16836, 13, 2024/04/24, 01:01:59.316, 4885193885234, vstest.console.dll, TestHostManagerCallbacks.ErrorReceivedCallback Test host standard error line: 
TpTrace Verbose: 0 : 16836, 13, 2024/04/24, 01:01:59.323, 4885193953616, vstest.console.dll, TestHostProvider.ExitCallBack: Host exited starting callback.
TpTrace Information: 0 : 16836, 13, 2024/04/24, 01:01:59.323, 4885193955126, vstest.console.dll, TestHostManagerCallbacks.ExitCallBack: Testhost processId: 6332 exited with exitcode: 0 error: ''
TpTrace Verbose: 0 : 16836, 13, 2024/04/24, 01:01:59.323, 4885193955526, vstest.console.dll, DotnetTestHostManager.OnHostExited: invoking OnHostExited callback
TpTrace Verbose: 0 : 16836, 13, 2024/04/24, 01:01:59.323, 4885193956015, vstest.console.dll, CrossPlatEngine.TestHostManagerHostExited: calling on client process exit callback.
TpTrace Information: 0 : 16836, 13, 2024/04/24, 01:01:59.323, 4885193956567, vstest.console.dll, TestRequestSender.OnClientProcessExit: Test host process exited. Standard error: 
TpTrace Information: 0 : 16836, 13, 2024/04/24, 01:01:59.323, 4885193956922, vstest.console.dll, SocketServer.Stop: Stop server endPoint: 127.0.0.1:50845
TpTrace Information: 0 : 16836, 8, 2024/04/24, 01:01:59.323, 4885193957067, vstest.console.dll, SocketServer.Stop: Stop server endPoint: 127.0.0.1:50845
TpTrace Information: 0 : 16836, 13, 2024/04/24, 01:01:59.323, 4885193957176, vstest.console.dll, SocketServer.Stop: Cancellation requested. Stopping message loop.
TpTrace Information: 0 : 16836, 8, 2024/04/24, 01:01:59.323, 4885193957807, vstest.console.dll, SocketServer.Stop: Cancellation requested. Stopping message loop.
TpTrace Verbose: 0 : 16836, 13, 2024/04/24, 01:01:59.323, 4885193959919, vstest.console.dll, MulticastDelegateUtilities.SafeInvoke: HostProviderEvents.OnHostExited: Invoking callback 1/1 for Microsoft.VisualStudio.TestPlatform.CrossPlatEngine.Client.ProxyOperationManager., took 0 ms.
TpTrace Information: 0 : 16836, 8, 2024/04/24, 01:01:59.323, 4885193961509, vstest.console.dll, Closing the connection
TpTrace Verbose: 0 : 16836, 8, 2024/04/24, 01:01:59.324, 4885193965962, vstest.console.dll, ProxyDataCollectionManager.InvokeDataCollectionServiceAction: Starting.
TpTrace Information: 0 : 16836, 8, 2024/04/24, 01:01:59.324, 4885193966843, vstest.console.dll, ProxyDataCollectionManager.AfterTestRunEnd: Get attachment set and invoked data collectors processId: 15620 port: 50842
TpTrace Verbose: 0 : 16836, 8, 2024/04/24, 01:01:59.324, 4885193967331, vstest.console.dll, DataCollectionRequestSender.SendAfterTestRunStartAndGetResult: Send AfterTestRunEnd message with isCancelled: False
TpTrace Verbose: 0 : 16836, 8, 2024/04/24, 01:01:59.329, 4885194020403, vstest.console.dll, DataCollectionRequestSender.SendAfterTestRunStartAndGetResult: Received message: (DataCollection.AfterTestRunEndResult) -> {"MessageType":"DataCollection.AfterTestRunEndResult","Payload":{"AttachmentSets":[],"InvokedDataCollectors":[{"Uri":"datacollector://Microsoft/TestPlatform/Extensions/Blame/v1","FriendlyName":"Blame","AssemblyQualifiedName":"Microsoft.TestPlatform.Extensions.BlameDataCollector.BlameCollector, Microsoft.TestPlatform.Extensions.BlameDataCollector, Version=15.0.0.0, Culture=neutral, PublicKeyToken=b03f5f7f11d50a3a","FilePath":"C:\\Program Files\\dotnet\\sdk\\8.0.202\\Extensions\\Microsoft.TestPlatform.Extensions.BlameDataCollector.dll","HasAttachmentProcessor":false}],"Metrics":{}}}
TpTrace Information: 0 : 16836, 8, 2024/04/24, 01:01:59.334, 4885194066699, vstest.console.dll, ProxyDataCollectionManager.InvokeDataCollectionServiceAction: Completed.
TpTrace Warning: 0 : 16836, 11, 2024/04/24, 01:01:59.347, 4885194196975, vstest.console.dll, DataCollectionLauncher.ErrorReceivedCallback datacollector standard error line: 
TpTrace Information: 0 : 16836, 11, 2024/04/24, 01:01:59.353, 4885194257082, vstest.console.dll, DataCollectionLauncher.ExitCallBack: Data collector exited with exitcode: 0 error: ''
TpTrace Verbose: 0 : 16836, 8, 2024/04/24, 01:01:59.365, 4885194380843, vstest.console.dll, TestRunRequest:SendTestRunStatsChange: Starting.
TpTrace Verbose: 0 : 16836, 8, 2024/04/24, 01:01:59.365, 4885194382013, vstest.console.dll, MulticastDelegateUtilities.SafeInvoke: TestRun.RunStatsChanged: Invoking callbacks was skipped because there are no subscribers.
TpTrace Information: 0 : 16836, 8, 2024/04/24, 01:01:59.366, 4885194382425, vstest.console.dll, TestRunRequest:SendTestRunStatsChange: Completed.
TpTrace Verbose: 0 : 16836, 8, 2024/04/24, 01:01:59.366, 4885194384771, vstest.console.dll, ParallelProxyExecutionManager: HandlePartialRunComplete: Total workloads = 1, Total started clients = 1 Total completed clients = 1, Run complete = True, Run canceled: False.
TpTrace Verbose: 0 : 16836, 8, 2024/04/24, 01:01:59.366, 4885194385257, vstest.console.dll, ParallelProxyExecutionManager: HandlePartialRunComplete: All runs completed stopping all managers.
TpTrace Verbose: 0 : 16836, 8, 2024/04/24, 01:01:59.366, 4885194385736, vstest.console.dll, ParallelOperationManager.StopAllManagers: Stopping all managers.
TpTrace Verbose: 0 : 16836, 8, 2024/04/24, 01:01:59.366, 4885194386064, vstest.console.dll, ParallelOperationManager.ClearSlots: Clearing all slots. Slots should accept more work: False
TpTrace Verbose: 0 : 16836, 8, 2024/04/24, 01:01:59.366, 4885194386423, vstest.console.dll, ParallelOperationManager.SetOccupiedSlotCount: Setting slot counts AvailableSlotCount = 1, OccupiedSlotCount = 0.
TpTrace Verbose: 0 : 16836, 8, 2024/04/24, 01:01:59.366, 4885194386847, vstest.console.dll, Occupied slots:

TpTrace Verbose: 0 : 16836, 5, 2024/04/24, 01:01:59.366, 4885194386992, vstest.console.dll, MulticastDelegateUtilities.SafeInvoke: InternalTestLoggerEvents.SendTestResult: Invoking callback 1/1 for Microsoft.VisualStudio.TestPlatform.CommandLine.Internal.ConsoleLogger., took 0 ms.
TpTrace Verbose: 0 : 16836, 5, 2024/04/24, 01:01:59.366, 4885194389601, vstest.console.dll, MulticastDelegateUtilities.SafeInvoke: InternalTestLoggerEvents.SendTestResult: Invoking callback 1/1 for Microsoft.VisualStudio.TestPlatform.CommandLine.Internal.ConsoleLogger., took 0 ms.
TpTrace Verbose: 0 : 16836, 5, 2024/04/24, 01:01:59.371, 4885194441436, vstest.console.dll, MulticastDelegateUtilities.SafeInvoke: InternalTestLoggerEvents.SendTestRunComplete: Invoking callback 1/2 for Microsoft.TestPlatform.Extensions.BlameDataCollector.BlameLogger., took 0 ms.
TpTrace Verbose: 0 : 16836, 5, 2024/04/24, 01:01:59.377, 4885194501485, vstest.console.dll, MulticastDelegateUtilities.SafeInvoke: InternalTestLoggerEvents.SendTestRunComplete: Invoking callback 2/2 for Microsoft.VisualStudio.TestPlatform.CommandLine.Internal.ConsoleLogger., took 5 ms.
TpTrace Verbose: 0 : 16836, 8, 2024/04/24, 01:01:59.378, 4885194506108, vstest.console.dll, TestRunRequest:TestRunComplete: Starting. IsAborted:False IsCanceled:False.
TpTrace Verbose: 0 : 16836, 8, 2024/04/24, 01:01:59.378, 4885194509524, vstest.console.dll, ParallelOperationManager.DoActionOnAllManagers: Calling an action on all managers.
TpTrace Verbose: 0 : 16836, 8, 2024/04/24, 01:01:59.379, 4885194520243, vstest.console.dll, TestLoggerManager.HandleTestRunComplete: Ignoring as the object is disposed.
TpTrace Verbose: 0 : 16836, 8, 2024/04/24, 01:01:59.380, 4885194522423, vstest.console.dll, MulticastDelegateUtilities.SafeInvoke: TestRun.TestRunComplete: Invoking callback 1/2 for Microsoft.VisualStudio.TestPlatform.CommandLine.TestRunResultAggregator., took 0 ms.
TpTrace Verbose: 0 : 16836, 8, 2024/04/24, 01:01:59.380, 4885194523578, vstest.console.dll, MulticastDelegateUtilities.SafeInvoke: TestRun.TestRunComplete: Invoking callback 2/2 for Microsoft.VisualStudio.TestPlatform.CommandLine.Processors.RunTestsArgumentExecutor+TestRunRequestEventsRegistrar., took 0 ms.
TpTrace Information: 0 : 16836, 8, 2024/04/24, 01:01:59.380, 4885194524546, vstest.console.dll, TestRunRequest:TestRunComplete: Completed.
TpTrace Verbose: 0 : 16836, 8, 2024/04/24, 01:01:59.380, 4885194524904, vstest.console.dll, TestRequestSender.SetOperationComplete: Setting operation complete.
TpTrace Verbose: 0 : 16836, 1, 2024/04/24, 01:01:59.380, 4885194524935, vstest.console.dll, TestRunRequest.Dispose: Starting.
TpTrace Information: 0 : 16836, 8, 2024/04/24, 01:01:59.380, 4885194525215, vstest.console.dll, SocketServer.Stop: Stop server endPoint: 127.0.0.1:50845
TpTrace Information: 0 : 16836, 1, 2024/04/24, 01:01:59.380, 4885194526693, vstest.console.dll, TestRunRequest.Dispose: Completed.
TpTrace Information: 0 : 16836, 1, 2024/04/24, 01:01:59.380, 4885194528401, vstest.console.dll, TestRequestManager.RunTests: run tests completed.
TpTrace Information: 0 : 16836, 1, 2024/04/24, 01:01:59.380, 4885194530662, vstest.console.dll, RunTestsArgumentProcessor:Execute: Test run is completed.
TpTrace Information: 0 : 16836, 8, 2024/04/24, 01:01:59.380, 4885194527297, vstest.console.dll, SocketServer.Stop: Cancellation requested. Stopping message loop.
TpTrace Verbose: 0 : 16836, 8, 2024/04/24, 01:01:59.381, 4885194533040, vstest.console.dll, MulticastDelegateUtilities.SafeInvoke: LengthPrefixCommunicationChannel: MessageReceived: Invoking callback 1/1 for Microsoft.VisualStudio.TestPlatform.CommunicationUtilities.TestRequestSender+<>c__DisplayClass34_0., took 101 ms.
TpTrace Information: 0 : 16836, 8, 2024/04/24, 01:01:59.381, 4885194533564, vstest.console.dll, SocketServer.PrivateStop: Stopping server endPoint: 127.0.0.1:50845 error: 
TpTrace Verbose: 0 : 16836, 1, 2024/04/24, 01:01:59.381, 4885194533977, vstest.console.dll, Executor.Execute: Exiting with exit code of 0
TpTrace Verbose: 0 : 16836, 8, 2024/04/24, 01:01:59.381, 4885194539383, vstest.console.dll, LengthPrefixCommunicationChannel.Dispose: Dispose reader and writer.
TpTrace Information: 0 : 16836, 8, 2024/04/24, 01:01:59.381, 4885194540269, vstest.console.dll, SocketServer.Stop: Raise disconnected event endPoint: 127.0.0.1:50845 error: 
